2022-04-25 21:31:04,469 INFO  ==============================================================
2022-04-25 21:31:04,470 INFO  Id:    mapper_awaits_before_reconnect
2022-04-25 21:31:04,472 INFO  Dir:   tedge_mapper_c8y/
2022-04-25 21:31:04,473 INFO  Title: Validate mapper doesn't reconnect too often
2022-04-25 21:31:04,473 INFO  ==============================================================
2022-04-25 21:31:04,489 INFO  Started mosquitto_sub with process id 21803
2022-04-25 21:31:04,492 INFO  Waiting for 0.1 seconds
2022-04-25 21:31:05,165 INFO  Executed sudo<tedge_mapper>, exit status 0
2022-04-25 21:31:05,166 INFO  Waiting for 5.0 seconds
2022-04-25 21:31:10,734 INFO  Executed sudo<tedge_mapper>, exit status 0
2022-04-25 21:31:11,751 INFO  Executed sudo<tedge_mapper_journal>, exit status 0
2022-04-25 21:31:11,804 WARN  Grep on tedge_mapper_journal.out contains "ERROR" ... failed [run.py:67]
2022-04-25 21:31:11,810 INFO  Line count on file tedge_mapper_journal.out ... passed
2022-04-25 21:31:11,831 WARN  Line count on tedge_mapper_journal.out for "::mapper: MQTT connection error:" expected >=2 but got 0 ... failed [run.py:78]
2022-04-25 21:31:11,833 WARN  Aborted test due to FAILED outcome
2022-04-25 21:31:11,844 INFO  
2022-04-25 21:31:11,845 INFO  Test duration: 7.38 secs
2022-04-25 21:31:11,847 INFO  Test final outcome:  FAILED
2022-04-25 21:31:11,848 INFO  Test outcome reason: Line count on tedge_mapper_journal.out for "::mapper: MQTT connection error:" expected >=2 but got 0
2022-04-25 21:31:11,849 INFO  
