-- Logs begin at Thu 2019-02-14 10:11:59 UTC, end at Wed 2022-04-27 10:31:14 UTC. --
Apr 27 10:31:08 m32sd10d systemd[1]: Started tedge-mapper-c8y converts Thin Edge JSON measurements to Cumulocity JSON format..
Apr 27 10:31:08 m32sd10d tedge_mapper[20094]: 2022-04-27T10:31:08.359859993Z  INFO flockfile::unix: Lockfile created "/run/lock/tedge-mapper-c8y.lock"
Apr 27 10:31:08 m32sd10d tedge_mapper[20094]: Error: A value for `c8y.url` is missing.
Apr 27 10:31:08 m32sd10d tedge_mapper[20094]:     A value can be set with `tedge config set c8y.url <value>`
Apr 27 10:31:08 m32sd10d systemd[1]: tedge-mapper-c8y.service: Main process exited, code=exited, status=1/FAILURE
Apr 27 10:31:08 m32sd10d systemd[1]: tedge-mapper-c8y.service: Failed with result 'exit-code'.
Apr 27 10:31:08 m32sd10d systemd[1]: tedge-mapper-c8y.service: Service RestartSec=100ms expired, scheduling restart.
Apr 27 10:31:08 m32sd10d systemd[1]: tedge-mapper-c8y.service: Scheduled restart job, restart counter is at 1.
Apr 27 10:31:08 m32sd10d systemd[1]: Stopped tedge-mapper-c8y converts Thin Edge JSON measurements to Cumulocity JSON format..
Apr 27 10:31:08 m32sd10d systemd[1]: Started tedge-mapper-c8y converts Thin Edge JSON measurements to Cumulocity JSON format..
Apr 27 10:31:08 m32sd10d tedge_mapper[20099]: 2022-04-27T10:31:08.715885914Z  INFO flockfile::unix: Lockfile created "/run/lock/tedge-mapper-c8y.lock"
Apr 27 10:31:08 m32sd10d tedge_mapper[20099]: Error: A value for `c8y.url` is missing.
Apr 27 10:31:08 m32sd10d tedge_mapper[20099]:     A value can be set with `tedge config set c8y.url <value>`
Apr 27 10:31:08 m32sd10d systemd[1]: tedge-mapper-c8y.service: Main process exited, code=exited, status=1/FAILURE
Apr 27 10:31:08 m32sd10d systemd[1]: tedge-mapper-c8y.service: Failed with result 'exit-code'.
Apr 27 10:31:08 m32sd10d systemd[1]: tedge-mapper-c8y.service: Service RestartSec=100ms expired, scheduling restart.
Apr 27 10:31:08 m32sd10d systemd[1]: tedge-mapper-c8y.service: Scheduled restart job, restart counter is at 2.
Apr 27 10:31:08 m32sd10d systemd[1]: Stopped tedge-mapper-c8y converts Thin Edge JSON measurements to Cumulocity JSON format..
Apr 27 10:31:08 m32sd10d systemd[1]: Started tedge-mapper-c8y converts Thin Edge JSON measurements to Cumulocity JSON format..
Apr 27 10:31:08 m32sd10d tedge_mapper[20104]: 2022-04-27T10:31:08.918149507Z  INFO flockfile::unix: Lockfile created "/run/lock/tedge-mapper-c8y.lock"
Apr 27 10:31:08 m32sd10d tedge_mapper[20104]: Error: A value for `c8y.url` is missing.
Apr 27 10:31:08 m32sd10d tedge_mapper[20104]:     A value can be set with `tedge config set c8y.url <value>`
Apr 27 10:31:08 m32sd10d systemd[1]: tedge-mapper-c8y.service: Main process exited, code=exited, status=1/FAILURE
Apr 27 10:31:08 m32sd10d systemd[1]: tedge-mapper-c8y.service: Failed with result 'exit-code'.
Apr 27 10:31:09 m32sd10d systemd[1]: tedge-mapper-c8y.service: Service RestartSec=100ms expired, scheduling restart.
Apr 27 10:31:09 m32sd10d systemd[1]: tedge-mapper-c8y.service: Scheduled restart job, restart counter is at 3.
Apr 27 10:31:09 m32sd10d systemd[1]: Stopped tedge-mapper-c8y converts Thin Edge JSON measurements to Cumulocity JSON format..
Apr 27 10:31:09 m32sd10d systemd[1]: Started tedge-mapper-c8y converts Thin Edge JSON measurements to Cumulocity JSON format..
Apr 27 10:31:09 m32sd10d tedge_mapper[20109]: 2022-04-27T10:31:09.157778038Z  INFO flockfile::unix: Lockfile created "/run/lock/tedge-mapper-c8y.lock"
Apr 27 10:31:09 m32sd10d tedge_mapper[20109]: Error: A value for `c8y.url` is missing.
Apr 27 10:31:09 m32sd10d tedge_mapper[20109]:     A value can be set with `tedge config set c8y.url <value>`
Apr 27 10:31:09 m32sd10d systemd[1]: tedge-mapper-c8y.service: Main process exited, code=exited, status=1/FAILURE
Apr 27 10:31:09 m32sd10d systemd[1]: tedge-mapper-c8y.service: Failed with result 'exit-code'.
Apr 27 10:31:09 m32sd10d systemd[1]: tedge-mapper-c8y.service: Service RestartSec=100ms expired, scheduling restart.
Apr 27 10:31:09 m32sd10d systemd[1]: tedge-mapper-c8y.service: Scheduled restart job, restart counter is at 4.
Apr 27 10:31:09 m32sd10d systemd[1]: Stopped tedge-mapper-c8y converts Thin Edge JSON measurements to Cumulocity JSON format..
Apr 27 10:31:09 m32sd10d systemd[1]: Started tedge-mapper-c8y converts Thin Edge JSON measurements to Cumulocity JSON format..
Apr 27 10:31:09 m32sd10d tedge_mapper[20114]: 2022-04-27T10:31:09.43042956Z  INFO flockfile::unix: Lockfile created "/run/lock/tedge-mapper-c8y.lock"
Apr 27 10:31:09 m32sd10d tedge_mapper[20114]: Error: A value for `c8y.url` is missing.
Apr 27 10:31:09 m32sd10d tedge_mapper[20114]:     A value can be set with `tedge config set c8y.url <value>`
Apr 27 10:31:09 m32sd10d systemd[1]: tedge-mapper-c8y.service: Main process exited, code=exited, status=1/FAILURE
Apr 27 10:31:09 m32sd10d systemd[1]: tedge-mapper-c8y.service: Failed with result 'exit-code'.
Apr 27 10:31:09 m32sd10d systemd[1]: tedge-mapper-c8y.service: Service RestartSec=100ms expired, scheduling restart.
Apr 27 10:31:09 m32sd10d systemd[1]: tedge-mapper-c8y.service: Scheduled restart job, restart counter is at 5.
Apr 27 10:31:09 m32sd10d systemd[1]: Stopped tedge-mapper-c8y converts Thin Edge JSON measurements to Cumulocity JSON format..
Apr 27 10:31:09 m32sd10d systemd[1]: tedge-mapper-c8y.service: Start request repeated too quickly.
Apr 27 10:31:09 m32sd10d systemd[1]: tedge-mapper-c8y.service: Failed with result 'exit-code'.
Apr 27 10:31:09 m32sd10d systemd[1]: Failed to start tedge-mapper-c8y converts Thin Edge JSON measurements to Cumulocity JSON format..
