2022-05-11 10:08:29,725 INFO  ==============================================================
2022-05-11 10:08:29,726 INFO  Id:    custom_init_system
2022-05-11 10:08:29,727 INFO  Dir:   misc_features/
2022-05-11 10:08:29,728 INFO  Title: Custom init system test
2022-05-11 10:08:29,729 INFO  ==============================================================
2022-05-11 10:08:30,248 INFO  Executed sudo<copy_system_config>, exit status 0
2022-05-11 10:08:30,761 INFO  Executed sudo<copy_dummy_init>, exit status 0
2022-05-11 10:08:57,210 INFO  Executed sudo<tedge_connect>, exit status 0, duration 26 secs
2022-05-11 10:08:57,826 INFO  Executed sudo<tedge_disconnect>, exit status 0
2022-05-11 10:08:57,832 INFO  Grep on file tedge_connect.out ... passed
2022-05-11 10:08:57,836 INFO  Grep on file tedge_disconnect.out ... passed
2022-05-11 10:08:57,841 INFO  Grep on file /tmp/dummy_init/dummy_init.out ... passed
2022-05-11 10:08:57,847 INFO  Grep on file /tmp/dummy_init/dummy_init.out ... passed
2022-05-11 10:08:57,851 INFO  Grep on file /tmp/dummy_init/dummy_init.out ... passed
2022-05-11 10:08:57,856 INFO  Grep on file /tmp/dummy_init/dummy_init.out ... passed
2022-05-11 10:08:57,860 INFO  Grep on file /tmp/dummy_init/dummy_init.out ... passed
2022-05-11 10:08:57,865 INFO  Grep on file /tmp/dummy_init/dummy_init.out ... passed
2022-05-11 10:08:57,869 INFO  Grep on file /tmp/dummy_init/dummy_init.out ... passed
2022-05-11 10:08:57,874 INFO  Grep on file /tmp/dummy_init/dummy_init.out ... passed
2022-05-11 10:08:57,878 INFO  Grep on file /tmp/dummy_init/dummy_init.out ... passed
2022-05-11 10:08:57,883 INFO  Grep on file /tmp/dummy_init/dummy_init.out ... passed
2022-05-11 10:08:57,888 INFO  Grep on file /tmp/dummy_init/dummy_init.out ... passed
2022-05-11 10:08:57,893 INFO  Grep on file /tmp/dummy_init/dummy_init.out ... passed
2022-05-11 10:08:57,897 INFO  Grep on file /tmp/dummy_init/dummy_init.out ... passed
2022-05-11 10:08:57,902 INFO  Grep on file /tmp/dummy_init/dummy_init.out ... passed
2022-05-11 10:08:57,907 INFO  
2022-05-11 10:08:57,908 INFO  cleanup:
2022-05-11 10:08:58,522 INFO  Executed sudo<remove_system_config>, exit status 0
2022-05-11 10:08:59,095 INFO  Executed sudo<remove_dummy_init>, exit status 0
2022-05-11 10:08:59,100 INFO  
2022-05-11 10:08:59,102 INFO  Test duration: 29.38 secs
2022-05-11 10:08:59,104 INFO  Test final outcome:  PASSED
2022-05-11 10:08:59,106 INFO  
