2022-05-24 10:56:52,176 INFO  ==============================================================
2022-05-24 10:56:52,177 INFO  Id:    sm_tedge_mapper_init_session
2022-05-24 10:56:52,178 INFO  Dir:   tedge_mapper_c8y/
2022-05-24 10:56:52,179 INFO  Title: Validate tedge_mapper_sm_c8y init session feature
2022-05-24 10:56:52,179 INFO  ==============================================================
2022-05-24 10:56:52,187 INFO  EnvironmentC8y Setup
2022-05-24 10:56:52,803 INFO  Executed systemctl<serv_mapper1>, exit status 3
2022-05-24 10:57:07,244 INFO  Executed sudo<tedge_connect_c8y>, exit status 0, duration 14 secs
2022-05-24 10:57:07,915 INFO  Executed sudo<tedge_connect_c8y_test>, exit status 0
2022-05-24 10:57:08,379 INFO  Executed systemctl<serv_mosq2>, exit status 0
2022-05-24 10:57:08,842 INFO  Executed systemctl<serv_mapper3>, exit status 0
2022-05-24 10:57:09,406 INFO  Executed sudo<stop_tedge_mapper>, exit status 0
2022-05-24 10:57:09,920 INFO  Executed sudo<remove_lock>, exit status 0
2022-05-24 10:57:10,433 INFO  Executed sudo<mapper_drop>, exit status 0
2022-05-24 10:57:10,996 INFO  Executed sudo<mapper_init>, exit status 0
2022-05-24 10:57:11,509 INFO  Executed sudo<pub_req>, exit status 0
2022-05-24 10:57:11,519 INFO  Started sudo<sub_resp> with process id 30982
2022-05-24 10:57:12,136 INFO  Executed sudo<start_mapper>, exit status 0
2022-05-24 10:57:12,137 INFO  Waiting for 2.0 seconds
2022-05-24 10:57:14,753 INFO  Executed sudo<sub_stop>, exit status 0
2022-05-24 10:57:14,759 INFO  Grep on file sub_resp.out ... passed
2022-05-24 10:57:14,768 INFO  
2022-05-24 10:57:14,769 INFO  cleanup:
2022-05-24 10:57:18,789 INFO  Executed sudo<tedge_disconnect_c8y>, exit status 0
2022-05-24 10:57:19,352 INFO  Executed systemctl<serv_mapper5>, exit status 3
2022-05-24 10:57:19,458 INFO  Restarting mosquitto too frequently in the last 10 seconds. It was only up for 4 seconds
2022-05-24 10:57:19,459 INFO  Delaying execution by 7 seconds
2022-05-24 10:57:26,980 INFO  Executed sudo<tedge_disconnect_c8y>, exit status 0
2022-05-24 10:57:27,544 INFO  Executed systemctl<serv_mapper5>, exit status 3
2022-05-24 10:57:27,548 INFO  
2022-05-24 10:57:27,549 INFO  Test duration: 35.38 secs
2022-05-24 10:57:27,550 INFO  Test final outcome:  PASSED
2022-05-24 10:57:27,551 INFO  
