2022-05-09 15:39:55,397 INFO  ==============================================================
2022-05-09 15:39:55,398 INFO  Id:    SoftwareManagement.sm_apt_install_fail
2022-05-09 15:39:55,399 INFO  Dir:   software_management_end_to_end/
2022-05-09 15:39:55,400 INFO  Title: Validate end to end behaviour for a failing installation
2022-05-09 15:39:55,400 INFO  ==============================================================
2022-05-09 15:39:55,421 INFO  Using sw id database: {'asciijump': '5475369', 'robotfindskitten': '5474869', 'squirrel3': '5475279', 'rolldice': '5152439', 'moon-buggy': '5439204', 'apple': '5495053', 'banana': '5494888', 'cherry': '5495382', 'watermelon': '5494510', 'registry': '8018911', 'hello-world': '8021526', 'docker/getting-started': '8021973', 'alpine': '7991792'}
2022-05-09 15:39:55,422 INFO  EnvironmentC8y Setup
2022-05-09 15:39:55,988 INFO  Executed systemctl<serv_mapper1>, exit status 3
2022-05-09 15:39:56,100 INFO  Restarting mosquitto too frequently in the last 10 seconds. It was only up for 5 seconds
2022-05-09 15:39:56,101 INFO  Delaying execution by 6 seconds
2022-05-09 15:40:16,091 INFO  Executed sudo<tedge_connect_c8y>, exit status 0, duration 13 secs
2022-05-09 15:40:16,717 INFO  Executed sudo<tedge_connect_c8y_test>, exit status 0
2022-05-09 15:40:17,254 INFO  Executed systemctl<serv_mosq2>, exit status 0
2022-05-09 15:40:17,717 INFO  Executed systemctl<serv_mapper3>, exit status 0
2022-05-09 15:40:19,942 INFO  State of current operation: FAILED
2022-05-09 15:40:20,165 INFO  Response status: 201
2022-05-09 15:40:20,166 INFO  Response to action: {
    "creationTime": "2022-05-09T15:40:20.122Z",
    "deviceName": "m32sd10c",
    "deviceId": "18538517",
    "self": "https://t493319102.eu-latest.cumulocity.com/devicecontrol/operations/18564298",
    "id": "18564298",
    "status": "PENDING",
    "description": "Apply software changes, triggered from PySys: [{'name': 'does_not_exist', 'id': '5446165', 'version': '::apt', 'url': '', 'action': 'install'}]",
    "c8y_SoftwareUpdate": [
        {
            "name": "does_not_exist",
            "action": "install",
            "id": "5446165",
            "version": "::apt",
            "url": ""
        }
    ]
}
2022-05-09 15:40:20,167 INFO  Started operation: {'creationTime': '2022-05-09T15:40:20.122Z', 'deviceName': 'm32sd10c', 'deviceId': '18538517', 'self': 'https://t493319102.eu-latest.cumulocity.com/devicecontrol/operations/18564298', 'id': '18564298', 'status': 'PENDING', 'description': "Apply software changes, triggered from PySys: [{'name': 'does_not_exist', 'id': '5446165', 'version': '::apt', 'url': '', 'action': 'install'}]", 'c8y_SoftwareUpdate': [{'name': 'does_not_exist', 'action': 'install', 'id': '5446165', 'version': '::apt', 'url': ''}]}
2022-05-09 15:40:22,399 INFO  State of operation 18564298 : PENDING
2022-05-09 15:40:24,635 INFO  State of operation 18564298 : EXECUTING
2022-05-09 15:40:26,872 INFO  State of operation 18564298 : EXECUTING
2022-05-09 15:40:29,093 INFO  State of operation 18564298 : EXECUTING
2022-05-09 15:40:31,308 INFO  State of operation 18564298 : EXECUTING
2022-05-09 15:40:33,522 INFO  State of operation 18564298 : EXECUTING
2022-05-09 15:40:36,461 INFO  State of operation 18564298 : EXECUTING
2022-05-09 15:40:38,819 INFO  State of operation 18564298 : EXECUTING
2022-05-09 15:40:41,448 INFO  State of operation 18564298 : EXECUTING
2022-05-09 15:40:43,813 INFO  State of operation 18564298 : EXECUTING
2022-05-09 15:40:46,029 INFO  State of operation 18564298 : EXECUTING
2022-05-09 15:40:48,241 INFO  State of operation 18564298 : EXECUTING
2022-05-09 15:40:50,458 INFO  State of operation 18564298 : EXECUTING
2022-05-09 15:40:52,671 INFO  State of operation 18564298 : EXECUTING
2022-05-09 15:40:54,905 INFO  State of operation 18564298 : EXECUTING
2022-05-09 15:40:57,136 INFO  State of operation 18564298 : FAILED
2022-05-09 15:40:57,357 INFO  Assert that (False == value) with value=False ... passed
2022-05-09 15:40:57,369 INFO  
2022-05-09 15:40:57,369 INFO  cleanup:
2022-05-09 15:41:01,327 INFO  Executed sudo<tedge_disconnect_c8y>, exit status 0
2022-05-09 15:41:01,894 INFO  Executed systemctl<serv_mapper5>, exit status 3
2022-05-09 15:41:01,898 INFO  
2022-05-09 15:41:01,899 INFO  Test duration: 66.51 secs
2022-05-09 15:41:01,900 INFO  Test final outcome:  PASSED
2022-05-09 15:41:01,901 INFO  
