2022-07-16 11:29:14,464 INFO  ==============================================================
2022-07-16 11:29:14,465 INFO  Id:    custom_init_system
2022-07-16 11:29:14,466 INFO  Dir:   misc_features/
2022-07-16 11:29:14,467 INFO  Title: Custom init system test
2022-07-16 11:29:14,468 INFO  ==============================================================
2022-07-16 11:29:14,987 INFO  Executed sudo<copy_system_config>, exit status 0
2022-07-16 11:29:15,499 INFO  Executed sudo<copy_dummy_init>, exit status 0
2022-07-16 11:29:41,853 INFO  Executed sudo<tedge_connect>, exit status 0, duration 26 secs
2022-07-16 11:29:42,584 INFO  Executed sudo<tedge_disconnect>, exit status 0
2022-07-16 11:29:42,591 INFO  Grep on file tedge_connect.out ... passed
2022-07-16 11:29:42,595 INFO  Grep on file tedge_disconnect.out ... passed
2022-07-16 11:29:42,600 INFO  Grep on file /tmp/dummy_init/dummy_init.out ... passed
2022-07-16 11:29:42,606 INFO  Grep on file /tmp/dummy_init/dummy_init.out ... passed
2022-07-16 11:29:42,611 INFO  Grep on file /tmp/dummy_init/dummy_init.out ... passed
2022-07-16 11:29:42,616 INFO  Grep on file /tmp/dummy_init/dummy_init.out ... passed
2022-07-16 11:29:42,620 INFO  Grep on file /tmp/dummy_init/dummy_init.out ... passed
2022-07-16 11:29:42,625 INFO  Grep on file /tmp/dummy_init/dummy_init.out ... passed
2022-07-16 11:29:42,630 INFO  Grep on file /tmp/dummy_init/dummy_init.out ... passed
2022-07-16 11:29:42,635 INFO  Grep on file /tmp/dummy_init/dummy_init.out ... passed
2022-07-16 11:29:42,639 INFO  Grep on file /tmp/dummy_init/dummy_init.out ... passed
2022-07-16 11:29:42,644 INFO  Grep on file /tmp/dummy_init/dummy_init.out ... passed
2022-07-16 11:29:42,649 INFO  Grep on file /tmp/dummy_init/dummy_init.out ... passed
2022-07-16 11:29:42,654 INFO  Grep on file /tmp/dummy_init/dummy_init.out ... passed
2022-07-16 11:29:42,659 INFO  Grep on file /tmp/dummy_init/dummy_init.out ... passed
2022-07-16 11:29:42,664 INFO  Grep on file /tmp/dummy_init/dummy_init.out ... passed
2022-07-16 11:29:42,670 INFO  
2022-07-16 11:29:42,671 INFO  cleanup:
2022-07-16 11:29:43,183 INFO  Executed sudo<remove_system_config>, exit status 0
2022-07-16 11:29:43,695 INFO  Executed sudo<remove_dummy_init>, exit status 0
2022-07-16 11:29:43,699 INFO  
2022-07-16 11:29:43,700 INFO  Test duration: 29.24 secs
2022-07-16 11:29:43,702 INFO  Test final outcome:  PASSED
2022-07-16 11:29:43,703 INFO  
