2022-07-25 14:34:17,315 INFO  ==============================================================
2022-07-25 14:34:17,316 INFO  Id:    SoftwareManagement.sm_apt_install_fail
2022-07-25 14:34:17,318 INFO  Dir:   software_management_end_to_end/
2022-07-25 14:34:17,318 INFO  Title: Validate end to end behaviour for a failing installation
2022-07-25 14:34:17,319 INFO  ==============================================================
2022-07-25 14:34:17,325 INFO  Using sw id database: {'asciijump': '5475369', 'robotfindskitten': '5474869', 'squirrel3': '5475279', 'rolldice': '5152439', 'moon-buggy': '5439204', 'apple': '5495053', 'banana': '5494888', 'cherry': '5495382', 'watermelon': '5494510', 'registry': '8018911', 'hello-world': '8021526', 'docker/getting-started': '8021973', 'alpine': '7991792'}
2022-07-25 14:34:17,326 INFO  EnvironmentC8y Setup
2022-07-25 14:34:17,889 INFO  Executed systemctl<serv_mapper1>, exit status 3
2022-07-25 14:34:17,995 INFO  Restarting mosquitto too frequently in the last 10 seconds. It was only up for 5 seconds
2022-07-25 14:34:17,996 INFO  Delaying execution by 6 seconds
2022-07-25 14:34:37,960 INFO  Executed sudo<tedge_connect_c8y>, exit status 0, duration 13 secs
2022-07-25 14:34:38,578 INFO  Executed sudo<tedge_connect_c8y_test>, exit status 0
2022-07-25 14:34:39,041 INFO  Executed systemctl<serv_mosq2>, exit status 0
2022-07-25 14:34:39,504 INFO  Executed systemctl<serv_mapper3>, exit status 0
2022-07-25 14:34:41,764 INFO  State of current operation: FAILED
2022-07-25 14:34:41,997 INFO  Response status: 201
2022-07-25 14:34:41,999 INFO  Response to action: {
    "creationTime": "2022-07-25T14:34:41.956Z",
    "deviceId": "21388827",
    "deviceName": "m32sd10b",
    "self": "https://t493319102.eu-latest.cumulocity.com/devicecontrol/operations/21402495",
    "id": "21402495",
    "status": "PENDING",
    "description": "Apply software changes, triggered from PySys: [{'name': 'does_not_exist', 'id': '5446165', 'version': '::apt', 'url': '', 'action': 'install'}]",
    "c8y_SoftwareUpdate": [
        {
            "name": "does_not_exist",
            "action": "install",
            "id": "5446165",
            "version": "::apt",
            "url": ""
        }
    ]
}
2022-07-25 14:34:41,999 INFO  Started operation: {'creationTime': '2022-07-25T14:34:41.956Z', 'deviceId': '21388827', 'deviceName': 'm32sd10b', 'self': 'https://t493319102.eu-latest.cumulocity.com/devicecontrol/operations/21402495', 'id': '21402495', 'status': 'PENDING', 'description': "Apply software changes, triggered from PySys: [{'name': 'does_not_exist', 'id': '5446165', 'version': '::apt', 'url': '', 'action': 'install'}]", 'c8y_SoftwareUpdate': [{'name': 'does_not_exist', 'action': 'install', 'id': '5446165', 'version': '::apt', 'url': ''}]}
2022-07-25 14:34:44,217 INFO  State of operation 21402495 : PENDING
2022-07-25 14:34:46,456 INFO  State of operation 21402495 : EXECUTING
2022-07-25 14:34:48,698 INFO  State of operation 21402495 : EXECUTING
2022-07-25 14:34:51,042 INFO  State of operation 21402495 : EXECUTING
2022-07-25 14:34:53,314 INFO  State of operation 21402495 : EXECUTING
2022-07-25 14:34:55,611 INFO  State of operation 21402495 : EXECUTING
2022-07-25 14:34:57,867 INFO  State of operation 21402495 : EXECUTING
2022-07-25 14:35:01,731 INFO  State of operation 21402495 : EXECUTING
2022-07-25 14:35:04,504 INFO  State of operation 21402495 : EXECUTING
2022-07-25 14:35:06,914 INFO  State of operation 21402495 : EXECUTING
2022-07-25 14:35:09,132 INFO  State of operation 21402495 : EXECUTING
2022-07-25 14:35:11,377 INFO  State of operation 21402495 : EXECUTING
2022-07-25 14:35:13,606 INFO  State of operation 21402495 : EXECUTING
2022-07-25 14:35:15,869 INFO  State of operation 21402495 : EXECUTING
2022-07-25 14:35:18,091 INFO  State of operation 21402495 : EXECUTING
2022-07-25 14:35:20,301 INFO  State of operation 21402495 : FAILED
2022-07-25 14:35:20,549 INFO  Assert that (False == value) with value=False ... passed
2022-07-25 14:35:20,561 INFO  
2022-07-25 14:35:20,562 INFO  cleanup:
2022-07-25 14:35:24,740 INFO  Executed sudo<tedge_disconnect_c8y>, exit status 0
2022-07-25 14:35:25,352 INFO  Executed systemctl<serv_mapper5>, exit status 3
2022-07-25 14:35:25,357 INFO  
2022-07-25 14:35:25,358 INFO  Test duration: 68.05 secs
2022-07-25 14:35:25,359 INFO  Test final outcome:  PASSED
2022-07-25 14:35:25,360 INFO  
