2022-07-19 13:39:02,907 INFO  ==============================================================
2022-07-19 13:39:02,908 INFO  Id:    monitoring_with_simulated_messages
2022-07-19 13:39:02,909 INFO  Dir:   monitoring/
2022-07-19 13:39:02,910 INFO  Title: Validate the tedge dm agent messages that are produced from the simulated collectd messages
2022-07-19 13:39:02,911 INFO  ==============================================================
2022-07-19 13:39:03,492 INFO  Executed sudo<collectd>, exit status 0
2022-07-19 13:39:04,056 INFO  Executed sudo<collectd_mapper>, exit status 0
2022-07-19 13:39:04,070 INFO  Started sudo<tedge_sub> with process id 32384
2022-07-19 13:39:04,737 INFO  Executed sudo<tedge_temp>, exit status 0
2022-07-19 13:39:05,249 INFO  Executed sudo<tedge_pres>, exit status 0
2022-07-19 13:39:06,763 INFO  Executed sudo<kill_out>, exit status 0
2022-07-19 13:39:06,767 INFO  0

2022-07-19 13:39:06,768 WARN  TypeError occurred while running test - 'int' object is not subscriptable
Traceback (most recent call last):
  File "/home/pi/env-pysys/lib/python3.7/site-packages/pysys/baserunner.py", line 1296, in __call__
    self.testObj.validate()
  File "/home/pi/actions-runner/_work/thin-edge.io/thin-edge.io/tests/PySys/monitoring/monitoring_with_simulated_messages/run.py", line 98, in validate
    collectd_msg_validation_result=self.validate_json(),
  File "/home/pi/actions-runner/_work/thin-edge.io/thin-edge.io/tests/PySys/monitoring/monitoring_with_simulated_messages/run.py", line 108, in validate_json
    if not self.validate_time():
  File "/home/pi/actions-runner/_work/thin-edge.io/thin-edge.io/tests/PySys/monitoring/monitoring_with_simulated_messages/run.py", line 127, in validate_time
    if self.js_msg["time"]:
TypeError: 'int' object is not subscriptable
2022-07-19 13:39:06,785 WARN  TypeError: 'int' object is not subscriptable ... blocked 
2022-07-19 13:39:06,786 INFO  
2022-07-19 13:39:06,787 INFO  cleanup:
2022-07-19 13:39:06,788 INFO  monitoring_cleanup
2022-07-19 13:39:07,400 INFO  Executed sudo<collectd_mapper>, exit status 0
2022-07-19 13:39:07,404 INFO  
2022-07-19 13:39:07,405 INFO  Test duration: 4.50 secs
2022-07-19 13:39:07,406 INFO  Test final outcome:  BLOCKED
2022-07-19 13:39:07,407 INFO  Test outcome reason: TypeError: 'int' object is not subscriptable
2022-07-19 13:39:07,408 INFO  
