2022-06-09 07:56:47,092 INFO  ==============================================================
2022-06-09 07:56:47,093 INFO  Id:    SoftwareManagement.Plugin.apama_plugin_install
2022-06-09 07:56:47,097 INFO  Dir:   plugin_apama/
2022-06-09 07:56:47,098 INFO  Title: Validate apama plugin install
2022-06-09 07:56:47,099 INFO  ==============================================================
2022-06-09 07:56:47,134 INFO  Assertion that path exists=False for "/etc/tedge/apama/project" ... passed
2022-06-09 07:56:49,055 INFO  Executed sudo<plugin_install>, exit status 0
2022-06-09 07:56:49,769 INFO  Executed sudo<apama_correlator_wait>, exit status 0
2022-06-09 07:56:50,481 INFO  Executed sudo<plugin_list_after_install>, exit status 0
2022-06-09 07:56:50,483 INFO  Assertion that path exists=True for "/etc/tedge/apama/project" ... passed
2022-06-09 07:56:51,194 INFO  Executed sudo<apama_list_monitors>, exit status 0
2022-06-09 07:56:51,204 INFO  Grep on file /home/pi/actions-runner/_work/thin-edge.io/thin-edge.io/tests/PySys/plugin_apama/apama_plugin_install/Output/linux/apama_list_monitors.out ... passed
2022-06-09 07:56:51,210 INFO  Grep on file plugin_list_after_install.out ... passed
2022-06-09 07:56:51,215 INFO  Grep on file plugin_list_after_install.out ... passed
2022-06-09 07:56:51,221 INFO  
2022-06-09 07:56:51,222 INFO  cleanup:
2022-06-09 07:56:51,223 INFO  Removing apama project
2022-06-09 07:57:09,220 INFO  Executed sudo<stop_apama_service>, exit status 0, duration 17 secs
2022-06-09 07:57:09,734 INFO  Executed sudo<remove_apama_project>, exit status 0
2022-06-09 07:57:10,227 INFO  Executed sudo<remove_apama_tmp_dir>, exit status 0
2022-06-09 07:57:10,231 INFO  
2022-06-09 07:57:10,232 INFO  Test duration: 23.15 secs
2022-06-09 07:57:10,233 INFO  Test final outcome:  PASSED
2022-06-09 07:57:10,234 INFO  
