2022-05-13 11:23:50,201 INFO  ==============================================================
2022-05-13 11:23:50,202 INFO  Id:    apt_install
2022-05-13 11:23:50,204 INFO  Dir:   plugin_apt/
2022-05-13 11:23:50,204 INFO  Title: Validate apt plugin prepare - dense version
2022-05-13 11:23:50,205 INFO  ==============================================================
2022-05-13 11:23:54,894 INFO  Executed sudo, exit status 0
2022-05-13 11:23:57,467 INFO  Executed sudo<outp_check_0>, exit status 0
2022-05-13 11:23:57,469 INFO  Assert that (value==0) with value=0 ... passed
2022-05-13 11:23:57,476 INFO  Grep on file outp_check_0.out ... passed
2022-05-13 11:24:35,945 INFO  Executed sudo<outp_install>, exit status 0, duration 38 secs
2022-05-13 11:24:35,948 INFO  Assert that (value==0) with value=0 ... passed
2022-05-13 11:24:41,280 INFO  Executed sudo<outp_check_1>, exit status 0
2022-05-13 11:24:41,283 INFO  Assert that (value==0) with value=0 ... passed
2022-05-13 11:24:41,288 INFO  Grep on file outp_check_1.out ... passed
2022-05-13 11:24:41,294 INFO  
2022-05-13 11:24:41,295 INFO  cleanup:
2022-05-13 11:24:54,736 INFO  Executed sudo, exit status 0, duration 13 secs
2022-05-13 11:24:54,740 INFO  
2022-05-13 11:24:54,741 INFO  Test duration: 64.54 secs
2022-05-13 11:24:54,743 INFO  Test final outcome:  PASSED
2022-05-13 11:24:54,744 INFO  
