2022-06-10 14:09:43,319 INFO  ==============================================================
2022-06-10 14:09:43,320 INFO  Id:    SoftwareManagement.sm_apt_install_remove_multiple
2022-06-10 14:09:43,322 INFO  Dir:   software_management_end_to_end/
2022-06-10 14:09:43,323 INFO  Title: Validate end to end behaviour for the apt plugin for multiple packages
2022-06-10 14:09:43,323 INFO  ==============================================================
2022-06-10 14:09:43,376 INFO  Using sw id database: {'asciijump': '5475369', 'robotfindskitten': '5474869', 'squirrel3': '5475279', 'rolldice': '5152439', 'moon-buggy': '5439204', 'apple': '5495053', 'banana': '5494888', 'cherry': '5495382', 'watermelon': '5494510', 'registry': '8018911', 'hello-world': '8021526', 'docker/getting-started': '8021973', 'alpine': '7991792'}
2022-06-10 14:09:43,377 INFO  EnvironmentC8y Setup
2022-06-10 14:09:43,940 INFO  Executed systemctl<serv_mapper1>, exit status 3
2022-06-10 14:09:44,043 INFO  Restarting mosquitto too frequently in the last 10 seconds. It was only up for 4 seconds
2022-06-10 14:09:44,044 INFO  Delaying execution by 7 seconds
2022-06-10 14:10:04,908 INFO  Executed sudo<tedge_connect_c8y>, exit status 0, duration 13 secs
2022-06-10 14:10:05,527 INFO  Executed sudo<tedge_connect_c8y_test>, exit status 0
2022-06-10 14:10:06,001 INFO  Executed systemctl<serv_mosq2>, exit status 0
2022-06-10 14:10:06,472 INFO  Executed systemctl<serv_mapper3>, exit status 0
2022-06-10 14:10:08,704 INFO  State of current operation: SUCCESSFUL
2022-06-10 14:10:08,949 INFO  Assert that (False == value) with value=False ... passed
2022-06-10 14:10:09,205 INFO  Package asciijump is installed
2022-06-10 14:10:09,522 WARN  Assert that (False == value) with value=True ... failed 
2022-06-10 14:10:09,741 INFO  Package squirrel3 is installed
2022-06-10 14:10:09,764 WARN  Assert that (False == value) with value=True ... failed 
2022-06-10 14:10:09,979 INFO  Package robotfindskitten is installed
2022-06-10 14:10:10,002 WARN  Assert that (False == value) with value=True ... failed 
2022-06-10 14:10:10,237 INFO  Response status: 201
2022-06-10 14:10:10,239 INFO  Response to action: {
    "delivery": {
        "log": [],
        "time": "2022-06-10T14:10:10.203Z",
        "status": "PENDING"
    },
    "creationTime": "2022-06-10T14:10:10.185Z",
    "deviceId": "20115668",
    "deviceName": "m32sd10d",
    "self": "https://t493319102.eu-latest.cumulocity.com/devicecontrol/operations/20136804",
    "id": "20136804",
    "status": "PENDING",
    "description": "Apply software changes, triggered from PySys: [{'action': 'install', 'id': '5475369', 'name': 'asciijump', 'url': ' ', 'version': '::apt'}, {'action': 'install', 'id': '5474869', 'name': 'robotfindskitten', 'url': ' ', 'version': '::apt'}, {'action': 'install', 'id': '5475279', 'name': 'squirrel3', 'url': ' ', 'version': '::apt'}]",
    "c8y_SoftwareUpdate": [
        {
            "name": "asciijump",
            "action": "install",
            "id": "5475369",
            "version": "::apt",
            "url": " "
        },
        {
            "name": "robotfindskitten",
            "action": "install",
            "id": "5474869",
            "version": "::apt",
            "url": " "
        },
        {
            "name": "squirrel3",
            "action": "install",
            "id": "5475279",
            "version": "::apt",
            "url": " "
        }
    ]
}
2022-06-10 14:10:10,240 INFO  Started operation: {'delivery': {'log': [], 'time': '2022-06-10T14:10:10.203Z', 'status': 'PENDING'}, 'creationTime': '2022-06-10T14:10:10.185Z', 'deviceId': '20115668', 'deviceName': 'm32sd10d', 'self': 'https://t493319102.eu-latest.cumulocity.com/devicecontrol/operations/20136804', 'id': '20136804', 'status': 'PENDING', 'description': "Apply software changes, triggered from PySys: [{'action': 'install', 'id': '5475369', 'name': 'asciijump', 'url': ' ', 'version': '::apt'}, {'action': 'install', 'id': '5474869', 'name': 'robotfindskitten', 'url': ' ', 'version': '::apt'}, {'action': 'install', 'id': '5475279', 'name': 'squirrel3', 'url': ' ', 'version': '::apt'}]", 'c8y_SoftwareUpdate': [{'name': 'asciijump', 'action': 'install', 'id': '5475369', 'version': '::apt', 'url': ' '}, {'name': 'robotfindskitten', 'action': 'install', 'id': '5474869', 'version': '::apt', 'url': ' '}, {'name': 'squirrel3', 'action': 'install', 'id': '5475279', 'version': '::apt', 'url': ' '}]}
2022-06-10 14:10:12,461 INFO  State of operation 20136804 : PENDING
2022-06-10 14:10:14,718 INFO  State of operation 20136804 : EXECUTING
2022-06-10 14:10:16,941 INFO  State of operation 20136804 : EXECUTING
2022-06-10 14:10:19,187 INFO  State of operation 20136804 : EXECUTING
2022-06-10 14:10:21,414 INFO  State of operation 20136804 : EXECUTING
2022-06-10 14:10:23,642 INFO  State of operation 20136804 : EXECUTING
2022-06-10 14:10:26,411 INFO  State of operation 20136804 : EXECUTING
2022-06-10 14:10:29,188 INFO  State of operation 20136804 : EXECUTING
2022-06-10 14:10:31,742 INFO  State of operation 20136804 : EXECUTING
2022-06-10 14:10:34,081 INFO  State of operation 20136804 : EXECUTING
2022-06-10 14:10:36,303 INFO  State of operation 20136804 : EXECUTING
2022-06-10 14:10:38,529 INFO  State of operation 20136804 : EXECUTING
2022-06-10 14:10:40,755 INFO  State of operation 20136804 : EXECUTING
2022-06-10 14:10:43,002 INFO  State of operation 20136804 : EXECUTING
2022-06-10 14:10:45,232 INFO  State of operation 20136804 : EXECUTING
2022-06-10 14:10:47,454 INFO  State of operation 20136804 : SUCCESSFUL
2022-06-10 14:10:47,670 INFO  Assert that (False == value) with value=False ... passed
2022-06-10 14:10:47,901 INFO  Package asciijump is installed
2022-06-10 14:10:47,903 INFO  Assert that (True == value) with value=True ... passed
2022-06-10 14:10:48,138 INFO  Package squirrel3 is installed
2022-06-10 14:10:48,140 INFO  Assert that (True == value) with value=True ... passed
2022-06-10 14:10:48,381 INFO  Package robotfindskitten is installed
2022-06-10 14:10:48,383 INFO  Assert that (True == value) with value=True ... passed
2022-06-10 14:10:48,615 INFO  Response status: 201
2022-06-10 14:10:48,617 INFO  Response to action: {
    "delivery": {
        "log": [],
        "time": "2022-06-10T14:10:48.581Z",
        "status": "PENDING"
    },
    "creationTime": "2022-06-10T14:10:48.565Z",
    "deviceId": "20115668",
    "deviceName": "m32sd10d",
    "self": "https://t493319102.eu-latest.cumulocity.com/devicecontrol/operations/20136824",
    "id": "20136824",
    "status": "PENDING",
    "description": "Apply software changes, triggered from PySys: [{'action': 'delete', 'id': '5475369', 'name': 'asciijump', 'url': ' ', 'version': '::apt'}, {'action': 'delete', 'id': '5474869', 'name': 'robotfindskitten', 'url': ' ', 'version': '::apt'}, {'action': 'delete', 'id': '5475279', 'name': 'squirrel3', 'url': ' ', 'version': '::apt'}]",
    "c8y_SoftwareUpdate": [
        {
            "name": "asciijump",
            "action": "delete",
            "id": "5475369",
            "version": "::apt",
            "url": " "
        },
        {
            "name": "robotfindskitten",
            "action": "delete",
            "id": "5474869",
            "version": "::apt",
            "url": " "
        },
        {
            "name": "squirrel3",
            "action": "delete",
            "id": "5475279",
            "version": "::apt",
            "url": " "
        }
    ]
}
2022-06-10 14:10:48,617 INFO  Started operation: {'delivery': {'log': [], 'time': '2022-06-10T14:10:48.581Z', 'status': 'PENDING'}, 'creationTime': '2022-06-10T14:10:48.565Z', 'deviceId': '20115668', 'deviceName': 'm32sd10d', 'self': 'https://t493319102.eu-latest.cumulocity.com/devicecontrol/operations/20136824', 'id': '20136824', 'status': 'PENDING', 'description': "Apply software changes, triggered from PySys: [{'action': 'delete', 'id': '5475369', 'name': 'asciijump', 'url': ' ', 'version': '::apt'}, {'action': 'delete', 'id': '5474869', 'name': 'robotfindskitten', 'url': ' ', 'version': '::apt'}, {'action': 'delete', 'id': '5475279', 'name': 'squirrel3', 'url': ' ', 'version': '::apt'}]", 'c8y_SoftwareUpdate': [{'name': 'asciijump', 'action': 'delete', 'id': '5475369', 'version': '::apt', 'url': ' '}, {'name': 'robotfindskitten', 'action': 'delete', 'id': '5474869', 'version': '::apt', 'url': ' '}, {'name': 'squirrel3', 'action': 'delete', 'id': '5475279', 'version': '::apt', 'url': ' '}]}
2022-06-10 14:10:50,842 INFO  State of operation 20136824 : PENDING
2022-06-10 14:10:53,075 INFO  State of operation 20136824 : EXECUTING
2022-06-10 14:10:55,290 INFO  State of operation 20136824 : EXECUTING
2022-06-10 14:10:57,505 INFO  State of operation 20136824 : EXECUTING
2022-06-10 14:10:59,724 INFO  State of operation 20136824 : EXECUTING
2022-06-10 14:11:01,945 INFO  State of operation 20136824 : EXECUTING
2022-06-10 14:11:04,832 INFO  State of operation 20136824 : EXECUTING
2022-06-10 14:11:07,505 INFO  State of operation 20136824 : EXECUTING
2022-06-10 14:11:09,796 INFO  State of operation 20136824 : EXECUTING
2022-06-10 14:11:12,180 INFO  State of operation 20136824 : EXECUTING
2022-06-10 14:11:14,406 INFO  State of operation 20136824 : EXECUTING
2022-06-10 14:11:16,626 INFO  State of operation 20136824 : EXECUTING
2022-06-10 14:11:18,850 INFO  State of operation 20136824 : EXECUTING
2022-06-10 14:11:21,075 INFO  State of operation 20136824 : EXECUTING
2022-06-10 14:11:23,295 INFO  State of operation 20136824 : EXECUTING
2022-06-10 14:11:25,630 INFO  State of operation 20136824 : EXECUTING
2022-06-10 14:11:28,042 INFO  State of operation 20136824 : EXECUTING
2022-06-10 14:11:30,354 INFO  State of operation 20136824 : EXECUTING
2022-06-10 14:11:33,112 INFO  State of operation 20136824 : EXECUTING
2022-06-10 14:11:35,531 INFO  State of operation 20136824 : EXECUTING
2022-06-10 14:11:37,746 INFO  State of operation 20136824 : EXECUTING
2022-06-10 14:11:39,969 INFO  State of operation 20136824 : EXECUTING
2022-06-10 14:11:42,204 INFO  State of operation 20136824 : EXECUTING
2022-06-10 14:11:44,424 INFO  State of operation 20136824 : EXECUTING
2022-06-10 14:11:46,664 INFO  State of operation 20136824 : EXECUTING
2022-06-10 14:11:49,457 INFO  State of operation 20136824 : EXECUTING
2022-06-10 14:11:51,964 INFO  State of operation 20136824 : EXECUTING
2022-06-10 14:11:54,187 INFO  State of operation 20136824 : EXECUTING
2022-06-10 14:11:56,419 INFO  State of operation 20136824 : SUCCESSFUL
2022-06-10 14:11:56,658 INFO  Assert that (False == value) with value=False ... passed
2022-06-10 14:11:56,877 INFO  Assert that (False == value) with value=False ... passed
2022-06-10 14:11:57,116 INFO  Assert that (False == value) with value=False ... passed
2022-06-10 14:11:57,352 INFO  Assert that (False == value) with value=False ... passed
2022-06-10 14:11:57,363 INFO  
2022-06-10 14:11:57,364 INFO  cleanup:
2022-06-10 14:12:01,327 INFO  Executed sudo<tedge_disconnect_c8y>, exit status 0
2022-06-10 14:12:01,893 INFO  Executed systemctl<serv_mapper5>, exit status 3
2022-06-10 14:12:01,897 INFO  
2022-06-10 14:12:01,898 INFO  Test duration: 138.59 secs
2022-06-10 14:12:01,899 INFO  Test final outcome:  FAILED
2022-06-10 14:12:01,900 INFO  Test outcome reason: Assert that (False == value) with value=True (+2 other failures)
2022-06-10 14:12:01,901 INFO  
