2022-05-12 09:24:21,059 INFO  ==============================================================
2022-05-12 09:24:21,060 INFO  Id:    apt_sequence_remove_with_version_fail
2022-05-12 09:24:21,061 INFO  Dir:   plugin_apt/
2022-05-12 09:24:21,062 INFO  Title: Validate apt plugin remove with version fails when the version not found
2022-05-12 09:24:21,063 INFO  ==============================================================
2022-05-12 09:24:59,407 INFO  Executed sudo<outp_install>, exit status 0, duration 38 secs
2022-05-12 09:24:59,410 INFO  Assert that (value==0) with value=0 ... passed
2022-05-12 09:25:05,531 INFO  Executed sudo<outp_remove>, exit status 2
2022-05-12 09:25:05,535 INFO  Assert that (value==2) with value=2 ... passed
2022-05-12 09:25:05,540 INFO  Grep on file outp_remove.err ... passed
2022-05-12 09:25:08,163 INFO  Executed sudo<outp_check_0>, exit status 0
2022-05-12 09:25:08,166 INFO  Assert that (value==0) with value=0 ... passed
2022-05-12 09:25:08,171 INFO  Grep on file outp_check_0.out ... passed
2022-05-12 09:25:08,177 INFO  
2022-05-12 09:25:08,178 INFO  cleanup:
2022-05-12 09:25:21,708 INFO  Executed sudo, exit status 0, duration 13 secs
2022-05-12 09:25:21,713 INFO  
2022-05-12 09:25:21,714 INFO  Test duration: 60.66 secs
2022-05-12 09:25:21,715 INFO  Test final outcome:  PASSED
2022-05-12 09:25:21,717 INFO  
