2022-07-01 07:04:54,757 INFO  ==============================================================
2022-07-01 07:04:54,758 INFO  Id:    mapper_awaits_before_reconnect
2022-07-01 07:04:54,759 INFO  Dir:   tedge_mapper_c8y/
2022-07-01 07:04:54,760 INFO  Title: Validate mapper doesn't reconnect too often
2022-07-01 07:04:54,761 INFO  ==============================================================
2022-07-01 07:04:54,775 INFO  Started mosquitto_sub with process id 27642
2022-07-01 07:04:54,779 INFO  Waiting for 0.1 seconds
2022-07-01 07:04:55,496 INFO  Executed sudo<tedge_mapper>, exit status 0
2022-07-01 07:04:55,499 INFO  Waiting for 5.0 seconds
2022-07-01 07:05:01,067 INFO  Executed sudo<tedge_mapper>, exit status 0
2022-07-01 07:05:03,325 INFO  Executed sudo<tedge_mapper_journal>, exit status 0
2022-07-01 07:05:03,361 WARN  Grep on tedge_mapper_journal.out contains "ERROR" ... failed [run.py:67]
2022-07-01 07:05:03,368 INFO  Line count on file tedge_mapper_journal.out ... passed
2022-07-01 07:05:03,389 WARN  Line count on tedge_mapper_journal.out for "tedge_mapper::core::mapper: MQTT connection error:" expected >=2 but got 0 ... failed [run.py:78]
2022-07-01 07:05:03,390 WARN  Aborted test due to FAILED outcome
2022-07-01 07:05:03,449 INFO  
2022-07-01 07:05:03,450 INFO  Test duration: 8.70 secs
2022-07-01 07:05:03,451 INFO  Test final outcome:  FAILED
2022-07-01 07:05:03,452 INFO  Test outcome reason: Line count on tedge_mapper_journal.out for "tedge_mapper::core::mapper: MQTT connection error:" expected >=2 but got 0
2022-07-01 07:05:03,452 INFO  
