-- Logs begin at Thu 2019-02-14 10:12:00 UTC, end at Wed 2022-04-27 10:31:20 UTC. --
Apr 27 10:31:15 m32sd10b tedge_mapper[12390]: 2022-04-27T10:31:15.026682131Z  INFO flockfile::unix: Lockfile created "/run/lock/tedge-mapper-c8y.lock"
Apr 27 10:31:15 m32sd10b tedge_mapper[12390]: Error: A value for `c8y.url` is missing.
Apr 27 10:31:15 m32sd10b tedge_mapper[12390]:     A value can be set with `tedge config set c8y.url <value>`
Apr 27 10:31:15 m32sd10b systemd[1]: tedge-mapper-c8y.service: Main process exited, code=exited, status=1/FAILURE
Apr 27 10:31:15 m32sd10b systemd[1]: tedge-mapper-c8y.service: Failed with result 'exit-code'.
Apr 27 10:31:15 m32sd10b systemd[1]: tedge-mapper-c8y.service: Service RestartSec=100ms expired, scheduling restart.
Apr 27 10:31:15 m32sd10b systemd[1]: tedge-mapper-c8y.service: Scheduled restart job, restart counter is at 2.
Apr 27 10:31:15 m32sd10b systemd[1]: Stopped tedge-mapper-c8y converts Thin Edge JSON measurements to Cumulocity JSON format..
Apr 27 10:31:15 m32sd10b systemd[1]: Started tedge-mapper-c8y converts Thin Edge JSON measurements to Cumulocity JSON format..
Apr 27 10:31:15 m32sd10b systemd[1]: tedge-mapper-c8y.service: Main process exited, code=exited, status=1/FAILURE
Apr 27 10:31:15 m32sd10b systemd[1]: tedge-mapper-c8y.service: Failed with result 'exit-code'.
Apr 27 10:31:15 m32sd10b systemd[1]: tedge-mapper-c8y.service: Service RestartSec=100ms expired, scheduling restart.
Apr 27 10:31:15 m32sd10b systemd[1]: tedge-mapper-c8y.service: Scheduled restart job, restart counter is at 3.
Apr 27 10:31:15 m32sd10b systemd[1]: Stopped tedge-mapper-c8y converts Thin Edge JSON measurements to Cumulocity JSON format..
Apr 27 10:31:15 m32sd10b systemd[1]: Started tedge-mapper-c8y converts Thin Edge JSON measurements to Cumulocity JSON format..
Apr 27 10:31:15 m32sd10b tedge_mapper[12400]: 2022-04-27T10:31:15.506562703Z  INFO flockfile::unix: Lockfile created "/run/lock/tedge-mapper-c8y.lock"
Apr 27 10:31:15 m32sd10b tedge_mapper[12400]: Error: A value for `c8y.url` is missing.
Apr 27 10:31:15 m32sd10b tedge_mapper[12400]:     A value can be set with `tedge config set c8y.url <value>`
Apr 27 10:31:15 m32sd10b systemd[1]: tedge-mapper-c8y.service: Main process exited, code=exited, status=1/FAILURE
Apr 27 10:31:15 m32sd10b systemd[1]: tedge-mapper-c8y.service: Failed with result 'exit-code'.
Apr 27 10:31:15 m32sd10b systemd[1]: tedge-mapper-c8y.service: Service RestartSec=100ms expired, scheduling restart.
Apr 27 10:31:15 m32sd10b systemd[1]: tedge-mapper-c8y.service: Scheduled restart job, restart counter is at 4.
Apr 27 10:31:15 m32sd10b systemd[1]: Stopped tedge-mapper-c8y converts Thin Edge JSON measurements to Cumulocity JSON format..
Apr 27 10:31:15 m32sd10b systemd[1]: Started tedge-mapper-c8y converts Thin Edge JSON measurements to Cumulocity JSON format..
Apr 27 10:31:15 m32sd10b tedge_mapper[12405]: 2022-04-27T10:31:15.78597248Z  INFO flockfile::unix: Lockfile created "/run/lock/tedge-mapper-c8y.lock"
Apr 27 10:31:15 m32sd10b tedge_mapper[12405]: Error: A value for `c8y.url` is missing.
Apr 27 10:31:15 m32sd10b tedge_mapper[12405]:     A value can be set with `tedge config set c8y.url <value>`
Apr 27 10:31:15 m32sd10b systemd[1]: tedge-mapper-c8y.service: Main process exited, code=exited, status=1/FAILURE
Apr 27 10:31:15 m32sd10b systemd[1]: tedge-mapper-c8y.service: Failed with result 'exit-code'.
Apr 27 10:31:15 m32sd10b systemd[1]: tedge-mapper-c8y.service: Service RestartSec=100ms expired, scheduling restart.
Apr 27 10:31:15 m32sd10b systemd[1]: tedge-mapper-c8y.service: Scheduled restart job, restart counter is at 5.
Apr 27 10:31:15 m32sd10b systemd[1]: Stopped tedge-mapper-c8y converts Thin Edge JSON measurements to Cumulocity JSON format..
Apr 27 10:31:15 m32sd10b systemd[1]: tedge-mapper-c8y.service: Start request repeated too quickly.
Apr 27 10:31:15 m32sd10b systemd[1]: tedge-mapper-c8y.service: Failed with result 'exit-code'.
Apr 27 10:31:15 m32sd10b systemd[1]: Failed to start tedge-mapper-c8y converts Thin Edge JSON measurements to Cumulocity JSON format..
