2022-06-02 08:48:30,213 INFO  ==============================================================
2022-06-02 08:48:30,214 INFO  Id:    tedge_mapper_c8y_child_device_measurement
2022-06-02 08:48:30,215 INFO  Dir:   tedge_mapper_c8y/
2022-06-02 08:48:30,216 INFO  Title: Validate that measurements sent to tedge/measurements/child topic gets mapped as the child device's measurement in Cumulocity
2022-06-02 08:48:30,217 INFO  ==============================================================
2022-06-02 08:48:30,253 INFO  EnvironmentC8y Setup
2022-06-02 08:48:30,916 INFO  Executed systemctl<serv_mapper1>, exit status 3
2022-06-02 08:48:31,028 INFO  Restarting mosquitto too frequently in the last 10 seconds. It was only up for 4 seconds
2022-06-02 08:48:31,029 INFO  Delaying execution by 7 seconds
2022-06-02 08:48:52,123 INFO  Executed sudo<tedge_connect_c8y>, exit status 0, duration 14 secs
2022-06-02 08:48:52,743 INFO  Executed sudo<tedge_connect_c8y_test>, exit status 0
2022-06-02 08:48:53,206 INFO  Executed systemctl<serv_mosq2>, exit status 0
2022-06-02 08:48:53,669 INFO  Executed systemctl<serv_mapper3>, exit status 0
2022-06-02 08:48:54,437 INFO  Assert that (actual == expected) with actual=None, expected=None ... passed
2022-06-02 08:48:54,901 INFO  Executed tedge_pub, exit status 0
2022-06-02 08:48:55,312 INFO  Executed tedge_pub, exit status 0
2022-06-02 08:48:55,732 INFO  Executed tedge_pub, exit status 0
2022-06-02 08:48:56,144 INFO  Executed tedge_pub, exit status 0
2022-06-02 08:48:56,556 INFO  Executed tedge_pub, exit status 0
2022-06-02 08:48:59,400 INFO  {
    "self": "https://t493319102.eu-latest.cumulocity.com/measurement/measurements/19909953",
    "time": "2022-06-02T08:48:56.539Z",
    "id": "19909953",
    "source": {
        "self": "https://t493319102.eu-latest.cumulocity.com/inventory/managedObjects/19909947",
        "id": "19909947"
    },
    "type": "ThinEdgeMeasurement",
    "temperature": {
        "temperature": {
            "value": 10.0
        }
    }
}
2022-06-02 08:48:59,402 INFO  Assert that (actual == expected) with actual="ThinEdgeMeasurement", expected="ThinEdgeMeasurement" ... passed
2022-06-02 08:48:59,404 INFO  Assert that (actual == expected) with actual=10.0, expected=10 ... passed
2022-06-02 08:48:59,405 INFO  {
    "self": "https://t493319102.eu-latest.cumulocity.com/measurement/measurements/19909949",
    "time": "2022-06-02T08:48:55.297Z",
    "id": "19909949",
    "source": {
        "self": "https://t493319102.eu-latest.cumulocity.com/inventory/managedObjects/19909947",
        "id": "19909947"
    },
    "type": "ThinEdgeMeasurement",
    "temperature": {
        "temperature": {
            "value": 11.0
        }
    }
}
2022-06-02 08:48:59,407 INFO  Assert that (actual == expected) with actual="ThinEdgeMeasurement", expected="ThinEdgeMeasurement" ... passed
2022-06-02 08:48:59,408 INFO  Assert that (actual == expected) with actual=11.0, expected=11 ... passed
2022-06-02 08:48:59,409 INFO  {
    "self": "https://t493319102.eu-latest.cumulocity.com/measurement/measurements/19909948",
    "time": "2021-01-01T10:10:10.100+02:00",
    "id": "19909948",
    "source": {
        "self": "https://t493319102.eu-latest.cumulocity.com/inventory/managedObjects/19909947",
        "id": "19909947"
    },
    "type": "ThinEdgeMeasurement",
    "temperature": {
        "temperature": {
            "value": 12.0
        }
    }
}
2022-06-02 08:48:59,411 INFO  Assert that (actual == expected) with actual="ThinEdgeMeasurement", expected="ThinEdgeMeasurement" ... passed
2022-06-02 08:48:59,412 INFO  Assert that (actual == expected) with actual=12.0, expected=12 ... passed
2022-06-02 08:48:59,414 INFO  Assert that (actual == expected) with actual="2021-01-01T10:10:10.100+02:00", expected="2021-01-01T10:10:10.100+02:00" ... passed
2022-06-02 08:48:59,624 INFO  {
    "self": "https://t493319102.eu-latest.cumulocity.com/measurement/measurements/19909952",
    "time": "2022-06-02T08:48:56.126Z",
    "id": "19909952",
    "source": {
        "self": "https://t493319102.eu-latest.cumulocity.com/inventory/managedObjects/19909951",
        "id": "19909951"
    },
    "type": "ThinEdgeMeasurement",
    "temperature": {
        "temperature": {
            "value": 6.0
        }
    }
}
2022-06-02 08:48:59,626 INFO  Assert that (actual == expected) with actual="ThinEdgeMeasurement", expected="ThinEdgeMeasurement" ... passed
2022-06-02 08:48:59,627 INFO  Assert that (actual == expected) with actual=6.0, expected=6 ... passed
2022-06-02 08:48:59,855 INFO  {
    "self": "https://t493319102.eu-latest.cumulocity.com/measurement/measurements/19909950",
    "time": "2022-06-02T08:48:55.725Z",
    "id": "19909950",
    "source": {
        "self": "https://t493319102.eu-latest.cumulocity.com/inventory/managedObjects/19900604",
        "id": "19900604"
    },
    "type": "ThinEdgeMeasurement",
    "temperature": {
        "temperature": {
            "value": 5.0
        }
    }
}
2022-06-02 08:48:59,857 INFO  Assert that (actual == expected) with actual="ThinEdgeMeasurement", expected="ThinEdgeMeasurement" ... passed
2022-06-02 08:48:59,858 INFO  Assert that (actual == expected) with actual=5.0, expected=5 ... passed
2022-06-02 08:48:59,870 INFO  
2022-06-02 08:48:59,871 INFO  cleanup:
2022-06-02 08:49:04,157 INFO  Executed sudo<tedge_disconnect_c8y>, exit status 0
2022-06-02 08:49:04,720 INFO  Executed systemctl<serv_mapper5>, exit status 3
2022-06-02 08:49:04,725 INFO  
2022-06-02 08:49:04,725 INFO  Test duration: 34.52 secs
2022-06-02 08:49:04,727 INFO  Test final outcome:  PASSED
2022-06-02 08:49:04,728 INFO  
