2022-07-13 11:53:34,525 INFO  ==============================================================
2022-07-13 11:53:34,526 INFO  Id:    apt_install
2022-07-13 11:53:34,527 INFO  Dir:   plugin_apt/
2022-07-13 11:53:34,528 INFO  Title: Validate apt plugin prepare - dense version
2022-07-13 11:53:34,529 INFO  ==============================================================
2022-07-13 11:53:39,116 INFO  Executed sudo, exit status 0
2022-07-13 11:53:41,691 INFO  Executed sudo<outp_check_0>, exit status 0
2022-07-13 11:53:41,693 INFO  Assert that (value==0) with value=0 ... passed
2022-07-13 11:53:41,699 INFO  Grep on file outp_check_0.out ... passed
2022-07-13 11:54:20,384 INFO  Executed sudo<outp_install>, exit status 0, duration 38 secs
2022-07-13 11:54:20,387 INFO  Assert that (value==0) with value=0 ... passed
2022-07-13 11:54:25,680 INFO  Executed sudo<outp_check_1>, exit status 0
2022-07-13 11:54:25,683 INFO  Assert that (value==0) with value=0 ... passed
2022-07-13 11:54:25,688 INFO  Grep on file outp_check_1.out ... passed
2022-07-13 11:54:25,693 INFO  
2022-07-13 11:54:25,694 INFO  cleanup:
2022-07-13 11:54:39,142 INFO  Executed sudo, exit status 0, duration 13 secs
2022-07-13 11:54:39,147 INFO  
2022-07-13 11:54:39,148 INFO  Test duration: 64.63 secs
2022-07-13 11:54:39,149 INFO  Test final outcome:  PASSED
2022-07-13 11:54:39,150 INFO  
