2022-07-20 11:58:59,661 INFO  ==============================================================
2022-07-20 11:58:59,662 INFO  Id:    SoftwareManagement.sm_apt_install_remove_with_version
2022-07-20 11:58:59,663 INFO  Dir:   software_management_end_to_end/
2022-07-20 11:58:59,664 INFO  Title: Validate end to end behaviour for the apt plugin for packages with version
2022-07-20 11:58:59,665 INFO  ==============================================================
2022-07-20 11:58:59,691 INFO  Using sw id database: {'asciijump': '5475369', 'robotfindskitten': '5474869', 'squirrel3': '5475279', 'rolldice': '5152439', 'moon-buggy': '5439204', 'apple': '5495053', 'banana': '5494888', 'cherry': '5495382', 'watermelon': '5494510', 'registry': '8018911', 'hello-world': '8021526', 'docker/getting-started': '8021973', 'alpine': '7991792'}
2022-07-20 11:58:59,692 INFO  EnvironmentC8y Setup
2022-07-20 11:59:00,306 INFO  Executed systemctl<serv_mapper1>, exit status 3
2022-07-20 11:59:00,411 INFO  Restarting mosquitto too frequently in the last 10 seconds. It was only up for 4 seconds
2022-07-20 11:59:00,412 INFO  Delaying execution by 7 seconds
2022-07-20 11:59:21,374 INFO  Executed sudo<tedge_connect_c8y>, exit status 0, duration 13 secs
2022-07-20 11:59:21,952 INFO  Executed sudo<tedge_connect_c8y_test>, exit status 0
2022-07-20 11:59:22,471 INFO  Executed systemctl<serv_mosq2>, exit status 0
2022-07-20 11:59:22,984 INFO  Executed systemctl<serv_mapper3>, exit status 0
2022-07-20 11:59:25,207 INFO  State of current operation: FAILED
2022-07-20 11:59:25,454 INFO  Assert that (False == value) with value=False ... passed
2022-07-20 11:59:26,036 INFO  Response status: 201
2022-07-20 11:59:26,037 INFO  Response to action: {
    "creationTime": "2022-07-20T11:59:25.991Z",
    "deviceId": "21052799",
    "deviceName": "m32sd10a",
    "self": "https://t493319102.eu-latest.cumulocity.com/devicecontrol/operations/21082539",
    "id": "21082539",
    "status": "PENDING",
    "description": "Apply software changes, triggered from PySys: [{'name': 'rolldice', 'id': '5152439', 'version': '1.16-1+b1', 'url': '', 'action': 'install'}]",
    "c8y_SoftwareUpdate": [
        {
            "name": "rolldice",
            "action": "install",
            "id": "5152439",
            "version": "1.16-1+b1",
            "url": ""
        }
    ]
}
2022-07-20 11:59:26,038 INFO  Started operation: {'creationTime': '2022-07-20T11:59:25.991Z', 'deviceId': '21052799', 'deviceName': 'm32sd10a', 'self': 'https://t493319102.eu-latest.cumulocity.com/devicecontrol/operations/21082539', 'id': '21082539', 'status': 'PENDING', 'description': "Apply software changes, triggered from PySys: [{'name': 'rolldice', 'id': '5152439', 'version': '1.16-1+b1', 'url': '', 'action': 'install'}]", 'c8y_SoftwareUpdate': [{'name': 'rolldice', 'action': 'install', 'id': '5152439', 'version': '1.16-1+b1', 'url': ''}]}
2022-07-20 11:59:28,258 INFO  State of operation 21082539 : PENDING
2022-07-20 11:59:30,501 INFO  State of operation 21082539 : EXECUTING
2022-07-20 11:59:32,715 INFO  State of operation 21082539 : EXECUTING
2022-07-20 11:59:34,929 INFO  State of operation 21082539 : EXECUTING
2022-07-20 11:59:37,137 INFO  State of operation 21082539 : EXECUTING
2022-07-20 11:59:39,353 INFO  State of operation 21082539 : EXECUTING
2022-07-20 11:59:42,820 INFO  State of operation 21082539 : EXECUTING
2022-07-20 11:59:45,569 INFO  State of operation 21082539 : EXECUTING
2022-07-20 11:59:48,208 INFO  State of operation 21082539 : EXECUTING
2022-07-20 11:59:50,422 INFO  State of operation 21082539 : EXECUTING
2022-07-20 11:59:52,638 INFO  State of operation 21082539 : EXECUTING
2022-07-20 11:59:54,858 INFO  State of operation 21082539 : EXECUTING
2022-07-20 11:59:57,078 INFO  State of operation 21082539 : EXECUTING
2022-07-20 11:59:59,293 INFO  State of operation 21082539 : EXECUTING
2022-07-20 12:00:01,524 INFO  State of operation 21082539 : SUCCESSFUL
2022-07-20 12:00:01,758 INFO  Package rolldice is installed
2022-07-20 12:00:01,760 INFO  Assert that (True == value) with value=True ... passed
2022-07-20 12:00:02,012 INFO  Response status: 201
2022-07-20 12:00:02,013 INFO  Response to action: {
    "creationTime": "2022-07-20T12:00:01.959Z",
    "deviceId": "21052799",
    "deviceName": "m32sd10a",
    "self": "https://t493319102.eu-latest.cumulocity.com/devicecontrol/operations/21082547",
    "id": "21082547",
    "status": "PENDING",
    "description": "Apply software changes, triggered from PySys: [{'name': 'rolldice', 'id': '5152439', 'version': '88::apt', 'url': '', 'action': 'delete'}]",
    "c8y_SoftwareUpdate": [
        {
            "name": "rolldice",
            "action": "delete",
            "id": "5152439",
            "version": "88::apt",
            "url": ""
        }
    ]
}
2022-07-20 12:00:02,014 INFO  Started operation: {'creationTime': '2022-07-20T12:00:01.959Z', 'deviceId': '21052799', 'deviceName': 'm32sd10a', 'self': 'https://t493319102.eu-latest.cumulocity.com/devicecontrol/operations/21082547', 'id': '21082547', 'status': 'PENDING', 'description': "Apply software changes, triggered from PySys: [{'name': 'rolldice', 'id': '5152439', 'version': '88::apt', 'url': '', 'action': 'delete'}]", 'c8y_SoftwareUpdate': [{'name': 'rolldice', 'action': 'delete', 'id': '5152439', 'version': '88::apt', 'url': ''}]}
2022-07-20 12:00:04,227 INFO  State of operation 21082547 : PENDING
2022-07-20 12:00:06,457 INFO  State of operation 21082547 : EXECUTING
2022-07-20 12:00:08,674 INFO  State of operation 21082547 : EXECUTING
2022-07-20 12:00:10,887 INFO  State of operation 21082547 : EXECUTING
2022-07-20 12:00:13,114 INFO  State of operation 21082547 : EXECUTING
2022-07-20 12:00:15,328 INFO  State of operation 21082547 : EXECUTING
2022-07-20 12:00:17,951 INFO  State of operation 21082547 : EXECUTING
2022-07-20 12:00:20,644 INFO  State of operation 21082547 : EXECUTING
2022-07-20 12:00:22,879 INFO  State of operation 21082547 : EXECUTING
2022-07-20 12:00:25,206 INFO  State of operation 21082547 : EXECUTING
2022-07-20 12:00:27,424 INFO  State of operation 21082547 : EXECUTING
2022-07-20 12:00:29,653 INFO  State of operation 21082547 : EXECUTING
2022-07-20 12:00:31,878 INFO  State of operation 21082547 : EXECUTING
2022-07-20 12:00:34,101 INFO  State of operation 21082547 : EXECUTING
2022-07-20 12:00:36,312 INFO  State of operation 21082547 : FAILED
2022-07-20 12:00:36,534 INFO  Package rolldice is installed
2022-07-20 12:00:36,536 INFO  Assert that (True == value) with value=True ... passed
2022-07-20 12:00:37,110 INFO  Response status: 201
2022-07-20 12:00:37,112 INFO  Response to action: {
    "creationTime": "2022-07-20T12:00:37.068Z",
    "deviceId": "21052799",
    "deviceName": "m32sd10a",
    "self": "https://t493319102.eu-latest.cumulocity.com/devicecontrol/operations/21082555",
    "id": "21082555",
    "status": "PENDING",
    "description": "Apply software changes, triggered from PySys: [{'name': 'rolldice', 'id': '5152439', 'version': '1.16-1+b1', 'url': '', 'action': 'delete'}]",
    "c8y_SoftwareUpdate": [
        {
            "name": "rolldice",
            "action": "delete",
            "id": "5152439",
            "version": "1.16-1+b1",
            "url": ""
        }
    ]
}
2022-07-20 12:00:37,113 INFO  Started operation: {'creationTime': '2022-07-20T12:00:37.068Z', 'deviceId': '21052799', 'deviceName': 'm32sd10a', 'self': 'https://t493319102.eu-latest.cumulocity.com/devicecontrol/operations/21082555', 'id': '21082555', 'status': 'PENDING', 'description': "Apply software changes, triggered from PySys: [{'name': 'rolldice', 'id': '5152439', 'version': '1.16-1+b1', 'url': '', 'action': 'delete'}]", 'c8y_SoftwareUpdate': [{'name': 'rolldice', 'action': 'delete', 'id': '5152439', 'version': '1.16-1+b1', 'url': ''}]}
2022-07-20 12:00:39,402 INFO  State of operation 21082555 : PENDING
2022-07-20 12:00:41,641 INFO  State of operation 21082555 : EXECUTING
2022-07-20 12:00:43,855 INFO  State of operation 21082555 : EXECUTING
2022-07-20 12:00:46,145 INFO  State of operation 21082555 : EXECUTING
2022-07-20 12:00:48,356 INFO  State of operation 21082555 : EXECUTING
2022-07-20 12:00:50,572 INFO  State of operation 21082555 : EXECUTING
2022-07-20 12:00:53,185 INFO  State of operation 21082555 : EXECUTING
2022-07-20 12:00:56,046 INFO  State of operation 21082555 : EXECUTING
2022-07-20 12:00:58,386 INFO  State of operation 21082555 : EXECUTING
2022-07-20 12:01:00,716 INFO  State of operation 21082555 : EXECUTING
2022-07-20 12:01:02,937 INFO  State of operation 21082555 : EXECUTING
2022-07-20 12:01:05,149 INFO  State of operation 21082555 : EXECUTING
2022-07-20 12:01:07,364 INFO  State of operation 21082555 : EXECUTING
2022-07-20 12:01:09,635 INFO  State of operation 21082555 : EXECUTING
2022-07-20 12:01:11,910 INFO  State of operation 21082555 : EXECUTING
2022-07-20 12:01:14,309 INFO  State of operation 21082555 : EXECUTING
2022-07-20 12:01:16,938 INFO  State of operation 21082555 : EXECUTING
2022-07-20 12:01:19,169 INFO  State of operation 21082555 : EXECUTING
2022-07-20 12:01:21,655 INFO  State of operation 21082555 : EXECUTING
2022-07-20 12:01:23,871 INFO  State of operation 21082555 : EXECUTING
2022-07-20 12:01:26,117 INFO  State of operation 21082555 : EXECUTING
2022-07-20 12:01:28,336 INFO  State of operation 21082555 : EXECUTING
2022-07-20 12:01:30,546 INFO  State of operation 21082555 : SUCCESSFUL
2022-07-20 12:01:31,141 INFO  Assert that (False == value) with value=False ... passed
2022-07-20 12:01:31,153 INFO  
2022-07-20 12:01:31,154 INFO  cleanup:
2022-07-20 12:01:35,091 INFO  Executed sudo<tedge_disconnect_c8y>, exit status 0
2022-07-20 12:01:35,657 INFO  Executed systemctl<serv_mapper5>, exit status 3
2022-07-20 12:01:35,662 INFO  
2022-07-20 12:01:35,663 INFO  Test duration: 156.02 secs
2022-07-20 12:01:35,664 INFO  Test final outcome:  PASSED
2022-07-20 12:01:35,665 INFO  
