2022-06-22 14:03:31,740 INFO  ==============================================================
2022-06-22 14:03:31,741 INFO  Id:    call_tedge_config_list
2022-06-22 14:03:31,742 INFO  Dir:   tedge/
2022-06-22 14:03:31,743 INFO  Title: Validate command line options config: get set unset
2022-06-22 14:03:31,744 INFO  ==============================================================
2022-06-22 14:03:32,268 INFO  Executed sudo<tedge>, exit status 0
2022-06-22 14:03:32,780 INFO  Executed sudo<tedge_get_config_key>, exit status 0
2022-06-22 14:03:33,296 INFO  Executed sudo<tedge_get_config_key>, exit status 0
2022-06-22 14:03:33,811 INFO  Executed sudo<tedge_get_config_key>, exit status 0
2022-06-22 14:03:34,325 INFO  Executed sudo<tedge_get_config_key>, exit status 0
2022-06-22 14:03:34,841 INFO  Executed sudo<tedge_get_config_key>, exit status 0
2022-06-22 14:03:35,355 INFO  Executed sudo<tedge_get_config_key>, exit status 0
2022-06-22 14:03:35,358 INFO  /etc/tedge/device-certs/tedge-private-key.pem
2022-06-22 14:03:35,359 INFO  /etc/tedge/device-certs/tedge-certificate.pem
2022-06-22 14:03:35,360 INFO  thin-edge-io.eu-latest.cumulocity.com
2022-06-22 14:03:35,360 INFO  /etc/ssl/certs
2022-06-22 14:03:35,361 INFO  thinedge-gh-ci.azure-devices.net
2022-06-22 14:03:35,361 INFO  /etc/ssl/certs/Baltimore_CyberTrust_Root.pem
2022-06-22 14:03:35,873 INFO  Executed sudo<tedge_unset_config_key>, exit status 0
2022-06-22 14:03:36,390 INFO  Executed sudo<tedge_unset_config_key>, exit status 0
2022-06-22 14:03:36,955 INFO  Executed sudo<tedge_unset_config_key>, exit status 0
2022-06-22 14:03:37,470 INFO  Executed sudo<tedge_unset_config_key>, exit status 0
2022-06-22 14:03:37,987 INFO  Executed sudo<tedge_unset_config_key>, exit status 0
2022-06-22 14:03:38,552 INFO  Executed sudo<tedge_unset_config_key>, exit status 0
2022-06-22 14:03:39,067 INFO  Executed sudo<tedge_get_config_key>, exit status 0
2022-06-22 14:03:39,071 INFO  Assert that (expect == valueread) with expect="/etc/tedge/device-certs/tedge-private-key.pem", valueread="/etc/tedge/device-certs/tedge-private-key.pem" ... passed
2022-06-22 14:03:39,584 INFO  Executed sudo<tedge_get_config_key>, exit status 0
2022-06-22 14:03:39,587 INFO  Assert that (expect == valueread) with expect="/etc/tedge/device-certs/tedge-certificate.pem", valueread="/etc/tedge/device-certs/tedge-certificate.pem" ... passed
2022-06-22 14:03:40,100 INFO  Executed sudo<tedge_get_config_key>, exit status 0
2022-06-22 14:03:40,103 INFO  Assert that (expect == valueread) with expect=None, valueread=None ... passed
2022-06-22 14:03:40,616 INFO  Executed sudo<tedge_get_config_key>, exit status 0
2022-06-22 14:03:40,619 INFO  Assert that (expect == valueread) with expect="/etc/ssl/certs", valueread="/etc/ssl/certs" ... passed
2022-06-22 14:03:41,135 INFO  Executed sudo<tedge_get_config_key>, exit status 0
2022-06-22 14:03:41,139 INFO  Assert that (expect == valueread) with expect=None, valueread=None ... passed
2022-06-22 14:03:41,652 INFO  Executed sudo<tedge_get_config_key>, exit status 0
2022-06-22 14:03:41,656 INFO  Assert that (expect == valueread) with expect="/etc/ssl/certs", valueread="/etc/ssl/certs" ... passed
2022-06-22 14:03:42,168 INFO  Executed sudo<tedge_set_config_key>, exit status 0
2022-06-22 14:03:42,701 INFO  Executed sudo<tedge_get_config_key>, exit status 0
2022-06-22 14:03:42,706 INFO  Assert that (value == vread) with value="failfailfail", vread="failfailfail" ... passed
2022-06-22 14:03:43,219 INFO  Executed sudo<tedge_set_config_key>, exit status 0
2022-06-22 14:03:43,737 INFO  Executed sudo<tedge_get_config_key>, exit status 0
2022-06-22 14:03:43,742 INFO  Assert that (value == vread) with value="failfailfail", vread="failfailfail" ... passed
2022-06-22 14:03:44,254 INFO  Executed sudo<tedge_set_config_key>, exit status 0
2022-06-22 14:03:44,767 INFO  Executed sudo<tedge_get_config_key>, exit status 0
2022-06-22 14:03:44,771 INFO  Assert that (value == vread) with value="failfailfail", vread="failfailfail" ... passed
2022-06-22 14:03:45,272 INFO  Executed sudo<tedge_set_config_key>, exit status 0
2022-06-22 14:03:45,785 INFO  Executed sudo<tedge_get_config_key>, exit status 0
2022-06-22 14:03:45,794 INFO  Assert that (value == vread) with value="failfailfail", vread="failfailfail" ... passed
2022-06-22 14:03:46,306 INFO  Executed sudo<tedge_set_config_key>, exit status 0
2022-06-22 14:03:46,824 INFO  Executed sudo<tedge_get_config_key>, exit status 0
2022-06-22 14:03:46,829 INFO  Assert that (value == vread) with value="failfailfail", vread="failfailfail" ... passed
2022-06-22 14:03:47,342 INFO  Executed sudo<tedge_set_config_key>, exit status 0
2022-06-22 14:03:47,854 INFO  Executed sudo<tedge_get_config_key>, exit status 0
2022-06-22 14:03:47,858 INFO  Assert that (value == vread) with value="failfailfail", vread="failfailfail" ... passed
2022-06-22 14:03:48,371 INFO  Executed sudo<tedge_set_config_key>, exit status 0
2022-06-22 14:03:48,933 INFO  Executed sudo<tedge_set_config_key>, exit status 0
2022-06-22 14:03:49,446 INFO  Executed sudo<tedge_set_config_key>, exit status 0
2022-06-22 14:03:49,959 INFO  Executed sudo<tedge_set_config_key>, exit status 0
2022-06-22 14:03:50,489 INFO  Executed sudo<tedge_set_config_key>, exit status 0
2022-06-22 14:03:51,003 INFO  Executed sudo<tedge_set_config_key>, exit status 0
2022-06-22 14:03:51,005 INFO  /etc/tedge/device-certs/tedge-private-key.pem
2022-06-22 14:03:51,005 INFO  /etc/tedge/device-certs/tedge-certificate.pem
2022-06-22 14:03:51,006 INFO  thin-edge-io.eu-latest.cumulocity.com
2022-06-22 14:03:51,006 INFO  /etc/ssl/certs
2022-06-22 14:03:51,007 INFO  thinedge-gh-ci.azure-devices.net
2022-06-22 14:03:51,008 INFO  /etc/ssl/certs/Baltimore_CyberTrust_Root.pem
2022-06-22 14:03:51,520 INFO  Executed sudo<tedge_get_config_key>, exit status 0
2022-06-22 14:03:51,524 INFO  Assert that (valueold == valuenew) with valueold="/etc/tedge/device-certs/tedge-private-key.pem", valuenew="/etc/tedge/device-certs/tedge-private-key.pem" ... passed
2022-06-22 14:03:52,022 INFO  Executed sudo<tedge_get_config_key>, exit status 0
2022-06-22 14:03:52,026 INFO  Assert that (valueold == valuenew) with valueold="/etc/tedge/device-certs/tedge-certificate.pem", valuenew="/etc/tedge/device-certs/tedge-certificate.pem" ... passed
2022-06-22 14:03:52,539 INFO  Executed sudo<tedge_get_config_key>, exit status 0
2022-06-22 14:03:52,543 INFO  Assert that (valueold == valuenew) with valueold="thin-edge-io.eu-latest.cumulocity.com", valuenew="thin-edge-io.eu-latest.cumulocity.com" ... passed
2022-06-22 14:03:53,056 INFO  Executed sudo<tedge_get_config_key>, exit status 0
2022-06-22 14:03:53,060 INFO  Assert that (valueold == valuenew) with valueold="/etc/ssl/certs", valuenew="/etc/ssl/certs" ... passed
2022-06-22 14:03:53,574 INFO  Executed sudo<tedge_get_config_key>, exit status 0
2022-06-22 14:03:53,578 INFO  Assert that (valueold == valuenew) with valueold="thinedge-gh-ci.azure-devices.net", valuenew="thinedge-gh-ci.azure-devices.net" ... passed
2022-06-22 14:03:54,091 INFO  Executed sudo<tedge_get_config_key>, exit status 0
2022-06-22 14:03:54,095 INFO  Assert that (valueold == valuenew) with valueold="/etc/ssl/certs/Baltimore_CyberTrust_Root.pem", valuenew="/etc/ssl/certs/Baltimore_CyberTrust_Root.pem" ... passed
2022-06-22 14:03:54,607 INFO  Executed sudo<tedge_unset_device_id>, exit status 1
2022-06-22 14:03:55,120 INFO  Executed sudo<tedge_set_device_id>, exit status 1
2022-06-22 14:03:55,131 INFO  
2022-06-22 14:03:55,132 INFO  Test duration: 23.40 secs
2022-06-22 14:03:55,133 INFO  Test final outcome:  PASSED
2022-06-22 14:03:55,134 INFO  
