2022-07-18 17:01:47,802 INFO  ==============================================================
2022-07-18 17:01:47,803 INFO  Id:    SoftwareManagement.sm_apt_install_remove_multiple_mixed
2022-07-18 17:01:47,804 INFO  Dir:   software_management_end_to_end/
2022-07-18 17:01:47,805 INFO  Title: Validate end to end behaviour for the apt plugin for multiple packages with mixed versions
2022-07-18 17:01:47,806 INFO  ==============================================================
2022-07-18 17:01:47,830 INFO  Using sw id database: {'asciijump': '5475369', 'robotfindskitten': '5474869', 'squirrel3': '5475279', 'rolldice': '5152439', 'moon-buggy': '5439204', 'apple': '5495053', 'banana': '5494888', 'cherry': '5495382', 'watermelon': '5494510', 'registry': '8018911', 'hello-world': '8021526', 'docker/getting-started': '8021973', 'alpine': '7991792'}
2022-07-18 17:01:47,831 INFO  EnvironmentC8y Setup
2022-07-18 17:01:48,552 INFO  Executed systemctl<serv_mapper1>, exit status 3
2022-07-18 17:01:48,722 INFO  Restarting mosquitto too frequently in the last 10 seconds. It was only up for 5 seconds
2022-07-18 17:01:48,724 INFO  Delaying execution by 6 seconds
2022-07-18 17:02:08,576 INFO  Executed sudo<tedge_connect_c8y>, exit status 0, duration 13 secs
2022-07-18 17:02:09,199 INFO  Executed sudo<tedge_connect_c8y_test>, exit status 0
2022-07-18 17:02:09,712 INFO  Executed systemctl<serv_mosq2>, exit status 0
2022-07-18 17:02:10,175 INFO  Executed systemctl<serv_mapper3>, exit status 0
2022-07-18 17:02:12,403 INFO  State of current operation: SUCCESSFUL
2022-07-18 17:02:12,642 INFO  Assert that (False == value) with value=False ... passed
2022-07-18 17:02:12,868 INFO  Assert that (False == value) with value=False ... passed
2022-07-18 17:02:13,115 INFO  Assert that (False == value) with value=False ... passed
2022-07-18 17:02:13,346 INFO  Assert that (False == value) with value=False ... passed
2022-07-18 17:02:13,708 INFO  Package moon-buggy is installed
2022-07-18 17:02:13,742 WARN  Assert that (False == value) with value=True ... failed 
2022-07-18 17:02:14,986 INFO  Response status: 201
2022-07-18 17:02:14,989 INFO  Response to action: {
    "creationTime": "2022-07-18T17:02:14.939Z",
    "deviceName": "m32sd10b",
    "deviceId": "21019148",
    "self": "https://t493319102.eu-latest.cumulocity.com/devicecontrol/operations/21027638",
    "id": "21027638",
    "status": "PENDING",
    "description": "Apply software changes, triggered from PySys: [{'action': 'install', 'id': '5475369', 'name': 'asciijump', 'url': ' ', 'version': '::apt'}, {'action': 'install', 'id': '5474869', 'name': 'robotfindskitten', 'url': ' ', 'version': ' '}, {'action': 'install', 'id': '5475279', 'name': 'squirrel3', 'url': ' ', 'version': '3.1-7::apt'}, {'action': 'install', 'id': '5152439', 'name': 'rolldice', 'url': ' ', 'version': '1.16-1+b1'}, {'action': 'install', 'id': '5439204', 'name': 'moon-buggy', 'url': ' ', 'version': '1:1.0.51-12'}, {'action': 'install', 'id': '5475369', 'name': 'asciijump', 'url': ' ', 'version': '::apt'}]",
    "c8y_SoftwareUpdate": [
        {
            "name": "asciijump",
            "action": "install",
            "id": "5475369",
            "version": "::apt",
            "url": " "
        },
        {
            "name": "robotfindskitten",
            "action": "install",
            "id": "5474869",
            "version": " ",
            "url": " "
        },
        {
            "name": "squirrel3",
            "action": "install",
            "id": "5475279",
            "version": "3.1-7::apt",
            "url": " "
        },
        {
            "name": "rolldice",
            "action": "install",
            "id": "5152439",
            "version": "1.16-1+b1",
            "url": " "
        },
        {
            "name": "moon-buggy",
            "action": "install",
            "id": "5439204",
            "version": "1:1.0.51-12",
            "url": " "
        },
        {
            "name": "asciijump",
            "action": "install",
            "id": "5475369",
            "version": "::apt",
            "url": " "
        }
    ]
}
2022-07-18 17:02:14,990 INFO  Started operation: {'creationTime': '2022-07-18T17:02:14.939Z', 'deviceName': 'm32sd10b', 'deviceId': '21019148', 'self': 'https://t493319102.eu-latest.cumulocity.com/devicecontrol/operations/21027638', 'id': '21027638', 'status': 'PENDING', 'description': "Apply software changes, triggered from PySys: [{'action': 'install', 'id': '5475369', 'name': 'asciijump', 'url': ' ', 'version': '::apt'}, {'action': 'install', 'id': '5474869', 'name': 'robotfindskitten', 'url': ' ', 'version': ' '}, {'action': 'install', 'id': '5475279', 'name': 'squirrel3', 'url': ' ', 'version': '3.1-7::apt'}, {'action': 'install', 'id': '5152439', 'name': 'rolldice', 'url': ' ', 'version': '1.16-1+b1'}, {'action': 'install', 'id': '5439204', 'name': 'moon-buggy', 'url': ' ', 'version': '1:1.0.51-12'}, {'action': 'install', 'id': '5475369', 'name': 'asciijump', 'url': ' ', 'version': '::apt'}]", 'c8y_SoftwareUpdate': [{'name': 'asciijump', 'action': 'install', 'id': '5475369', 'version': '::apt', 'url': ' '}, {'name': 'robotfindskitten', 'action': 'install', 'id': '5474869', 'version': ' ', 'url': ' '}, {'name': 'squirrel3', 'action': 'install', 'id': '5475279', 'version': '3.1-7::apt', 'url': ' '}, {'name': 'rolldice', 'action': 'install', 'id': '5152439', 'version': '1.16-1+b1', 'url': ' '}, {'name': 'moon-buggy', 'action': 'install', 'id': '5439204', 'version': '1:1.0.51-12', 'url': ' '}, {'name': 'asciijump', 'action': 'install', 'id': '5475369', 'version': '::apt', 'url': ' '}]}
2022-07-18 17:02:17,203 INFO  State of operation 21027638 : PENDING
2022-07-18 17:02:19,424 INFO  State of operation 21027638 : EXECUTING
2022-07-18 17:02:21,646 INFO  State of operation 21027638 : EXECUTING
2022-07-18 17:02:23,862 INFO  State of operation 21027638 : EXECUTING
2022-07-18 17:02:26,084 INFO  State of operation 21027638 : EXECUTING
2022-07-18 17:02:28,296 INFO  State of operation 21027638 : EXECUTING
2022-07-18 17:02:30,977 INFO  State of operation 21027638 : EXECUTING
2022-07-18 17:02:33,711 INFO  State of operation 21027638 : EXECUTING
2022-07-18 17:02:36,220 INFO  State of operation 21027638 : EXECUTING
2022-07-18 17:02:38,663 INFO  State of operation 21027638 : EXECUTING
2022-07-18 17:02:40,885 INFO  State of operation 21027638 : EXECUTING
2022-07-18 17:02:43,103 INFO  State of operation 21027638 : EXECUTING
2022-07-18 17:02:45,328 INFO  State of operation 21027638 : EXECUTING
2022-07-18 17:02:47,567 INFO  State of operation 21027638 : EXECUTING
2022-07-18 17:02:49,873 INFO  State of operation 21027638 : EXECUTING
2022-07-18 17:02:52,241 INFO  State of operation 21027638 : EXECUTING
2022-07-18 17:02:54,771 INFO  State of operation 21027638 : EXECUTING
2022-07-18 17:02:57,463 INFO  State of operation 21027638 : EXECUTING
2022-07-18 17:02:59,734 INFO  State of operation 21027638 : EXECUTING
2022-07-18 17:03:01,956 INFO  State of operation 21027638 : EXECUTING
2022-07-18 17:03:04,174 INFO  State of operation 21027638 : EXECUTING
2022-07-18 17:03:06,858 INFO  State of operation 21027638 : EXECUTING
2022-07-18 17:03:09,083 INFO  State of operation 21027638 : EXECUTING
2022-07-18 17:03:12,001 INFO  State of operation 21027638 : EXECUTING
2022-07-18 17:03:14,212 INFO  State of operation 21027638 : EXECUTING
2022-07-18 17:03:16,426 INFO  State of operation 21027638 : EXECUTING
2022-07-18 17:03:18,644 INFO  State of operation 21027638 : EXECUTING
2022-07-18 17:03:20,854 INFO  State of operation 21027638 : EXECUTING
2022-07-18 17:03:23,072 INFO  State of operation 21027638 : EXECUTING
2022-07-18 17:03:25,338 INFO  State of operation 21027638 : EXECUTING
2022-07-18 17:03:27,888 INFO  State of operation 21027638 : EXECUTING
2022-07-18 17:03:30,112 INFO  State of operation 21027638 : EXECUTING
2022-07-18 17:03:32,352 INFO  State of operation 21027638 : EXECUTING
2022-07-18 17:03:34,581 INFO  State of operation 21027638 : EXECUTING
2022-07-18 17:03:36,793 INFO  State of operation 21027638 : EXECUTING
2022-07-18 17:03:39,007 INFO  State of operation 21027638 : EXECUTING
2022-07-18 17:03:41,217 INFO  State of operation 21027638 : EXECUTING
2022-07-18 17:03:43,449 INFO  State of operation 21027638 : EXECUTING
2022-07-18 17:03:46,150 INFO  State of operation 21027638 : EXECUTING
2022-07-18 17:03:48,740 INFO  State of operation 21027638 : EXECUTING
2022-07-18 17:03:51,163 INFO  State of operation 21027638 : EXECUTING
2022-07-18 17:03:53,647 INFO  State of operation 21027638 : EXECUTING
2022-07-18 17:03:55,867 INFO  State of operation 21027638 : EXECUTING
2022-07-18 17:03:58,085 INFO  State of operation 21027638 : EXECUTING
2022-07-18 17:04:00,311 INFO  State of operation 21027638 : EXECUTING
2022-07-18 17:04:02,590 INFO  State of operation 21027638 : EXECUTING
2022-07-18 17:04:04,845 INFO  State of operation 21027638 : EXECUTING
2022-07-18 17:04:07,180 INFO  State of operation 21027638 : EXECUTING
2022-07-18 17:04:09,891 INFO  State of operation 21027638 : EXECUTING
2022-07-18 17:04:12,111 INFO  State of operation 21027638 : EXECUTING
2022-07-18 17:04:14,356 INFO  State of operation 21027638 : EXECUTING
2022-07-18 17:04:16,576 INFO  State of operation 21027638 : EXECUTING
2022-07-18 17:04:19,272 INFO  State of operation 21027638 : EXECUTING
2022-07-18 17:04:21,495 INFO  State of operation 21027638 : EXECUTING
2022-07-18 17:04:24,309 INFO  State of operation 21027638 : EXECUTING
2022-07-18 17:04:26,615 INFO  State of operation 21027638 : EXECUTING
2022-07-18 17:04:29,874 INFO  State of operation 21027638 : EXECUTING
2022-07-18 17:04:32,097 INFO  State of operation 21027638 : EXECUTING
2022-07-18 17:04:34,373 INFO  State of operation 21027638 : EXECUTING
2022-07-18 17:04:36,612 INFO  State of operation 21027638 : EXECUTING
2022-07-18 17:04:38,923 INFO  State of operation 21027638 : EXECUTING
2022-07-18 17:04:40,927 WARN  SystemError occurred while running test - Timeout while waiting for status SUCCESSFUL or False
Traceback (most recent call last):
  File "/home/pi/env-pysys/lib/python3.7/site-packages/pysys/baserunner.py", line 1294, in __call__
    self.testObj.execute()
  File "/home/pi/actions-runner/_work/thin-edge.io/thin-edge.io/tests/PySys/software_management_end_to_end/sm_apt_install_remove_multiple_mixed/run.py", line 89, in execute
    self.wait_until_succcess()
  File "/home/pi/actions-runner/_work/thin-edge.io/thin-edge.io/tests/PySys/software_management_end_to_end/environment_sm_management.py", line 324, in wait_until_succcess
    self.wait_until_status("SUCCESSFUL")
  File "/home/pi/actions-runner/_work/thin-edge.io/thin-edge.io/tests/PySys/software_management_end_to_end/environment_sm_management.py", line 381, in wait_until_status
    "Timeout while waiting for status %s or %s" % (status, status2)
SystemError: Timeout while waiting for status SUCCESSFUL or False
2022-07-18 17:04:40,956 WARN  SystemError: Timeout while waiting for status SUCCESSFUL or False ... blocked 
2022-07-18 17:04:40,957 INFO  
2022-07-18 17:04:40,958 INFO  cleanup:
2022-07-18 17:04:45,342 INFO  Executed sudo<tedge_disconnect_c8y>, exit status 0
2022-07-18 17:04:45,905 INFO  Executed systemctl<serv_mapper5>, exit status 3
2022-07-18 17:04:45,909 INFO  
2022-07-18 17:04:45,910 INFO  Test duration: 178.12 secs
2022-07-18 17:04:45,911 INFO  Test final outcome:  BLOCKED
2022-07-18 17:04:45,912 INFO  Test outcome reason: SystemError: Timeout while waiting for status SUCCESSFUL or False (+1 other failures)
2022-07-18 17:04:45,913 INFO  
