2022-07-22 14:31:20,048 INFO  ==============================================================
2022-07-22 14:31:20,049 INFO  Id:    sm_tedge_mapper_init_session
2022-07-22 14:31:20,050 INFO  Dir:   tedge_mapper_c8y/
2022-07-22 14:31:20,051 INFO  Title: Validate tedge_mapper_sm_c8y init session feature
2022-07-22 14:31:20,052 INFO  ==============================================================
2022-07-22 14:31:20,059 INFO  EnvironmentC8y Setup
2022-07-22 14:31:20,671 INFO  Executed systemctl<serv_mapper1>, exit status 3
2022-07-22 14:31:34,875 INFO  Executed sudo<tedge_connect_c8y>, exit status 0, duration 14 secs
2022-07-22 14:31:35,499 INFO  Executed sudo<tedge_connect_c8y_test>, exit status 0
2022-07-22 14:31:36,012 INFO  Executed systemctl<serv_mosq2>, exit status 0
2022-07-22 14:31:36,476 INFO  Executed systemctl<serv_mapper3>, exit status 0
2022-07-22 14:31:37,047 INFO  Executed sudo<stop_tedge_mapper>, exit status 0
2022-07-22 14:31:37,561 INFO  Executed sudo<remove_lock>, exit status 0
2022-07-22 14:31:38,074 INFO  Executed sudo<mapper_drop>, exit status 0
2022-07-22 14:31:38,637 INFO  Executed sudo<mapper_init>, exit status 0
2022-07-22 14:31:39,150 INFO  Executed sudo<pub_req>, exit status 0
2022-07-22 14:31:39,159 INFO  Started sudo<sub_resp> with process id 17218
2022-07-22 14:31:39,776 INFO  Executed sudo<start_mapper>, exit status 0
2022-07-22 14:31:39,778 INFO  Waiting for 2.0 seconds
2022-07-22 14:31:42,293 INFO  Executed sudo<sub_stop>, exit status 0
2022-07-22 14:31:42,299 INFO  Grep on file sub_resp.out ... passed
2022-07-22 14:31:42,308 INFO  
2022-07-22 14:31:42,309 INFO  cleanup:
2022-07-22 14:31:46,231 INFO  Executed sudo<tedge_disconnect_c8y>, exit status 0
2022-07-22 14:31:46,806 INFO  Executed systemctl<serv_mapper5>, exit status 3
2022-07-22 14:31:46,912 INFO  Restarting mosquitto too frequently in the last 10 seconds. It was only up for 4 seconds
2022-07-22 14:31:46,913 INFO  Delaying execution by 7 seconds
2022-07-22 14:31:54,434 INFO  Executed sudo<tedge_disconnect_c8y>, exit status 0
2022-07-22 14:31:54,997 INFO  Executed systemctl<serv_mapper5>, exit status 3
2022-07-22 14:31:55,002 INFO  
2022-07-22 14:31:55,002 INFO  Test duration: 34.96 secs
2022-07-22 14:31:55,004 INFO  Test final outcome:  PASSED
2022-07-22 14:31:55,004 INFO  
