2022-04-24 11:58:44,048 INFO  ==============================================================
2022-04-24 11:58:44,049 INFO  Id:    log_request_error_messages
2022-04-24 11:58:44,051 INFO  Dir:   log_request_end_to_end/
2022-04-24 11:58:44,052 INFO  Title: Validate end to end behaviour for the log request operation check for error messages
2022-04-24 11:58:44,052 INFO  ==============================================================
2022-04-24 11:58:45,421 INFO  EnvironmentC8y Setup
2022-04-24 11:58:45,984 INFO  Executed systemctl<serv_mapper1>, exit status 3
2022-04-24 11:58:46,089 INFO  Restarting mosquitto too frequently in the last 10 seconds. It was only up for 2 seconds
2022-04-24 11:58:46,090 INFO  Delaying execution by 9 seconds
2022-04-24 11:59:08,792 INFO  Executed sudo<tedge_connect_c8y>, exit status 0, duration 13 secs
2022-04-24 11:59:09,364 INFO  Executed sudo<tedge_connect_c8y_test>, exit status 0
2022-04-24 11:59:09,866 INFO  Executed systemctl<serv_mosq2>, exit status 0
2022-04-24 11:59:10,329 INFO  Executed systemctl<serv_mapper3>, exit status 0
2022-04-24 11:59:10,874 INFO  Executed sudo<rm_logs>, exit status 0
2022-04-24 11:59:11,492 INFO  Executed sudo<move_logs>, exit status 0
2022-04-24 11:59:12,033 INFO  log response None
2022-04-24 11:59:12,035 WARN  retry, retrying in 1 seconds...
2022-04-24 11:59:13,240 INFO  log response https://thin-edge-io.eu-latest.cumulocity.com/event/events/17584794/binaries
2022-04-24 11:59:13,462 INFO  Assert that (True == value) with value=True ... passed
2022-04-24 11:59:13,469 INFO  
2022-04-24 11:59:13,470 INFO  cleanup:
2022-04-24 11:59:13,982 INFO  Executed sudo<rm_logs>, exit status 0
2022-04-24 11:59:14,495 INFO  Executed sudo<rm_tmp_logs>, exit status 0
2022-04-24 11:59:18,947 INFO  Executed sudo<tedge_disconnect_c8y>, exit status 0
2022-04-24 11:59:19,518 INFO  Executed systemctl<serv_mapper5>, exit status 3
2022-04-24 11:59:19,522 INFO  
2022-04-24 11:59:19,523 INFO  Test duration: 35.48 secs
2022-04-24 11:59:19,524 INFO  Test final outcome:  PASSED
2022-04-24 11:59:19,525 INFO  
