2022-06-09 07:56:28,172 INFO  ==============================================================
2022-06-09 07:56:28,173 INFO  Id:    SoftwareManagement.Plugin.apama_plugin_install
2022-06-09 07:56:28,176 INFO  Dir:   plugin_apama/
2022-06-09 07:56:28,177 INFO  Title: Validate apama plugin install
2022-06-09 07:56:28,178 INFO  ==============================================================
2022-06-09 07:56:28,227 INFO  Assertion that path exists=False for "/etc/tedge/apama/project" ... passed
2022-06-09 07:56:30,265 INFO  Executed sudo<plugin_install>, exit status 0
2022-06-09 07:56:30,983 INFO  Executed sudo<apama_correlator_wait>, exit status 0
2022-06-09 07:56:31,695 INFO  Executed sudo<plugin_list_after_install>, exit status 0
2022-06-09 07:56:31,697 INFO  Assertion that path exists=True for "/etc/tedge/apama/project" ... passed
2022-06-09 07:56:32,409 INFO  Executed sudo<apama_list_monitors>, exit status 0
2022-06-09 07:56:32,426 INFO  Grep on file /home/pi/actions-runner/_work/thin-edge.io/thin-edge.io/tests/PySys/plugin_apama/apama_plugin_install/Output/linux/apama_list_monitors.out ... passed
2022-06-09 07:56:32,432 INFO  Grep on file plugin_list_after_install.out ... passed
2022-06-09 07:56:32,436 INFO  Grep on file plugin_list_after_install.out ... passed
2022-06-09 07:56:32,443 INFO  
2022-06-09 07:56:32,444 INFO  cleanup:
2022-06-09 07:56:32,444 INFO  Removing apama project
2022-06-09 07:56:48,940 INFO  Executed sudo<stop_apama_service>, exit status 0, duration 16 secs
2022-06-09 07:56:49,508 INFO  Executed sudo<remove_apama_project>, exit status 0
2022-06-09 07:56:50,020 INFO  Executed sudo<remove_apama_tmp_dir>, exit status 0
2022-06-09 07:56:50,024 INFO  
2022-06-09 07:56:50,024 INFO  Test duration: 21.88 secs
2022-06-09 07:56:50,025 INFO  Test final outcome:  PASSED
2022-06-09 07:56:50,026 INFO  
