2022-05-23 17:03:17,907 INFO  ==============================================================
2022-05-23 17:03:17,908 INFO  Id:    apt_fail_noarg
2022-05-23 17:03:17,911 INFO  Dir:   plugin_apt/
2022-05-23 17:03:17,912 INFO  Title: Validate apt plugin fetures(prepare, list, install, remove finalize) without arguments
2022-05-23 17:03:17,913 INFO  ==============================================================
2022-05-23 17:03:19,391 INFO  Executed sudo<outp_install>, exit status 1
2022-05-23 17:03:19,396 INFO  Assert that (value==1) with value=1 ... passed
2022-05-23 17:03:19,908 INFO  Executed sudo<outp_install>, exit status 1
2022-05-23 17:03:19,910 INFO  Assert that (value==1) with value=1 ... passed
2022-05-23 17:03:20,423 INFO  Executed sudo<outp_install>, exit status 1
2022-05-23 17:03:20,425 INFO  Assert that (value==1) with value=1 ... passed
2022-05-23 17:03:20,937 INFO  Executed sudo<outp_install>, exit status 1
2022-05-23 17:03:20,939 INFO  Assert that (value==1) with value=1 ... passed
2022-05-23 17:03:21,452 INFO  Executed sudo<outp_install>, exit status 1
2022-05-23 17:03:21,454 INFO  Assert that (value==1) with value=1 ... passed
2022-05-23 17:03:21,966 INFO  Executed sudo<outp_install>, exit status 1
2022-05-23 17:03:21,968 INFO  Assert that (value==1) with value=1 ... passed
2022-05-23 17:03:22,479 INFO  Executed sudo<outp_install>, exit status 1
2022-05-23 17:03:22,482 INFO  Assert that (value==1) with value=1 ... passed
2022-05-23 17:03:22,993 INFO  Executed sudo<outp_install>, exit status 1
2022-05-23 17:03:22,995 INFO  Assert that (value==1) with value=1 ... passed
2022-05-23 17:03:23,506 INFO  Executed sudo<outp_install>, exit status 1
2022-05-23 17:03:23,509 INFO  Assert that (value==1) with value=1 ... passed
2022-05-23 17:03:24,024 INFO  Executed sudo<outp_install>, exit status 1
2022-05-23 17:03:24,026 INFO  Assert that (value==1) with value=1 ... passed
2022-05-23 17:03:24,034 INFO  
2022-05-23 17:03:24,035 INFO  Test duration: 6.13 secs
2022-05-23 17:03:24,036 INFO  Test final outcome:  PASSED
2022-05-23 17:03:24,037 INFO  
