2022-07-18 15:48:33,936 INFO  ==============================================================
2022-07-18 15:48:33,937 INFO  Id:    log_request_num_lines
2022-07-18 15:48:33,939 INFO  Dir:   log_request_end_to_end/
2022-07-18 15:48:33,940 INFO  Title: Validate end to end behaviour for the log request operation check for number of lines
2022-07-18 15:48:33,941 INFO  ==============================================================
2022-07-18 15:48:33,953 INFO  EnvironmentC8y Setup
2022-07-18 15:48:34,516 INFO  Executed systemctl<serv_mapper1>, exit status 3
2022-07-18 15:48:34,622 INFO  Restarting mosquitto too frequently in the last 10 seconds. It was only up for 5 seconds
2022-07-18 15:48:34,623 INFO  Delaying execution by 6 seconds
2022-07-18 15:48:55,067 INFO  Executed sudo<tedge_connect_c8y>, exit status 0, duration 14 secs
2022-07-18 15:48:55,682 INFO  Executed sudo<tedge_connect_c8y_test>, exit status 0
2022-07-18 15:48:56,149 INFO  Executed systemctl<serv_mosq2>, exit status 0
2022-07-18 15:48:56,612 INFO  Executed systemctl<serv_mapper3>, exit status 0
2022-07-18 15:48:57,176 INFO  Executed sudo<rm_logs>, exit status 0
2022-07-18 15:48:57,770 INFO  Executed sudo<move_logs>, exit status 0
2022-07-18 15:48:58,441 INFO  Executed sudo<log_file_daemon>, exit status 0
2022-07-18 15:48:59,184 WARN  TypeError occurred while running test - 'NoneType' object is not subscriptable
Traceback (most recent call last):
  File "/home/pi/env-pysys/lib/python3.7/site-packages/pysys/baserunner.py", line 1294, in __call__
    self.testObj.execute()
  File "/home/pi/actions-runner/_work/thin-edge.io/thin-edge.io/tests/PySys/log_request_end_to_end/log_request_num_lines/run.py", line 46, in execute
    log_file_request_payload, self.project.deviceid
  File "/home/pi/actions-runner/_work/thin-edge.io/thin-edge.io/tests/PySys/environments/cumulocity.py", line 101, in trigger_log_request
    "deviceId": self.device_fragment["id"],
TypeError: 'NoneType' object is not subscriptable
2022-07-18 15:48:59,203 WARN  TypeError: 'NoneType' object is not subscriptable ... blocked 
2022-07-18 15:48:59,204 INFO  
2022-07-18 15:48:59,205 INFO  cleanup:
2022-07-18 15:48:59,717 INFO  Executed sudo<rm_logs>, exit status 0
2022-07-18 15:49:00,229 INFO  Executed sudo<rm_tmp_logs>, exit status 0
2022-07-18 15:49:00,742 INFO  Executed sudo<send_failed>, exit status 0
2022-07-18 15:49:01,305 INFO  Executed sudo<log_file_daemon>, exit status 0
2022-07-18 15:49:05,310 INFO  Executed sudo<tedge_disconnect_c8y>, exit status 0
2022-07-18 15:49:05,887 INFO  Executed systemctl<serv_mapper5>, exit status 3
2022-07-18 15:49:05,891 INFO  
2022-07-18 15:49:05,892 INFO  Test duration: 31.96 secs
2022-07-18 15:49:05,893 INFO  Test final outcome:  BLOCKED
2022-07-18 15:49:05,894 INFO  Test outcome reason: TypeError: 'NoneType' object is not subscriptable
2022-07-18 15:49:05,895 INFO  
