2022-07-20 11:12:05,977 INFO  ==============================================================
2022-07-20 11:12:05,978 INFO  Id:    apt_sequence_remove
2022-07-20 11:12:05,979 INFO  Dir:   plugin_apt/
2022-07-20 11:12:05,980 INFO  Title: Validate apt plugin prepare install remove finalize use case
2022-07-20 11:12:05,981 INFO  ==============================================================
2022-07-20 11:12:44,566 INFO  Executed sudo, exit status 0, duration 38 secs
2022-07-20 11:12:49,867 INFO  Executed sudo<outp_check_0>, exit status 0
2022-07-20 11:12:49,869 INFO  Assert that (value==0) with value=0 ... passed
2022-07-20 11:12:49,874 INFO  Grep on file outp_check_0.out ... passed
2022-07-20 11:13:07,812 INFO  Executed sudo<outp_prepare>, exit status 0, duration 17 secs
2022-07-20 11:13:07,815 INFO  Assert that (value==0) with value=0 ... passed
2022-07-20 11:13:26,764 INFO  Executed sudo<outp_remove>, exit status 0, duration 18 secs
2022-07-20 11:13:26,768 INFO  Assert that (value==0) with value=0 ... passed
2022-07-20 11:13:34,148 INFO  Executed sudo<outp_finalize>, exit status 0
2022-07-20 11:13:34,150 INFO  Assert that (value==0) with value=0 ... passed
2022-07-20 11:13:36,773 INFO  Executed sudo<outp_check_1>, exit status 0
2022-07-20 11:13:36,775 INFO  Assert that (value==0) with value=0 ... passed
2022-07-20 11:13:36,780 INFO  Grep on file outp_check_1.out ... passed
2022-07-20 11:13:36,787 INFO  
2022-07-20 11:13:36,788 INFO  cleanup:
2022-07-20 11:13:41,376 INFO  Executed sudo, exit status 0
2022-07-20 11:13:41,380 INFO  
2022-07-20 11:13:41,381 INFO  Test duration: 95.41 secs
2022-07-20 11:13:41,382 INFO  Test final outcome:  PASSED
2022-07-20 11:13:41,383 INFO  
