2022-05-23 11:34:24,295 INFO  ==============================================================
2022-05-23 11:34:24,296 INFO  Id:    apt_sequence_install_with_version
2022-05-23 11:34:24,297 INFO  Dir:   plugin_apt/
2022-05-23 11:34:24,298 INFO  Title: Validate apt plugin install with version use case
2022-05-23 11:34:24,299 INFO  ==============================================================
2022-05-23 11:34:29,278 INFO  Executed sudo, exit status 0
2022-05-23 11:34:31,853 INFO  Executed sudo<outp_check_0>, exit status 0
2022-05-23 11:34:31,855 INFO  Assert that (value==0) with value=0 ... passed
2022-05-23 11:34:31,861 INFO  Grep on file outp_check_0.out ... passed
2022-05-23 11:34:49,797 INFO  Executed sudo<outp_prepare>, exit status 0, duration 17 secs
2022-05-23 11:34:49,800 INFO  Assert that (value==0) with value=0 ... passed
2022-05-23 11:35:33,588 INFO  Executed sudo<outp_install>, exit status 0, duration 43 secs
2022-05-23 11:35:33,591 INFO  Assert that (value==0) with value=0 ... passed
2022-05-23 11:35:40,917 INFO  Executed sudo<outp_finalize>, exit status 0
2022-05-23 11:35:40,919 INFO  Assert that (value==0) with value=0 ... passed
2022-05-23 11:35:43,494 INFO  Executed sudo<outp_check_1>, exit status 0
2022-05-23 11:35:43,496 INFO  Assert that (value==0) with value=0 ... passed
2022-05-23 11:35:43,502 INFO  Grep on file outp_check_1.out ... passed
2022-05-23 11:35:43,509 INFO  Grep on file outp_check_1.out ... passed
2022-05-23 11:35:43,515 INFO  
2022-05-23 11:35:43,516 INFO  cleanup:
2022-05-23 11:35:56,944 INFO  Executed sudo, exit status 0, duration 13 secs
2022-05-23 11:35:56,948 INFO  
2022-05-23 11:35:56,948 INFO  Test duration: 92.66 secs
2022-05-23 11:35:56,950 INFO  Test final outcome:  PASSED
2022-05-23 11:35:56,951 INFO  
