2022-07-22 17:07:18,038 INFO  ==============================================================
2022-07-22 17:07:18,039 INFO  Id:    SoftwareManagement.sm_fake_install_remove
2022-07-22 17:07:18,041 INFO  Dir:   software_management_end_to_end/
2022-07-22 17:07:18,042 INFO  Title: Validate end to end behaviour for the dummy plugin for installation and removal of packages
2022-07-22 17:07:18,042 INFO  ==============================================================
2022-07-22 17:07:18,061 INFO  Using sw id database: {'asciijump': '5475369', 'robotfindskitten': '5474869', 'squirrel3': '5475279', 'rolldice': '5152439', 'moon-buggy': '5439204', 'apple': '5495053', 'banana': '5494888', 'cherry': '5495382', 'watermelon': '5494510', 'registry': '8018911', 'hello-world': '8021526', 'docker/getting-started': '8021973', 'alpine': '7991792'}
2022-07-22 17:07:18,062 INFO  EnvironmentC8y Setup
2022-07-22 17:07:18,674 INFO  Executed systemctl<serv_mapper1>, exit status 3
2022-07-22 17:07:18,783 INFO  Restarting mosquitto too frequently in the last 10 seconds. It was only up for 5 seconds
2022-07-22 17:07:18,784 INFO  Delaying execution by 6 seconds
2022-07-22 17:07:39,442 INFO  Executed sudo<tedge_connect_c8y>, exit status 0, duration 14 secs
2022-07-22 17:07:40,060 INFO  Executed sudo<tedge_connect_c8y_test>, exit status 0
2022-07-22 17:07:40,590 INFO  Executed systemctl<serv_mosq2>, exit status 0
2022-07-22 17:07:41,107 INFO  Executed systemctl<serv_mapper3>, exit status 0
2022-07-22 17:07:43,357 INFO  State of current operation: SUCCESSFUL
2022-07-22 17:07:43,598 INFO  Assert that (False == value) with value=False ... passed
2022-07-22 17:07:43,833 INFO  Response status: 201
2022-07-22 17:07:43,835 INFO  Response to action: {
    "creationTime": "2022-07-22T17:07:43.785Z",
    "deviceId": "21282123",
    "deviceName": "m32sd10a",
    "self": "https://t493319102.eu-latest.cumulocity.com/devicecontrol/operations/21301680",
    "id": "21301680",
    "status": "PENDING",
    "description": "Apply software changes, triggered from PySys: [{'name': 'watermelon', 'id': '5494510', 'version': '::fruits', 'url': '', 'action': 'install'}]",
    "c8y_SoftwareUpdate": [
        {
            "name": "watermelon",
            "action": "install",
            "id": "5494510",
            "version": "::fruits",
            "url": ""
        }
    ]
}
2022-07-22 17:07:43,836 INFO  Started operation: {'creationTime': '2022-07-22T17:07:43.785Z', 'deviceId': '21282123', 'deviceName': 'm32sd10a', 'self': 'https://t493319102.eu-latest.cumulocity.com/devicecontrol/operations/21301680', 'id': '21301680', 'status': 'PENDING', 'description': "Apply software changes, triggered from PySys: [{'name': 'watermelon', 'id': '5494510', 'version': '::fruits', 'url': '', 'action': 'install'}]", 'c8y_SoftwareUpdate': [{'name': 'watermelon', 'action': 'install', 'id': '5494510', 'version': '::fruits', 'url': ''}]}
2022-07-22 17:07:46,056 INFO  State of operation 21301680 : PENDING
2022-07-22 17:07:48,293 INFO  State of operation 21301680 : EXECUTING
2022-07-22 17:07:50,516 INFO  State of operation 21301680 : SUCCESSFUL
2022-07-22 17:07:50,957 INFO  Package vanilla is installed
2022-07-22 17:07:50,959 INFO  Assert that (True == value) with value=True ... passed
2022-07-22 17:07:51,185 INFO  Response status: 201
2022-07-22 17:07:51,186 INFO  Response to action: {
    "creationTime": "2022-07-22T17:07:51.139Z",
    "deviceId": "21282123",
    "deviceName": "m32sd10a",
    "self": "https://t493319102.eu-latest.cumulocity.com/devicecontrol/operations/21301682",
    "id": "21301682",
    "status": "PENDING",
    "description": "Apply software changes, triggered from PySys: [{'name': 'watermelon', 'id': '5494510', 'version': '::fruits', 'url': '', 'action': 'delete'}]",
    "c8y_SoftwareUpdate": [
        {
            "name": "watermelon",
            "action": "delete",
            "id": "5494510",
            "version": "::fruits",
            "url": ""
        }
    ]
}
2022-07-22 17:07:51,187 INFO  Started operation: {'creationTime': '2022-07-22T17:07:51.139Z', 'deviceId': '21282123', 'deviceName': 'm32sd10a', 'self': 'https://t493319102.eu-latest.cumulocity.com/devicecontrol/operations/21301682', 'id': '21301682', 'status': 'PENDING', 'description': "Apply software changes, triggered from PySys: [{'name': 'watermelon', 'id': '5494510', 'version': '::fruits', 'url': '', 'action': 'delete'}]", 'c8y_SoftwareUpdate': [{'name': 'watermelon', 'action': 'delete', 'id': '5494510', 'version': '::fruits', 'url': ''}]}
2022-07-22 17:07:53,408 INFO  State of operation 21301682 : PENDING
2022-07-22 17:07:55,638 INFO  State of operation 21301682 : EXECUTING
2022-07-22 17:07:57,879 INFO  State of operation 21301682 : SUCCESSFUL
2022-07-22 17:07:58,129 INFO  Assert that (False == value) with value=False ... passed
2022-07-22 17:07:58,135 INFO  
2022-07-22 17:07:58,136 INFO  cleanup:
2022-07-22 17:08:02,010 INFO  Executed sudo<tedge_disconnect_c8y>, exit status 0
2022-07-22 17:08:02,573 INFO  Executed systemctl<serv_mapper5>, exit status 3
2022-07-22 17:08:02,577 INFO  
2022-07-22 17:08:02,578 INFO  Test duration: 44.55 secs
2022-07-22 17:08:02,579 INFO  Test final outcome:  PASSED
2022-07-22 17:08:02,580 INFO  
