2022-07-21 12:53:05,945 INFO  ==============================================================
2022-07-21 12:53:05,946 INFO  Id:    SoftwareManagement.sm_apt_install_fail
2022-07-21 12:53:05,947 INFO  Dir:   software_management_end_to_end/
2022-07-21 12:53:05,948 INFO  Title: Validate end to end behaviour for a failing installation
2022-07-21 12:53:05,948 INFO  ==============================================================
2022-07-21 12:53:05,954 INFO  Using sw id database: {'asciijump': '5475369', 'robotfindskitten': '5474869', 'squirrel3': '5475279', 'rolldice': '5152439', 'moon-buggy': '5439204', 'apple': '5495053', 'banana': '5494888', 'cherry': '5495382', 'watermelon': '5494510', 'registry': '8018911', 'hello-world': '8021526', 'docker/getting-started': '8021973', 'alpine': '7991792'}
2022-07-21 12:53:05,955 INFO  EnvironmentC8y Setup
2022-07-21 12:53:06,536 INFO  Executed systemctl<serv_mapper1>, exit status 3
2022-07-21 12:53:06,665 INFO  Restarting mosquitto too frequently in the last 10 seconds. It was only up for 5 seconds
2022-07-21 12:53:06,667 INFO  Delaying execution by 6 seconds
2022-07-21 12:53:26,438 INFO  Executed sudo<tedge_connect_c8y>, exit status 0, duration 13 secs
2022-07-21 12:53:27,056 INFO  Executed sudo<tedge_connect_c8y_test>, exit status 0
2022-07-21 12:53:27,569 INFO  Executed systemctl<serv_mosq2>, exit status 0
2022-07-21 12:53:28,082 INFO  Executed systemctl<serv_mapper3>, exit status 0
2022-07-21 12:53:30,312 INFO  State of current operation: FAILED
2022-07-21 12:53:30,553 INFO  Response status: 201
2022-07-21 12:53:30,554 INFO  Response to action: {
    "creationTime": "2022-07-21T12:53:30.508Z",
    "deviceId": "21119832",
    "deviceName": "m32sd10a",
    "self": "https://t493319102.eu-latest.cumulocity.com/devicecontrol/operations/21132009",
    "id": "21132009",
    "status": "PENDING",
    "description": "Apply software changes, triggered from PySys: [{'name': 'does_not_exist', 'id': '5446165', 'version': '::apt', 'url': '', 'action': 'install'}]",
    "c8y_SoftwareUpdate": [
        {
            "name": "does_not_exist",
            "action": "install",
            "id": "5446165",
            "version": "::apt",
            "url": ""
        }
    ]
}
2022-07-21 12:53:30,555 INFO  Started operation: {'creationTime': '2022-07-21T12:53:30.508Z', 'deviceId': '21119832', 'deviceName': 'm32sd10a', 'self': 'https://t493319102.eu-latest.cumulocity.com/devicecontrol/operations/21132009', 'id': '21132009', 'status': 'PENDING', 'description': "Apply software changes, triggered from PySys: [{'name': 'does_not_exist', 'id': '5446165', 'version': '::apt', 'url': '', 'action': 'install'}]", 'c8y_SoftwareUpdate': [{'name': 'does_not_exist', 'action': 'install', 'id': '5446165', 'version': '::apt', 'url': ''}]}
2022-07-21 12:53:32,772 INFO  State of operation 21132009 : PENDING
2022-07-21 12:53:35,004 INFO  State of operation 21132009 : EXECUTING
2022-07-21 12:53:37,240 INFO  State of operation 21132009 : EXECUTING
2022-07-21 12:53:39,582 INFO  State of operation 21132009 : EXECUTING
2022-07-21 12:53:41,869 INFO  State of operation 21132009 : EXECUTING
2022-07-21 12:53:44,260 INFO  State of operation 21132009 : EXECUTING
2022-07-21 12:53:46,558 INFO  State of operation 21132009 : EXECUTING
2022-07-21 12:53:50,318 INFO  State of operation 21132009 : EXECUTING
2022-07-21 12:53:52,981 INFO  State of operation 21132009 : EXECUTING
2022-07-21 12:53:55,642 INFO  State of operation 21132009 : EXECUTING
2022-07-21 12:53:57,854 INFO  State of operation 21132009 : EXECUTING
2022-07-21 12:54:00,082 INFO  State of operation 21132009 : EXECUTING
2022-07-21 12:54:02,316 INFO  State of operation 21132009 : EXECUTING
2022-07-21 12:54:04,542 INFO  State of operation 21132009 : EXECUTING
2022-07-21 12:54:06,767 INFO  State of operation 21132009 : EXECUTING
2022-07-21 12:54:08,978 INFO  State of operation 21132009 : FAILED
2022-07-21 12:54:09,232 INFO  Assert that (False == value) with value=False ... passed
2022-07-21 12:54:09,245 INFO  
2022-07-21 12:54:09,246 INFO  cleanup:
2022-07-21 12:54:13,477 INFO  Executed sudo<tedge_disconnect_c8y>, exit status 0
2022-07-21 12:54:14,142 INFO  Executed systemctl<serv_mapper5>, exit status 3
2022-07-21 12:54:14,146 INFO  
2022-07-21 12:54:14,147 INFO  Test duration: 68.21 secs
2022-07-21 12:54:14,149 INFO  Test final outcome:  PASSED
2022-07-21 12:54:14,149 INFO  
