2022-05-23 17:49:53,535 INFO  ==============================================================
2022-05-23 17:49:53,536 INFO  Id:    SoftwareManagement.sm_apt_install_download_path
2022-05-23 17:49:53,537 INFO  Dir:   software_management_end_to_end/
2022-05-23 17:49:53,538 INFO  Title: Install package to directory specified in tedge config set tmp.path
2022-05-23 17:49:53,539 INFO  ==============================================================
2022-05-23 17:49:54,778 INFO  Using sw id database: {'asciijump': '5475369', 'robotfindskitten': '5474869', 'squirrel3': '5475279', 'rolldice': '5152439', 'moon-buggy': '5439204', 'apple': '5495053', 'banana': '5494888', 'cherry': '5495382', 'watermelon': '5494510', 'registry': '8018911', 'hello-world': '8021526', 'docker/getting-started': '8021973', 'alpine': '7991792'}
2022-05-23 17:49:54,780 INFO  EnvironmentC8y Setup
2022-05-23 17:49:55,341 INFO  Executed systemctl<serv_mapper1>, exit status 3
2022-05-23 17:50:09,516 INFO  Executed sudo<tedge_connect_c8y>, exit status 0, duration 14 secs
2022-05-23 17:50:10,240 INFO  Executed sudo<tedge_connect_c8y_test>, exit status 0
2022-05-23 17:50:10,753 INFO  Executed systemctl<serv_mosq2>, exit status 0
2022-05-23 17:50:11,220 INFO  Executed systemctl<serv_mapper3>, exit status 0
2022-05-23 17:50:13,474 INFO  State of current operation: PENDING
2022-05-23 17:50:15,706 INFO  State of current operation: PENDING
2022-05-23 17:50:17,934 INFO  State of current operation: PENDING
2022-05-23 17:50:20,207 INFO  State of current operation: PENDING
2022-05-23 17:50:22,435 INFO  State of current operation: PENDING
2022-05-23 17:50:24,660 INFO  State of current operation: PENDING
2022-05-23 17:50:26,885 INFO  State of current operation: PENDING
2022-05-23 17:50:29,108 INFO  State of current operation: PENDING
2022-05-23 17:50:31,336 INFO  State of current operation: PENDING
2022-05-23 17:50:33,563 INFO  State of current operation: PENDING
2022-05-23 17:50:35,788 INFO  State of current operation: PENDING
2022-05-23 17:50:38,028 INFO  State of current operation: PENDING
2022-05-23 17:50:40,253 INFO  State of current operation: PENDING
2022-05-23 17:50:42,478 INFO  State of current operation: PENDING
2022-05-23 17:50:44,725 INFO  State of current operation: PENDING
2022-05-23 17:50:46,951 INFO  State of current operation: PENDING
2022-05-23 17:50:49,167 INFO  State of current operation: PENDING
2022-05-23 17:50:51,410 INFO  State of current operation: PENDING
2022-05-23 17:50:53,635 INFO  State of current operation: PENDING
2022-05-23 17:50:55,878 INFO  State of current operation: PENDING
2022-05-23 17:50:58,107 INFO  State of current operation: PENDING
2022-05-23 17:51:00,332 INFO  State of current operation: PENDING
2022-05-23 17:51:02,562 INFO  State of current operation: PENDING
2022-05-23 17:51:04,790 INFO  State of current operation: PENDING
2022-05-23 17:51:07,012 INFO  State of current operation: PENDING
2022-05-23 17:51:09,239 INFO  State of current operation: PENDING
2022-05-23 17:51:11,491 INFO  State of current operation: PENDING
2022-05-23 17:51:13,724 INFO  State of current operation: PENDING
2022-05-23 17:51:15,948 INFO  State of current operation: PENDING
2022-05-23 17:51:18,173 INFO  State of current operation: PENDING
2022-05-23 17:51:20,394 INFO  State of current operation: PENDING
2022-05-23 17:51:22,627 INFO  State of current operation: PENDING
2022-05-23 17:51:24,851 INFO  State of current operation: PENDING
2022-05-23 17:51:27,184 INFO  State of current operation: PENDING
2022-05-23 17:51:29,687 INFO  State of current operation: PENDING
2022-05-23 17:51:31,912 INFO  State of current operation: PENDING
2022-05-23 17:51:34,140 INFO  State of current operation: PENDING
2022-05-23 17:51:36,384 INFO  State of current operation: PENDING
2022-05-23 17:51:38,612 INFO  State of current operation: PENDING
2022-05-23 17:51:40,837 INFO  State of current operation: PENDING
2022-05-23 17:51:43,063 INFO  State of current operation: PENDING
2022-05-23 17:51:45,284 INFO  State of current operation: PENDING
2022-05-23 17:51:47,507 INFO  State of current operation: PENDING
2022-05-23 17:51:49,730 INFO  State of current operation: PENDING
2022-05-23 17:51:51,953 INFO  State of current operation: PENDING
2022-05-23 17:51:54,179 INFO  State of current operation: PENDING
2022-05-23 17:51:56,407 INFO  State of current operation: PENDING
2022-05-23 17:51:58,634 INFO  State of current operation: PENDING
2022-05-23 17:52:00,855 INFO  State of current operation: PENDING
2022-05-23 17:52:03,291 INFO  State of current operation: PENDING
2022-05-23 17:52:05,512 INFO  State of current operation: PENDING
2022-05-23 17:52:07,736 INFO  State of current operation: PENDING
2022-05-23 17:52:09,959 INFO  State of current operation: PENDING
2022-05-23 17:52:12,187 INFO  State of current operation: PENDING
2022-05-23 17:52:14,411 INFO  State of current operation: PENDING
2022-05-23 17:52:16,634 INFO  State of current operation: PENDING
2022-05-23 17:52:18,852 INFO  State of current operation: PENDING
2022-05-23 17:52:21,077 INFO  State of current operation: PENDING
2022-05-23 17:52:23,319 INFO  State of current operation: PENDING
2022-05-23 17:52:25,547 INFO  State of current operation: PENDING
2022-05-23 17:52:27,764 INFO  State of current operation: PENDING
2022-05-23 17:52:29,775 WARN  SystemError occurred while running test - Timeout while waiting for status FAILED or SUCCESSFUL
Traceback (most recent call last):
  File "/home/pi/env-pysys/lib/python3.7/site-packages/pysys/baserunner.py", line 1292, in __call__
    self.testObj.setup()
  File "/home/pi/actions-runner/_work/thin-edge.io/thin-edge.io/tests/PySys/software_management_end_to_end/sm_apt_install_download_path/run.py", line 48, in setup
    super().setup()
  File "/home/pi/actions-runner/_work/thin-edge.io/thin-edge.io/tests/PySys/software_management_end_to_end/environment_sm_management.py", line 151, in setup
    self.wait_until_end()
  File "/home/pi/actions-runner/_work/thin-edge.io/thin-edge.io/tests/PySys/software_management_end_to_end/environment_sm_management.py", line 332, in wait_until_end
    self.wait_until_status("FAILED", "SUCCESSFUL")
  File "/home/pi/actions-runner/_work/thin-edge.io/thin-edge.io/tests/PySys/software_management_end_to_end/environment_sm_management.py", line 381, in wait_until_status
    "Timeout while waiting for status %s or %s" % (status, status2)
SystemError: Timeout while waiting for status FAILED or SUCCESSFUL
2022-05-23 17:52:29,806 WARN  SystemError: Timeout while waiting for status FAILED or SUCCESSFUL ... blocked 
2022-05-23 17:52:29,807 INFO  
2022-05-23 17:52:29,808 INFO  cleanup:
2022-05-23 17:52:30,321 INFO  Executed sudo, exit status 0
2022-05-23 17:52:30,833 INFO  Executed sudo, exit status 0
2022-05-23 17:52:34,837 INFO  Executed sudo<tedge_disconnect_c8y>, exit status 0
2022-05-23 17:52:34,942 INFO  Restarting mosquitto too frequently in the last 10 seconds. It was only up for 3 seconds
2022-05-23 17:52:34,943 INFO  Delaying execution by 8 seconds
2022-05-23 17:52:56,962 INFO  Executed sudo<tedge_connect_c8y>, exit status 0, duration 14 secs
2022-05-23 17:53:01,022 INFO  Executed sudo<tedge_disconnect_c8y>, exit status 0
2022-05-23 17:53:01,585 INFO  Executed systemctl<serv_mapper5>, exit status 3
2022-05-23 17:53:01,589 INFO  
2022-05-23 17:53:01,590 INFO  Test duration: 188.07 secs
2022-05-23 17:53:01,591 INFO  Test final outcome:  BLOCKED
2022-05-23 17:53:01,592 INFO  Test outcome reason: SystemError: Timeout while waiting for status FAILED or SUCCESSFUL
2022-05-23 17:53:01,593 INFO  
