2022-07-15 07:39:39,502 INFO  ==============================================================
2022-07-15 07:39:39,503 INFO  Id:    monitoring_smaller_interval
2022-07-15 07:39:39,504 INFO  Dir:   monitoring/
2022-07-15 07:39:39,505 INFO  Title: Validate the tedge dm agent messages that are produced with smaller sampling interval than the batching window. Here the simulated collectd messages are used
2022-07-15 07:39:39,506 INFO  ==============================================================
2022-07-15 07:39:40,321 INFO  Executed sudo<collectd>, exit status 0
2022-07-15 07:39:40,935 INFO  Executed sudo<collectd_mapper>, exit status 0
2022-07-15 07:39:40,945 INFO  Started sudo<tedge_sub> with process id 2394
2022-07-15 07:39:41,573 INFO  Executed sudo<tedge_temp>, exit status 0
2022-07-15 07:39:42,088 INFO  Executed sudo<tedge_pres>, exit status 0
2022-07-15 07:39:42,703 INFO  Executed sudo<tedge_temp>, exit status 0
2022-07-15 07:39:43,216 INFO  Executed sudo<tedge_pres>, exit status 0
2022-07-15 07:39:43,828 INFO  Executed sudo<tedge_temp>, exit status 0
2022-07-15 07:39:44,341 INFO  Executed sudo<tedge_pres>, exit status 0
2022-07-15 07:39:44,960 INFO  Executed sudo<tedge_temp>, exit status 0
2022-07-15 07:39:45,472 INFO  Executed sudo<tedge_pres>, exit status 0
2022-07-15 07:39:46,093 INFO  Executed sudo<tedge_temp>, exit status 0
2022-07-15 07:39:46,606 INFO  Executed sudo<tedge_pres>, exit status 0
2022-07-15 07:39:47,219 INFO  Executed sudo<tedge_temp>, exit status 0
2022-07-15 07:39:47,731 INFO  Executed sudo<tedge_pres>, exit status 0
2022-07-15 07:39:48,344 INFO  Executed sudo<tedge_temp>, exit status 0
2022-07-15 07:39:48,857 INFO  Executed sudo<tedge_pres>, exit status 0
2022-07-15 07:39:49,470 INFO  Executed sudo<tedge_temp>, exit status 0
2022-07-15 07:39:49,982 INFO  Executed sudo<tedge_pres>, exit status 0
2022-07-15 07:39:50,599 INFO  Executed sudo<tedge_temp>, exit status 0
2022-07-15 07:39:51,112 INFO  Executed sudo<tedge_pres>, exit status 0
2022-07-15 07:39:51,725 INFO  Executed sudo<tedge_temp>, exit status 0
2022-07-15 07:39:52,239 INFO  Executed sudo<tedge_pres>, exit status 0
2022-07-15 07:39:53,853 INFO  Executed sudo<kill_out>, exit status 0
2022-07-15 07:39:53,857 INFO  0

2022-07-15 07:39:53,858 WARN  TypeError occurred while running test - 'int' object is not subscriptable
Traceback (most recent call last):
  File "/home/pi/env-pysys/lib/python3.7/site-packages/pysys/baserunner.py", line 1296, in __call__
    self.testObj.validate()
  File "/home/pi/actions-runner/_work/thin-edge.io/thin-edge.io/tests/PySys/monitoring/monitoring_smaller_interval/run.py", line 104, in validate
    collectd_msg_validation_result=self.validate_json(),
  File "/home/pi/actions-runner/_work/thin-edge.io/thin-edge.io/tests/PySys/monitoring/monitoring_smaller_interval/run.py", line 114, in validate_json
    if not self.validate_time():
  File "/home/pi/actions-runner/_work/thin-edge.io/thin-edge.io/tests/PySys/monitoring/monitoring_smaller_interval/run.py", line 134, in validate_time
    if self.js_msg["time"]:
TypeError: 'int' object is not subscriptable
2022-07-15 07:39:53,875 WARN  TypeError: 'int' object is not subscriptable ... blocked 
2022-07-15 07:39:53,877 INFO  
2022-07-15 07:39:53,877 INFO  cleanup:
2022-07-15 07:39:53,878 INFO  monitoring_cleanup
2022-07-15 07:39:54,441 INFO  Executed sudo<collectd_mapper>, exit status 0
2022-07-15 07:39:54,446 INFO  
2022-07-15 07:39:54,447 INFO  Test duration: 14.95 secs
2022-07-15 07:39:54,448 INFO  Test final outcome:  BLOCKED
2022-07-15 07:39:54,449 INFO  Test outcome reason: TypeError: 'int' object is not subscriptable
2022-07-15 07:39:54,450 INFO  
