2022-06-09 16:55:29,150 INFO  ==============================================================
2022-06-09 16:55:29,151 INFO  Id:    apt_prepare_install_finalize
2022-06-09 16:55:29,152 INFO  Dir:   plugin_apt/
2022-06-09 16:55:29,153 INFO  Title: Validate apt plugin install use case
2022-06-09 16:55:29,154 INFO  ==============================================================
2022-06-09 16:55:36,522 INFO  Executed sudo, exit status 0
2022-06-09 16:55:39,135 INFO  Executed sudo<outp_check_0>, exit status 0
2022-06-09 16:55:39,137 INFO  Assert that (value==0) with value=0 ... passed
2022-06-09 16:55:39,142 INFO  Grep on file outp_check_0.out ... passed
2022-06-09 16:55:57,037 INFO  Executed sudo<outp_prepare>, exit status 0, duration 17 secs
2022-06-09 16:55:57,041 INFO  Assert that (value==0) with value=0 ... passed
2022-06-09 16:56:41,396 INFO  Executed sudo<outp_install>, exit status 0, duration 44 secs
2022-06-09 16:56:41,400 INFO  Assert that (value==0) with value=0 ... passed
2022-06-09 16:56:48,848 INFO  Executed sudo<outp_finalize>, exit status 0
2022-06-09 16:56:48,850 INFO  Assert that (value==0) with value=0 ... passed
2022-06-09 16:56:51,422 INFO  Executed sudo<outp_check_1>, exit status 0
2022-06-09 16:56:51,425 INFO  Assert that (value==0) with value=0 ... passed
2022-06-09 16:56:51,430 INFO  Grep on file outp_check_1.out ... passed
2022-06-09 16:56:51,436 INFO  
2022-06-09 16:56:51,437 INFO  cleanup:
2022-06-09 16:57:04,801 INFO  Executed sudo, exit status 0, duration 13 secs
2022-06-09 16:57:04,805 INFO  
2022-06-09 16:57:04,806 INFO  Test duration: 95.66 secs
2022-06-09 16:57:04,807 INFO  Test final outcome:  PASSED
2022-06-09 16:57:04,808 INFO  
