2022-05-03 14:25:50,552 INFO  ==============================================================
2022-05-03 14:25:50,553 INFO  Id:    apt_finalize
2022-05-03 14:25:50,554 INFO  Dir:   plugin_apt/
2022-05-03 14:25:50,555 INFO  Title: Validate apt plugin finalize - dense version
2022-05-03 14:25:50,556 INFO  ==============================================================
2022-05-03 14:26:33,559 INFO  Executed sudo<outp_remove>, exit status 0, duration 42 secs
2022-05-03 14:26:33,562 INFO  Assert that (value==0) with value=0 ... passed
2022-05-03 14:26:49,548 INFO  Executed sudo<outp_remove>, exit status 0, duration 15 secs
2022-05-03 14:26:49,551 INFO  Assert that (value==0) with value=0 ... passed
2022-05-03 14:26:54,859 INFO  Executed sudo<outp_check_0>, exit status 0
2022-05-03 14:26:54,861 INFO  Assert that (value==0) with value=0 ... passed
2022-05-03 14:26:54,873 INFO  Grep on file outp_check_0.out ... passed
2022-05-03 14:26:55,384 INFO  Executed dpkg-query<outp_check_0>, exit status 1
2022-05-03 14:27:36,543 INFO  Executed sudo<outp_install>, exit status 0, duration 41 secs
2022-05-03 14:27:36,546 INFO  Assert that (value==0) with value=0 ... passed
2022-05-03 14:27:41,814 INFO  Executed sudo<outp_check_1>, exit status 0
2022-05-03 14:27:41,817 INFO  Assert that (value==0) with value=0 ... passed
2022-05-03 14:27:41,822 INFO  Grep on file outp_check_1.out ... passed
2022-05-03 14:27:42,283 INFO  Executed dpkg-query<outp_check_1>, exit status 0
2022-05-03 14:27:57,395 INFO  Executed sudo<outp_remove>, exit status 0, duration 15 secs
2022-05-03 14:27:57,397 INFO  Assert that (value==0) with value=0 ... passed
2022-05-03 14:28:02,672 INFO  Executed sudo<outp_check_2>, exit status 0
2022-05-03 14:28:02,674 INFO  Assert that (value==0) with value=0 ... passed
2022-05-03 14:28:02,680 INFO  Grep on file outp_check_2.out ... passed
2022-05-03 14:28:03,142 INFO  Executed dpkg-query<outp_check_2>, exit status 0
2022-05-03 14:28:16,093 INFO  Executed sudo<outp_finalize>, exit status 0, duration 12 secs
2022-05-03 14:28:16,095 INFO  Assert that (value==0) with value=0 ... passed
2022-05-03 14:28:21,381 INFO  Executed sudo<outp_check_3>, exit status 0
2022-05-03 14:28:21,383 INFO  Assert that (value==0) with value=0 ... passed
2022-05-03 14:28:21,389 INFO  Grep on file outp_check_3.out ... passed
2022-05-03 14:28:21,850 INFO  Executed dpkg-query<outp_check_3>, exit status 1
2022-05-03 14:28:21,857 INFO  
2022-05-03 14:28:21,858 INFO  cleanup:
2022-05-03 14:28:21,862 INFO  
2022-05-03 14:28:21,863 INFO  Test duration: 151.31 secs
2022-05-03 14:28:21,864 INFO  Test final outcome:  PASSED
2022-05-03 14:28:21,865 INFO  
