2022-05-20 11:33:37,051 INFO  ==============================================================
2022-05-20 11:33:37,052 INFO  Id:    apt_install_local_file
2022-05-20 11:33:37,053 INFO  Dir:   plugin_apt/
2022-05-20 11:33:37,054 INFO  Title: Validate apt plugin install from local file - SUCCESS case
2022-05-20 11:33:37,055 INFO  ==============================================================
2022-05-20 11:33:39,097 INFO  URL of rolldice is b"'http://mirror.mythic-beasts.com/raspbian/pool/main/r/rolldice/rolldice_1.16-1+b1_armhf.deb'"
2022-05-20 11:33:41,180 INFO  Downloaded rolldcice in version 1.16-1+b1
2022-05-20 11:33:41,182 INFO  Filename is rolldice_1.16-1+b1_armhf.deb
2022-05-20 11:33:45,816 INFO  Executed sudo, exit status 0
2022-05-20 11:33:48,394 INFO  Executed sudo<outp_check_0>, exit status 0
2022-05-20 11:33:48,396 INFO  Assert that (value==0) with value=0 ... passed
2022-05-20 11:33:48,402 INFO  Grep on file outp_check_0.out ... passed
2022-05-20 11:34:27,915 INFO  Executed sudo<outp_install>, exit status 0, duration 39 secs
2022-05-20 11:34:27,918 INFO  Assert that (value==0) with value=0 ... passed
2022-05-20 11:34:33,216 INFO  Executed sudo<outp_check_1>, exit status 0
2022-05-20 11:34:33,218 INFO  Assert that (value==0) with value=0 ... passed
2022-05-20 11:34:33,223 INFO  Grep on file outp_check_1.out ... passed
2022-05-20 11:34:33,228 INFO  
2022-05-20 11:34:33,229 INFO  cleanup:
2022-05-20 11:34:33,234 INFO  
2022-05-20 11:34:33,235 INFO  Test duration: 56.19 secs
2022-05-20 11:34:33,236 INFO  Test final outcome:  PASSED
2022-05-20 11:34:33,237 INFO  
