2022-05-23 18:10:07,390 INFO  ==============================================================
2022-05-23 18:10:07,391 INFO  Id:    SoftwareManagement.sm_docker_install_remove_multiple
2022-05-23 18:10:07,393 INFO  Dir:   software_management_end_to_end/
2022-05-23 18:10:07,394 INFO  Title: Validate end to end behaviour for the docker plugin for multiple docker images with mixed versions
2022-05-23 18:10:07,394 INFO  ==============================================================
2022-05-23 18:10:07,404 INFO  Using sw id database: {'asciijump': '5475369', 'robotfindskitten': '5474869', 'squirrel3': '5475279', 'rolldice': '5152439', 'moon-buggy': '5439204', 'apple': '5495053', 'banana': '5494888', 'cherry': '5495382', 'watermelon': '5494510', 'registry': '8018911', 'hello-world': '8021526', 'docker/getting-started': '8021973', 'alpine': '7991792'}
2022-05-23 18:10:07,405 INFO  EnvironmentC8y Setup
2022-05-23 18:10:08,018 INFO  Executed systemctl<serv_mapper1>, exit status 3
2022-05-23 18:10:08,127 INFO  Restarting mosquitto too frequently in the last 10 seconds. It was only up for 4 seconds
2022-05-23 18:10:08,129 INFO  Delaying execution by 7 seconds
2022-05-23 18:10:29,334 INFO  Executed sudo<tedge_connect_c8y>, exit status 0, duration 14 secs
2022-05-23 18:10:29,953 INFO  Executed sudo<tedge_connect_c8y_test>, exit status 0
2022-05-23 18:10:30,416 INFO  Executed systemctl<serv_mosq2>, exit status 0
2022-05-23 18:10:30,878 INFO  Executed systemctl<serv_mapper3>, exit status 0
2022-05-23 18:10:33,267 INFO  State of current operation: PENDING
2022-05-23 18:10:35,688 INFO  State of current operation: PENDING
2022-05-23 18:10:37,957 INFO  State of current operation: PENDING
2022-05-23 18:10:40,183 INFO  State of current operation: PENDING
2022-05-23 18:10:42,411 INFO  State of current operation: PENDING
2022-05-23 18:10:44,641 INFO  State of current operation: PENDING
2022-05-23 18:10:46,869 INFO  State of current operation: PENDING
2022-05-23 18:10:49,104 INFO  State of current operation: PENDING
2022-05-23 18:10:51,358 INFO  State of current operation: PENDING
2022-05-23 18:10:53,589 INFO  State of current operation: PENDING
2022-05-23 18:10:55,990 INFO  State of current operation: PENDING
2022-05-23 18:10:58,219 INFO  State of current operation: PENDING
2022-05-23 18:11:00,457 INFO  State of current operation: PENDING
2022-05-23 18:11:02,693 INFO  State of current operation: PENDING
2022-05-23 18:11:04,923 INFO  State of current operation: PENDING
2022-05-23 18:11:07,152 INFO  State of current operation: PENDING
2022-05-23 18:11:09,378 INFO  State of current operation: PENDING
2022-05-23 18:11:11,608 INFO  State of current operation: PENDING
2022-05-23 18:11:13,841 INFO  State of current operation: PENDING
2022-05-23 18:11:16,137 INFO  State of current operation: PENDING
2022-05-23 18:11:18,370 INFO  State of current operation: PENDING
2022-05-23 18:11:20,600 INFO  State of current operation: PENDING
2022-05-23 18:11:22,831 INFO  State of current operation: PENDING
2022-05-23 18:11:25,064 INFO  State of current operation: PENDING
2022-05-23 18:11:27,300 INFO  State of current operation: PENDING
2022-05-23 18:11:29,531 INFO  State of current operation: PENDING
2022-05-23 18:11:31,764 INFO  State of current operation: PENDING
2022-05-23 18:11:33,994 INFO  State of current operation: PENDING
2022-05-23 18:11:36,226 INFO  State of current operation: PENDING
2022-05-23 18:11:38,453 INFO  State of current operation: PENDING
2022-05-23 18:11:40,685 INFO  State of current operation: PENDING
2022-05-23 18:11:42,915 INFO  State of current operation: PENDING
2022-05-23 18:11:45,142 INFO  State of current operation: PENDING
2022-05-23 18:11:47,371 INFO  State of current operation: PENDING
2022-05-23 18:11:49,624 INFO  State of current operation: PENDING
2022-05-23 18:11:51,854 INFO  State of current operation: PENDING
2022-05-23 18:11:54,084 INFO  State of current operation: PENDING
2022-05-23 18:11:56,313 INFO  State of current operation: PENDING
2022-05-23 18:11:58,540 INFO  State of current operation: PENDING
2022-05-23 18:12:00,777 INFO  State of current operation: PENDING
2022-05-23 18:12:03,033 INFO  State of current operation: PENDING
2022-05-23 18:12:05,265 INFO  State of current operation: PENDING
2022-05-23 18:12:07,504 INFO  State of current operation: PENDING
2022-05-23 18:12:09,753 INFO  State of current operation: PENDING
2022-05-23 18:12:11,985 INFO  State of current operation: PENDING
2022-05-23 18:12:14,212 INFO  State of current operation: PENDING
2022-05-23 18:12:16,457 INFO  State of current operation: PENDING
2022-05-23 18:12:18,687 INFO  State of current operation: PENDING
2022-05-23 18:12:20,912 INFO  State of current operation: PENDING
2022-05-23 18:12:23,144 INFO  State of current operation: PENDING
2022-05-23 18:12:25,374 INFO  State of current operation: PENDING
2022-05-23 18:12:27,608 INFO  State of current operation: PENDING
2022-05-23 18:12:29,834 INFO  State of current operation: PENDING
2022-05-23 18:12:32,072 INFO  State of current operation: PENDING
2022-05-23 18:12:34,304 INFO  State of current operation: PENDING
2022-05-23 18:12:36,535 INFO  State of current operation: PENDING
2022-05-23 18:12:38,763 INFO  State of current operation: PENDING
2022-05-23 18:12:40,995 INFO  State of current operation: PENDING
2022-05-23 18:12:43,226 INFO  State of current operation: PENDING
2022-05-23 18:12:45,479 INFO  State of current operation: PENDING
2022-05-23 18:12:47,711 INFO  State of current operation: PENDING
2022-05-23 18:12:49,723 WARN  SystemError occurred while running test - Timeout while waiting for status FAILED or SUCCESSFUL
Traceback (most recent call last):
  File "/home/pi/env-pysys/lib/python3.7/site-packages/pysys/baserunner.py", line 1292, in __call__
    self.testObj.setup()
  File "/home/pi/actions-runner/_work/thin-edge.io/thin-edge.io/tests/PySys/software_management_end_to_end/sm_docker_install_remove_multiple/run.py", line 29, in setup
    super().setup()
  File "/home/pi/actions-runner/_work/thin-edge.io/thin-edge.io/tests/PySys/software_management_end_to_end/environment_sm_management.py", line 151, in setup
    self.wait_until_end()
  File "/home/pi/actions-runner/_work/thin-edge.io/thin-edge.io/tests/PySys/software_management_end_to_end/environment_sm_management.py", line 332, in wait_until_end
    self.wait_until_status("FAILED", "SUCCESSFUL")
  File "/home/pi/actions-runner/_work/thin-edge.io/thin-edge.io/tests/PySys/software_management_end_to_end/environment_sm_management.py", line 381, in wait_until_status
    "Timeout while waiting for status %s or %s" % (status, status2)
SystemError: Timeout while waiting for status FAILED or SUCCESSFUL
2022-05-23 18:12:49,752 WARN  SystemError: Timeout while waiting for status FAILED or SUCCESSFUL ... blocked 
2022-05-23 18:12:49,753 INFO  
2022-05-23 18:12:49,754 INFO  cleanup:
2022-05-23 18:12:53,916 INFO  Executed sudo<tedge_disconnect_c8y>, exit status 0
2022-05-23 18:12:54,484 INFO  Executed systemctl<serv_mapper5>, exit status 3
2022-05-23 18:12:54,488 INFO  
2022-05-23 18:12:54,489 INFO  Test duration: 167.11 secs
2022-05-23 18:12:54,490 INFO  Test final outcome:  BLOCKED
2022-05-23 18:12:54,491 INFO  Test outcome reason: SystemError: Timeout while waiting for status FAILED or SUCCESSFUL
2022-05-23 18:12:54,492 INFO  
