2022-05-11 10:38:33,462 INFO  ==============================================================
2022-05-11 10:38:33,463 INFO  Id:    apt_sequence_remove_with_version
2022-05-11 10:38:33,464 INFO  Dir:   plugin_apt/
2022-05-11 10:38:33,465 INFO  Title: Validate apt plugin remove with version use case
2022-05-11 10:38:33,466 INFO  ==============================================================
2022-05-11 10:38:38,387 INFO  Executed sudo, exit status 0
2022-05-11 10:39:16,777 INFO  Executed sudo<outp_install>, exit status 0, duration 38 secs
2022-05-11 10:39:16,780 INFO  Assert that (value==0) with value=0 ... passed
2022-05-11 10:39:22,095 INFO  Executed sudo<outp_check_0>, exit status 0
2022-05-11 10:39:22,097 INFO  Assert that (value==0) with value=0 ... passed
2022-05-11 10:39:22,103 INFO  Grep on file outp_check_0.out ... passed
2022-05-11 10:39:35,590 INFO  Executed sudo<outp_install>, exit status 0, duration 13 secs
2022-05-11 10:39:35,593 INFO  Assert that (value==0) with value=0 ... passed
2022-05-11 10:39:40,989 INFO  Executed sudo<outp_check_1>, exit status 0
2022-05-11 10:39:40,991 INFO  Assert that (value==0) with value=0 ... passed
2022-05-11 10:39:40,998 INFO  Grep on file outp_check_1.out ... passed
2022-05-11 10:39:41,003 INFO  
2022-05-11 10:39:41,004 INFO  cleanup:
2022-05-11 10:39:45,638 INFO  Executed sudo, exit status 0
2022-05-11 10:39:45,642 INFO  
2022-05-11 10:39:45,643 INFO  Test duration: 72.19 secs
2022-05-11 10:39:45,644 INFO  Test final outcome:  PASSED
2022-05-11 10:39:45,645 INFO  
