2022-07-25 10:32:16,469 INFO  ==============================================================
2022-07-25 10:32:16,471 INFO  Id:    tedge_mapper_az_without_timestamp
2022-07-25 10:32:16,472 INFO  Dir:   tedge_mapper_az/
2022-07-25 10:32:16,473 INFO  Title: Validate the Azure Mapper that publishes a Thin Edge JSON message without timestamp on az/messages/events/ when it receives a valid JSON message on tedge/measurements and az.mapper.timestamp is configured false
2022-07-25 10:32:16,473 INFO  ==============================================================
2022-07-25 10:32:17,042 INFO  Executed sudo<tedge_temp>, exit status 0
2022-07-25 10:32:17,655 INFO  Executed sudo<tedge_mapper_az>, exit status 0
2022-07-25 10:32:17,665 INFO  Started sudo<tedge_sub> with process id 30056
2022-07-25 10:32:18,281 INFO  Executed sudo<tedge_temp>, exit status 0
2022-07-25 10:32:18,795 INFO  Executed sudo<kill_out>, exit status 0
2022-07-25 10:32:18,820 INFO  Assert that (actual == expected) with actual=12.0, expected=12 ... passed
2022-07-25 10:32:18,825 INFO  Grep on file tedge_sub.out ... passed
2022-07-25 10:32:18,831 INFO  
2022-07-25 10:32:18,832 INFO  cleanup:
2022-07-25 10:32:18,833 INFO  mapper_cleanup
2022-07-25 10:32:19,397 INFO  Executed sudo<tedge_mapper_az>, exit status 0
2022-07-25 10:32:19,923 INFO  Executed sudo<tedge_temp>, exit status 0
2022-07-25 10:32:19,928 INFO  
2022-07-25 10:32:19,928 INFO  Test duration: 3.46 secs
2022-07-25 10:32:19,929 INFO  Test final outcome:  PASSED
2022-07-25 10:32:19,930 INFO  
