2022-04-27 10:33:24,313 INFO  ==============================================================
2022-04-27 10:33:24,314 INFO  Id:    c8y_jwt_token_retrieval
2022-04-27 10:33:24,318 INFO  Dir:   cloud_c8y/
2022-04-27 10:33:24,319 INFO  Title: Validate the Cumulocity JWT Token Retrieval feature
2022-04-27 10:33:24,320 INFO  ==============================================================
2022-04-27 10:33:24,974 INFO  Executed sudo<tedge_disconnect_c8y>, exit status 0
2022-04-27 10:33:25,591 WARN  Executed sudo<tedge_connect_c8y>, exit status 1
2022-04-27 10:33:25,601 INFO  Contents of tedge_connect_c8y.err: 
2022-04-27 10:33:25,602 INFO    Error: failed to connect Cumulocity cloud.
2022-04-27 10:33:25,603 INFO    Caused by:
2022-04-27 10:33:25,603 INFO        A value for `c8y.url` is missing.
2022-04-27 10:33:25,604 INFO            A value can be set with `tedge config set c8y.url <value>`
2022-04-27 10:33:25,605 INFO    -----
2022-04-27 10:33:25,605 INFO  
2022-04-27 10:33:25,770 WARN  sudo<tedge_connect_c8y> returned non-zero exit code 1 ... blocked [environment_tedge.py:58,run.py:31]
2022-04-27 10:33:25,771 WARN  Aborted test due to BLOCKED outcome
2022-04-27 10:33:25,776 INFO  
2022-04-27 10:33:25,777 INFO  cleanup:
2022-04-27 10:33:26,388 INFO  Executed sudo<tedge_disconnect_c8y>, exit status 0
2022-04-27 10:33:26,392 INFO  
2022-04-27 10:33:26,393 INFO  Test duration: 2.08 secs
2022-04-27 10:33:26,394 INFO  Test final outcome:  BLOCKED
2022-04-27 10:33:26,395 INFO  Test outcome reason: sudo<tedge_connect_c8y> returned non-zero exit code 1
2022-04-27 10:33:26,396 INFO  
