2022-07-18 14:59:31,862 INFO  ==============================================================
2022-07-18 14:59:31,863 INFO  Id:    SoftwareManagement.Plugin.apama_plugin_update
2022-07-18 14:59:31,864 INFO  Dir:   plugin_apama/
2022-07-18 14:59:31,864 INFO  Title: Validate apama plugin updating one project with another
2022-07-18 14:59:31,865 INFO  ==============================================================
2022-07-18 14:59:31,900 INFO  Assertion that path exists=False for "/etc/tedge/apama/project" ... passed
2022-07-18 14:59:32,411 INFO  Executed sudo<create_project_dir>, exit status 0
2022-07-18 14:59:33,024 INFO  Executed sudo<unzip_apama_project>, exit status 0
2022-07-18 14:59:33,535 INFO  Executed sudo<move_apama_project>, exit status 0
2022-07-18 14:59:34,399 INFO  Executed sudo<restart_apama_service>, exit status 0
2022-07-18 14:59:35,213 INFO  Executed sudo<apama_correlator_wait>, exit status 0
2022-07-18 14:59:35,215 INFO  Assertion that path exists=True for "/etc/tedge/apama/project" ... passed
2022-07-18 14:59:35,928 INFO  Executed sudo<apama_list_monitors>, exit status 0
2022-07-18 14:59:35,933 INFO  Grep on file /home/pi/actions-runner/_work/thin-edge.io/thin-edge.io/tests/PySys/plugin_apama/apama_plugin_update/Output/linux/apama_list_monitors.out ... passed
2022-07-18 14:59:36,495 WARN  Executed sudo<plugin_install>, exit status 2
2022-07-18 14:59:36,499 INFO  Contents of plugin_install.err: 
2022-07-18 14:59:36,501 INFO    ERROR: Directory not empty (os error 39)
2022-07-18 14:59:36,501 INFO    -----
2022-07-18 14:59:36,502 INFO  
2022-07-18 14:59:36,811 WARN  sudo<plugin_install> returned non-zero exit code 2 ... blocked [run.py:35]
2022-07-18 14:59:36,812 WARN  Aborted test due to BLOCKED outcome
2022-07-18 14:59:36,818 INFO  
2022-07-18 14:59:36,819 INFO  cleanup:
2022-07-18 14:59:36,820 INFO  Removing apama project
2022-07-18 14:59:52,626 INFO  Executed sudo<stop_apama_service>, exit status 0, duration 15 secs
2022-07-18 14:59:53,139 INFO  Executed sudo<remove_apama_project>, exit status 0
2022-07-18 14:59:53,661 INFO  Executed sudo<remove_apama_tmp_dir>, exit status 0
2022-07-18 14:59:53,665 INFO  
2022-07-18 14:59:53,666 INFO  Test duration: 21.81 secs
2022-07-18 14:59:53,667 INFO  Test final outcome:  BLOCKED
2022-07-18 14:59:53,668 INFO  Test outcome reason: sudo<plugin_install> returned non-zero exit code 2
2022-07-18 14:59:53,668 INFO  
