2022-06-08 11:44:54,476 INFO  ==============================================================
2022-06-08 11:44:54,477 INFO  Id:    apt_install
2022-06-08 11:44:54,478 INFO  Dir:   plugin_apt/
2022-06-08 11:44:54,479 INFO  Title: Validate apt plugin prepare - dense version
2022-06-08 11:44:54,480 INFO  ==============================================================
2022-06-08 11:44:59,117 INFO  Executed sudo, exit status 0
2022-06-08 11:45:01,843 INFO  Executed sudo<outp_check_0>, exit status 0
2022-06-08 11:45:01,846 INFO  Assert that (value==0) with value=0 ... passed
2022-06-08 11:45:01,852 INFO  Grep on file outp_check_0.out ... passed
2022-06-08 11:45:40,263 INFO  Executed sudo<outp_install>, exit status 0, duration 38 secs
2022-06-08 11:45:40,266 INFO  Assert that (value==0) with value=0 ... passed
2022-06-08 11:45:45,541 INFO  Executed sudo<outp_check_1>, exit status 0
2022-06-08 11:45:45,543 INFO  Assert that (value==0) with value=0 ... passed
2022-06-08 11:45:45,548 INFO  Grep on file outp_check_1.out ... passed
2022-06-08 11:45:45,554 INFO  
2022-06-08 11:45:45,554 INFO  cleanup:
2022-06-08 11:45:59,226 INFO  Executed sudo, exit status 0, duration 13 secs
2022-06-08 11:45:59,231 INFO  
2022-06-08 11:45:59,232 INFO  Test duration: 64.76 secs
2022-06-08 11:45:59,233 INFO  Test final outcome:  PASSED
2022-06-08 11:45:59,234 INFO  
