2022-05-23 16:16:26,301 INFO  ==============================================================
2022-05-23 16:16:26,302 INFO  Id:    SoftwareManagement.sm_apt_install_remove_with_version
2022-05-23 16:16:26,303 INFO  Dir:   software_management_end_to_end/
2022-05-23 16:16:26,304 INFO  Title: Validate end to end behaviour for the apt plugin for packages with version
2022-05-23 16:16:26,305 INFO  ==============================================================
2022-05-23 16:16:26,311 INFO  Using sw id database: {'asciijump': '5475369', 'robotfindskitten': '5474869', 'squirrel3': '5475279', 'rolldice': '5152439', 'moon-buggy': '5439204', 'apple': '5495053', 'banana': '5494888', 'cherry': '5495382', 'watermelon': '5494510', 'registry': '8018911', 'hello-world': '8021526', 'docker/getting-started': '8021973', 'alpine': '7991792'}
2022-05-23 16:16:26,312 INFO  EnvironmentC8y Setup
2022-05-23 16:16:26,873 INFO  Executed systemctl<serv_mapper1>, exit status 3
2022-05-23 16:16:26,974 INFO  Restarting mosquitto too frequently in the last 10 seconds. It was only up for 4 seconds
2022-05-23 16:16:26,975 INFO  Delaying execution by 7 seconds
2022-05-23 16:16:48,191 INFO  Executed sudo<tedge_connect_c8y>, exit status 0, duration 14 secs
2022-05-23 16:16:48,874 INFO  Executed sudo<tedge_connect_c8y_test>, exit status 0
2022-05-23 16:16:49,337 INFO  Executed systemctl<serv_mosq2>, exit status 0
2022-05-23 16:16:49,799 INFO  Executed systemctl<serv_mapper3>, exit status 0
2022-05-23 16:16:52,030 INFO  State of current operation: PENDING
2022-05-23 16:16:54,282 INFO  State of current operation: PENDING
2022-05-23 16:16:56,509 INFO  State of current operation: PENDING
2022-05-23 16:16:58,738 INFO  State of current operation: PENDING
2022-05-23 16:17:00,972 INFO  State of current operation: PENDING
2022-05-23 16:17:03,202 INFO  State of current operation: PENDING
2022-05-23 16:17:05,433 INFO  State of current operation: PENDING
2022-05-23 16:17:07,665 INFO  State of current operation: PENDING
2022-05-23 16:17:09,892 INFO  State of current operation: PENDING
2022-05-23 16:17:12,163 INFO  State of current operation: PENDING
2022-05-23 16:17:14,395 INFO  State of current operation: PENDING
2022-05-23 16:17:16,618 INFO  State of current operation: PENDING
2022-05-23 16:17:18,846 INFO  State of current operation: PENDING
2022-05-23 16:17:21,076 INFO  State of current operation: PENDING
2022-05-23 16:17:23,307 INFO  State of current operation: PENDING
2022-05-23 16:17:25,537 INFO  State of current operation: PENDING
2022-05-23 16:17:27,768 INFO  State of current operation: PENDING
2022-05-23 16:17:30,000 INFO  State of current operation: PENDING
2022-05-23 16:17:32,229 INFO  State of current operation: PENDING
2022-05-23 16:17:34,454 INFO  State of current operation: PENDING
2022-05-23 16:17:36,683 INFO  State of current operation: PENDING
2022-05-23 16:17:38,910 INFO  State of current operation: PENDING
2022-05-23 16:17:41,143 INFO  State of current operation: PENDING
2022-05-23 16:17:43,380 INFO  State of current operation: PENDING
2022-05-23 16:17:45,605 INFO  State of current operation: PENDING
2022-05-23 16:17:47,843 INFO  State of current operation: PENDING
2022-05-23 16:17:50,092 INFO  State of current operation: PENDING
2022-05-23 16:17:52,322 INFO  State of current operation: PENDING
2022-05-23 16:17:54,556 INFO  State of current operation: PENDING
2022-05-23 16:17:56,788 INFO  State of current operation: PENDING
2022-05-23 16:17:59,017 INFO  State of current operation: PENDING
2022-05-23 16:18:01,249 INFO  State of current operation: PENDING
2022-05-23 16:18:03,480 INFO  State of current operation: PENDING
2022-05-23 16:18:05,716 INFO  State of current operation: PENDING
2022-05-23 16:18:07,944 INFO  State of current operation: PENDING
2022-05-23 16:18:10,171 INFO  State of current operation: PENDING
2022-05-23 16:18:12,400 INFO  State of current operation: PENDING
2022-05-23 16:18:14,637 INFO  State of current operation: PENDING
2022-05-23 16:18:16,867 INFO  State of current operation: PENDING
2022-05-23 16:18:19,113 INFO  State of current operation: PENDING
2022-05-23 16:18:21,347 INFO  State of current operation: PENDING
2022-05-23 16:18:23,579 INFO  State of current operation: PENDING
2022-05-23 16:18:25,811 INFO  State of current operation: PENDING
2022-05-23 16:18:28,044 INFO  State of current operation: PENDING
2022-05-23 16:18:30,270 INFO  State of current operation: PENDING
2022-05-23 16:18:32,723 INFO  State of current operation: PENDING
2022-05-23 16:18:34,967 INFO  State of current operation: PENDING
2022-05-23 16:18:37,222 INFO  State of current operation: PENDING
2022-05-23 16:18:39,468 INFO  State of current operation: PENDING
2022-05-23 16:18:41,698 INFO  State of current operation: PENDING
2022-05-23 16:18:43,931 INFO  State of current operation: PENDING
2022-05-23 16:18:46,163 INFO  State of current operation: PENDING
2022-05-23 16:18:48,441 INFO  State of current operation: PENDING
2022-05-23 16:18:50,668 INFO  State of current operation: PENDING
2022-05-23 16:18:52,900 INFO  State of current operation: PENDING
2022-05-23 16:18:55,133 INFO  State of current operation: PENDING
2022-05-23 16:18:57,358 INFO  State of current operation: PENDING
2022-05-23 16:18:59,625 INFO  State of current operation: PENDING
2022-05-23 16:19:01,849 INFO  State of current operation: PENDING
2022-05-23 16:19:04,087 INFO  State of current operation: PENDING
2022-05-23 16:19:06,317 INFO  State of current operation: PENDING
2022-05-23 16:19:08,330 WARN  SystemError occurred while running test - Timeout while waiting for status FAILED or SUCCESSFUL
Traceback (most recent call last):
  File "/home/pi/env-pysys/lib/python3.7/site-packages/pysys/baserunner.py", line 1292, in __call__
    self.testObj.setup()
  File "/home/pi/actions-runner/_work/thin-edge.io/thin-edge.io/tests/PySys/software_management_end_to_end/sm_apt_install_remove_with_version/run.py", line 27, in setup
    super().setup()
  File "/home/pi/actions-runner/_work/thin-edge.io/thin-edge.io/tests/PySys/software_management_end_to_end/environment_sm_management.py", line 151, in setup
    self.wait_until_end()
  File "/home/pi/actions-runner/_work/thin-edge.io/thin-edge.io/tests/PySys/software_management_end_to_end/environment_sm_management.py", line 332, in wait_until_end
    self.wait_until_status("FAILED", "SUCCESSFUL")
  File "/home/pi/actions-runner/_work/thin-edge.io/thin-edge.io/tests/PySys/software_management_end_to_end/environment_sm_management.py", line 381, in wait_until_status
    "Timeout while waiting for status %s or %s" % (status, status2)
SystemError: Timeout while waiting for status FAILED or SUCCESSFUL
2022-05-23 16:19:08,358 WARN  SystemError: Timeout while waiting for status FAILED or SUCCESSFUL ... blocked 
2022-05-23 16:19:08,359 INFO  
2022-05-23 16:19:08,360 INFO  cleanup:
2022-05-23 16:19:12,369 INFO  Executed sudo<tedge_disconnect_c8y>, exit status 0
2022-05-23 16:19:12,932 INFO  Executed systemctl<serv_mapper5>, exit status 3
2022-05-23 16:19:12,936 INFO  
2022-05-23 16:19:12,936 INFO  Test duration: 166.65 secs
2022-05-23 16:19:12,938 INFO  Test final outcome:  BLOCKED
2022-05-23 16:19:12,939 INFO  Test outcome reason: SystemError: Timeout while waiting for status FAILED or SUCCESSFUL
2022-05-23 16:19:12,939 INFO  
