2022-05-02 10:35:02,621 INFO  ==============================================================
2022-05-02 10:35:02,622 INFO  Id:    tedge_software_update
2022-05-02 10:35:02,623 INFO  Dir:   tedge/
2022-05-02 10:35:02,624 INFO  Title: Software install from download path
2022-05-02 10:35:02,625 INFO  ==============================================================
2022-05-02 10:35:02,632 INFO  EnvironmentC8y Setup
2022-05-02 10:35:03,212 INFO  Executed systemctl<serv_mapper1>, exit status 3
2022-05-02 10:35:17,191 INFO  Executed sudo<tedge_connect_c8y>, exit status 0, duration 13 secs
2022-05-02 10:35:17,757 INFO  Executed sudo<tedge_connect_c8y_test>, exit status 0
2022-05-02 10:35:18,220 INFO  Executed systemctl<serv_mosq2>, exit status 0
2022-05-02 10:35:18,683 INFO  Executed systemctl<serv_mapper3>, exit status 0
2022-05-02 10:35:18,684 INFO  Setup
2022-05-02 10:35:19,197 INFO  Executed sudo<mkdir>, exit status 0
2022-05-02 10:35:19,710 INFO  Executed sudo<chmod>, exit status 0
2022-05-02 10:35:20,223 INFO  Executed sudo<tedge_config_get_original>, exit status 0
2022-05-02 10:35:20,735 INFO  Executed sudo, exit status 0
2022-05-02 10:35:21,247 INFO  Executed sudo<tedge_config_get_new_value>, exit status 0
2022-05-02 10:35:21,760 INFO  Executed sudo<rolldice_download>, exit status 0
2022-05-02 10:35:21,767 INFO  Grep on file tedge_config_get_new_value.out ... passed
2022-05-02 10:35:21,776 INFO  
2022-05-02 10:35:21,777 INFO  cleanup:
2022-05-02 10:35:22,343 INFO  Executed sudo, exit status 0
2022-05-02 10:35:22,860 INFO  Executed sudo<tedge_config_get_cleanup>, exit status 0
2022-05-02 10:35:22,866 INFO  Grep on file tedge_config_get_cleanup.out ... passed
2022-05-02 10:35:23,379 INFO  Executed sudo<rmdir>, exit status 0
2022-05-02 10:35:27,448 INFO  Executed sudo<tedge_disconnect_c8y>, exit status 0
2022-05-02 10:35:28,011 INFO  Executed systemctl<serv_mapper5>, exit status 3
2022-05-02 10:35:28,015 INFO  
2022-05-02 10:35:28,016 INFO  Test duration: 25.40 secs
2022-05-02 10:35:28,017 INFO  Test final outcome:  PASSED
2022-05-02 10:35:28,018 INFO  
