2022-05-04 09:39:52,727 INFO  ==============================================================
2022-05-04 09:39:52,728 INFO  Id:    SoftwareManagement.sm_mixed_install_remove_multiple
2022-05-04 09:39:52,729 INFO  Dir:   software_management_end_to_end/
2022-05-04 09:39:52,730 INFO  Title: Validate end to end behaviour for the dummy-plugin for multiple packages with mixed versions
2022-05-04 09:39:52,730 INFO  ==============================================================
2022-05-04 09:39:52,741 INFO  Using sw id database: {'asciijump': '5475369', 'robotfindskitten': '5474869', 'squirrel3': '5475279', 'rolldice': '5152439', 'moon-buggy': '5439204', 'apple': '5495053', 'banana': '5494888', 'cherry': '5495382', 'watermelon': '5494510', 'registry': '8018911', 'hello-world': '8021526', 'docker/getting-started': '8021973', 'alpine': '7991792'}
2022-05-04 09:39:52,742 INFO  EnvironmentC8y Setup
2022-05-04 09:39:53,303 INFO  Executed systemctl<serv_mapper1>, exit status 3
2022-05-04 09:39:53,410 INFO  Restarting mosquitto too frequently in the last 10 seconds. It was only up for 5 seconds
2022-05-04 09:39:53,412 INFO  Delaying execution by 6 seconds
2022-05-04 09:40:13,301 INFO  Executed sudo<tedge_connect_c8y>, exit status 0, duration 13 secs
2022-05-04 09:40:13,969 INFO  Executed sudo<tedge_connect_c8y_test>, exit status 0
2022-05-04 09:40:14,471 INFO  Executed systemctl<serv_mosq2>, exit status 0
2022-05-04 09:40:14,938 INFO  Executed systemctl<serv_mapper3>, exit status 0
2022-05-04 09:40:17,185 INFO  State of current operation: SUCCESSFUL
2022-05-04 09:40:17,401 INFO  Package apple is installed
2022-05-04 09:40:17,404 INFO  Assert that (True == value) with value=True ... passed
2022-05-04 09:40:17,623 INFO  Package banana is installed
2022-05-04 09:40:17,625 INFO  Assert that (True == value) with value=True ... passed
2022-05-04 09:40:17,843 INFO  Package cherry is installed
2022-05-04 09:40:17,846 INFO  Assert that (True == value) with value=True ... passed
2022-05-04 09:40:18,060 INFO  Package asciijump is installed
2022-05-04 09:40:18,096 WARN  Assert that (False == value) with value=True ... failed 
2022-05-04 09:40:18,318 INFO  Assert that (False == value) with value=False ... passed
2022-05-04 09:40:18,544 INFO  Response status: 201
2022-05-04 09:40:18,546 INFO  Response to action: {
    "creationTime": "2022-05-04T09:40:18.498Z",
    "deviceName": "m32sd10a",
    "deviceId": "18358976",
    "self": "https://t493319102.eu-latest.cumulocity.com/devicecontrol/operations/18392356",
    "id": "18392356",
    "status": "PENDING",
    "description": "Apply software changes, triggered from PySys: [{'action': 'install', 'id': '5495053', 'name': 'apple', 'url': ' ', 'version': '::fruits'}, {'action': 'install', 'id': '5494888', 'name': 'banana', 'url': ' ', 'version': '::fruits'}, {'action': 'install', 'id': '5475369', 'name': 'asciijump', 'url': ' ', 'version': '::apt'}, {'action': 'install', 'id': '5495382', 'name': 'cherry', 'url': ' ', 'version': '::fruits'}, {'action': 'install', 'id': '8018911', 'name': 'registry', 'url': ' ', 'version': '::docker'}]",
    "c8y_SoftwareUpdate": [
        {
            "name": "apple",
            "action": "install",
            "id": "5495053",
            "version": "::fruits",
            "url": " "
        },
        {
            "name": "banana",
            "action": "install",
            "id": "5494888",
            "version": "::fruits",
            "url": " "
        },
        {
            "name": "asciijump",
            "action": "install",
            "id": "5475369",
            "version": "::apt",
            "url": " "
        },
        {
            "name": "cherry",
            "action": "install",
            "id": "5495382",
            "version": "::fruits",
            "url": " "
        },
        {
            "name": "registry",
            "action": "install",
            "id": "8018911",
            "version": "::docker",
            "url": " "
        }
    ]
}
2022-05-04 09:40:18,547 INFO  Started operation: {'creationTime': '2022-05-04T09:40:18.498Z', 'deviceName': 'm32sd10a', 'deviceId': '18358976', 'self': 'https://t493319102.eu-latest.cumulocity.com/devicecontrol/operations/18392356', 'id': '18392356', 'status': 'PENDING', 'description': "Apply software changes, triggered from PySys: [{'action': 'install', 'id': '5495053', 'name': 'apple', 'url': ' ', 'version': '::fruits'}, {'action': 'install', 'id': '5494888', 'name': 'banana', 'url': ' ', 'version': '::fruits'}, {'action': 'install', 'id': '5475369', 'name': 'asciijump', 'url': ' ', 'version': '::apt'}, {'action': 'install', 'id': '5495382', 'name': 'cherry', 'url': ' ', 'version': '::fruits'}, {'action': 'install', 'id': '8018911', 'name': 'registry', 'url': ' ', 'version': '::docker'}]", 'c8y_SoftwareUpdate': [{'name': 'apple', 'action': 'install', 'id': '5495053', 'version': '::fruits', 'url': ' '}, {'name': 'banana', 'action': 'install', 'id': '5494888', 'version': '::fruits', 'url': ' '}, {'name': 'asciijump', 'action': 'install', 'id': '5475369', 'version': '::apt', 'url': ' '}, {'name': 'cherry', 'action': 'install', 'id': '5495382', 'version': '::fruits', 'url': ' '}, {'name': 'registry', 'action': 'install', 'id': '8018911', 'version': '::docker', 'url': ' '}]}
2022-05-04 09:40:20,764 INFO  State of operation 18392356 : PENDING
2022-05-04 09:40:22,991 INFO  State of operation 18392356 : EXECUTING
2022-05-04 09:40:25,215 INFO  State of operation 18392356 : EXECUTING
2022-05-04 09:40:27,427 INFO  State of operation 18392356 : EXECUTING
2022-05-04 09:40:29,638 INFO  State of operation 18392356 : EXECUTING
2022-05-04 09:40:31,855 INFO  State of operation 18392356 : EXECUTING
2022-05-04 09:40:35,332 INFO  State of operation 18392356 : EXECUTING
2022-05-04 09:40:39,094 INFO  State of operation 18392356 : EXECUTING
2022-05-04 09:40:41,459 INFO  State of operation 18392356 : EXECUTING
2022-05-04 09:40:43,682 INFO  State of operation 18392356 : EXECUTING
2022-05-04 09:40:45,922 INFO  State of operation 18392356 : EXECUTING
2022-05-04 09:40:48,137 INFO  State of operation 18392356 : EXECUTING
2022-05-04 09:40:50,354 INFO  State of operation 18392356 : EXECUTING
2022-05-04 09:40:52,565 INFO  State of operation 18392356 : EXECUTING
2022-05-04 09:40:54,777 INFO  State of operation 18392356 : EXECUTING
2022-05-04 09:40:57,003 INFO  State of operation 18392356 : FAILED
2022-05-04 09:40:57,004 ERROR Stopping as the operation has failed
2022-05-04 09:40:57,005 WARN  SystemError occurred while running test - The operation has failed
Traceback (most recent call last):
  File "/home/pi/env-pysys/lib/python3.7/site-packages/pysys/baserunner.py", line 1294, in __call__
    self.testObj.execute()
  File "/home/pi/actions-runner/_work/thin-edge.io/thin-edge.io/tests/PySys/software_management_end_to_end/sm_mixed_install_remove_multiple/run.py", line 95, in execute
    self.wait_until_succcess()
  File "/home/pi/actions-runner/_work/thin-edge.io/thin-edge.io/tests/PySys/software_management_end_to_end/environment_sm_management.py", line 324, in wait_until_succcess
    self.wait_until_status("SUCCESSFUL")
  File "/home/pi/actions-runner/_work/thin-edge.io/thin-edge.io/tests/PySys/software_management_end_to_end/environment_sm_management.py", line 361, in wait_until_status
    raise SystemError("The operation has failed")
SystemError: The operation has failed
2022-05-04 09:40:57,024 WARN  SystemError: The operation has failed ... blocked 
2022-05-04 09:40:57,025 INFO  
2022-05-04 09:40:57,026 INFO  cleanup:
2022-05-04 09:41:00,973 INFO  Executed sudo<tedge_disconnect_c8y>, exit status 0
2022-05-04 09:41:01,535 INFO  Executed systemctl<serv_mapper5>, exit status 3
2022-05-04 09:41:01,540 INFO  
2022-05-04 09:41:01,540 INFO  Test duration: 68.82 secs
2022-05-04 09:41:01,542 INFO  Test final outcome:  BLOCKED
2022-05-04 09:41:01,543 INFO  Test outcome reason: SystemError: The operation has failed (+1 other failures)
2022-05-04 09:41:01,543 INFO  
