2022-07-21 18:23:21,700 INFO  ==============================================================
2022-07-21 18:23:21,701 INFO  Id:    invalid_device_id
2022-07-21 18:23:21,702 INFO  Dir:   misc_features/
2022-07-21 18:23:21,703 INFO  Title: Invalid Device ID
2022-07-21 18:23:21,704 INFO  ==============================================================
2022-07-21 18:23:22,223 INFO  Executed sudo<create_cert_dir>, exit status 0
2022-07-21 18:23:22,736 INFO  Executed sudo<create_cert_dir>, exit status 0
2022-07-21 18:23:23,249 INFO  Executed sudo<set_cert_path>, exit status 0
2022-07-21 18:23:23,814 INFO  Executed sudo<set_key_path>, exit status 0
2022-07-21 18:23:24,508 INFO  Executed sudo<cert_create>, exit status 1
2022-07-21 18:23:24,514 INFO  Grep on file cert_create.err ... passed
2022-07-21 18:23:24,519 INFO  
2022-07-21 18:23:24,520 INFO  cleanup:
2022-07-21 18:23:25,032 INFO  Executed sudo<unset_cert_path>, exit status 0
2022-07-21 18:23:25,588 INFO  Executed sudo<unset_key_path>, exit status 0
2022-07-21 18:23:26,101 INFO  Executed sudo<remove_cert_dir>, exit status 0
2022-07-21 18:23:26,105 INFO  
2022-07-21 18:23:26,106 INFO  Test duration: 4.41 secs
2022-07-21 18:23:26,107 INFO  Test final outcome:  PASSED
2022-07-21 18:23:26,108 INFO  
