2022-05-06 13:26:08,559 INFO  ==============================================================
2022-05-06 13:26:08,560 INFO  Id:    tedge_mapper_c8y_child_device_measurement
2022-05-06 13:26:08,561 INFO  Dir:   tedge_mapper_c8y/
2022-05-06 13:26:08,562 INFO  Title: Validate that measurements sent to tedge/measurements/child topic gets mapped as the child device's measurement in Cumulocity
2022-05-06 13:26:08,562 INFO  ==============================================================
2022-05-06 13:26:08,637 INFO  EnvironmentC8y Setup
2022-05-06 13:26:09,201 INFO  Executed systemctl<serv_mapper1>, exit status 3
2022-05-06 13:26:09,307 INFO  Restarting mosquitto too frequently in the last 10 seconds. It was only up for 4 seconds
2022-05-06 13:26:09,309 INFO  Delaying execution by 7 seconds
2022-05-06 13:26:30,250 INFO  Executed sudo<tedge_connect_c8y>, exit status 0, duration 13 secs
2022-05-06 13:26:30,921 INFO  Executed sudo<tedge_connect_c8y_test>, exit status 0
2022-05-06 13:26:31,388 INFO  Executed systemctl<serv_mosq2>, exit status 0
2022-05-06 13:26:31,851 INFO  Executed systemctl<serv_mapper3>, exit status 0
2022-05-06 13:26:32,575 INFO  Assert that (actual == expected) with actual=None, expected=None ... passed
2022-05-06 13:26:33,038 INFO  Executed tedge_pub, exit status 0
2022-05-06 13:26:33,500 INFO  Executed tedge_pub, exit status 0
2022-05-06 13:26:33,912 INFO  Executed tedge_pub, exit status 0
2022-05-06 13:26:34,324 INFO  Executed tedge_pub, exit status 0
2022-05-06 13:26:34,786 INFO  Executed tedge_pub, exit status 0
2022-05-06 13:26:37,405 INFO  {
    "self": "https://t493319102.eu-latest.cumulocity.com/measurement/measurements/18458479",
    "time": "2022-05-06T13:26:34.740Z",
    "id": "18458479",
    "source": {
        "self": "https://t493319102.eu-latest.cumulocity.com/inventory/managedObjects/18458473",
        "id": "18458473"
    },
    "type": "ThinEdgeMeasurement",
    "temperature": {
        "temperature": {
            "value": 10.0
        }
    }
}
2022-05-06 13:26:37,407 INFO  Assert that (actual == expected) with actual="ThinEdgeMeasurement", expected="ThinEdgeMeasurement" ... passed
2022-05-06 13:26:37,409 INFO  Assert that (actual == expected) with actual=10.0, expected=10 ... passed
2022-05-06 13:26:37,410 INFO  {
    "self": "https://t493319102.eu-latest.cumulocity.com/measurement/measurements/18458475",
    "time": "2022-05-06T13:26:33.452Z",
    "id": "18458475",
    "source": {
        "self": "https://t493319102.eu-latest.cumulocity.com/inventory/managedObjects/18458473",
        "id": "18458473"
    },
    "type": "ThinEdgeMeasurement",
    "temperature": {
        "temperature": {
            "value": 11.0
        }
    }
}
2022-05-06 13:26:37,411 INFO  Assert that (actual == expected) with actual="ThinEdgeMeasurement", expected="ThinEdgeMeasurement" ... passed
2022-05-06 13:26:37,413 INFO  Assert that (actual == expected) with actual=11.0, expected=11 ... passed
2022-05-06 13:26:37,414 INFO  {
    "self": "https://t493319102.eu-latest.cumulocity.com/measurement/measurements/18458474",
    "time": "2021-01-01T10:10:10.100+02:00",
    "id": "18458474",
    "source": {
        "self": "https://t493319102.eu-latest.cumulocity.com/inventory/managedObjects/18458473",
        "id": "18458473"
    },
    "type": "ThinEdgeMeasurement",
    "temperature": {
        "temperature": {
            "value": 12.0
        }
    }
}
2022-05-06 13:26:37,415 INFO  Assert that (actual == expected) with actual="ThinEdgeMeasurement", expected="ThinEdgeMeasurement" ... passed
2022-05-06 13:26:37,417 INFO  Assert that (actual == expected) with actual=12.0, expected=12 ... passed
2022-05-06 13:26:37,418 INFO  Assert that (actual == expected) with actual="2021-01-01T10:10:10.100+02:00", expected="2021-01-01T10:10:10.100+02:00" ... passed
2022-05-06 13:26:37,636 INFO  {
    "self": "https://t493319102.eu-latest.cumulocity.com/measurement/measurements/18458478",
    "time": "2022-05-06T13:26:34.310Z",
    "id": "18458478",
    "source": {
        "self": "https://t493319102.eu-latest.cumulocity.com/inventory/managedObjects/18458477",
        "id": "18458477"
    },
    "type": "ThinEdgeMeasurement",
    "temperature": {
        "temperature": {
            "value": 6.0
        }
    }
}
2022-05-06 13:26:37,638 INFO  Assert that (actual == expected) with actual="ThinEdgeMeasurement", expected="ThinEdgeMeasurement" ... passed
2022-05-06 13:26:37,640 INFO  Assert that (actual == expected) with actual=6.0, expected=6 ... passed
2022-05-06 13:26:37,851 INFO  {
    "self": "https://t493319102.eu-latest.cumulocity.com/measurement/measurements/18458476",
    "time": "2022-05-06T13:26:33.898Z",
    "id": "18458476",
    "source": {
        "self": "https://t493319102.eu-latest.cumulocity.com/inventory/managedObjects/18388531",
        "id": "18388531"
    },
    "type": "ThinEdgeMeasurement",
    "temperature": {
        "temperature": {
            "value": 5.0
        }
    }
}
2022-05-06 13:26:37,853 INFO  Assert that (actual == expected) with actual="ThinEdgeMeasurement", expected="ThinEdgeMeasurement" ... passed
2022-05-06 13:26:37,855 INFO  Assert that (actual == expected) with actual=5.0, expected=5 ... passed
2022-05-06 13:26:37,862 INFO  
2022-05-06 13:26:37,863 INFO  cleanup:
2022-05-06 13:26:42,198 INFO  Executed sudo<tedge_disconnect_c8y>, exit status 0
2022-05-06 13:26:42,762 INFO  Executed systemctl<serv_mapper5>, exit status 3
2022-05-06 13:26:42,767 INFO  
2022-05-06 13:26:42,768 INFO  Test duration: 34.21 secs
2022-05-06 13:26:42,769 INFO  Test final outcome:  PASSED
2022-05-06 13:26:42,770 INFO  
