2022-07-21 17:43:08,533 INFO  ==============================================================
2022-07-21 17:43:08,534 INFO  Id:    SoftwareManagement.sm_fake_install_remove_multiple
2022-07-21 17:43:08,535 INFO  Dir:   software_management_end_to_end/
2022-07-21 17:43:08,536 INFO  Title: Validate end to end behaviour for the dummy-plugin for multiple packages
2022-07-21 17:43:08,537 INFO  ==============================================================
2022-07-21 17:43:08,566 INFO  Using sw id database: {'asciijump': '5475369', 'robotfindskitten': '5474869', 'squirrel3': '5475279', 'rolldice': '5152439', 'moon-buggy': '5439204', 'apple': '5495053', 'banana': '5494888', 'cherry': '5495382', 'watermelon': '5494510', 'registry': '8018911', 'hello-world': '8021526', 'docker/getting-started': '8021973', 'alpine': '7991792'}
2022-07-21 17:43:08,567 INFO  EnvironmentC8y Setup
2022-07-21 17:43:09,129 INFO  Executed systemctl<serv_mapper1>, exit status 3
2022-07-21 17:43:09,236 INFO  Restarting mosquitto too frequently in the last 10 seconds. It was only up for 4 seconds
2022-07-21 17:43:09,237 INFO  Delaying execution by 7 seconds
2022-07-21 17:43:30,275 INFO  Executed sudo<tedge_connect_c8y>, exit status 0, duration 14 secs
2022-07-21 17:43:30,895 INFO  Executed sudo<tedge_connect_c8y_test>, exit status 0
2022-07-21 17:43:31,360 INFO  Executed systemctl<serv_mosq2>, exit status 0
2022-07-21 17:43:31,874 INFO  Executed systemctl<serv_mapper3>, exit status 0
2022-07-21 17:43:34,101 INFO  State of current operation: SUCCESSFUL
2022-07-21 17:43:34,335 INFO  Package apple is installed
2022-07-21 17:43:34,338 INFO  Assert that (True == value) with value=True ... passed
2022-07-21 17:43:34,566 INFO  Package banana is installed
2022-07-21 17:43:34,569 INFO  Assert that (True == value) with value=True ... passed
2022-07-21 17:43:34,797 INFO  Package cherry is installed
2022-07-21 17:43:34,799 INFO  Assert that (True == value) with value=True ... passed
2022-07-21 17:43:35,028 INFO  Response status: 201
2022-07-21 17:43:35,030 INFO  Response to action: {
    "creationTime": "2022-07-21T17:43:34.980Z",
    "deviceId": "21118604",
    "deviceName": "m32sd10c",
    "self": "https://t493319102.eu-latest.cumulocity.com/devicecontrol/operations/21163813",
    "id": "21163813",
    "status": "PENDING",
    "description": "Apply software changes, triggered from PySys: [{'action': 'install', 'id': '5495053', 'name': 'apple', 'url': ' ', 'version': '::fruits'}, {'action': 'install', 'id': '5494888', 'name': 'banana', 'url': ' ', 'version': '::fruits'}, {'action': 'install', 'id': '5495382', 'name': 'cherry', 'url': ' ', 'version': '::fruits'}]",
    "c8y_SoftwareUpdate": [
        {
            "name": "apple",
            "action": "install",
            "id": "5495053",
            "version": "::fruits",
            "url": " "
        },
        {
            "name": "banana",
            "action": "install",
            "id": "5494888",
            "version": "::fruits",
            "url": " "
        },
        {
            "name": "cherry",
            "action": "install",
            "id": "5495382",
            "version": "::fruits",
            "url": " "
        }
    ]
}
2022-07-21 17:43:35,030 INFO  Started operation: {'creationTime': '2022-07-21T17:43:34.980Z', 'deviceId': '21118604', 'deviceName': 'm32sd10c', 'self': 'https://t493319102.eu-latest.cumulocity.com/devicecontrol/operations/21163813', 'id': '21163813', 'status': 'PENDING', 'description': "Apply software changes, triggered from PySys: [{'action': 'install', 'id': '5495053', 'name': 'apple', 'url': ' ', 'version': '::fruits'}, {'action': 'install', 'id': '5494888', 'name': 'banana', 'url': ' ', 'version': '::fruits'}, {'action': 'install', 'id': '5495382', 'name': 'cherry', 'url': ' ', 'version': '::fruits'}]", 'c8y_SoftwareUpdate': [{'name': 'apple', 'action': 'install', 'id': '5495053', 'version': '::fruits', 'url': ' '}, {'name': 'banana', 'action': 'install', 'id': '5494888', 'version': '::fruits', 'url': ' '}, {'name': 'cherry', 'action': 'install', 'id': '5495382', 'version': '::fruits', 'url': ' '}]}
2022-07-21 17:43:37,249 INFO  State of operation 21163813 : PENDING
2022-07-21 17:43:39,465 INFO  State of operation 21163813 : EXECUTING
2022-07-21 17:43:41,685 INFO  State of operation 21163813 : SUCCESSFUL
2022-07-21 17:43:41,909 INFO  Package apple is installed
2022-07-21 17:43:41,911 INFO  Assert that (True == value) with value=True ... passed
2022-07-21 17:43:42,139 INFO  Package banana is installed
2022-07-21 17:43:42,141 INFO  Assert that (True == value) with value=True ... passed
2022-07-21 17:43:42,361 INFO  Package cherry is installed
2022-07-21 17:43:42,364 INFO  Assert that (True == value) with value=True ... passed
2022-07-21 17:43:42,602 INFO  Response status: 201
2022-07-21 17:43:42,604 INFO  Response to action: {
    "creationTime": "2022-07-21T17:43:42.558Z",
    "deviceId": "21118604",
    "deviceName": "m32sd10c",
    "self": "https://t493319102.eu-latest.cumulocity.com/devicecontrol/operations/21163815",
    "id": "21163815",
    "status": "PENDING",
    "description": "Apply software changes, triggered from PySys: [{'action': 'install', 'id': '5495053', 'name': 'apple', 'url': ' ', 'version': '::fruits'}, {'action': 'install', 'id': '5494888', 'name': 'banana', 'url': ' ', 'version': '::fruits'}, {'action': 'install', 'id': '5495382', 'name': 'cherry', 'url': ' ', 'version': '::fruits'}]",
    "c8y_SoftwareUpdate": [
        {
            "name": "apple",
            "action": "install",
            "id": "5495053",
            "version": "::fruits",
            "url": " "
        },
        {
            "name": "banana",
            "action": "install",
            "id": "5494888",
            "version": "::fruits",
            "url": " "
        },
        {
            "name": "cherry",
            "action": "install",
            "id": "5495382",
            "version": "::fruits",
            "url": " "
        }
    ]
}
2022-07-21 17:43:42,605 INFO  Started operation: {'creationTime': '2022-07-21T17:43:42.558Z', 'deviceId': '21118604', 'deviceName': 'm32sd10c', 'self': 'https://t493319102.eu-latest.cumulocity.com/devicecontrol/operations/21163815', 'id': '21163815', 'status': 'PENDING', 'description': "Apply software changes, triggered from PySys: [{'action': 'install', 'id': '5495053', 'name': 'apple', 'url': ' ', 'version': '::fruits'}, {'action': 'install', 'id': '5494888', 'name': 'banana', 'url': ' ', 'version': '::fruits'}, {'action': 'install', 'id': '5495382', 'name': 'cherry', 'url': ' ', 'version': '::fruits'}]", 'c8y_SoftwareUpdate': [{'name': 'apple', 'action': 'install', 'id': '5495053', 'version': '::fruits', 'url': ' '}, {'name': 'banana', 'action': 'install', 'id': '5494888', 'version': '::fruits', 'url': ' '}, {'name': 'cherry', 'action': 'install', 'id': '5495382', 'version': '::fruits', 'url': ' '}]}
2022-07-21 17:43:44,832 INFO  State of operation 21163815 : PENDING
2022-07-21 17:43:47,070 INFO  State of operation 21163815 : EXECUTING
2022-07-21 17:43:49,299 INFO  State of operation 21163815 : EXECUTING
2022-07-21 17:43:51,517 INFO  State of operation 21163815 : SUCCESSFUL
2022-07-21 17:43:51,788 INFO  Package apple is installed
2022-07-21 17:43:51,791 INFO  Assert that (True == value) with value=True ... passed
2022-07-21 17:43:52,020 INFO  Package banana is installed
2022-07-21 17:43:52,022 INFO  Assert that (True == value) with value=True ... passed
2022-07-21 17:43:52,268 INFO  Package cherry is installed
2022-07-21 17:43:52,271 INFO  Assert that (True == value) with value=True ... passed
2022-07-21 17:43:52,277 INFO  
2022-07-21 17:43:52,278 INFO  cleanup:
2022-07-21 17:43:56,153 INFO  Executed sudo<tedge_disconnect_c8y>, exit status 0
2022-07-21 17:43:56,717 INFO  Executed systemctl<serv_mapper5>, exit status 3
2022-07-21 17:43:56,721 INFO  
2022-07-21 17:43:56,722 INFO  Test duration: 48.20 secs
2022-07-21 17:43:56,723 INFO  Test final outcome:  PASSED
2022-07-21 17:43:56,724 INFO  
