2022-06-02 09:31:02,412 INFO  ==============================================================
2022-06-02 09:31:02,413 INFO  Id:    docker_plugin_update
2022-06-02 09:31:02,414 INFO  Dir:   plugin_docker/
2022-06-02 09:31:02,415 INFO  Title: Validate docker plugin install updates existing containers
2022-06-02 09:31:02,416 INFO  ==============================================================
2022-06-02 09:31:03,252 INFO  Executed sudo<docker_images>, exit status 0
2022-06-02 09:31:03,257 INFO  Grep on file /home/pi/actions-runner/_work/thin-edge.io/thin-edge.io/tests/PySys/plugin_docker/docker_plugin_update/Output/linux/docker_images.out ... passed
2022-06-02 09:31:26,462 INFO  Executed sudo<docker_run>, exit status 0, duration 23 secs
2022-06-02 09:31:27,279 INFO  Executed sudo<docker_ps>, exit status 0
2022-06-02 09:31:27,285 INFO  Grep on file /home/pi/actions-runner/_work/thin-edge.io/thin-edge.io/tests/PySys/plugin_docker/docker_plugin_update/Output/linux/docker_ps.out ... passed
2022-06-02 09:31:55,544 INFO  Executed sudo<plugin_install>, exit status 0, duration 28 secs
2022-06-02 09:31:56,362 INFO  Executed sudo<docker_ps_latest>, exit status 0
2022-06-02 09:31:57,178 INFO  Executed sudo<docker_ps>, exit status 0
2022-06-02 09:31:57,183 INFO  Grep on file /home/pi/actions-runner/_work/thin-edge.io/thin-edge.io/tests/PySys/plugin_docker/docker_plugin_update/Output/linux/docker_ps.out ... passed
2022-06-02 09:31:58,949 INFO  Executed sudo<docker_ps>, exit status 0
2022-06-02 09:31:58,953 INFO  Grep on file /home/pi/actions-runner/_work/thin-edge.io/thin-edge.io/tests/PySys/plugin_docker/docker_plugin_update/Output/linux/docker_ps.out ... passed
2022-06-02 09:31:58,959 INFO  
2022-06-02 09:31:58,960 INFO  cleanup:
2022-06-02 09:31:58,961 INFO  Removing containers scheduled to be cleaned up: ['56af18095445', 'eedce9210b9c', '1e509be8dbcf03f6501b2f2b506e7f72a44a6c9c731af5824c2aac41a4918602\n', '3371fd600c4d80ff9491b55ab95cd8019a07a94fc4c54b30621b2cf867e90fc3\n', '31a9a0708cdf2bc2f3110ae05ebde04a14ee4a5820211fa3a3f86d67efbaa77e\n', 'ad4dceeb3dde']
2022-06-02 09:32:02,460 WARN  Executed sudo<containers_for_cleanup>, exit status 1
2022-06-02 09:32:02,462 INFO  Removing images scheduled to be cleaned up: ['registry', 'registry', 'registry:2.7.1', 'registry', 'registry:2.7.1', 'registry:2.6.2', 'registry:2.7.1']
2022-06-02 09:32:10,913 INFO  Executed sudo<containers_for_cleanup>, exit status 0
2022-06-02 09:32:10,916 INFO  
2022-06-02 09:32:10,917 INFO  Test duration: 68.51 secs
2022-06-02 09:32:10,918 INFO  Test final outcome:  PASSED
2022-06-02 09:32:10,919 INFO  
