2022-06-10 10:05:37,464 INFO  ==============================================================
2022-06-10 10:05:37,465 INFO  Id:    docker_plugin_install_with_version
2022-06-10 10:05:37,466 INFO  Dir:   plugin_docker/
2022-06-10 10:05:37,467 INFO  Title: Validate docker plugin install
2022-06-10 10:05:37,468 INFO  ==============================================================
2022-06-10 10:05:38,285 INFO  Executed sudo<docker_images>, exit status 0
2022-06-10 10:05:38,290 INFO  Grep on file /home/pi/actions-runner/_work/thin-edge.io/thin-edge.io/tests/PySys/plugin_docker/docker_plugin_install_with_version/Output/linux/docker_images.out ... passed
2022-06-10 10:06:01,865 INFO  Executed sudo<plugin_install>, exit status 0, duration 23 secs
2022-06-10 10:06:02,733 INFO  Executed sudo<docker_ps_latest>, exit status 0
2022-06-10 10:06:03,513 INFO  Executed sudo<docker_ps>, exit status 0
2022-06-10 10:06:03,524 INFO  Grep on file /home/pi/actions-runner/_work/thin-edge.io/thin-edge.io/tests/PySys/plugin_docker/docker_plugin_install_with_version/Output/linux/docker_ps.out ... passed
2022-06-10 10:06:03,529 INFO  
2022-06-10 10:06:03,530 INFO  cleanup:
2022-06-10 10:06:03,531 INFO  Removing containers scheduled to be cleaned up: ['56b386ede6a1', '44e9c5a8c8a0']
2022-06-10 10:06:06,455 WARN  Executed sudo<containers_for_cleanup>, exit status 1
2022-06-10 10:06:06,457 INFO  Removing images scheduled to be cleaned up: ['registry', 'registry', 'registry:2.7.1']
2022-06-10 10:06:10,141 INFO  Executed sudo<containers_for_cleanup>, exit status 0
2022-06-10 10:06:10,145 INFO  
2022-06-10 10:06:10,146 INFO  Test duration: 32.69 secs
2022-06-10 10:06:10,147 INFO  Test final outcome:  PASSED
2022-06-10 10:06:10,148 INFO  
