2022-05-11 10:25:29,690 INFO  ==============================================================
2022-05-11 10:25:29,691 INFO  Id:    apt_fail_noarg
2022-05-11 10:25:29,695 INFO  Dir:   plugin_apt/
2022-05-11 10:25:29,696 INFO  Title: Validate apt plugin fetures(prepare, list, install, remove finalize) without arguments
2022-05-11 10:25:29,696 INFO  ==============================================================
2022-05-11 10:25:31,160 INFO  Executed sudo<outp_install>, exit status 1
2022-05-11 10:25:31,165 INFO  Assert that (value==1) with value=1 ... passed
2022-05-11 10:25:31,677 INFO  Executed sudo<outp_install>, exit status 1
2022-05-11 10:25:31,679 INFO  Assert that (value==1) with value=1 ... passed
2022-05-11 10:25:32,190 INFO  Executed sudo<outp_install>, exit status 1
2022-05-11 10:25:32,193 INFO  Assert that (value==1) with value=1 ... passed
2022-05-11 10:25:32,705 INFO  Executed sudo<outp_install>, exit status 1
2022-05-11 10:25:32,707 INFO  Assert that (value==1) with value=1 ... passed
2022-05-11 10:25:33,218 INFO  Executed sudo<outp_install>, exit status 1
2022-05-11 10:25:33,220 INFO  Assert that (value==1) with value=1 ... passed
2022-05-11 10:25:33,732 INFO  Executed sudo<outp_install>, exit status 1
2022-05-11 10:25:33,734 INFO  Assert that (value==1) with value=1 ... passed
2022-05-11 10:25:34,246 INFO  Executed sudo<outp_install>, exit status 1
2022-05-11 10:25:34,248 INFO  Assert that (value==1) with value=1 ... passed
2022-05-11 10:25:34,759 INFO  Executed sudo<outp_install>, exit status 1
2022-05-11 10:25:34,762 INFO  Assert that (value==1) with value=1 ... passed
2022-05-11 10:25:35,274 INFO  Executed sudo<outp_install>, exit status 1
2022-05-11 10:25:35,276 INFO  Assert that (value==1) with value=1 ... passed
2022-05-11 10:25:35,791 INFO  Executed sudo<outp_install>, exit status 1
2022-05-11 10:25:35,794 INFO  Assert that (value==1) with value=1 ... passed
2022-05-11 10:25:35,802 INFO  
2022-05-11 10:25:35,803 INFO  Test duration: 6.12 secs
2022-05-11 10:25:35,804 INFO  Test final outcome:  PASSED
2022-05-11 10:25:35,805 INFO  
