2022-07-22 04:21:56,540 INFO  ==============================================================
2022-07-22 04:21:56,541 INFO  Id:    apt_update_list
2022-07-22 04:21:56,542 INFO  Dir:   plugin_apt/
2022-07-22 04:21:56,543 INFO  Title: Validate apt plugin update-list command use case
2022-07-22 04:21:56,544 INFO  ==============================================================
2022-07-22 04:22:03,910 INFO  Executed sudo, exit status 0
2022-07-22 04:22:44,063 INFO  Executed sudo, exit status 0, duration 40 secs
2022-07-22 04:22:51,425 INFO  Executed sudo, exit status 0
2022-07-22 04:22:54,047 INFO  Executed sudo<outp_check_0>, exit status 0
2022-07-22 04:22:54,050 INFO  Assert that (value==0) with value=0 ... passed
2022-07-22 04:22:54,055 INFO  Grep on file outp_check_0.out ... passed
2022-07-22 04:22:56,678 INFO  Executed sudo<outp_check_1>, exit status 0
2022-07-22 04:22:56,680 INFO  Assert that (value==0) with value=0 ... passed
2022-07-22 04:22:56,687 INFO  Grep on file outp_check_1.out ... passed
2022-07-22 04:22:59,260 INFO  Executed sudo<outp_check_2>, exit status 0
2022-07-22 04:22:59,262 INFO  Assert that (value==0) with value=0 ... passed
2022-07-22 04:22:59,269 INFO  Grep on file outp_check_2.out ... passed
2022-07-22 04:23:48,029 INFO  Executed sudo<outp_check_3>, exit status 0
2022-07-22 04:23:48,032 INFO  Assert that (value==0) with value=0 ... passed
2022-07-22 04:23:48,042 INFO  Grep on file outp_check_3.out ... passed
2022-07-22 04:23:50,614 INFO  Executed sudo<outp_check_4>, exit status 0
2022-07-22 04:23:50,616 INFO  Assert that (value==0) with value=0 ... passed
2022-07-22 04:23:50,621 INFO  Grep on file outp_check_4.out ... passed
2022-07-22 04:23:53,244 INFO  Executed sudo<outp_check_5>, exit status 0
2022-07-22 04:23:53,247 INFO  Assert that (value==0) with value=0 ... passed
2022-07-22 04:23:53,252 INFO  Grep on file outp_check_5.out ... passed
2022-07-22 04:23:53,259 INFO  
2022-07-22 04:23:53,260 INFO  cleanup:
2022-07-22 04:24:07,205 INFO  Executed sudo, exit status 0, duration 13 secs
2022-07-22 04:24:14,612 INFO  Executed sudo, exit status 0
2022-07-22 04:24:28,896 INFO  Executed sudo, exit status 0, duration 14 secs
2022-07-22 04:24:28,901 INFO  
2022-07-22 04:24:28,902 INFO  Test duration: 152.37 secs
2022-07-22 04:24:28,903 INFO  Test final outcome:  PASSED
2022-07-22 04:24:28,904 INFO  
