2022-06-29 18:02:11,443 INFO  ==============================================================
2022-06-29 18:02:11,444 INFO  Id:    SoftwareManagement.sm_apt_install_remove_default
2022-06-29 18:02:11,445 INFO  Dir:   software_management_end_to_end/
2022-06-29 18:02:11,446 INFO  Title: Validate end to end behaviour for the default plugin for installation and removal of packages
2022-06-29 18:02:11,447 INFO  ==============================================================
2022-06-29 18:02:11,453 INFO  Using sw id database: {'asciijump': '5475369', 'robotfindskitten': '5474869', 'squirrel3': '5475279', 'rolldice': '5152439', 'moon-buggy': '5439204', 'apple': '5495053', 'banana': '5494888', 'cherry': '5495382', 'watermelon': '5494510', 'registry': '8018911', 'hello-world': '8021526', 'docker/getting-started': '8021973', 'alpine': '7991792'}
2022-06-29 18:02:11,454 INFO  EnvironmentC8y Setup
2022-06-29 18:02:12,016 INFO  Executed systemctl<serv_mapper1>, exit status 3
2022-06-29 18:02:12,123 INFO  Restarting mosquitto too frequently in the last 10 seconds. It was only up for 5 seconds
2022-06-29 18:02:12,124 INFO  Delaying execution by 6 seconds
2022-06-29 18:02:32,329 INFO  Executed sudo<tedge_connect_c8y>, exit status 0, duration 14 secs
2022-06-29 18:02:32,945 INFO  Executed sudo<tedge_connect_c8y_test>, exit status 0
2022-06-29 18:02:33,475 INFO  Executed systemctl<serv_mosq2>, exit status 0
2022-06-29 18:02:33,988 INFO  Executed systemctl<serv_mapper3>, exit status 0
2022-06-29 18:02:36,235 INFO  State of current operation: SUCCESSFUL
2022-06-29 18:02:36,638 INFO  Assert that (False == value) with value=False ... passed
2022-06-29 18:02:36,887 INFO  Response status: 201
2022-06-29 18:02:36,889 INFO  Response to action: {
    "creationTime": "2022-06-29T18:02:36.839Z",
    "deviceId": "20611989",
    "deviceName": "m32sd10a",
    "self": "https://t493319102.eu-latest.cumulocity.com/devicecontrol/operations/20626686",
    "id": "20626686",
    "status": "PENDING",
    "description": "Apply software changes, triggered from PySys: [{'name': 'rolldice', 'id': '5152439', 'version': ' ', 'url': '', 'action': 'install'}]",
    "c8y_SoftwareUpdate": [
        {
            "name": "rolldice",
            "action": "install",
            "id": "5152439",
            "version": " ",
            "url": ""
        }
    ]
}
2022-06-29 18:02:36,890 INFO  Started operation: {'creationTime': '2022-06-29T18:02:36.839Z', 'deviceId': '20611989', 'deviceName': 'm32sd10a', 'self': 'https://t493319102.eu-latest.cumulocity.com/devicecontrol/operations/20626686', 'id': '20626686', 'status': 'PENDING', 'description': "Apply software changes, triggered from PySys: [{'name': 'rolldice', 'id': '5152439', 'version': ' ', 'url': '', 'action': 'install'}]", 'c8y_SoftwareUpdate': [{'name': 'rolldice', 'action': 'install', 'id': '5152439', 'version': ' ', 'url': ''}]}
2022-06-29 18:02:39,116 INFO  State of operation 20626686 : PENDING
2022-06-29 18:02:41,344 INFO  State of operation 20626686 : EXECUTING
2022-06-29 18:02:43,560 INFO  State of operation 20626686 : EXECUTING
2022-06-29 18:02:45,784 INFO  State of operation 20626686 : EXECUTING
2022-06-29 18:02:48,005 INFO  State of operation 20626686 : EXECUTING
2022-06-29 18:02:50,222 INFO  State of operation 20626686 : EXECUTING
2022-06-29 18:02:53,020 INFO  State of operation 20626686 : EXECUTING
2022-06-29 18:02:55,668 INFO  State of operation 20626686 : EXECUTING
2022-06-29 18:02:58,113 INFO  State of operation 20626686 : EXECUTING
2022-06-29 18:03:00,471 INFO  State of operation 20626686 : EXECUTING
2022-06-29 18:03:02,726 INFO  State of operation 20626686 : EXECUTING
2022-06-29 18:03:04,965 INFO  State of operation 20626686 : EXECUTING
2022-06-29 18:03:07,213 INFO  State of operation 20626686 : EXECUTING
2022-06-29 18:03:09,464 INFO  State of operation 20626686 : EXECUTING
2022-06-29 18:03:11,803 INFO  State of operation 20626686 : EXECUTING
2022-06-29 18:03:14,048 INFO  State of operation 20626686 : EXECUTING
2022-06-29 18:03:16,664 INFO  State of operation 20626686 : EXECUTING
2022-06-29 18:03:18,888 INFO  State of operation 20626686 : EXECUTING
2022-06-29 18:03:21,141 INFO  State of operation 20626686 : EXECUTING
2022-06-29 18:03:23,543 INFO  State of operation 20626686 : EXECUTING
2022-06-29 18:03:25,763 INFO  State of operation 20626686 : EXECUTING
2022-06-29 18:03:28,094 INFO  State of operation 20626686 : EXECUTING
2022-06-29 18:03:30,855 INFO  State of operation 20626686 : EXECUTING
2022-06-29 18:03:33,080 INFO  State of operation 20626686 : EXECUTING
2022-06-29 18:03:35,801 INFO  State of operation 20626686 : EXECUTING
2022-06-29 18:03:38,026 INFO  State of operation 20626686 : EXECUTING
2022-06-29 18:03:40,558 INFO  State of operation 20626686 : EXECUTING
2022-06-29 18:03:42,795 INFO  State of operation 20626686 : EXECUTING
2022-06-29 18:03:45,188 INFO  State of operation 20626686 : EXECUTING
2022-06-29 18:03:47,423 INFO  State of operation 20626686 : EXECUTING
2022-06-29 18:03:49,644 INFO  State of operation 20626686 : EXECUTING
2022-06-29 18:03:51,867 INFO  State of operation 20626686 : EXECUTING
2022-06-29 18:03:54,080 INFO  State of operation 20626686 : SUCCESSFUL
2022-06-29 18:03:54,336 INFO  Package rolldice is installed
2022-06-29 18:03:54,338 INFO  Assert that (True == value) with value=True ... passed
2022-06-29 18:03:54,581 INFO  Response status: 201
2022-06-29 18:03:54,582 INFO  Response to action: {
    "creationTime": "2022-06-29T18:03:54.533Z",
    "deviceId": "20611989",
    "deviceName": "m32sd10a",
    "self": "https://t493319102.eu-latest.cumulocity.com/devicecontrol/operations/20626698",
    "id": "20626698",
    "status": "PENDING",
    "description": "Apply software changes, triggered from PySys: [{'name': 'rolldice', 'id': '5152439', 'version': ' ', 'url': '', 'action': 'delete'}]",
    "c8y_SoftwareUpdate": [
        {
            "name": "rolldice",
            "action": "delete",
            "id": "5152439",
            "version": " ",
            "url": ""
        }
    ]
}
2022-06-29 18:03:54,583 INFO  Started operation: {'creationTime': '2022-06-29T18:03:54.533Z', 'deviceId': '20611989', 'deviceName': 'm32sd10a', 'self': 'https://t493319102.eu-latest.cumulocity.com/devicecontrol/operations/20626698', 'id': '20626698', 'status': 'PENDING', 'description': "Apply software changes, triggered from PySys: [{'name': 'rolldice', 'id': '5152439', 'version': ' ', 'url': '', 'action': 'delete'}]", 'c8y_SoftwareUpdate': [{'name': 'rolldice', 'action': 'delete', 'id': '5152439', 'version': ' ', 'url': ''}]}
2022-06-29 18:03:56,799 INFO  State of operation 20626698 : PENDING
2022-06-29 18:03:59,048 INFO  State of operation 20626698 : EXECUTING
2022-06-29 18:04:01,266 INFO  State of operation 20626698 : EXECUTING
2022-06-29 18:04:03,495 INFO  State of operation 20626698 : EXECUTING
2022-06-29 18:04:05,710 INFO  State of operation 20626698 : EXECUTING
2022-06-29 18:04:07,935 INFO  State of operation 20626698 : EXECUTING
2022-06-29 18:04:10,633 INFO  State of operation 20626698 : EXECUTING
2022-06-29 18:04:13,384 INFO  State of operation 20626698 : EXECUTING
2022-06-29 18:04:15,650 INFO  State of operation 20626698 : EXECUTING
2022-06-29 18:04:18,029 INFO  State of operation 20626698 : EXECUTING
2022-06-29 18:04:20,247 INFO  State of operation 20626698 : EXECUTING
2022-06-29 18:04:22,481 INFO  State of operation 20626698 : EXECUTING
2022-06-29 18:04:24,747 INFO  State of operation 20626698 : EXECUTING
2022-06-29 18:04:27,001 INFO  State of operation 20626698 : EXECUTING
2022-06-29 18:04:29,327 INFO  State of operation 20626698 : EXECUTING
2022-06-29 18:04:31,582 INFO  State of operation 20626698 : EXECUTING
2022-06-29 18:04:34,312 INFO  State of operation 20626698 : EXECUTING
2022-06-29 18:04:36,676 INFO  State of operation 20626698 : EXECUTING
2022-06-29 18:04:38,896 INFO  State of operation 20626698 : EXECUTING
2022-06-29 18:04:41,112 INFO  State of operation 20626698 : EXECUTING
2022-06-29 18:04:43,324 INFO  State of operation 20626698 : EXECUTING
2022-06-29 18:04:45,549 INFO  State of operation 20626698 : SUCCESSFUL
2022-06-29 18:04:45,774 INFO  Assert that (False == value) with value=False ... passed
2022-06-29 18:04:45,786 INFO  
2022-06-29 18:04:45,787 INFO  cleanup:
2022-06-29 18:04:49,873 INFO  Executed sudo<tedge_disconnect_c8y>, exit status 0
2022-06-29 18:04:50,492 INFO  Executed systemctl<serv_mapper5>, exit status 3
2022-06-29 18:04:50,498 INFO  
2022-06-29 18:04:50,499 INFO  Test duration: 159.07 secs
2022-06-29 18:04:50,501 INFO  Test final outcome:  PASSED
2022-06-29 18:04:50,502 INFO  
