2022-07-13 11:33:09,797 INFO  ==============================================================
2022-07-13 11:33:09,798 INFO  Id:    local_mqtt_pub_sub_retain
2022-07-13 11:33:09,799 INFO  Dir:   local_mqtt/
2022-07-13 11:33:09,800 INFO  Title: Validate local publishing with retain flag
2022-07-13 11:33:09,801 INFO  ==============================================================
2022-07-13 11:33:10,218 INFO  Executed tedge<pub_to_set_alarm>, exit status 0
2022-07-13 11:33:10,628 INFO  Executed tedge<pub_to_set_alarm>, exit status 0
2022-07-13 11:33:11,637 INFO  Started tedge<temp_sensor_sub> with process id 32109
2022-07-13 11:33:12,102 INFO  Executed tedge<pub_to_clear_alarm>, exit status 0
2022-07-13 11:33:13,614 INFO  Executed sudo<kill_out>, exit status 0
2022-07-13 11:33:14,024 INFO  Executed tedge<pub_to_clear_alarm>, exit status 0
2022-07-13 11:33:14,032 INFO  Started tedge<temp_sensor_empty_message> with process id 32114
2022-07-13 11:33:15,599 INFO  Executed sudo<kill_out>, exit status 0
2022-07-13 11:33:15,958 WARN  Grep on temp_sensor_sub.out contains "\[test/alarms/temp_sensor\] alarm msg 2" ... failed [run.py:139]
2022-07-13 11:33:15,975 WARN  Grep on temp_sensor_sub.out contains "\[test/alarms/temp_sensor\] " ... failed [run.py:142]
2022-07-13 11:33:15,992 INFO  Grep on file temp_sensor_empty_message.out ... passed
2022-07-13 11:33:16,001 INFO  
2022-07-13 11:33:16,002 INFO  Test duration: 6.21 secs
2022-07-13 11:33:16,003 INFO  Test final outcome:  FAILED
2022-07-13 11:33:16,004 INFO  Test outcome reason: Grep on temp_sensor_sub.out contains "\[test/alarms/temp_sensor\] alarm msg 2" (+1 other failures)
2022-07-13 11:33:16,005 INFO  
