2022-06-07 12:42:50,912 INFO  ==============================================================
2022-06-07 12:42:50,913 INFO  Id:    SoftwareManagement.sm_docker_install_remove_multiple
2022-06-07 12:42:50,914 INFO  Dir:   software_management_end_to_end/
2022-06-07 12:42:50,915 INFO  Title: Validate end to end behaviour for the docker plugin for multiple docker images with mixed versions
2022-06-07 12:42:50,916 INFO  ==============================================================
2022-06-07 12:42:50,926 INFO  Using sw id database: {'asciijump': '5475369', 'robotfindskitten': '5474869', 'squirrel3': '5475279', 'rolldice': '5152439', 'moon-buggy': '5439204', 'apple': '5495053', 'banana': '5494888', 'cherry': '5495382', 'watermelon': '5494510', 'registry': '8018911', 'hello-world': '8021526', 'docker/getting-started': '8021973', 'alpine': '7991792'}
2022-06-07 12:42:50,927 INFO  EnvironmentC8y Setup
2022-06-07 12:42:51,489 INFO  Executed systemctl<serv_mapper1>, exit status 3
2022-06-07 12:42:51,597 INFO  Restarting mosquitto too frequently in the last 10 seconds. It was only up for 5 seconds
2022-06-07 12:42:51,598 INFO  Delaying execution by 6 seconds
2022-06-07 12:43:11,572 INFO  Executed sudo<tedge_connect_c8y>, exit status 0, duration 13 secs
2022-06-07 12:43:12,151 INFO  Executed sudo<tedge_connect_c8y_test>, exit status 0
2022-06-07 12:43:12,668 INFO  Executed systemctl<serv_mosq2>, exit status 0
2022-06-07 12:43:13,135 INFO  Executed systemctl<serv_mapper3>, exit status 0
2022-06-07 12:43:15,366 INFO  State of current operation: SUCCESSFUL
2022-06-07 12:43:15,862 INFO  Response status: 201
2022-06-07 12:43:15,863 INFO  Response to action: {
    "creationTime": "2022-06-07T12:43:15.546Z",
    "deviceId": "19916365",
    "deviceName": "m32sd10c",
    "self": "https://t493319102.eu-latest.cumulocity.com/devicecontrol/operations/20014490",
    "id": "20014490",
    "status": "PENDING",
    "description": "Apply software changes, triggered from PySys: [{'action': 'install', 'id': '8021526', 'name': 'hello-world', 'url': '', 'version': '::docker'}, {'action': 'install', 'id': '8018911', 'name': 'registry', 'url': '', 'version': '2.6.2::docker'}]",
    "c8y_SoftwareUpdate": [
        {
            "name": "hello-world",
            "action": "install",
            "id": "8021526",
            "version": "::docker",
            "url": ""
        },
        {
            "name": "registry",
            "action": "install",
            "id": "8018911",
            "version": "2.6.2::docker",
            "url": ""
        }
    ]
}
2022-06-07 12:43:15,864 INFO  Started operation: {'creationTime': '2022-06-07T12:43:15.546Z', 'deviceId': '19916365', 'deviceName': 'm32sd10c', 'self': 'https://t493319102.eu-latest.cumulocity.com/devicecontrol/operations/20014490', 'id': '20014490', 'status': 'PENDING', 'description': "Apply software changes, triggered from PySys: [{'action': 'install', 'id': '8021526', 'name': 'hello-world', 'url': '', 'version': '::docker'}, {'action': 'install', 'id': '8018911', 'name': 'registry', 'url': '', 'version': '2.6.2::docker'}]", 'c8y_SoftwareUpdate': [{'name': 'hello-world', 'action': 'install', 'id': '8021526', 'version': '::docker', 'url': ''}, {'name': 'registry', 'action': 'install', 'id': '8018911', 'version': '2.6.2::docker', 'url': ''}]}
2022-06-07 12:43:18,109 INFO  State of operation 20014490 : PENDING
2022-06-07 12:43:20,317 INFO  State of operation 20014490 : EXECUTING
2022-06-07 12:43:22,614 INFO  State of operation 20014490 : EXECUTING
2022-06-07 12:43:24,833 INFO  State of operation 20014490 : EXECUTING
2022-06-07 12:43:27,796 INFO  State of operation 20014490 : EXECUTING
2022-06-07 12:43:30,068 INFO  State of operation 20014490 : EXECUTING
2022-06-07 12:43:32,287 INFO  State of operation 20014490 : EXECUTING
2022-06-07 12:43:34,797 INFO  State of operation 20014490 : EXECUTING
2022-06-07 12:43:37,028 INFO  State of operation 20014490 : EXECUTING
2022-06-07 12:43:39,256 INFO  State of operation 20014490 : EXECUTING
2022-06-07 12:43:41,468 INFO  State of operation 20014490 : EXECUTING
2022-06-07 12:43:44,176 INFO  State of operation 20014490 : EXECUTING
2022-06-07 12:43:46,426 INFO  State of operation 20014490 : EXECUTING
2022-06-07 12:43:48,686 INFO  State of operation 20014490 : EXECUTING
2022-06-07 12:43:50,894 INFO  State of operation 20014490 : EXECUTING
2022-06-07 12:43:53,104 INFO  State of operation 20014490 : SUCCESSFUL
2022-06-07 12:43:54,323 INFO  Package hello-world is installed
2022-06-07 12:43:54,570 INFO  Package hello-world is installed
2022-06-07 12:43:54,572 INFO  Assert that (True == value) with value=True ... passed
2022-06-07 12:43:54,818 INFO  Package registry is installed
2022-06-07 12:43:54,820 INFO  Assert that (True == value) with value=True ... passed
2022-06-07 12:43:55,048 INFO  Assert that (False == value) with value=False ... passed
2022-06-07 12:43:55,294 INFO  Response status: 201
2022-06-07 12:43:55,296 INFO  Response to action: {
    "creationTime": "2022-06-07T12:43:55.232Z",
    "deviceId": "19916365",
    "deviceName": "m32sd10c",
    "self": "https://t493319102.eu-latest.cumulocity.com/devicecontrol/operations/20014502",
    "id": "20014502",
    "status": "PENDING",
    "description": "Apply software changes, triggered from PySys: [{'action': 'install', 'id': '8018911', 'name': 'registry', 'url': '', 'version': '2.7.1::docker'}, {'action': 'install', 'id': '7991792', 'name': 'alpine', 'url': '', 'version': '::docker'}]",
    "c8y_SoftwareUpdate": [
        {
            "name": "registry",
            "action": "install",
            "id": "8018911",
            "version": "2.7.1::docker",
            "url": ""
        },
        {
            "name": "alpine",
            "action": "install",
            "id": "7991792",
            "version": "::docker",
            "url": ""
        }
    ]
}
2022-06-07 12:43:55,297 INFO  Started operation: {'creationTime': '2022-06-07T12:43:55.232Z', 'deviceId': '19916365', 'deviceName': 'm32sd10c', 'self': 'https://t493319102.eu-latest.cumulocity.com/devicecontrol/operations/20014502', 'id': '20014502', 'status': 'PENDING', 'description': "Apply software changes, triggered from PySys: [{'action': 'install', 'id': '8018911', 'name': 'registry', 'url': '', 'version': '2.7.1::docker'}, {'action': 'install', 'id': '7991792', 'name': 'alpine', 'url': '', 'version': '::docker'}]", 'c8y_SoftwareUpdate': [{'name': 'registry', 'action': 'install', 'id': '8018911', 'version': '2.7.1::docker', 'url': ''}, {'name': 'alpine', 'action': 'install', 'id': '7991792', 'version': '::docker', 'url': ''}]}
2022-06-07 12:43:57,509 INFO  State of operation 20014502 : PENDING
2022-06-07 12:43:59,758 INFO  State of operation 20014502 : EXECUTING
2022-06-07 12:44:02,019 INFO  State of operation 20014502 : EXECUTING
2022-06-07 12:44:04,227 INFO  State of operation 20014502 : EXECUTING
2022-06-07 12:44:06,742 INFO  State of operation 20014502 : EXECUTING
2022-06-07 12:44:08,967 INFO  State of operation 20014502 : EXECUTING
2022-06-07 12:44:11,192 INFO  State of operation 20014502 : EXECUTING
2022-06-07 12:44:13,427 INFO  State of operation 20014502 : EXECUTING
2022-06-07 12:44:15,639 INFO  State of operation 20014502 : EXECUTING
2022-06-07 12:44:17,867 INFO  State of operation 20014502 : EXECUTING
2022-06-07 12:44:20,115 INFO  State of operation 20014502 : EXECUTING
2022-06-07 12:44:22,340 INFO  State of operation 20014502 : EXECUTING
2022-06-07 12:44:24,657 INFO  State of operation 20014502 : EXECUTING
2022-06-07 12:44:26,865 INFO  State of operation 20014502 : EXECUTING
2022-06-07 12:44:29,248 INFO  State of operation 20014502 : EXECUTING
2022-06-07 12:44:31,824 INFO  State of operation 20014502 : EXECUTING
2022-06-07 12:44:34,081 INFO  State of operation 20014502 : EXECUTING
2022-06-07 12:44:36,344 INFO  State of operation 20014502 : EXECUTING
2022-06-07 12:44:38,741 INFO  State of operation 20014502 : EXECUTING
2022-06-07 12:44:41,037 INFO  State of operation 20014502 : EXECUTING
2022-06-07 12:44:43,240 INFO  State of operation 20014502 : SUCCESSFUL
2022-06-07 12:44:44,482 INFO  Package hello-world is installed
2022-06-07 12:44:44,734 INFO  Package hello-world is installed
2022-06-07 12:44:44,737 INFO  Assert that (True == value) with value=True ... passed
2022-06-07 12:44:44,958 INFO  Package registry is installed
2022-06-07 12:44:44,960 INFO  Assert that (True == value) with value=True ... passed
2022-06-07 12:44:45,184 INFO  Package alpine is installed
2022-06-07 12:44:45,186 INFO  Assert that (True == value) with value=True ... passed
2022-06-07 12:44:45,198 INFO  
2022-06-07 12:44:45,199 INFO  cleanup:
2022-06-07 12:44:45,444 INFO  Response status: 201
2022-06-07 12:44:45,445 INFO  Response to action: {
    "creationTime": "2022-06-07T12:44:45.379Z",
    "deviceId": "19916365",
    "deviceName": "m32sd10c",
    "self": "https://t493319102.eu-latest.cumulocity.com/devicecontrol/operations/20014514",
    "id": "20014514",
    "status": "PENDING",
    "description": "Apply software changes, triggered from PySys: [{'action': 'delete', 'id': '8018911', 'name': 'registry', 'url': '', 'version': '2.7.1::docker'}, {'action': 'delete', 'id': '7991792', 'name': 'alpine', 'url': '', 'version': '::docker'}, {'action': 'delete', 'id': '8021526', 'name': 'hello-world', 'url': '', 'version': '::docker'}]",
    "c8y_SoftwareUpdate": [
        {
            "name": "registry",
            "action": "delete",
            "id": "8018911",
            "version": "2.7.1::docker",
            "url": ""
        },
        {
            "name": "alpine",
            "action": "delete",
            "id": "7991792",
            "version": "::docker",
            "url": ""
        },
        {
            "name": "hello-world",
            "action": "delete",
            "id": "8021526",
            "version": "::docker",
            "url": ""
        }
    ]
}
2022-06-07 12:44:45,446 INFO  Started operation: {'creationTime': '2022-06-07T12:44:45.379Z', 'deviceId': '19916365', 'deviceName': 'm32sd10c', 'self': 'https://t493319102.eu-latest.cumulocity.com/devicecontrol/operations/20014514', 'id': '20014514', 'status': 'PENDING', 'description': "Apply software changes, triggered from PySys: [{'action': 'delete', 'id': '8018911', 'name': 'registry', 'url': '', 'version': '2.7.1::docker'}, {'action': 'delete', 'id': '7991792', 'name': 'alpine', 'url': '', 'version': '::docker'}, {'action': 'delete', 'id': '8021526', 'name': 'hello-world', 'url': '', 'version': '::docker'}]", 'c8y_SoftwareUpdate': [{'name': 'registry', 'action': 'delete', 'id': '8018911', 'version': '2.7.1::docker', 'url': ''}, {'name': 'alpine', 'action': 'delete', 'id': '7991792', 'version': '::docker', 'url': ''}, {'name': 'hello-world', 'action': 'delete', 'id': '8021526', 'version': '::docker', 'url': ''}]}
2022-06-07 12:44:47,664 INFO  State of operation 20014514 : PENDING
2022-06-07 12:44:49,897 INFO  State of operation 20014514 : EXECUTING
2022-06-07 12:44:52,136 INFO  State of operation 20014514 : EXECUTING
2022-06-07 12:44:54,384 INFO  State of operation 20014514 : EXECUTING
2022-06-07 12:44:56,612 INFO  State of operation 20014514 : EXECUTING
2022-06-07 12:44:58,835 INFO  State of operation 20014514 : EXECUTING
2022-06-07 12:45:01,061 INFO  State of operation 20014514 : EXECUTING
2022-06-07 12:45:03,307 INFO  State of operation 20014514 : EXECUTING
2022-06-07 12:45:05,510 INFO  State of operation 20014514 : SUCCESSFUL
2022-06-07 12:45:17,470 INFO  Assert that (False == value) with value=False ... passed
2022-06-07 12:45:17,686 INFO  Assert that (False == value) with value=False ... passed
2022-06-07 12:45:17,908 INFO  Assert that (False == value) with value=False ... passed
2022-06-07 12:45:22,023 INFO  Executed sudo<tedge_disconnect_c8y>, exit status 0
2022-06-07 12:45:22,636 INFO  Executed systemctl<serv_mapper5>, exit status 3
2022-06-07 12:45:22,640 INFO  
2022-06-07 12:45:22,641 INFO  Test duration: 151.74 secs
2022-06-07 12:45:22,642 INFO  Test final outcome:  PASSED
2022-06-07 12:45:22,643 INFO  
