2022-05-23 19:17:47,030 INFO  ==============================================================
2022-05-23 19:17:47,031 INFO  Id:    tedge_software_update
2022-05-23 19:17:47,032 INFO  Dir:   tedge/
2022-05-23 19:17:47,033 INFO  Title: Software install from download path
2022-05-23 19:17:47,034 INFO  ==============================================================
2022-05-23 19:17:47,042 INFO  EnvironmentC8y Setup
2022-05-23 19:17:47,615 INFO  Executed systemctl<serv_mapper1>, exit status 3
2022-05-23 19:18:01,720 INFO  Executed sudo<tedge_connect_c8y>, exit status 0, duration 13 secs
2022-05-23 19:18:02,338 INFO  Executed sudo<tedge_connect_c8y_test>, exit status 0
2022-05-23 19:18:02,801 INFO  Executed systemctl<serv_mosq2>, exit status 0
2022-05-23 19:18:03,264 INFO  Executed systemctl<serv_mapper3>, exit status 0
2022-05-23 19:18:03,266 INFO  Setup
2022-05-23 19:18:03,778 INFO  Executed sudo<mkdir>, exit status 0
2022-05-23 19:18:04,293 INFO  Executed sudo<chmod>, exit status 0
2022-05-23 19:18:04,812 INFO  Executed sudo<tedge_config_get_original>, exit status 0
2022-05-23 19:18:05,325 INFO  Executed sudo, exit status 0
2022-05-23 19:18:05,838 INFO  Executed sudo<tedge_config_get_new_value>, exit status 0
2022-05-23 19:18:06,351 INFO  Executed sudo<rolldice_download>, exit status 0
2022-05-23 19:18:06,358 INFO  Grep on file tedge_config_get_new_value.out ... passed
2022-05-23 19:18:06,367 INFO  
2022-05-23 19:18:06,369 INFO  cleanup:
2022-05-23 19:18:06,937 INFO  Executed sudo, exit status 0
2022-05-23 19:18:07,501 INFO  Executed sudo<tedge_config_get_cleanup>, exit status 0
2022-05-23 19:18:07,508 INFO  Grep on file tedge_config_get_cleanup.out ... passed
2022-05-23 19:18:08,022 INFO  Executed sudo<rmdir>, exit status 0
2022-05-23 19:18:12,237 INFO  Executed sudo<tedge_disconnect_c8y>, exit status 0
2022-05-23 19:18:12,800 INFO  Executed systemctl<serv_mapper5>, exit status 3
2022-05-23 19:18:12,805 INFO  
2022-05-23 19:18:12,806 INFO  Test duration: 25.78 secs
2022-05-23 19:18:12,807 INFO  Test final outcome:  PASSED
2022-05-23 19:18:12,808 INFO  
