Package: libsquirrel3-0
Status: install ok installed
Priority: optional
Section: libs
Installed-Size: 333
Maintainer: Fabian Wolff <fabi.wolff@arcor.de>
Architecture: armhf
Multi-Arch: same
Source: squirrel3
Version: 3.1-7
Depends: libc6 (>= 2.27), libgcc1 (>= 1:3.5), libstdc++6 (>= 4.1.1)
Description: runtime libraries for the Squirrel programming language
 Squirrel is a high-level imperative, object-oriented programming
 language, designed to be a lightweight scripting language that fits
 in the size, memory bandwidth, and real-time requirements of
 applications like video games.
 .
 This package contains runtime libraries. You shouldn't have to
 install it manually.
Homepage: http://squirrel-lang.org/
