2022-07-15 07:55:35,481 INFO  ==============================================================
2022-07-15 07:55:35,482 INFO  Id:    apt_finalize
2022-07-15 07:55:35,483 INFO  Dir:   plugin_apt/
2022-07-15 07:55:35,484 INFO  Title: Validate apt plugin finalize - dense version
2022-07-15 07:55:35,485 INFO  ==============================================================
2022-07-15 07:56:18,354 INFO  Executed sudo<outp_remove>, exit status 0, duration 42 secs
2022-07-15 07:56:18,357 INFO  Assert that (value==0) with value=0 ... passed
2022-07-15 07:56:34,265 INFO  Executed sudo<outp_remove>, exit status 0, duration 15 secs
2022-07-15 07:56:34,268 INFO  Assert that (value==0) with value=0 ... passed
2022-07-15 07:56:39,595 INFO  Executed sudo<outp_check_0>, exit status 0
2022-07-15 07:56:39,597 INFO  Assert that (value==0) with value=0 ... passed
2022-07-15 07:56:39,607 INFO  Grep on file outp_check_0.out ... passed
2022-07-15 07:56:40,068 INFO  Executed dpkg-query<outp_check_0>, exit status 1
2022-07-15 07:57:21,648 INFO  Executed sudo<outp_install>, exit status 0, duration 41 secs
2022-07-15 07:57:21,653 INFO  Assert that (value==0) with value=0 ... passed
2022-07-15 07:57:27,022 INFO  Executed sudo<outp_check_1>, exit status 0
2022-07-15 07:57:27,025 INFO  Assert that (value==0) with value=0 ... passed
2022-07-15 07:57:27,030 INFO  Grep on file outp_check_1.out ... passed
2022-07-15 07:57:27,491 INFO  Executed dpkg-query<outp_check_1>, exit status 0
2022-07-15 07:57:42,605 INFO  Executed sudo<outp_remove>, exit status 0, duration 15 secs
2022-07-15 07:57:42,607 INFO  Assert that (value==0) with value=0 ... passed
2022-07-15 07:57:47,926 INFO  Executed sudo<outp_check_2>, exit status 0
2022-07-15 07:57:47,928 INFO  Assert that (value==0) with value=0 ... passed
2022-07-15 07:57:47,933 INFO  Grep on file outp_check_2.out ... passed
2022-07-15 07:57:48,395 INFO  Executed dpkg-query<outp_check_2>, exit status 0
2022-07-15 07:58:01,247 INFO  Executed sudo<outp_finalize>, exit status 0, duration 12 secs
2022-07-15 07:58:01,249 INFO  Assert that (value==0) with value=0 ... passed
2022-07-15 07:58:06,544 INFO  Executed sudo<outp_check_3>, exit status 0
2022-07-15 07:58:06,547 INFO  Assert that (value==0) with value=0 ... passed
2022-07-15 07:58:06,552 INFO  Grep on file outp_check_3.out ... passed
2022-07-15 07:58:07,013 INFO  Executed dpkg-query<outp_check_3>, exit status 1
2022-07-15 07:58:07,020 INFO  
2022-07-15 07:58:07,021 INFO  cleanup:
2022-07-15 07:58:07,025 INFO  
2022-07-15 07:58:07,026 INFO  Test duration: 151.55 secs
2022-07-15 07:58:07,028 INFO  Test final outcome:  PASSED
2022-07-15 07:58:07,029 INFO  
