2022-07-22 10:11:39,224 INFO  ==============================================================
2022-07-22 10:11:39,225 INFO  Id:    SoftwareManagement.sm_apt_install_fail
2022-07-22 10:11:39,226 INFO  Dir:   software_management_end_to_end/
2022-07-22 10:11:39,227 INFO  Title: Validate end to end behaviour for a failing installation
2022-07-22 10:11:39,228 INFO  ==============================================================
2022-07-22 10:11:39,234 INFO  Using sw id database: {'asciijump': '5475369', 'robotfindskitten': '5474869', 'squirrel3': '5475279', 'rolldice': '5152439', 'moon-buggy': '5439204', 'apple': '5495053', 'banana': '5494888', 'cherry': '5495382', 'watermelon': '5494510', 'registry': '8018911', 'hello-world': '8021526', 'docker/getting-started': '8021973', 'alpine': '7991792'}
2022-07-22 10:11:39,235 INFO  EnvironmentC8y Setup
2022-07-22 10:11:39,796 INFO  Executed systemctl<serv_mapper1>, exit status 3
2022-07-22 10:11:39,906 INFO  Restarting mosquitto too frequently in the last 10 seconds. It was only up for 4 seconds
2022-07-22 10:11:39,908 INFO  Delaying execution by 7 seconds
2022-07-22 10:12:00,610 INFO  Executed sudo<tedge_connect_c8y>, exit status 0, duration 13 secs
2022-07-22 10:12:01,228 INFO  Executed sudo<tedge_connect_c8y_test>, exit status 0
2022-07-22 10:12:01,744 INFO  Executed systemctl<serv_mosq2>, exit status 0
2022-07-22 10:12:02,209 INFO  Executed systemctl<serv_mapper3>, exit status 0
2022-07-22 10:12:04,441 INFO  State of current operation: FAILED
2022-07-22 10:12:04,672 INFO  Response status: 201
2022-07-22 10:12:04,674 INFO  Response to action: {
    "creationTime": "2022-07-22T10:12:04.628Z",
    "deviceId": "21261801",
    "deviceName": "m32sd10d",
    "self": "https://t493319102.eu-latest.cumulocity.com/devicecontrol/operations/21274871",
    "id": "21274871",
    "status": "PENDING",
    "description": "Apply software changes, triggered from PySys: [{'name': 'does_not_exist', 'id': '5446165', 'version': '::apt', 'url': '', 'action': 'install'}]",
    "c8y_SoftwareUpdate": [
        {
            "name": "does_not_exist",
            "action": "install",
            "id": "5446165",
            "version": "::apt",
            "url": ""
        }
    ]
}
2022-07-22 10:12:04,674 INFO  Started operation: {'creationTime': '2022-07-22T10:12:04.628Z', 'deviceId': '21261801', 'deviceName': 'm32sd10d', 'self': 'https://t493319102.eu-latest.cumulocity.com/devicecontrol/operations/21274871', 'id': '21274871', 'status': 'PENDING', 'description': "Apply software changes, triggered from PySys: [{'name': 'does_not_exist', 'id': '5446165', 'version': '::apt', 'url': '', 'action': 'install'}]", 'c8y_SoftwareUpdate': [{'name': 'does_not_exist', 'action': 'install', 'id': '5446165', 'version': '::apt', 'url': ''}]}
2022-07-22 10:12:06,887 INFO  State of operation 21274871 : PENDING
2022-07-22 10:12:09,112 INFO  State of operation 21274871 : EXECUTING
2022-07-22 10:12:11,607 INFO  State of operation 21274871 : EXECUTING
2022-07-22 10:12:13,863 INFO  State of operation 21274871 : EXECUTING
2022-07-22 10:12:16,077 INFO  State of operation 21274871 : EXECUTING
2022-07-22 10:12:18,303 INFO  State of operation 21274871 : EXECUTING
2022-07-22 10:12:20,547 INFO  State of operation 21274871 : EXECUTING
2022-07-22 10:12:22,769 INFO  State of operation 21274871 : EXECUTING
2022-07-22 10:12:25,023 INFO  State of operation 21274871 : EXECUTING
2022-07-22 10:12:27,737 INFO  State of operation 21274871 : EXECUTING
2022-07-22 10:12:30,540 INFO  State of operation 21274871 : EXECUTING
2022-07-22 10:12:32,807 INFO  State of operation 21274871 : EXECUTING
2022-07-22 10:12:35,098 INFO  State of operation 21274871 : EXECUTING
2022-07-22 10:12:37,397 INFO  State of operation 21274871 : EXECUTING
2022-07-22 10:12:39,677 INFO  State of operation 21274871 : EXECUTING
2022-07-22 10:12:41,938 INFO  State of operation 21274871 : EXECUTING
2022-07-22 10:12:44,663 INFO  State of operation 21274871 : EXECUTING
2022-07-22 10:12:47,427 INFO  State of operation 21274871 : EXECUTING
2022-07-22 10:12:49,660 INFO  State of operation 21274871 : EXECUTING
2022-07-22 10:12:52,033 INFO  State of operation 21274871 : EXECUTING
2022-07-22 10:12:54,251 INFO  State of operation 21274871 : EXECUTING
2022-07-22 10:12:56,478 INFO  State of operation 21274871 : EXECUTING
2022-07-22 10:12:58,697 INFO  State of operation 21274871 : EXECUTING
2022-07-22 10:13:00,919 INFO  State of operation 21274871 : EXECUTING
2022-07-22 10:13:03,144 INFO  State of operation 21274871 : FAILED
2022-07-22 10:13:03,396 INFO  Assert that (False == value) with value=False ... passed
2022-07-22 10:13:03,407 INFO  
2022-07-22 10:13:03,408 INFO  cleanup:
2022-07-22 10:13:07,542 INFO  Executed sudo<tedge_disconnect_c8y>, exit status 0
2022-07-22 10:13:08,157 INFO  Executed systemctl<serv_mapper5>, exit status 3
2022-07-22 10:13:08,161 INFO  
2022-07-22 10:13:08,162 INFO  Test duration: 88.95 secs
2022-07-22 10:13:08,163 INFO  Test final outcome:  PASSED
2022-07-22 10:13:08,165 INFO  
