2022-07-26 07:29:54,585 INFO  ==============================================================
2022-07-26 07:29:54,586 INFO  Id:    mapper_awaits_before_reconnect
2022-07-26 07:29:54,587 INFO  Dir:   tedge_mapper_c8y/
2022-07-26 07:29:54,589 INFO  Title: Validate mapper doesn't reconnect too often
2022-07-26 07:29:54,590 INFO  ==============================================================
2022-07-26 07:29:54,605 INFO  Started mosquitto_sub with process id 26982
2022-07-26 07:29:54,608 INFO  Waiting for 0.1 seconds
2022-07-26 07:29:55,322 INFO  Executed sudo<tedge_mapper>, exit status 0
2022-07-26 07:29:55,324 INFO  Waiting for 5.0 seconds
2022-07-26 07:30:00,892 INFO  Executed sudo<tedge_mapper>, exit status 0
2022-07-26 07:30:03,564 INFO  Executed sudo<tedge_mapper_journal>, exit status 0
2022-07-26 07:30:03,601 WARN  Grep on tedge_mapper_journal.out contains "ERROR" ... failed [run.py:67]
2022-07-26 07:30:03,607 INFO  Line count on file tedge_mapper_journal.out ... passed
2022-07-26 07:30:03,629 WARN  Line count on tedge_mapper_journal.out for "tedge_mapper::core::mapper: MQTT connection error:" expected >=2 but got 0 ... failed [run.py:78]
2022-07-26 07:30:03,630 WARN  Aborted test due to FAILED outcome
2022-07-26 07:30:03,689 INFO  
2022-07-26 07:30:03,690 INFO  Test duration: 9.11 secs
2022-07-26 07:30:03,691 INFO  Test final outcome:  FAILED
2022-07-26 07:30:03,692 INFO  Test outcome reason: Line count on tedge_mapper_journal.out for "tedge_mapper::core::mapper: MQTT connection error:" expected >=2 but got 0
2022-07-26 07:30:03,693 INFO  
