-- Logs begin at Thu 2019-02-14 10:11:59 UTC, end at Wed 2022-04-27 10:36:12 UTC. --
Apr 27 10:36:06 m32sd10c systemd[1]: Started tedge-mapper-c8y converts Thin Edge JSON measurements to Cumulocity JSON format..
Apr 27 10:36:06 m32sd10c tedge_mapper[28469]: 2022-04-27T10:36:06.340961591Z  INFO flockfile::unix: Lockfile created "/run/lock/tedge-mapper-c8y.lock"
Apr 27 10:36:06 m32sd10c tedge_mapper[28469]: Error: A value for `c8y.url` is missing.
Apr 27 10:36:06 m32sd10c tedge_mapper[28469]:     A value can be set with `tedge config set c8y.url <value>`
Apr 27 10:36:06 m32sd10c systemd[1]: tedge-mapper-c8y.service: Main process exited, code=exited, status=1/FAILURE
Apr 27 10:36:06 m32sd10c systemd[1]: tedge-mapper-c8y.service: Failed with result 'exit-code'.
Apr 27 10:36:06 m32sd10c systemd[1]: tedge-mapper-c8y.service: Service RestartSec=100ms expired, scheduling restart.
Apr 27 10:36:06 m32sd10c systemd[1]: tedge-mapper-c8y.service: Scheduled restart job, restart counter is at 1.
Apr 27 10:36:06 m32sd10c systemd[1]: Stopped tedge-mapper-c8y converts Thin Edge JSON measurements to Cumulocity JSON format..
Apr 27 10:36:06 m32sd10c systemd[1]: Started tedge-mapper-c8y converts Thin Edge JSON measurements to Cumulocity JSON format..
Apr 27 10:36:06 m32sd10c tedge_mapper[28474]: 2022-04-27T10:36:06.722213309Z  INFO flockfile::unix: Lockfile created "/run/lock/tedge-mapper-c8y.lock"
Apr 27 10:36:06 m32sd10c tedge_mapper[28474]: Error: A value for `c8y.url` is missing.
Apr 27 10:36:06 m32sd10c tedge_mapper[28474]:     A value can be set with `tedge config set c8y.url <value>`
Apr 27 10:36:06 m32sd10c systemd[1]: tedge-mapper-c8y.service: Main process exited, code=exited, status=1/FAILURE
Apr 27 10:36:06 m32sd10c systemd[1]: tedge-mapper-c8y.service: Failed with result 'exit-code'.
Apr 27 10:36:06 m32sd10c systemd[1]: tedge-mapper-c8y.service: Service RestartSec=100ms expired, scheduling restart.
Apr 27 10:36:06 m32sd10c systemd[1]: tedge-mapper-c8y.service: Scheduled restart job, restart counter is at 2.
Apr 27 10:36:06 m32sd10c systemd[1]: Stopped tedge-mapper-c8y converts Thin Edge JSON measurements to Cumulocity JSON format..
Apr 27 10:36:06 m32sd10c systemd[1]: Started tedge-mapper-c8y converts Thin Edge JSON measurements to Cumulocity JSON format..
Apr 27 10:36:06 m32sd10c tedge_mapper[28480]: 2022-04-27T10:36:06.943507769Z  INFO flockfile::unix: Lockfile created "/run/lock/tedge-mapper-c8y.lock"
Apr 27 10:36:06 m32sd10c tedge_mapper[28480]: Error: A value for `c8y.url` is missing.
Apr 27 10:36:06 m32sd10c tedge_mapper[28480]:     A value can be set with `tedge config set c8y.url <value>`
Apr 27 10:36:06 m32sd10c systemd[1]: tedge-mapper-c8y.service: Main process exited, code=exited, status=1/FAILURE
Apr 27 10:36:06 m32sd10c systemd[1]: tedge-mapper-c8y.service: Failed with result 'exit-code'.
Apr 27 10:36:07 m32sd10c systemd[1]: tedge-mapper-c8y.service: Service RestartSec=100ms expired, scheduling restart.
Apr 27 10:36:07 m32sd10c systemd[1]: tedge-mapper-c8y.service: Scheduled restart job, restart counter is at 3.
Apr 27 10:36:07 m32sd10c systemd[1]: Stopped tedge-mapper-c8y converts Thin Edge JSON measurements to Cumulocity JSON format..
Apr 27 10:36:07 m32sd10c systemd[1]: Started tedge-mapper-c8y converts Thin Edge JSON measurements to Cumulocity JSON format..
Apr 27 10:36:07 m32sd10c tedge_mapper[28485]: 2022-04-27T10:36:07.19122856Z  INFO flockfile::unix: Lockfile created "/run/lock/tedge-mapper-c8y.lock"
Apr 27 10:36:07 m32sd10c tedge_mapper[28485]: Error: A value for `c8y.url` is missing.
Apr 27 10:36:07 m32sd10c tedge_mapper[28485]:     A value can be set with `tedge config set c8y.url <value>`
Apr 27 10:36:07 m32sd10c systemd[1]: tedge-mapper-c8y.service: Main process exited, code=exited, status=1/FAILURE
Apr 27 10:36:07 m32sd10c systemd[1]: tedge-mapper-c8y.service: Failed with result 'exit-code'.
Apr 27 10:36:07 m32sd10c systemd[1]: tedge-mapper-c8y.service: Service RestartSec=100ms expired, scheduling restart.
Apr 27 10:36:07 m32sd10c systemd[1]: tedge-mapper-c8y.service: Scheduled restart job, restart counter is at 4.
Apr 27 10:36:07 m32sd10c systemd[1]: Stopped tedge-mapper-c8y converts Thin Edge JSON measurements to Cumulocity JSON format..
Apr 27 10:36:07 m32sd10c systemd[1]: Started tedge-mapper-c8y converts Thin Edge JSON measurements to Cumulocity JSON format..
Apr 27 10:36:07 m32sd10c tedge_mapper[28491]: 2022-04-27T10:36:07.461497656Z  INFO flockfile::unix: Lockfile created "/run/lock/tedge-mapper-c8y.lock"
Apr 27 10:36:07 m32sd10c tedge_mapper[28491]: Error: A value for `c8y.url` is missing.
Apr 27 10:36:07 m32sd10c tedge_mapper[28491]:     A value can be set with `tedge config set c8y.url <value>`
Apr 27 10:36:07 m32sd10c systemd[1]: tedge-mapper-c8y.service: Main process exited, code=exited, status=1/FAILURE
Apr 27 10:36:07 m32sd10c systemd[1]: tedge-mapper-c8y.service: Failed with result 'exit-code'.
Apr 27 10:36:07 m32sd10c systemd[1]: tedge-mapper-c8y.service: Service RestartSec=100ms expired, scheduling restart.
Apr 27 10:36:07 m32sd10c systemd[1]: tedge-mapper-c8y.service: Scheduled restart job, restart counter is at 5.
Apr 27 10:36:07 m32sd10c systemd[1]: Stopped tedge-mapper-c8y converts Thin Edge JSON measurements to Cumulocity JSON format..
Apr 27 10:36:07 m32sd10c systemd[1]: tedge-mapper-c8y.service: Start request repeated too quickly.
Apr 27 10:36:07 m32sd10c systemd[1]: tedge-mapper-c8y.service: Failed with result 'exit-code'.
Apr 27 10:36:07 m32sd10c systemd[1]: Failed to start tedge-mapper-c8y converts Thin Edge JSON measurements to Cumulocity JSON format..
