2022-06-17 09:01:28,757 INFO  ==============================================================
2022-06-17 09:01:28,758 INFO  Id:    apt_sequence_install_with_version
2022-06-17 09:01:28,759 INFO  Dir:   plugin_apt/
2022-06-17 09:01:28,760 INFO  Title: Validate apt plugin install with version use case
2022-06-17 09:01:28,761 INFO  ==============================================================
2022-06-17 09:01:33,739 INFO  Executed sudo, exit status 0
2022-06-17 09:01:36,308 INFO  Executed sudo<outp_check_0>, exit status 0
2022-06-17 09:01:36,310 INFO  Assert that (value==0) with value=0 ... passed
2022-06-17 09:01:36,315 INFO  Grep on file outp_check_0.out ... passed
2022-06-17 09:01:54,253 INFO  Executed sudo<outp_prepare>, exit status 0, duration 17 secs
2022-06-17 09:01:54,256 INFO  Assert that (value==0) with value=0 ... passed
2022-06-17 09:02:37,926 INFO  Executed sudo<outp_install>, exit status 0, duration 43 secs
2022-06-17 09:02:37,929 INFO  Assert that (value==0) with value=0 ... passed
2022-06-17 09:02:45,300 INFO  Executed sudo<outp_finalize>, exit status 0
2022-06-17 09:02:45,302 INFO  Assert that (value==0) with value=0 ... passed
2022-06-17 09:02:47,882 INFO  Executed sudo<outp_check_1>, exit status 0
2022-06-17 09:02:47,884 INFO  Assert that (value==0) with value=0 ... passed
2022-06-17 09:02:47,889 INFO  Grep on file outp_check_1.out ... passed
2022-06-17 09:02:47,896 INFO  Grep on file outp_check_1.out ... passed
2022-06-17 09:02:47,902 INFO  
2022-06-17 09:02:47,903 INFO  cleanup:
2022-06-17 09:03:01,283 INFO  Executed sudo, exit status 0, duration 13 secs
2022-06-17 09:03:01,287 INFO  
2022-06-17 09:03:01,287 INFO  Test duration: 92.53 secs
2022-06-17 09:03:01,289 INFO  Test final outcome:  PASSED
2022-06-17 09:03:01,290 INFO  
