2022-06-20 17:36:38,182 INFO  ==============================================================
2022-06-20 17:36:38,183 INFO  Id:    SoftwareManagement.Plugin.apama_plugin_mon_support
2022-06-20 17:36:38,184 INFO  Dir:   plugin_apama/
2022-06-20 17:36:38,185 INFO  Title: Validate mon file support of apama plugin
2022-06-20 17:36:38,186 INFO  ==============================================================
2022-06-20 17:36:38,194 INFO  Assertion that path exists=False for "/etc/tedge/apama/project" ... passed
2022-06-20 17:36:38,705 INFO  Executed sudo<create_project_dir>, exit status 0
2022-06-20 17:36:39,317 INFO  Executed sudo<unzip_apama_project>, exit status 0
2022-06-20 17:36:39,830 INFO  Executed sudo<move_apama_project>, exit status 0
2022-06-20 17:36:40,700 INFO  Executed sudo<restart_apama_service>, exit status 0
2022-06-20 17:36:41,455 INFO  Executed sudo<apama_correlator_wait>, exit status 0
2022-06-20 17:36:42,498 INFO  Executed sudo<apama_list_monitors>, exit status 0
2022-06-20 17:36:42,507 INFO  Grep on file /home/pi/actions-runner/_work/thin-edge.io/thin-edge.io/tests/PySys/plugin_apama/apama_plugin_mon_support/Output/linux/apama_list_monitors.out ... passed
2022-06-20 17:36:43,222 INFO  Executed sudo<plugin_list_before_install>, exit status 0
2022-06-20 17:36:44,237 INFO  Executed sudo<plugin_install>, exit status 0
2022-06-20 17:36:44,950 INFO  Executed sudo<apama_correlator_wait>, exit status 0
2022-06-20 17:36:45,662 INFO  Executed sudo<plugin_list_after_install>, exit status 0
2022-06-20 17:36:46,928 INFO  Executed sudo<plugin_update>, exit status 0
2022-06-20 17:36:47,641 INFO  Executed sudo<apama_correlator_wait>, exit status 0
2022-06-20 17:36:48,355 INFO  Executed sudo<plugin_list_after_update>, exit status 0
2022-06-20 17:36:49,119 INFO  Executed sudo<plugin_remove>, exit status 0
2022-06-20 17:36:49,882 INFO  Executed sudo<plugin_list_after_remove>, exit status 0
2022-06-20 17:36:49,887 INFO  Grep on file plugin_list_before_install.out ... passed
2022-06-20 17:36:49,894 INFO  Grep on file plugin_list_after_install.out ... passed
2022-06-20 17:36:49,898 INFO  Grep on file plugin_list_after_update.out ... passed
2022-06-20 17:36:49,902 INFO  Grep on file plugin_list_after_remove.out ... passed
2022-06-20 17:36:49,911 INFO  
2022-06-20 17:36:49,912 INFO  cleanup:
2022-06-20 17:36:49,913 INFO  Removing apama project
2022-06-20 17:37:04,554 INFO  Executed sudo<stop_apama_service>, exit status 0, duration 14 secs
2022-06-20 17:37:05,225 INFO  Executed sudo<remove_apama_project>, exit status 0
2022-06-20 17:37:05,725 INFO  Executed sudo<remove_apama_tmp_dir>, exit status 0
2022-06-20 17:37:05,729 INFO  
2022-06-20 17:37:05,730 INFO  Test duration: 27.56 secs
2022-06-20 17:37:05,731 INFO  Test final outcome:  PASSED
2022-06-20 17:37:05,732 INFO  
