2022-07-18 16:45:04,387 INFO  ==============================================================
2022-07-18 16:45:04,388 INFO  Id:    docker_plugin_update
2022-07-18 16:45:04,389 INFO  Dir:   plugin_docker/
2022-07-18 16:45:04,390 INFO  Title: Validate docker plugin install updates existing containers
2022-07-18 16:45:04,391 INFO  ==============================================================
2022-07-18 16:45:05,211 INFO  Executed sudo<docker_images>, exit status 0
2022-07-18 16:45:05,228 INFO  Grep on file /home/pi/actions-runner/_work/thin-edge.io/thin-edge.io/tests/PySys/plugin_docker/docker_plugin_update/Output/linux/docker_images.out ... passed
2022-07-18 16:45:28,166 INFO  Executed sudo<docker_run>, exit status 0, duration 22 secs
2022-07-18 16:45:28,987 INFO  Executed sudo<docker_ps>, exit status 0
2022-07-18 16:45:28,993 INFO  Grep on file /home/pi/actions-runner/_work/thin-edge.io/thin-edge.io/tests/PySys/plugin_docker/docker_plugin_update/Output/linux/docker_ps.out ... passed
2022-07-18 16:45:56,012 INFO  Executed sudo<plugin_install>, exit status 0, duration 27 secs
2022-07-18 16:45:56,838 INFO  Executed sudo<docker_ps_latest>, exit status 0
2022-07-18 16:45:57,659 INFO  Executed sudo<docker_ps>, exit status 0
2022-07-18 16:45:57,664 INFO  Grep on file /home/pi/actions-runner/_work/thin-edge.io/thin-edge.io/tests/PySys/plugin_docker/docker_plugin_update/Output/linux/docker_ps.out ... passed
2022-07-18 16:45:58,485 INFO  Executed sudo<docker_ps>, exit status 0
2022-07-18 16:45:58,489 INFO  Grep on file /home/pi/actions-runner/_work/thin-edge.io/thin-edge.io/tests/PySys/plugin_docker/docker_plugin_update/Output/linux/docker_ps.out ... passed
2022-07-18 16:45:58,495 INFO  
2022-07-18 16:45:58,496 INFO  cleanup:
2022-07-18 16:45:58,497 INFO  Removing containers scheduled to be cleaned up: ['dc7612bb6c46', '52b9350b257d', 'cbd284bf261d6d483873c14e928ab772562879b917b3ed811543de2fb2f7457a\n', 'ba3ba31083758c45a65751bc836e5743a5cac5dfb7d909816c57b4d27f54063d\n', 'a076d0f95d941eb7af7db5b9f129d26c4e373fc4ae64dba906ac60840ef1f38d\n', '61ba87cc1ac1']
2022-07-18 16:46:01,470 WARN  Executed sudo<containers_for_cleanup>, exit status 1
2022-07-18 16:46:01,472 INFO  Removing images scheduled to be cleaned up: ['registry', 'registry', 'registry:2.7.1', 'registry', 'registry:2.7.1', 'registry:2.6.2', 'registry:2.7.1']
2022-07-18 16:46:08,128 INFO  Executed sudo<containers_for_cleanup>, exit status 0
2022-07-18 16:46:08,137 INFO  
2022-07-18 16:46:08,138 INFO  Test duration: 63.76 secs
2022-07-18 16:46:08,140 INFO  Test final outcome:  PASSED
2022-07-18 16:46:08,140 INFO  
