2022-05-25 14:11:56,518 INFO  ==============================================================
2022-05-25 14:11:56,519 INFO  Id:    SoftwareManagement.sm_fake_install_remove_multiple
2022-05-25 14:11:56,520 INFO  Dir:   software_management_end_to_end/
2022-05-25 14:11:56,521 INFO  Title: Validate end to end behaviour for the dummy-plugin for multiple packages
2022-05-25 14:11:56,522 INFO  ==============================================================
2022-05-25 14:11:56,544 INFO  Using sw id database: {'asciijump': '5475369', 'robotfindskitten': '5474869', 'squirrel3': '5475279', 'rolldice': '5152439', 'moon-buggy': '5439204', 'apple': '5495053', 'banana': '5494888', 'cherry': '5495382', 'watermelon': '5494510', 'registry': '8018911', 'hello-world': '8021526', 'docker/getting-started': '8021973', 'alpine': '7991792'}
2022-05-25 14:11:56,545 INFO  EnvironmentC8y Setup
2022-05-25 14:11:57,157 INFO  Executed systemctl<serv_mapper1>, exit status 3
2022-05-25 14:11:57,300 INFO  Restarting mosquitto too frequently in the last 10 seconds. It was only up for 5 seconds
2022-05-25 14:11:57,302 INFO  Delaying execution by 6 seconds
2022-05-25 14:12:17,097 INFO  Executed sudo<tedge_connect_c8y>, exit status 0, duration 13 secs
2022-05-25 14:12:17,763 INFO  Executed sudo<tedge_connect_c8y_test>, exit status 0
2022-05-25 14:12:18,231 INFO  Executed systemctl<serv_mosq2>, exit status 0
2022-05-25 14:12:18,698 INFO  Executed systemctl<serv_mapper3>, exit status 0
2022-05-25 14:12:20,936 INFO  State of current operation: PENDING
2022-05-25 14:12:23,172 INFO  State of current operation: PENDING
2022-05-25 14:12:25,402 INFO  State of current operation: PENDING
2022-05-25 14:12:27,629 INFO  State of current operation: PENDING
2022-05-25 14:12:29,855 INFO  State of current operation: PENDING
2022-05-25 14:12:32,088 INFO  State of current operation: PENDING
2022-05-25 14:12:34,347 INFO  State of current operation: PENDING
2022-05-25 14:12:36,575 INFO  State of current operation: PENDING
2022-05-25 14:12:38,804 INFO  State of current operation: PENDING
2022-05-25 14:12:41,034 INFO  State of current operation: PENDING
2022-05-25 14:12:43,269 INFO  State of current operation: PENDING
2022-05-25 14:12:45,499 INFO  State of current operation: PENDING
2022-05-25 14:12:47,741 INFO  State of current operation: PENDING
2022-05-25 14:12:49,969 INFO  State of current operation: PENDING
2022-05-25 14:12:52,233 INFO  State of current operation: PENDING
2022-05-25 14:12:54,457 INFO  State of current operation: PENDING
2022-05-25 14:12:56,692 INFO  State of current operation: PENDING
2022-05-25 14:12:58,922 INFO  State of current operation: PENDING
2022-05-25 14:13:01,156 INFO  State of current operation: PENDING
2022-05-25 14:13:03,387 INFO  State of current operation: PENDING
2022-05-25 14:13:05,613 INFO  State of current operation: PENDING
2022-05-25 14:13:07,869 INFO  State of current operation: PENDING
2022-05-25 14:13:10,104 INFO  State of current operation: PENDING
2022-05-25 14:13:12,340 INFO  State of current operation: PENDING
2022-05-25 14:13:14,564 INFO  State of current operation: PENDING
2022-05-25 14:13:16,853 INFO  State of current operation: PENDING
2022-05-25 14:13:19,082 INFO  State of current operation: PENDING
2022-05-25 14:13:21,320 INFO  State of current operation: PENDING
2022-05-25 14:13:23,565 INFO  State of current operation: PENDING
2022-05-25 14:13:25,794 INFO  State of current operation: PENDING
2022-05-25 14:13:28,029 INFO  State of current operation: PENDING
2022-05-25 14:13:30,262 INFO  State of current operation: PENDING
2022-05-25 14:13:32,488 INFO  State of current operation: PENDING
2022-05-25 14:13:34,760 INFO  State of current operation: PENDING
2022-05-25 14:13:36,988 INFO  State of current operation: PENDING
2022-05-25 14:13:39,241 INFO  State of current operation: PENDING
2022-05-25 14:13:41,474 INFO  State of current operation: PENDING
2022-05-25 14:13:43,735 INFO  State of current operation: PENDING
2022-05-25 14:13:45,964 INFO  State of current operation: PENDING
2022-05-25 14:13:48,534 INFO  State of current operation: PENDING
2022-05-25 14:13:51,042 INFO  State of current operation: PENDING
2022-05-25 14:13:53,272 INFO  State of current operation: PENDING
2022-05-25 14:13:55,507 INFO  State of current operation: PENDING
2022-05-25 14:13:57,737 INFO  State of current operation: PENDING
2022-05-25 14:13:59,970 INFO  State of current operation: PENDING
2022-05-25 14:14:02,210 INFO  State of current operation: PENDING
2022-05-25 14:14:04,671 INFO  State of current operation: PENDING
2022-05-25 14:14:06,909 INFO  State of current operation: PENDING
2022-05-25 14:14:09,142 INFO  State of current operation: PENDING
2022-05-25 14:14:11,377 INFO  State of current operation: PENDING
2022-05-25 14:14:13,612 INFO  State of current operation: PENDING
2022-05-25 14:14:15,844 INFO  State of current operation: PENDING
2022-05-25 14:14:18,072 INFO  State of current operation: PENDING
2022-05-25 14:14:20,337 INFO  State of current operation: PENDING
2022-05-25 14:14:22,568 INFO  State of current operation: PENDING
2022-05-25 14:14:24,805 INFO  State of current operation: PENDING
2022-05-25 14:14:27,067 INFO  State of current operation: PENDING
2022-05-25 14:14:29,304 INFO  State of current operation: PENDING
2022-05-25 14:14:31,532 INFO  State of current operation: PENDING
2022-05-25 14:14:33,761 INFO  State of current operation: PENDING
2022-05-25 14:14:35,983 INFO  State of current operation: PENDING
2022-05-25 14:14:37,995 WARN  SystemError occurred while running test - Timeout while waiting for status FAILED or SUCCESSFUL
Traceback (most recent call last):
  File "/home/pi/env-pysys/lib/python3.7/site-packages/pysys/baserunner.py", line 1292, in __call__
    self.testObj.setup()
  File "/home/pi/actions-runner/_work/thin-edge.io/thin-edge.io/tests/PySys/software_management_end_to_end/sm_fake_install_remove_multiple/run.py", line 68, in setup
    super().setup()
  File "/home/pi/actions-runner/_work/thin-edge.io/thin-edge.io/tests/PySys/software_management_end_to_end/environment_sm_management.py", line 151, in setup
    self.wait_until_end()
  File "/home/pi/actions-runner/_work/thin-edge.io/thin-edge.io/tests/PySys/software_management_end_to_end/environment_sm_management.py", line 332, in wait_until_end
    self.wait_until_status("FAILED", "SUCCESSFUL")
  File "/home/pi/actions-runner/_work/thin-edge.io/thin-edge.io/tests/PySys/software_management_end_to_end/environment_sm_management.py", line 381, in wait_until_status
    "Timeout while waiting for status %s or %s" % (status, status2)
SystemError: Timeout while waiting for status FAILED or SUCCESSFUL
2022-05-25 14:14:38,025 WARN  SystemError: Timeout while waiting for status FAILED or SUCCESSFUL ... blocked 
2022-05-25 14:14:38,026 INFO  
2022-05-25 14:14:38,027 INFO  cleanup:
2022-05-25 14:14:42,002 INFO  Executed sudo<tedge_disconnect_c8y>, exit status 0
2022-05-25 14:14:42,574 INFO  Executed systemctl<serv_mapper5>, exit status 3
2022-05-25 14:14:42,578 INFO  
2022-05-25 14:14:42,579 INFO  Test duration: 166.07 secs
2022-05-25 14:14:42,580 INFO  Test final outcome:  BLOCKED
2022-05-25 14:14:42,581 INFO  Test outcome reason: SystemError: Timeout while waiting for status FAILED or SUCCESSFUL
2022-05-25 14:14:42,582 INFO  
