2022-07-16 11:45:11,148 INFO  ==============================================================
2022-07-16 11:45:11,149 INFO  Id:    tedge_mapper_c8y_packet_threshold_size
2022-07-16 11:45:11,151 INFO  Dir:   tedge_mapper_c8y/
2022-07-16 11:45:11,152 INFO  Title: Validate the Cumulocity Mapper accepted threshold packet size when it receives a message on tedge/measurements
2022-07-16 11:45:11,152 INFO  ==============================================================
2022-07-16 11:45:11,721 INFO  Executed sudo<tedge_mapper_c8y>, exit status 0
2022-07-16 11:45:11,732 INFO  Started sudo<tedge_sub> with process id 17169
2022-07-16 11:45:12,350 INFO  Executed sudo<tedge_msg>, exit status 0
2022-07-16 11:45:12,913 INFO  Executed sudo<tedge_pub>, exit status 0
2022-07-16 11:45:13,426 INFO  Executed sudo<kill_out>, exit status 0
2022-07-16 11:45:13,466 WARN  Grep on tedge_sub.out contains "The size of the message received on tedge/measurements is 20489 which is greater than the threshold size of 16184." ... failed [run.py:88]
2022-07-16 11:45:13,472 INFO  
2022-07-16 11:45:13,473 INFO  cleanup:
2022-07-16 11:45:13,474 INFO  mapper_cleanup
2022-07-16 11:45:14,136 INFO  Executed sudo<tedge_mapper_c8y>, exit status 0
2022-07-16 11:45:14,141 INFO  
2022-07-16 11:45:14,142 INFO  Test duration: 3.00 secs
2022-07-16 11:45:14,143 INFO  Test final outcome:  FAILED
2022-07-16 11:45:14,144 INFO  Test outcome reason: Grep on tedge_sub.out contains "The size of the message received on tedge/measurements is 20489 which is greater than the threshold size of 16184."
2022-07-16 11:45:14,145 INFO  
