2022-07-21 12:04:42,327 INFO  ==============================================================
2022-07-21 12:04:42,328 INFO  Id:    tedge_mapper_c8y_alarms
2022-07-21 12:04:42,329 INFO  Dir:   tedge_mapper_c8y/
2022-07-21 12:04:42,330 INFO  Title: Validate that alarms sent to tedge/alarms topic \ gets mapped as alarms in Cumulocity
2022-07-21 12:04:42,331 INFO  ==============================================================
2022-07-21 12:04:42,341 INFO  EnvironmentC8y Setup
2022-07-21 12:04:42,953 INFO  Executed systemctl<serv_mapper1>, exit status 3
2022-07-21 12:04:56,871 INFO  Executed sudo<tedge_connect_c8y>, exit status 0, duration 13 secs
2022-07-21 12:04:57,488 INFO  Executed sudo<tedge_connect_c8y_test>, exit status 0
2022-07-21 12:04:58,002 INFO  Executed systemctl<serv_mosq2>, exit status 0
2022-07-21 12:04:58,666 INFO  Executed systemctl<serv_mapper3>, exit status 0
2022-07-21 12:04:59,079 INFO  Executed tedge, exit status 0
2022-07-21 12:04:59,492 INFO  Executed tedge, exit status 0
2022-07-21 12:04:59,954 INFO  Executed tedge, exit status 0
2022-07-21 12:05:00,365 INFO  Executed tedge, exit status 0
2022-07-21 12:05:00,777 INFO  Executed tedge, exit status 0
2022-07-21 12:05:02,001 INFO  {
    "severity": "CRITICAL",
    "creationTime": "2022-07-21T12:04:59.914Z",
    "count": 1,
    "history": {
        "auditRecords": [],
        "self": "https://t493319102.eu-latest.cumulocity.com/audit/auditRecords"
    },
    "source": {
        "name": "m32sd10a",
        "self": "https://t493319102.eu-latest.cumulocity.com/inventory/managedObjects/21119832",
        "id": "21119832"
    },
    "type": "temperature_dangerous",
    "lastUpdated": "2022-07-21T12:04:59.914Z",
    "self": "https://t493319102.eu-latest.cumulocity.com/alarm/alarms/21131841",
    "time": "2022-07-21T12:04:59.900Z",
    "id": "21131841",
    "text": "temperature is dangerously high",
    "status": "ACTIVE"
}
2022-07-21 12:05:02,003 INFO  Assert that (actual == expected) with actual="temperature_dangerous", expected="temperature_dangerous" ... passed
2022-07-21 12:05:02,004 INFO  Assert that (actual == expected) with actual="CRITICAL", expected="CRITICAL" ... passed
2022-07-21 12:05:02,006 INFO  Assert that (actual == expected) with actual="temperature is dangerously high", expected="temperature is dangerously high" ... passed
2022-07-21 12:05:02,007 INFO  {
    "severity": "MAJOR",
    "creationTime": "2022-07-21T12:04:59.491Z",
    "count": 1,
    "history": {
        "auditRecords": [],
        "self": "https://t493319102.eu-latest.cumulocity.com/audit/auditRecords"
    },
    "source": {
        "name": "m32sd10a",
        "self": "https://t493319102.eu-latest.cumulocity.com/inventory/managedObjects/21119832",
        "id": "21119832"
    },
    "type": "temperature_very_high",
    "lastUpdated": "2022-07-21T12:04:59.491Z",
    "self": "https://t493319102.eu-latest.cumulocity.com/alarm/alarms/21131839",
    "time": "2022-07-21T12:04:59.477Z",
    "id": "21131839",
    "text": "temperature is very high",
    "status": "ACTIVE"
}
2022-07-21 12:05:02,008 INFO  Assert that (actual == expected) with actual="temperature_very_high", expected="temperature_very_high" ... passed
2022-07-21 12:05:02,010 INFO  Assert that (actual == expected) with actual="MAJOR", expected="MAJOR" ... passed
2022-07-21 12:05:02,011 INFO  Assert that (actual == expected) with actual="temperature is very high", expected="temperature is very high" ... passed
2022-07-21 12:05:02,013 INFO  {
    "severity": "WARNING",
    "creationTime": "2022-07-21T12:04:59.078Z",
    "count": 1,
    "history": {
        "auditRecords": [],
        "self": "https://t493319102.eu-latest.cumulocity.com/audit/auditRecords"
    },
    "source": {
        "name": "m32sd10a",
        "self": "https://t493319102.eu-latest.cumulocity.com/inventory/managedObjects/21119832",
        "id": "21119832"
    },
    "type": "temperature_high",
    "lastUpdated": "2022-07-21T12:04:59.078Z",
    "self": "https://t493319102.eu-latest.cumulocity.com/alarm/alarms/21131837",
    "time": "2021-12-15T15:22:06.464+05:30",
    "id": "21131837",
    "text": "temperature is high",
    "status": "ACTIVE"
}
2022-07-21 12:05:02,014 INFO  Assert that (actual == expected) with actual="temperature_high", expected="temperature_high" ... passed
2022-07-21 12:05:02,016 INFO  Assert that (actual == expected) with actual="WARNING", expected="WARNING" ... passed
2022-07-21 12:05:02,017 INFO  Assert that (actual == expected) with actual="temperature is high", expected="temperature is high" ... passed
2022-07-21 12:05:02,019 INFO  Assert that (actual == expected) with actual="temperature_high", expected="temperature_high" ... passed
2022-07-21 12:05:02,025 INFO  
2022-07-21 12:05:02,026 INFO  cleanup:
2022-07-21 12:05:02,438 INFO  Executed tedge, exit status 0
2022-07-21 12:05:02,849 INFO  Executed tedge, exit status 0
2022-07-21 12:05:03,362 INFO  Executed tedge, exit status 0
2022-07-21 12:05:07,440 INFO  Executed sudo<tedge_disconnect_c8y>, exit status 0
2022-07-21 12:05:08,053 INFO  Executed systemctl<serv_mapper5>, exit status 3
2022-07-21 12:05:08,058 INFO  
2022-07-21 12:05:08,058 INFO  Test duration: 25.73 secs
2022-07-21 12:05:08,060 INFO  Test final outcome:  PASSED
2022-07-21 12:05:08,061 INFO  
