2022-05-06 13:21:46,352 INFO  ==============================================================
2022-05-06 13:21:46,353 INFO  Id:    call_tedge_config_list
2022-05-06 13:21:46,354 INFO  Dir:   tedge/
2022-05-06 13:21:46,355 INFO  Title: Validate command line options config: get set unset
2022-05-06 13:21:46,356 INFO  ==============================================================
2022-05-06 13:21:46,880 INFO  Executed sudo<tedge>, exit status 0
2022-05-06 13:21:47,394 INFO  Executed sudo<tedge_get_config_key>, exit status 0
2022-05-06 13:21:47,910 INFO  Executed sudo<tedge_get_config_key>, exit status 0
2022-05-06 13:21:48,423 INFO  Executed sudo<tedge_get_config_key>, exit status 0
2022-05-06 13:21:48,937 INFO  Executed sudo<tedge_get_config_key>, exit status 0
2022-05-06 13:21:49,452 INFO  Executed sudo<tedge_get_config_key>, exit status 0
2022-05-06 13:21:50,016 INFO  Executed sudo<tedge_get_config_key>, exit status 0
2022-05-06 13:21:50,033 INFO  /etc/tedge/device-certs/tedge-private-key.pem
2022-05-06 13:21:50,034 INFO  /etc/tedge/device-certs/tedge-certificate.pem
2022-05-06 13:21:50,035 INFO  thin-edge-io.eu-latest.cumulocity.com
2022-05-06 13:21:50,035 INFO  /etc/ssl/certs
2022-05-06 13:21:50,036 INFO  thinedge-gh-ci.azure-devices.net
2022-05-06 13:21:50,036 INFO  /etc/ssl/certs/Baltimore_CyberTrust_Root.pem
2022-05-06 13:21:50,548 INFO  Executed sudo<tedge_unset_config_key>, exit status 0
2022-05-06 13:21:51,062 INFO  Executed sudo<tedge_unset_config_key>, exit status 0
2022-05-06 13:21:51,576 INFO  Executed sudo<tedge_unset_config_key>, exit status 0
2022-05-06 13:21:52,090 INFO  Executed sudo<tedge_unset_config_key>, exit status 0
2022-05-06 13:21:52,654 INFO  Executed sudo<tedge_unset_config_key>, exit status 0
2022-05-06 13:21:53,181 INFO  Executed sudo<tedge_unset_config_key>, exit status 0
2022-05-06 13:21:53,695 INFO  Executed sudo<tedge_get_config_key>, exit status 0
2022-05-06 13:21:53,699 INFO  Assert that (expect == valueread) with expect="/etc/tedge/device-certs/tedge-private-key.pem", valueread="/etc/tedge/device-certs/tedge-private-key.pem" ... passed
2022-05-06 13:21:54,262 INFO  Executed sudo<tedge_get_config_key>, exit status 0
2022-05-06 13:21:54,266 INFO  Assert that (expect == valueread) with expect="/etc/tedge/device-certs/tedge-certificate.pem", valueread="/etc/tedge/device-certs/tedge-certificate.pem" ... passed
2022-05-06 13:21:54,778 INFO  Executed sudo<tedge_get_config_key>, exit status 0
2022-05-06 13:21:54,781 INFO  Assert that (expect == valueread) with expect=None, valueread=None ... passed
2022-05-06 13:21:55,294 INFO  Executed sudo<tedge_get_config_key>, exit status 0
2022-05-06 13:21:55,297 INFO  Assert that (expect == valueread) with expect="/etc/ssl/certs", valueread="/etc/ssl/certs" ... passed
2022-05-06 13:21:55,809 INFO  Executed sudo<tedge_get_config_key>, exit status 0
2022-05-06 13:21:55,813 INFO  Assert that (expect == valueread) with expect=None, valueread=None ... passed
2022-05-06 13:21:56,326 INFO  Executed sudo<tedge_get_config_key>, exit status 0
2022-05-06 13:21:56,329 INFO  Assert that (expect == valueread) with expect="/etc/ssl/certs", valueread="/etc/ssl/certs" ... passed
2022-05-06 13:21:56,841 INFO  Executed sudo<tedge_set_config_key>, exit status 0
2022-05-06 13:21:57,354 INFO  Executed sudo<tedge_get_config_key>, exit status 0
2022-05-06 13:21:57,358 INFO  Assert that (value == vread) with value="failfailfail", vread="failfailfail" ... passed
2022-05-06 13:21:57,870 INFO  Executed sudo<tedge_set_config_key>, exit status 0
2022-05-06 13:21:58,383 INFO  Executed sudo<tedge_get_config_key>, exit status 0
2022-05-06 13:21:58,387 INFO  Assert that (value == vread) with value="failfailfail", vread="failfailfail" ... passed
2022-05-06 13:21:58,905 INFO  Executed sudo<tedge_set_config_key>, exit status 0
2022-05-06 13:21:59,418 INFO  Executed sudo<tedge_get_config_key>, exit status 0
2022-05-06 13:21:59,422 INFO  Assert that (value == vread) with value="failfailfail", vread="failfailfail" ... passed
2022-05-06 13:21:59,934 INFO  Executed sudo<tedge_set_config_key>, exit status 0
2022-05-06 13:22:00,451 INFO  Executed sudo<tedge_get_config_key>, exit status 0
2022-05-06 13:22:00,455 INFO  Assert that (value == vread) with value="failfailfail", vread="failfailfail" ... passed
2022-05-06 13:22:01,032 INFO  Executed sudo<tedge_set_config_key>, exit status 0
2022-05-06 13:22:01,546 INFO  Executed sudo<tedge_get_config_key>, exit status 0
2022-05-06 13:22:01,550 INFO  Assert that (value == vread) with value="failfailfail", vread="failfailfail" ... passed
2022-05-06 13:22:02,062 INFO  Executed sudo<tedge_set_config_key>, exit status 0
2022-05-06 13:22:02,574 INFO  Executed sudo<tedge_get_config_key>, exit status 0
2022-05-06 13:22:02,578 INFO  Assert that (value == vread) with value="failfailfail", vread="failfailfail" ... passed
2022-05-06 13:22:03,090 INFO  Executed sudo<tedge_set_config_key>, exit status 0
2022-05-06 13:22:03,603 INFO  Executed sudo<tedge_set_config_key>, exit status 0
2022-05-06 13:22:04,118 INFO  Executed sudo<tedge_set_config_key>, exit status 0
2022-05-06 13:22:04,631 INFO  Executed sudo<tedge_set_config_key>, exit status 0
2022-05-06 13:22:05,143 INFO  Executed sudo<tedge_set_config_key>, exit status 0
2022-05-06 13:22:05,656 INFO  Executed sudo<tedge_set_config_key>, exit status 0
2022-05-06 13:22:05,657 INFO  /etc/tedge/device-certs/tedge-private-key.pem
2022-05-06 13:22:05,658 INFO  /etc/tedge/device-certs/tedge-certificate.pem
2022-05-06 13:22:05,659 INFO  thin-edge-io.eu-latest.cumulocity.com
2022-05-06 13:22:05,659 INFO  /etc/ssl/certs
2022-05-06 13:22:05,660 INFO  thinedge-gh-ci.azure-devices.net
2022-05-06 13:22:05,660 INFO  /etc/ssl/certs/Baltimore_CyberTrust_Root.pem
2022-05-06 13:22:06,172 INFO  Executed sudo<tedge_get_config_key>, exit status 0
2022-05-06 13:22:06,176 INFO  Assert that (valueold == valuenew) with valueold="/etc/tedge/device-certs/tedge-private-key.pem", valuenew="/etc/tedge/device-certs/tedge-private-key.pem" ... passed
2022-05-06 13:22:06,688 INFO  Executed sudo<tedge_get_config_key>, exit status 0
2022-05-06 13:22:06,693 INFO  Assert that (valueold == valuenew) with valueold="/etc/tedge/device-certs/tedge-certificate.pem", valuenew="/etc/tedge/device-certs/tedge-certificate.pem" ... passed
2022-05-06 13:22:07,205 INFO  Executed sudo<tedge_get_config_key>, exit status 0
2022-05-06 13:22:07,209 INFO  Assert that (valueold == valuenew) with valueold="thin-edge-io.eu-latest.cumulocity.com", valuenew="thin-edge-io.eu-latest.cumulocity.com" ... passed
2022-05-06 13:22:07,772 INFO  Executed sudo<tedge_get_config_key>, exit status 0
2022-05-06 13:22:07,777 INFO  Assert that (valueold == valuenew) with valueold="/etc/ssl/certs", valuenew="/etc/ssl/certs" ... passed
2022-05-06 13:22:08,289 INFO  Executed sudo<tedge_get_config_key>, exit status 0
2022-05-06 13:22:08,294 INFO  Assert that (valueold == valuenew) with valueold="thinedge-gh-ci.azure-devices.net", valuenew="thinedge-gh-ci.azure-devices.net" ... passed
2022-05-06 13:22:08,806 INFO  Executed sudo<tedge_get_config_key>, exit status 0
2022-05-06 13:22:08,810 INFO  Assert that (valueold == valuenew) with valueold="/etc/ssl/certs/Baltimore_CyberTrust_Root.pem", valuenew="/etc/ssl/certs/Baltimore_CyberTrust_Root.pem" ... passed
2022-05-06 13:22:09,322 INFO  Executed sudo<tedge_unset_device_id>, exit status 1
2022-05-06 13:22:09,835 INFO  Executed sudo<tedge_set_device_id>, exit status 1
2022-05-06 13:22:09,845 INFO  
2022-05-06 13:22:09,846 INFO  Test duration: 23.50 secs
2022-05-06 13:22:09,848 INFO  Test final outcome:  PASSED
2022-05-06 13:22:09,849 INFO  
