2022-06-02 09:42:58,652 INFO  ==============================================================
2022-06-02 09:42:58,653 INFO  Id:    SoftwareManagement.sm_apt_install_remove
2022-06-02 09:42:58,654 INFO  Dir:   software_management_end_to_end/
2022-06-02 09:42:58,655 INFO  Title: Validate end to end behaviour for the apt plugin for installation and removal of packages
2022-06-02 09:42:58,655 INFO  ==============================================================
2022-06-02 09:42:58,661 INFO  Using sw id database: {'asciijump': '5475369', 'robotfindskitten': '5474869', 'squirrel3': '5475279', 'rolldice': '5152439', 'moon-buggy': '5439204', 'apple': '5495053', 'banana': '5494888', 'cherry': '5495382', 'watermelon': '5494510', 'registry': '8018911', 'hello-world': '8021526', 'docker/getting-started': '8021973', 'alpine': '7991792'}
2022-06-02 09:42:58,662 INFO  EnvironmentC8y Setup
2022-06-02 09:42:59,224 INFO  Executed systemctl<serv_mapper1>, exit status 3
2022-06-02 09:42:59,325 INFO  Restarting mosquitto too frequently in the last 10 seconds. It was only up for 5 seconds
2022-06-02 09:42:59,326 INFO  Delaying execution by 6 seconds
2022-06-02 09:43:19,336 INFO  Executed sudo<tedge_connect_c8y>, exit status 0, duration 14 secs
2022-06-02 09:43:19,962 INFO  Executed sudo<tedge_connect_c8y_test>, exit status 0
2022-06-02 09:43:20,424 INFO  Executed systemctl<serv_mosq2>, exit status 0
2022-06-02 09:43:20,887 INFO  Executed systemctl<serv_mapper3>, exit status 0
2022-06-02 09:43:23,114 INFO  State of current operation: PENDING
2022-06-02 09:43:25,356 INFO  State of current operation: PENDING
2022-06-02 09:43:27,601 INFO  State of current operation: PENDING
2022-06-02 09:43:29,832 INFO  State of current operation: PENDING
2022-06-02 09:43:32,074 INFO  State of current operation: PENDING
2022-06-02 09:43:34,300 INFO  State of current operation: PENDING
2022-06-02 09:43:36,541 INFO  State of current operation: PENDING
2022-06-02 09:43:38,784 INFO  State of current operation: PENDING
2022-06-02 09:43:41,010 INFO  State of current operation: PENDING
2022-06-02 09:43:43,252 INFO  State of current operation: PENDING
2022-06-02 09:43:45,494 INFO  State of current operation: PENDING
2022-06-02 09:43:47,730 INFO  State of current operation: PENDING
2022-06-02 09:43:49,957 INFO  State of current operation: PENDING
2022-06-02 09:43:52,187 INFO  State of current operation: PENDING
2022-06-02 09:43:54,411 INFO  State of current operation: PENDING
2022-06-02 09:43:56,647 INFO  State of current operation: PENDING
2022-06-02 09:43:58,875 INFO  State of current operation: PENDING
2022-06-02 09:44:01,109 INFO  State of current operation: PENDING
2022-06-02 09:44:03,351 INFO  State of current operation: PENDING
2022-06-02 09:44:05,587 INFO  State of current operation: PENDING
2022-06-02 09:44:07,814 INFO  State of current operation: PENDING
2022-06-02 09:44:10,041 INFO  State of current operation: PENDING
2022-06-02 09:44:12,270 INFO  State of current operation: PENDING
2022-06-02 09:44:14,495 INFO  State of current operation: PENDING
2022-06-02 09:44:16,732 INFO  State of current operation: PENDING
2022-06-02 09:44:18,970 INFO  State of current operation: PENDING
2022-06-02 09:44:21,201 INFO  State of current operation: PENDING
2022-06-02 09:44:23,434 INFO  State of current operation: PENDING
2022-06-02 09:44:25,662 INFO  State of current operation: PENDING
2022-06-02 09:44:27,911 INFO  State of current operation: PENDING
2022-06-02 09:44:30,244 INFO  State of current operation: PENDING
2022-06-02 09:44:32,497 INFO  State of current operation: PENDING
2022-06-02 09:44:34,738 INFO  State of current operation: PENDING
2022-06-02 09:44:36,966 INFO  State of current operation: PENDING
2022-06-02 09:44:39,219 INFO  State of current operation: PENDING
2022-06-02 09:44:41,451 INFO  State of current operation: PENDING
2022-06-02 09:44:43,679 INFO  State of current operation: PENDING
2022-06-02 09:44:45,914 INFO  State of current operation: PENDING
2022-06-02 09:44:48,149 INFO  State of current operation: PENDING
2022-06-02 09:44:50,376 INFO  State of current operation: PENDING
2022-06-02 09:44:52,623 INFO  State of current operation: PENDING
2022-06-02 09:44:54,859 INFO  State of current operation: PENDING
2022-06-02 09:44:57,094 INFO  State of current operation: PENDING
2022-06-02 09:44:59,326 INFO  State of current operation: PENDING
2022-06-02 09:45:01,555 INFO  State of current operation: PENDING
2022-06-02 09:45:03,785 INFO  State of current operation: PENDING
2022-06-02 09:45:06,032 INFO  State of current operation: PENDING
2022-06-02 09:45:08,260 INFO  State of current operation: PENDING
2022-06-02 09:45:10,496 INFO  State of current operation: PENDING
2022-06-02 09:45:12,734 INFO  State of current operation: PENDING
2022-06-02 09:45:15,045 INFO  State of current operation: PENDING
2022-06-02 09:45:17,301 INFO  State of current operation: PENDING
2022-06-02 09:45:19,548 INFO  State of current operation: PENDING
2022-06-02 09:45:21,786 INFO  State of current operation: PENDING
2022-06-02 09:45:24,010 INFO  State of current operation: PENDING
2022-06-02 09:45:26,262 INFO  State of current operation: PENDING
2022-06-02 09:45:28,490 INFO  State of current operation: PENDING
2022-06-02 09:45:30,743 INFO  State of current operation: PENDING
2022-06-02 09:45:32,977 INFO  State of current operation: PENDING
2022-06-02 09:45:35,215 INFO  State of current operation: PENDING
2022-06-02 09:45:37,457 INFO  State of current operation: PENDING
2022-06-02 09:45:39,467 WARN  SystemError occurred while running test - Timeout while waiting for status FAILED or SUCCESSFUL
Traceback (most recent call last):
  File "/home/pi/env-pysys/lib/python3.7/site-packages/pysys/baserunner.py", line 1292, in __call__
    self.testObj.setup()
  File "/home/pi/actions-runner/_work/thin-edge.io/thin-edge.io/tests/PySys/software_management_end_to_end/sm_apt_install_remove/run.py", line 27, in setup
    super().setup()
  File "/home/pi/actions-runner/_work/thin-edge.io/thin-edge.io/tests/PySys/software_management_end_to_end/environment_sm_management.py", line 151, in setup
    self.wait_until_end()
  File "/home/pi/actions-runner/_work/thin-edge.io/thin-edge.io/tests/PySys/software_management_end_to_end/environment_sm_management.py", line 332, in wait_until_end
    self.wait_until_status("FAILED", "SUCCESSFUL")
  File "/home/pi/actions-runner/_work/thin-edge.io/thin-edge.io/tests/PySys/software_management_end_to_end/environment_sm_management.py", line 381, in wait_until_status
    "Timeout while waiting for status %s or %s" % (status, status2)
SystemError: Timeout while waiting for status FAILED or SUCCESSFUL
2022-06-02 09:45:39,506 WARN  SystemError: Timeout while waiting for status FAILED or SUCCESSFUL ... blocked 
2022-06-02 09:45:39,508 INFO  
2022-06-02 09:45:39,508 INFO  cleanup:
2022-06-02 09:45:43,520 INFO  Executed sudo<tedge_disconnect_c8y>, exit status 0
2022-06-02 09:45:44,083 INFO  Executed systemctl<serv_mapper5>, exit status 3
2022-06-02 09:45:44,087 INFO  
2022-06-02 09:45:44,088 INFO  Test duration: 165.45 secs
2022-06-02 09:45:44,089 INFO  Test final outcome:  BLOCKED
2022-06-02 09:45:44,091 INFO  Test outcome reason: SystemError: Timeout while waiting for status FAILED or SUCCESSFUL
2022-06-02 09:45:44,091 INFO  
