2022-07-22 07:55:12,458 INFO  ==============================================================
2022-07-22 07:55:12,459 INFO  Id:    apt_sequence_remove_with_version_fail
2022-07-22 07:55:12,460 INFO  Dir:   plugin_apt/
2022-07-22 07:55:12,461 INFO  Title: Validate apt plugin remove with version fails when the version not found
2022-07-22 07:55:12,462 INFO  ==============================================================
2022-07-22 07:55:50,726 INFO  Executed sudo<outp_install>, exit status 0, duration 38 secs
2022-07-22 07:55:50,736 INFO  Assert that (value==0) with value=0 ... passed
2022-07-22 07:55:56,819 INFO  Executed sudo<outp_remove>, exit status 2
2022-07-22 07:55:56,822 INFO  Assert that (value==2) with value=2 ... passed
2022-07-22 07:55:56,828 INFO  Grep on file outp_remove.err ... passed
2022-07-22 07:55:59,450 INFO  Executed sudo<outp_check_0>, exit status 0
2022-07-22 07:55:59,452 INFO  Assert that (value==0) with value=0 ... passed
2022-07-22 07:55:59,458 INFO  Grep on file outp_check_0.out ... passed
2022-07-22 07:55:59,463 INFO  
2022-07-22 07:55:59,464 INFO  cleanup:
2022-07-22 07:56:12,967 INFO  Executed sudo, exit status 0, duration 13 secs
2022-07-22 07:56:12,971 INFO  
2022-07-22 07:56:12,972 INFO  Test duration: 60.52 secs
2022-07-22 07:56:12,973 INFO  Test final outcome:  PASSED
2022-07-22 07:56:12,974 INFO  
