2022-06-08 13:20:10,565 INFO  ==============================================================
2022-06-08 13:20:10,566 INFO  Id:    apt_install_local_file_with_version_fail
2022-06-08 13:20:10,567 INFO  Dir:   plugin_apt/
2022-06-08 13:20:10,568 INFO  Title: Validate apt plugin install from local file AND with a version - FAIL case
2022-06-08 13:20:10,569 INFO  ==============================================================
2022-06-08 13:20:12,563 INFO  URL of rolldice is b"'http://mirror.mythic-beasts.com/raspbian/pool/main/r/rolldice/rolldice_1.16-1+b1_armhf.deb'"
2022-06-08 13:20:14,655 INFO  Downloaded rolldcice in version 1.16-1+b1
2022-06-08 13:20:14,657 INFO  Filename is rolldice_1.16-1+b1_armhf.deb
2022-06-08 13:20:28,984 INFO  Executed sudo, exit status 0, duration 14 secs
2022-06-08 13:20:34,285 INFO  Executed sudo<outp_check_0>, exit status 0
2022-06-08 13:20:34,287 INFO  Assert that (value==0) with value=0 ... passed
2022-06-08 13:20:34,294 INFO  Grep on file outp_check_0.out ... passed
2022-06-08 13:20:34,856 INFO  Executed sudo<outp_install>, exit status 5
2022-06-08 13:20:34,858 INFO  Assert that (value==5) with value=5 ... passed
2022-06-08 13:20:37,442 INFO  Executed sudo<outp_check_1>, exit status 0
2022-06-08 13:20:37,444 INFO  Assert that (value==0) with value=0 ... passed
2022-06-08 13:20:37,454 INFO  Grep on file outp_check_1.out ... passed
2022-06-08 13:20:37,471 INFO  
2022-06-08 13:20:37,472 INFO  cleanup:
2022-06-08 13:20:37,475 INFO  
2022-06-08 13:20:37,475 INFO  Test duration: 26.92 secs
2022-06-08 13:20:37,477 INFO  Test final outcome:  PASSED
2022-06-08 13:20:37,477 INFO  
