2022-07-25 12:47:43,461 INFO  ==============================================================
2022-07-25 12:47:43,462 INFO  Id:    SoftwareManagement.Plugin.apama_plugin_mon_support
2022-07-25 12:47:43,463 INFO  Dir:   plugin_apama/
2022-07-25 12:47:43,464 INFO  Title: Validate mon file support of apama plugin
2022-07-25 12:47:43,465 INFO  ==============================================================
2022-07-25 12:47:43,492 INFO  Assertion that path exists=False for "/etc/tedge/apama/project" ... passed
2022-07-25 12:47:44,003 INFO  Executed sudo<create_project_dir>, exit status 0
2022-07-25 12:47:44,615 INFO  Executed sudo<unzip_apama_project>, exit status 0
2022-07-25 12:47:45,126 INFO  Executed sudo<move_apama_project>, exit status 0
2022-07-25 12:47:45,990 INFO  Executed sudo<restart_apama_service>, exit status 0
2022-07-25 12:47:46,709 INFO  Executed sudo<apama_correlator_wait>, exit status 0
2022-07-25 12:47:47,472 INFO  Executed sudo<apama_list_monitors>, exit status 0
2022-07-25 12:47:47,478 INFO  Grep on file /home/pi/actions-runner/_work/thin-edge.io/thin-edge.io/tests/PySys/plugin_apama/apama_plugin_mon_support/Output/linux/apama_list_monitors.out ... passed
2022-07-25 12:47:48,194 INFO  Executed sudo<plugin_list_before_install>, exit status 0
2022-07-25 12:47:49,259 INFO  Executed sudo<plugin_install>, exit status 0
2022-07-25 12:47:49,971 INFO  Executed sudo<apama_correlator_wait>, exit status 0
2022-07-25 12:47:50,692 INFO  Executed sudo<plugin_list_after_install>, exit status 0
2022-07-25 12:47:51,913 INFO  Executed sudo<plugin_update>, exit status 0
2022-07-25 12:47:52,575 INFO  Executed sudo<apama_correlator_wait>, exit status 0
2022-07-25 12:47:53,290 INFO  Executed sudo<plugin_list_after_update>, exit status 0
2022-07-25 12:47:54,053 INFO  Executed sudo<plugin_remove>, exit status 0
2022-07-25 12:47:54,765 INFO  Executed sudo<plugin_list_after_remove>, exit status 0
2022-07-25 12:47:54,771 INFO  Grep on file plugin_list_before_install.out ... passed
2022-07-25 12:47:54,775 INFO  Grep on file plugin_list_after_install.out ... passed
2022-07-25 12:47:54,779 INFO  Grep on file plugin_list_after_update.out ... passed
2022-07-25 12:47:54,783 INFO  Grep on file plugin_list_after_remove.out ... passed
2022-07-25 12:47:54,792 INFO  
2022-07-25 12:47:54,793 INFO  cleanup:
2022-07-25 12:47:54,794 INFO  Removing apama project
2022-07-25 12:48:10,002 INFO  Executed sudo<stop_apama_service>, exit status 0, duration 15 secs
2022-07-25 12:48:10,589 INFO  Executed sudo<remove_apama_project>, exit status 0
2022-07-25 12:48:11,100 INFO  Executed sudo<remove_apama_tmp_dir>, exit status 0
2022-07-25 12:48:11,105 INFO  
2022-07-25 12:48:11,106 INFO  Test duration: 27.66 secs
2022-07-25 12:48:11,107 INFO  Test final outcome:  PASSED
2022-07-25 12:48:11,108 INFO  
