Archive:  /home/pi/actions-runner/_work/thin-edge.io/thin-edge.io/tests/PySys/plugin_apama/Input/quickstart.zip
   creating: /tmp/tedge_apama_project/project/
  inflating: /tmp/tedge_apama_project/project/initialization.yaml  
  inflating: /tmp/tedge_apama_project/project/arguments.yaml  
  inflating: /tmp/tedge_apama_project/project/.project  
   creating: /tmp/tedge_apama_project/project/config/
  inflating: /tmp/tedge_apama_project/project/config/CorrelatorConfig.yaml  
   creating: /tmp/tedge_apama_project/project/config/launch/
  inflating: /tmp/tedge_apama_project/project/config/launch/tedge-demo-test.deploy  
  inflating: /tmp/tedge_apama_project/project/config/launch/tedge-demo-test.launch  
   creating: /tmp/tedge_apama_project/project/config/connectivity/
   creating: /tmp/tedge_apama_project/project/config/connectivity/MQTT/
  inflating: /tmp/tedge_apama_project/project/config/connectivity/MQTT/MQTT.yaml  
  inflating: /tmp/tedge_apama_project/project/config/connectivity/MQTT/MQTT.properties  
  inflating: /tmp/tedge_apama_project/project/config/connectivity/MQTT/.settings  
   creating: /tmp/tedge_apama_project/project/monitors/
  inflating: /tmp/tedge_apama_project/project/monitors/TedgeDemoMonitor.mon  
  inflating: /tmp/tedge_apama_project/project/.dependencies  
  inflating: /tmp/tedge_apama_project/project/initfiles.txt  
  inflating: /tmp/tedge_apama_project/project/correlator.properties  
  inflating: /tmp/tedge_apama_project/project/persistence.properties  
  inflating: /tmp/tedge_apama_project/project/persistence.yaml  
  inflating: /tmp/tedge_apama_project/project/connectivity.yaml  
