2022-07-22 00:58:47,009 INFO  ==============================================================
2022-07-22 00:58:47,010 INFO  Id:    apt_sequence_remove
2022-07-22 00:58:47,011 INFO  Dir:   plugin_apt/
2022-07-22 00:58:47,012 INFO  Title: Validate apt plugin prepare install remove finalize use case
2022-07-22 00:58:47,013 INFO  ==============================================================
2022-07-22 00:59:25,387 INFO  Executed sudo, exit status 0, duration 38 secs
2022-07-22 00:59:30,733 INFO  Executed sudo<outp_check_0>, exit status 0
2022-07-22 00:59:30,735 INFO  Assert that (value==0) with value=0 ... passed
2022-07-22 00:59:30,741 INFO  Grep on file outp_check_0.out ... passed
2022-07-22 00:59:48,599 INFO  Executed sudo<outp_prepare>, exit status 0, duration 17 secs
2022-07-22 00:59:48,602 INFO  Assert that (value==0) with value=0 ... passed
2022-07-22 01:00:07,939 INFO  Executed sudo<outp_remove>, exit status 0, duration 19 secs
2022-07-22 01:00:07,942 INFO  Assert that (value==0) with value=0 ... passed
2022-07-22 01:00:15,712 INFO  Executed sudo<outp_finalize>, exit status 0
2022-07-22 01:00:15,714 INFO  Assert that (value==0) with value=0 ... passed
2022-07-22 01:00:18,337 INFO  Executed sudo<outp_check_1>, exit status 0
2022-07-22 01:00:18,339 INFO  Assert that (value==0) with value=0 ... passed
2022-07-22 01:00:18,345 INFO  Grep on file outp_check_1.out ... passed
2022-07-22 01:00:18,351 INFO  
2022-07-22 01:00:18,352 INFO  cleanup:
2022-07-22 01:00:22,987 INFO  Executed sudo, exit status 0
2022-07-22 01:00:22,991 INFO  
2022-07-22 01:00:22,992 INFO  Test duration: 95.99 secs
2022-07-22 01:00:22,993 INFO  Test final outcome:  PASSED
2022-07-22 01:00:22,994 INFO  
