2022-07-25 11:48:07,916 INFO  ==============================================================
2022-07-25 11:48:07,917 INFO  Id:    log_request_error_messages
2022-07-25 11:48:07,918 INFO  Dir:   log_request_end_to_end/
2022-07-25 11:48:07,919 INFO  Title: Validate end to end behaviour for the log request operation check for error messages
2022-07-25 11:48:07,920 INFO  ==============================================================
2022-07-25 11:48:09,159 INFO  EnvironmentC8y Setup
2022-07-25 11:48:09,780 INFO  Executed systemctl<serv_mapper1>, exit status 3
2022-07-25 11:48:23,773 INFO  Executed sudo<tedge_connect_c8y>, exit status 0, duration 13 secs
2022-07-25 11:48:24,390 INFO  Executed sudo<tedge_connect_c8y_test>, exit status 0
2022-07-25 11:48:24,903 INFO  Executed systemctl<serv_mosq2>, exit status 0
2022-07-25 11:48:25,424 INFO  Executed systemctl<serv_mapper3>, exit status 0
2022-07-25 11:48:25,987 INFO  Executed sudo<rm_logs>, exit status 0
2022-07-25 11:48:26,533 INFO  Executed sudo<move_logs>, exit status 0
2022-07-25 11:48:27,095 INFO  Executed sudo<log_file_daemon>, exit status 0
2022-07-25 11:48:27,707 WARN  TypeError occurred while running test - 'NoneType' object is not subscriptable
Traceback (most recent call last):
  File "/home/pi/env-pysys/lib/python3.7/site-packages/pysys/baserunner.py", line 1294, in __call__
    self.testObj.execute()
  File "/home/pi/actions-runner/_work/thin-edge.io/thin-edge.io/tests/PySys/log_request_end_to_end/log_request_error_messages/run.py", line 47, in execute
    log_file_request_payload, self.project.deviceid
  File "/home/pi/actions-runner/_work/thin-edge.io/thin-edge.io/tests/PySys/environments/cumulocity.py", line 101, in trigger_log_request
    "deviceId": self.device_fragment["id"],
TypeError: 'NoneType' object is not subscriptable
2022-07-25 11:48:28,219 WARN  TypeError: 'NoneType' object is not subscriptable ... blocked 
2022-07-25 11:48:28,220 INFO  
2022-07-25 11:48:28,221 INFO  cleanup:
2022-07-25 11:48:28,733 INFO  Executed sudo<rm_logs>, exit status 0
2022-07-25 11:48:29,252 INFO  Executed sudo<rm_tmp_logs>, exit status 0
2022-07-25 11:48:29,765 INFO  Executed sudo<send_failed>, exit status 0
2022-07-25 11:48:30,379 INFO  Executed sudo<log_file_daemon>, exit status 0
2022-07-25 11:48:34,325 INFO  Executed sudo<tedge_disconnect_c8y>, exit status 0
2022-07-25 11:48:34,939 INFO  Executed systemctl<serv_mapper5>, exit status 3
2022-07-25 11:48:34,944 INFO  
2022-07-25 11:48:34,945 INFO  Test duration: 27.03 secs
2022-07-25 11:48:34,946 INFO  Test final outcome:  BLOCKED
2022-07-25 11:48:34,947 INFO  Test outcome reason: TypeError: 'NoneType' object is not subscriptable
2022-07-25 11:48:34,948 INFO  
