2022-07-27 09:26:42,456 INFO  ==============================================================
2022-07-27 09:26:42,457 INFO  Id:    c8y_restart_bridge
2022-07-27 09:26:42,458 INFO  Dir:   tedge_connect/
2022-07-27 09:26:42,459 INFO  Title: Bridge restart
2022-07-27 09:26:42,460 INFO  ==============================================================
2022-07-27 09:26:42,465 INFO  EnvironmentC8y Setup
2022-07-27 09:26:43,078 INFO  Executed systemctl<serv_mapper1>, exit status 3
2022-07-27 09:26:43,184 INFO  Restarting mosquitto too frequently in the last 10 seconds. It was only up for 10 seconds
2022-07-27 09:26:43,185 INFO  Delaying execution by 1 seconds
2022-07-27 09:26:58,047 INFO  Executed sudo<tedge_connect_c8y>, exit status 0, duration 13 secs
2022-07-27 09:26:58,664 INFO  Executed sudo<tedge_connect_c8y_test>, exit status 0
2022-07-27 09:26:59,179 INFO  Executed systemctl<serv_mosq2>, exit status 0
2022-07-27 09:26:59,643 INFO  Executed systemctl<serv_mapper3>, exit status 0
2022-07-27 09:26:59,644 INFO  Setup
2022-07-27 09:26:59,645 INFO  Execute (empty in this case as we test the c8y enviroment)
2022-07-27 09:27:00,108 INFO  Executed systemctl<serv_mosq>, exit status 0
2022-07-27 09:27:00,622 INFO  Executed systemctl<serv_mapper4>, exit status 0
2022-07-27 09:27:00,623 INFO  Validate
2022-07-27 09:27:00,630 INFO  Grep on file tedge_connect_c8y.out ... passed
2022-07-27 09:27:00,638 INFO  Grep on file tedge_connect_c8y.out ... passed
2022-07-27 09:27:00,645 INFO  
2022-07-27 09:27:00,646 INFO  cleanup:
2022-07-27 09:27:00,646 INFO  MyCleanup
2022-07-27 09:27:04,650 INFO  Executed sudo<tedge_disconnect_c8y>, exit status 0
2022-07-27 09:27:05,218 INFO  Executed systemctl<serv_mapper5>, exit status 3
2022-07-27 09:27:05,222 INFO  
2022-07-27 09:27:05,223 INFO  Test duration: 22.77 secs
2022-07-27 09:27:05,224 INFO  Test final outcome:  PASSED
2022-07-27 09:27:05,225 INFO  
