2022-07-22 00:10:13,009 INFO  ==============================================================
2022-07-22 00:10:13,010 INFO  Id:    SoftwareManagement.sm_apt_install_remove_multiple_mixed
2022-07-22 00:10:13,011 INFO  Dir:   software_management_end_to_end/
2022-07-22 00:10:13,012 INFO  Title: Validate end to end behaviour for the apt plugin for multiple packages with mixed versions
2022-07-22 00:10:13,013 INFO  ==============================================================
2022-07-22 00:10:13,067 INFO  Using sw id database: {'asciijump': '5475369', 'robotfindskitten': '5474869', 'squirrel3': '5475279', 'rolldice': '5152439', 'moon-buggy': '5439204', 'apple': '5495053', 'banana': '5494888', 'cherry': '5495382', 'watermelon': '5494510', 'registry': '8018911', 'hello-world': '8021526', 'docker/getting-started': '8021973', 'alpine': '7991792'}
2022-07-22 00:10:13,068 INFO  EnvironmentC8y Setup
2022-07-22 00:10:13,733 INFO  Executed systemctl<serv_mapper1>, exit status 3
2022-07-22 00:10:13,864 INFO  Restarting mosquitto too frequently in the last 10 seconds. It was only up for 5 seconds
2022-07-22 00:10:13,867 INFO  Delaying execution by 6 seconds
2022-07-22 00:10:33,980 INFO  Executed sudo<tedge_connect_c8y>, exit status 0, duration 14 secs
2022-07-22 00:10:34,653 INFO  Executed sudo<tedge_connect_c8y_test>, exit status 0
2022-07-22 00:10:35,167 INFO  Executed systemctl<serv_mosq2>, exit status 0
2022-07-22 00:10:35,682 INFO  Executed systemctl<serv_mapper3>, exit status 0
2022-07-22 00:10:37,920 INFO  State of current operation: SUCCESSFUL
2022-07-22 00:10:38,168 INFO  Assert that (False == value) with value=False ... passed
2022-07-22 00:10:38,434 INFO  Assert that (False == value) with value=False ... passed
2022-07-22 00:10:38,665 INFO  Assert that (False == value) with value=False ... passed
2022-07-22 00:10:38,907 INFO  Assert that (False == value) with value=False ... passed
2022-07-22 00:10:39,130 INFO  Package moon-buggy is installed
2022-07-22 00:10:39,164 WARN  Assert that (False == value) with value=True ... failed 
2022-07-22 00:10:40,458 INFO  Response status: 201
2022-07-22 00:10:40,461 INFO  Response to action: {
    "creationTime": "2022-07-22T00:10:40.414Z",
    "deviceId": "21164556",
    "deviceName": "m32sd10a",
    "self": "https://t493319102.eu-latest.cumulocity.com/devicecontrol/operations/21210867",
    "id": "21210867",
    "status": "PENDING",
    "description": "Apply software changes, triggered from PySys: [{'action': 'install', 'id': '5475369', 'name': 'asciijump', 'url': ' ', 'version': '::apt'}, {'action': 'install', 'id': '5474869', 'name': 'robotfindskitten', 'url': ' ', 'version': ' '}, {'action': 'install', 'id': '5475279', 'name': 'squirrel3', 'url': ' ', 'version': '3.1-7::apt'}, {'action': 'install', 'id': '5152439', 'name': 'rolldice', 'url': ' ', 'version': '1.16-1+b1'}, {'action': 'install', 'id': '5439204', 'name': 'moon-buggy', 'url': ' ', 'version': '1:1.0.51-12'}, {'action': 'install', 'id': '5475369', 'name': 'asciijump', 'url': ' ', 'version': '::apt'}]",
    "c8y_SoftwareUpdate": [
        {
            "name": "asciijump",
            "action": "install",
            "id": "5475369",
            "version": "::apt",
            "url": " "
        },
        {
            "name": "robotfindskitten",
            "action": "install",
            "id": "5474869",
            "version": " ",
            "url": " "
        },
        {
            "name": "squirrel3",
            "action": "install",
            "id": "5475279",
            "version": "3.1-7::apt",
            "url": " "
        },
        {
            "name": "rolldice",
            "action": "install",
            "id": "5152439",
            "version": "1.16-1+b1",
            "url": " "
        },
        {
            "name": "moon-buggy",
            "action": "install",
            "id": "5439204",
            "version": "1:1.0.51-12",
            "url": " "
        },
        {
            "name": "asciijump",
            "action": "install",
            "id": "5475369",
            "version": "::apt",
            "url": " "
        }
    ]
}
2022-07-22 00:10:40,462 INFO  Started operation: {'creationTime': '2022-07-22T00:10:40.414Z', 'deviceId': '21164556', 'deviceName': 'm32sd10a', 'self': 'https://t493319102.eu-latest.cumulocity.com/devicecontrol/operations/21210867', 'id': '21210867', 'status': 'PENDING', 'description': "Apply software changes, triggered from PySys: [{'action': 'install', 'id': '5475369', 'name': 'asciijump', 'url': ' ', 'version': '::apt'}, {'action': 'install', 'id': '5474869', 'name': 'robotfindskitten', 'url': ' ', 'version': ' '}, {'action': 'install', 'id': '5475279', 'name': 'squirrel3', 'url': ' ', 'version': '3.1-7::apt'}, {'action': 'install', 'id': '5152439', 'name': 'rolldice', 'url': ' ', 'version': '1.16-1+b1'}, {'action': 'install', 'id': '5439204', 'name': 'moon-buggy', 'url': ' ', 'version': '1:1.0.51-12'}, {'action': 'install', 'id': '5475369', 'name': 'asciijump', 'url': ' ', 'version': '::apt'}]", 'c8y_SoftwareUpdate': [{'name': 'asciijump', 'action': 'install', 'id': '5475369', 'version': '::apt', 'url': ' '}, {'name': 'robotfindskitten', 'action': 'install', 'id': '5474869', 'version': ' ', 'url': ' '}, {'name': 'squirrel3', 'action': 'install', 'id': '5475279', 'version': '3.1-7::apt', 'url': ' '}, {'name': 'rolldice', 'action': 'install', 'id': '5152439', 'version': '1.16-1+b1', 'url': ' '}, {'name': 'moon-buggy', 'action': 'install', 'id': '5439204', 'version': '1:1.0.51-12', 'url': ' '}, {'name': 'asciijump', 'action': 'install', 'id': '5475369', 'version': '::apt', 'url': ' '}]}
2022-07-22 00:10:42,684 INFO  State of operation 21210867 : PENDING
2022-07-22 00:10:44,908 INFO  State of operation 21210867 : EXECUTING
2022-07-22 00:10:47,147 INFO  State of operation 21210867 : EXECUTING
2022-07-22 00:10:49,424 INFO  State of operation 21210867 : EXECUTING
2022-07-22 00:10:51,638 INFO  State of operation 21210867 : EXECUTING
2022-07-22 00:10:53,853 INFO  State of operation 21210867 : EXECUTING
2022-07-22 00:10:56,762 INFO  State of operation 21210867 : EXECUTING
2022-07-22 00:10:59,702 INFO  State of operation 21210867 : EXECUTING
2022-07-22 00:11:01,962 INFO  State of operation 21210867 : EXECUTING
2022-07-22 00:11:04,315 INFO  State of operation 21210867 : EXECUTING
2022-07-22 00:11:06,545 INFO  State of operation 21210867 : EXECUTING
2022-07-22 00:11:08,785 INFO  State of operation 21210867 : EXECUTING
2022-07-22 00:11:11,005 INFO  State of operation 21210867 : EXECUTING
2022-07-22 00:11:13,242 INFO  State of operation 21210867 : EXECUTING
2022-07-22 00:11:15,496 INFO  State of operation 21210867 : EXECUTING
2022-07-22 00:11:17,720 INFO  State of operation 21210867 : EXECUTING
2022-07-22 00:11:19,959 INFO  State of operation 21210867 : EXECUTING
2022-07-22 00:11:22,285 INFO  State of operation 21210867 : EXECUTING
2022-07-22 00:11:24,656 INFO  State of operation 21210867 : EXECUTING
2022-07-22 00:11:27,036 INFO  State of operation 21210867 : EXECUTING
2022-07-22 00:11:29,724 INFO  State of operation 21210867 : EXECUTING
2022-07-22 00:11:31,941 INFO  State of operation 21210867 : EXECUTING
2022-07-22 00:11:34,161 INFO  State of operation 21210867 : EXECUTING
2022-07-22 00:11:36,374 INFO  State of operation 21210867 : EXECUTING
2022-07-22 00:11:39,193 INFO  State of operation 21210867 : EXECUTING
2022-07-22 00:11:41,445 INFO  State of operation 21210867 : EXECUTING
2022-07-22 00:11:44,225 INFO  State of operation 21210867 : EXECUTING
2022-07-22 00:11:46,444 INFO  State of operation 21210867 : EXECUTING
2022-07-22 00:11:49,149 INFO  State of operation 21210867 : EXECUTING
2022-07-22 00:11:51,361 INFO  State of operation 21210867 : EXECUTING
2022-07-22 00:11:54,067 INFO  State of operation 21210867 : EXECUTING
2022-07-22 00:11:56,297 INFO  State of operation 21210867 : EXECUTING
2022-07-22 00:11:58,633 INFO  State of operation 21210867 : EXECUTING
2022-07-22 00:12:00,846 INFO  State of operation 21210867 : EXECUTING
2022-07-22 00:12:03,103 INFO  State of operation 21210867 : EXECUTING
2022-07-22 00:12:05,348 INFO  State of operation 21210867 : EXECUTING
2022-07-22 00:12:07,560 INFO  State of operation 21210867 : EXECUTING
2022-07-22 00:12:09,794 INFO  State of operation 21210867 : EXECUTING
2022-07-22 00:12:12,009 INFO  State of operation 21210867 : EXECUTING
2022-07-22 00:12:14,226 INFO  State of operation 21210867 : EXECUTING
2022-07-22 00:12:16,950 INFO  State of operation 21210867 : EXECUTING
2022-07-22 00:12:19,741 INFO  State of operation 21210867 : EXECUTING
2022-07-22 00:12:22,054 INFO  State of operation 21210867 : EXECUTING
2022-07-22 00:12:24,606 INFO  State of operation 21210867 : EXECUTING
2022-07-22 00:12:26,825 INFO  State of operation 21210867 : EXECUTING
2022-07-22 00:12:29,046 INFO  State of operation 21210867 : EXECUTING
2022-07-22 00:12:31,274 INFO  State of operation 21210867 : EXECUTING
2022-07-22 00:12:33,494 INFO  State of operation 21210867 : EXECUTING
2022-07-22 00:12:35,713 INFO  State of operation 21210867 : EXECUTING
2022-07-22 00:12:37,954 INFO  State of operation 21210867 : EXECUTING
2022-07-22 00:12:40,360 INFO  State of operation 21210867 : EXECUTING
2022-07-22 00:12:43,297 INFO  State of operation 21210867 : EXECUTING
2022-07-22 00:12:45,517 INFO  State of operation 21210867 : EXECUTING
2022-07-22 00:12:47,740 INFO  State of operation 21210867 : EXECUTING
2022-07-22 00:12:49,969 INFO  State of operation 21210867 : EXECUTING
2022-07-22 00:12:52,708 INFO  State of operation 21210867 : EXECUTING
2022-07-22 00:12:54,935 INFO  State of operation 21210867 : EXECUTING
2022-07-22 00:12:57,708 INFO  State of operation 21210867 : EXECUTING
2022-07-22 00:12:59,917 INFO  State of operation 21210867 : EXECUTING
2022-07-22 00:13:02,205 INFO  State of operation 21210867 : EXECUTING
2022-07-22 00:13:04,424 INFO  State of operation 21210867 : EXECUTING
2022-07-22 00:13:06,428 WARN  SystemError occurred while running test - Timeout while waiting for status SUCCESSFUL or False
Traceback (most recent call last):
  File "/home/pi/env-pysys/lib/python3.7/site-packages/pysys/baserunner.py", line 1294, in __call__
    self.testObj.execute()
  File "/home/pi/actions-runner/_work/thin-edge.io/thin-edge.io/tests/PySys/software_management_end_to_end/sm_apt_install_remove_multiple_mixed/run.py", line 89, in execute
    self.wait_until_succcess()
  File "/home/pi/actions-runner/_work/thin-edge.io/thin-edge.io/tests/PySys/software_management_end_to_end/environment_sm_management.py", line 324, in wait_until_succcess
    self.wait_until_status("SUCCESSFUL")
  File "/home/pi/actions-runner/_work/thin-edge.io/thin-edge.io/tests/PySys/software_management_end_to_end/environment_sm_management.py", line 381, in wait_until_status
    "Timeout while waiting for status %s or %s" % (status, status2)
SystemError: Timeout while waiting for status SUCCESSFUL or False
2022-07-22 00:13:06,461 WARN  SystemError: Timeout while waiting for status SUCCESSFUL or False ... blocked 
2022-07-22 00:13:06,463 INFO  
2022-07-22 00:13:06,463 INFO  cleanup:
2022-07-22 00:13:12,018 INFO  Executed sudo<tedge_disconnect_c8y>, exit status 0
2022-07-22 00:13:12,731 INFO  Executed systemctl<serv_mapper5>, exit status 3
2022-07-22 00:13:12,735 INFO  
2022-07-22 00:13:12,736 INFO  Test duration: 179.74 secs
2022-07-22 00:13:12,737 INFO  Test final outcome:  BLOCKED
2022-07-22 00:13:12,738 INFO  Test outcome reason: SystemError: Timeout while waiting for status SUCCESSFUL or False (+1 other failures)
2022-07-22 00:13:12,739 INFO  
