2022-06-10 13:23:37,480 INFO  ==============================================================
2022-06-10 13:23:37,481 INFO  Id:    apt_prepare_install_finalize
2022-06-10 13:23:37,482 INFO  Dir:   plugin_apt/
2022-06-10 13:23:37,483 INFO  Title: Validate apt plugin install use case
2022-06-10 13:23:37,484 INFO  ==============================================================
2022-06-10 13:23:44,878 INFO  Executed sudo, exit status 0
2022-06-10 13:23:47,457 INFO  Executed sudo<outp_check_0>, exit status 0
2022-06-10 13:23:47,459 INFO  Assert that (value==0) with value=0 ... passed
2022-06-10 13:23:47,465 INFO  Grep on file outp_check_0.out ... passed
2022-06-10 13:24:05,401 INFO  Executed sudo<outp_prepare>, exit status 0, duration 17 secs
2022-06-10 13:24:05,405 INFO  Assert that (value==0) with value=0 ... passed
2022-06-10 13:24:49,122 INFO  Executed sudo<outp_install>, exit status 0, duration 43 secs
2022-06-10 13:24:49,126 INFO  Assert that (value==0) with value=0 ... passed
2022-06-10 13:24:56,524 INFO  Executed sudo<outp_finalize>, exit status 0
2022-06-10 13:24:56,527 INFO  Assert that (value==0) with value=0 ... passed
2022-06-10 13:24:59,152 INFO  Executed sudo<outp_check_1>, exit status 0
2022-06-10 13:24:59,154 INFO  Assert that (value==0) with value=0 ... passed
2022-06-10 13:24:59,159 INFO  Grep on file outp_check_1.out ... passed
2022-06-10 13:24:59,166 INFO  
2022-06-10 13:24:59,167 INFO  cleanup:
2022-06-10 13:25:12,522 INFO  Executed sudo, exit status 0, duration 13 secs
2022-06-10 13:25:12,526 INFO  
2022-06-10 13:25:12,527 INFO  Test duration: 95.05 secs
2022-06-10 13:25:12,528 INFO  Test final outcome:  PASSED
2022-06-10 13:25:12,529 INFO  
