2022-07-26 08:20:26,051 INFO  ==============================================================
2022-07-26 08:20:26,051 INFO  Id:    SoftwareManagement.sm_apt_install_remove
2022-07-26 08:20:26,053 INFO  Dir:   software_management_end_to_end/
2022-07-26 08:20:26,053 INFO  Title: Validate end to end behaviour for the apt plugin for installation and removal of packages
2022-07-26 08:20:26,054 INFO  ==============================================================
2022-07-26 08:20:26,076 INFO  Using sw id database: {'asciijump': '5475369', 'robotfindskitten': '5474869', 'squirrel3': '5475279', 'rolldice': '5152439', 'moon-buggy': '5439204', 'apple': '5495053', 'banana': '5494888', 'cherry': '5495382', 'watermelon': '5494510', 'registry': '8018911', 'hello-world': '8021526', 'docker/getting-started': '8021973', 'alpine': '7991792'}
2022-07-26 08:20:26,077 INFO  EnvironmentC8y Setup
2022-07-26 08:20:26,641 INFO  Executed systemctl<serv_mapper1>, exit status 3
2022-07-26 08:20:26,748 INFO  Restarting mosquitto too frequently in the last 10 seconds. It was only up for 5 seconds
2022-07-26 08:20:26,750 INFO  Delaying execution by 6 seconds
2022-07-26 08:20:46,957 INFO  Executed sudo<tedge_connect_c8y>, exit status 0, duration 14 secs
2022-07-26 08:20:47,635 INFO  Executed sudo<tedge_connect_c8y_test>, exit status 0
2022-07-26 08:20:48,152 INFO  Executed systemctl<serv_mosq2>, exit status 0
2022-07-26 08:20:48,666 INFO  Executed systemctl<serv_mapper3>, exit status 0
2022-07-26 08:20:50,885 INFO  State of current operation: FAILED
2022-07-26 08:20:51,366 INFO  Assert that (False == value) with value=False ... passed
2022-07-26 08:20:51,592 INFO  Response status: 201
2022-07-26 08:20:51,594 INFO  Response to action: {
    "delivery": {
        "log": [],
        "time": "2022-07-26T08:20:51.570Z",
        "status": "PENDING"
    },
    "creationTime": "2022-07-26T08:20:51.552Z",
    "deviceId": "21413441",
    "deviceName": "m32sd10a",
    "self": "https://t493319102.eu-latest.cumulocity.com/devicecontrol/operations/21434612",
    "id": "21434612",
    "status": "PENDING",
    "description": "Apply software changes, triggered from PySys: [{'name': 'rolldice', 'id': '5152439', 'version': '::apt', 'url': '', 'action': 'install'}]",
    "c8y_SoftwareUpdate": [
        {
            "name": "rolldice",
            "action": "install",
            "id": "5152439",
            "version": "::apt",
            "url": ""
        }
    ]
}
2022-07-26 08:20:51,595 INFO  Started operation: {'delivery': {'log': [], 'time': '2022-07-26T08:20:51.570Z', 'status': 'PENDING'}, 'creationTime': '2022-07-26T08:20:51.552Z', 'deviceId': '21413441', 'deviceName': 'm32sd10a', 'self': 'https://t493319102.eu-latest.cumulocity.com/devicecontrol/operations/21434612', 'id': '21434612', 'status': 'PENDING', 'description': "Apply software changes, triggered from PySys: [{'name': 'rolldice', 'id': '5152439', 'version': '::apt', 'url': '', 'action': 'install'}]", 'c8y_SoftwareUpdate': [{'name': 'rolldice', 'action': 'install', 'id': '5152439', 'version': '::apt', 'url': ''}]}
2022-07-26 08:20:53,809 INFO  State of operation 21434612 : PENDING
2022-07-26 08:20:56,044 INFO  State of operation 21434612 : EXECUTING
2022-07-26 08:20:58,263 INFO  State of operation 21434612 : EXECUTING
2022-07-26 08:21:00,479 INFO  State of operation 21434612 : EXECUTING
2022-07-26 08:21:02,704 INFO  State of operation 21434612 : EXECUTING
2022-07-26 08:21:04,925 INFO  State of operation 21434612 : EXECUTING
2022-07-26 08:21:07,631 INFO  State of operation 21434612 : EXECUTING
2022-07-26 08:21:10,369 INFO  State of operation 21434612 : EXECUTING
2022-07-26 08:21:12,605 INFO  State of operation 21434612 : EXECUTING
2022-07-26 08:21:15,107 INFO  State of operation 21434612 : EXECUTING
2022-07-26 08:21:17,322 INFO  State of operation 21434612 : EXECUTING
2022-07-26 08:21:19,535 INFO  State of operation 21434612 : EXECUTING
2022-07-26 08:21:21,750 INFO  State of operation 21434612 : EXECUTING
2022-07-26 08:21:23,968 INFO  State of operation 21434612 : EXECUTING
2022-07-26 08:21:26,211 INFO  State of operation 21434612 : EXECUTING
2022-07-26 08:21:28,583 INFO  State of operation 21434612 : EXECUTING
2022-07-26 08:21:30,966 INFO  State of operation 21434612 : EXECUTING
2022-07-26 08:21:33,652 INFO  State of operation 21434612 : EXECUTING
2022-07-26 08:21:35,884 INFO  State of operation 21434612 : EXECUTING
2022-07-26 08:21:38,121 INFO  State of operation 21434612 : EXECUTING
2022-07-26 08:21:40,328 INFO  State of operation 21434612 : EXECUTING
2022-07-26 08:21:43,026 INFO  State of operation 21434612 : EXECUTING
2022-07-26 08:21:45,309 INFO  State of operation 21434612 : EXECUTING
2022-07-26 08:21:48,224 INFO  State of operation 21434612 : EXECUTING
2022-07-26 08:21:50,439 INFO  State of operation 21434612 : EXECUTING
2022-07-26 08:21:52,652 INFO  State of operation 21434612 : EXECUTING
2022-07-26 08:21:54,866 INFO  State of operation 21434612 : EXECUTING
2022-07-26 08:21:57,090 INFO  State of operation 21434612 : EXECUTING
2022-07-26 08:21:59,295 INFO  State of operation 21434612 : EXECUTING
2022-07-26 08:22:01,521 INFO  State of operation 21434612 : EXECUTING
2022-07-26 08:22:03,859 INFO  State of operation 21434612 : EXECUTING
2022-07-26 08:22:06,088 INFO  State of operation 21434612 : EXECUTING
2022-07-26 08:22:08,306 INFO  State of operation 21434612 : EXECUTING
2022-07-26 08:22:10,521 INFO  State of operation 21434612 : EXECUTING
2022-07-26 08:22:12,743 INFO  State of operation 21434612 : SUCCESSFUL
2022-07-26 08:22:13,013 INFO  Package rolldice is installed
2022-07-26 08:22:13,016 INFO  Assert that (True == value) with value=True ... passed
2022-07-26 08:22:13,245 INFO  Response status: 201
2022-07-26 08:22:13,247 INFO  Response to action: {
    "delivery": {
        "log": [],
        "time": "2022-07-26T08:22:13.223Z",
        "status": "PENDING"
    },
    "creationTime": "2022-07-26T08:22:13.205Z",
    "deviceId": "21413441",
    "deviceName": "m32sd10a",
    "self": "https://t493319102.eu-latest.cumulocity.com/devicecontrol/operations/21434624",
    "id": "21434624",
    "status": "PENDING",
    "description": "Apply software changes, triggered from PySys: [{'name': 'rolldice', 'id': '5152439', 'version': '::apt', 'url': '', 'action': 'delete'}]",
    "c8y_SoftwareUpdate": [
        {
            "name": "rolldice",
            "action": "delete",
            "id": "5152439",
            "version": "::apt",
            "url": ""
        }
    ]
}
2022-07-26 08:22:13,248 INFO  Started operation: {'delivery': {'log': [], 'time': '2022-07-26T08:22:13.223Z', 'status': 'PENDING'}, 'creationTime': '2022-07-26T08:22:13.205Z', 'deviceId': '21413441', 'deviceName': 'm32sd10a', 'self': 'https://t493319102.eu-latest.cumulocity.com/devicecontrol/operations/21434624', 'id': '21434624', 'status': 'PENDING', 'description': "Apply software changes, triggered from PySys: [{'name': 'rolldice', 'id': '5152439', 'version': '::apt', 'url': '', 'action': 'delete'}]", 'c8y_SoftwareUpdate': [{'name': 'rolldice', 'action': 'delete', 'id': '5152439', 'version': '::apt', 'url': ''}]}
2022-07-26 08:22:15,462 INFO  State of operation 21434624 : PENDING
2022-07-26 08:22:17,713 INFO  State of operation 21434624 : EXECUTING
2022-07-26 08:22:19,939 INFO  State of operation 21434624 : EXECUTING
2022-07-26 08:22:22,152 INFO  State of operation 21434624 : EXECUTING
2022-07-26 08:22:24,369 INFO  State of operation 21434624 : EXECUTING
2022-07-26 08:22:26,595 INFO  State of operation 21434624 : EXECUTING
2022-07-26 08:22:29,311 INFO  State of operation 21434624 : EXECUTING
2022-07-26 08:22:32,089 INFO  State of operation 21434624 : EXECUTING
2022-07-26 08:22:34,398 INFO  State of operation 21434624 : EXECUTING
2022-07-26 08:22:36,773 INFO  State of operation 21434624 : EXECUTING
2022-07-26 08:22:39,095 INFO  State of operation 21434624 : EXECUTING
2022-07-26 08:22:41,317 INFO  State of operation 21434624 : EXECUTING
2022-07-26 08:22:43,562 INFO  State of operation 21434624 : EXECUTING
2022-07-26 08:22:45,833 INFO  State of operation 21434624 : EXECUTING
2022-07-26 08:22:48,220 INFO  State of operation 21434624 : EXECUTING
2022-07-26 08:22:50,449 INFO  State of operation 21434624 : EXECUTING
2022-07-26 08:22:53,161 INFO  State of operation 21434624 : EXECUTING
2022-07-26 08:22:55,593 INFO  State of operation 21434624 : EXECUTING
2022-07-26 08:22:57,807 INFO  State of operation 21434624 : EXECUTING
2022-07-26 08:23:00,018 INFO  State of operation 21434624 : EXECUTING
2022-07-26 08:23:02,238 INFO  State of operation 21434624 : EXECUTING
2022-07-26 08:23:04,442 INFO  State of operation 21434624 : SUCCESSFUL
2022-07-26 08:23:04,666 INFO  Assert that (False == value) with value=False ... passed
2022-07-26 08:23:04,677 INFO  
2022-07-26 08:23:04,678 INFO  cleanup:
2022-07-26 08:23:08,629 INFO  Executed sudo<tedge_disconnect_c8y>, exit status 0
2022-07-26 08:23:09,293 INFO  Executed systemctl<serv_mapper5>, exit status 3
2022-07-26 08:23:09,297 INFO  
2022-07-26 08:23:09,297 INFO  Test duration: 163.26 secs
2022-07-26 08:23:09,299 INFO  Test final outcome:  PASSED
2022-07-26 08:23:09,300 INFO  
