2022-07-26 17:35:08,408 INFO  ==============================================================
2022-07-26 17:35:08,409 INFO  Id:    SoftwareManagement.sm_fake_install_remove
2022-07-26 17:35:08,411 INFO  Dir:   software_management_end_to_end/
2022-07-26 17:35:08,411 INFO  Title: Validate end to end behaviour for the dummy plugin for installation and removal of packages
2022-07-26 17:35:08,412 INFO  ==============================================================
2022-07-26 17:35:08,436 INFO  Using sw id database: {'asciijump': '5475369', 'robotfindskitten': '5474869', 'squirrel3': '5475279', 'rolldice': '5152439', 'moon-buggy': '5439204', 'apple': '5495053', 'banana': '5494888', 'cherry': '5495382', 'watermelon': '5494510', 'registry': '8018911', 'hello-world': '8021526', 'docker/getting-started': '8021973', 'alpine': '7991792'}
2022-07-26 17:35:08,437 INFO  EnvironmentC8y Setup
2022-07-26 17:35:08,999 INFO  Executed systemctl<serv_mapper1>, exit status 3
2022-07-26 17:35:09,106 INFO  Restarting mosquitto too frequently in the last 10 seconds. It was only up for 4 seconds
2022-07-26 17:35:09,107 INFO  Delaying execution by 7 seconds
2022-07-26 17:35:30,292 INFO  Executed sudo<tedge_connect_c8y>, exit status 0, duration 14 secs
2022-07-26 17:35:30,859 INFO  Executed sudo<tedge_connect_c8y_test>, exit status 0
2022-07-26 17:35:31,396 INFO  Executed systemctl<serv_mosq2>, exit status 0
2022-07-26 17:35:31,870 INFO  Executed systemctl<serv_mapper3>, exit status 0
2022-07-26 17:35:34,096 INFO  State of current operation: SUCCESSFUL
2022-07-26 17:35:34,324 INFO  Assert that (False == value) with value=False ... passed
2022-07-26 17:35:34,558 INFO  Response status: 201
2022-07-26 17:35:34,560 INFO  Response to action: {
    "creationTime": "2022-07-26T17:35:34.511Z",
    "deviceId": "21442286",
    "deviceName": "m32sd10c",
    "self": "https://t493319102.eu-latest.cumulocity.com/devicecontrol/operations/21453422",
    "id": "21453422",
    "status": "PENDING",
    "description": "Apply software changes, triggered from PySys: [{'name': 'watermelon', 'id': '5494510', 'version': '::fruits', 'url': '', 'action': 'install'}]",
    "c8y_SoftwareUpdate": [
        {
            "name": "watermelon",
            "action": "install",
            "id": "5494510",
            "version": "::fruits",
            "url": ""
        }
    ]
}
2022-07-26 17:35:34,560 INFO  Started operation: {'creationTime': '2022-07-26T17:35:34.511Z', 'deviceId': '21442286', 'deviceName': 'm32sd10c', 'self': 'https://t493319102.eu-latest.cumulocity.com/devicecontrol/operations/21453422', 'id': '21453422', 'status': 'PENDING', 'description': "Apply software changes, triggered from PySys: [{'name': 'watermelon', 'id': '5494510', 'version': '::fruits', 'url': '', 'action': 'install'}]", 'c8y_SoftwareUpdate': [{'name': 'watermelon', 'action': 'install', 'id': '5494510', 'version': '::fruits', 'url': ''}]}
2022-07-26 17:35:36,778 INFO  State of operation 21453422 : PENDING
2022-07-26 17:35:39,008 INFO  State of operation 21453422 : EXECUTING
2022-07-26 17:35:41,245 INFO  State of operation 21453422 : SUCCESSFUL
2022-07-26 17:35:41,470 INFO  Package vanilla is installed
2022-07-26 17:35:41,472 INFO  Assert that (True == value) with value=True ... passed
2022-07-26 17:35:41,701 INFO  Response status: 201
2022-07-26 17:35:41,703 INFO  Response to action: {
    "creationTime": "2022-07-26T17:35:41.657Z",
    "deviceId": "21442286",
    "deviceName": "m32sd10c",
    "self": "https://t493319102.eu-latest.cumulocity.com/devicecontrol/operations/21453431",
    "id": "21453431",
    "status": "PENDING",
    "description": "Apply software changes, triggered from PySys: [{'name': 'watermelon', 'id': '5494510', 'version': '::fruits', 'url': '', 'action': 'delete'}]",
    "c8y_SoftwareUpdate": [
        {
            "name": "watermelon",
            "action": "delete",
            "id": "5494510",
            "version": "::fruits",
            "url": ""
        }
    ]
}
2022-07-26 17:35:41,703 INFO  Started operation: {'creationTime': '2022-07-26T17:35:41.657Z', 'deviceId': '21442286', 'deviceName': 'm32sd10c', 'self': 'https://t493319102.eu-latest.cumulocity.com/devicecontrol/operations/21453431', 'id': '21453431', 'status': 'PENDING', 'description': "Apply software changes, triggered from PySys: [{'name': 'watermelon', 'id': '5494510', 'version': '::fruits', 'url': '', 'action': 'delete'}]", 'c8y_SoftwareUpdate': [{'name': 'watermelon', 'action': 'delete', 'id': '5494510', 'version': '::fruits', 'url': ''}]}
2022-07-26 17:35:43,921 INFO  State of operation 21453431 : PENDING
2022-07-26 17:35:46,149 INFO  State of operation 21453431 : EXECUTING
2022-07-26 17:35:48,365 INFO  State of operation 21453431 : SUCCESSFUL
2022-07-26 17:35:48,592 INFO  Assert that (False == value) with value=False ... passed
2022-07-26 17:35:48,598 INFO  
2022-07-26 17:35:48,599 INFO  cleanup:
2022-07-26 17:35:52,541 INFO  Executed sudo<tedge_disconnect_c8y>, exit status 0
2022-07-26 17:35:53,104 INFO  Executed systemctl<serv_mapper5>, exit status 3
2022-07-26 17:35:53,109 INFO  
2022-07-26 17:35:53,109 INFO  Test duration: 44.71 secs
2022-07-26 17:35:53,111 INFO  Test final outcome:  PASSED
2022-07-26 17:35:53,112 INFO  
