2022-06-09 08:08:28,236 INFO  ==============================================================
2022-06-09 08:08:28,237 INFO  Id:    SoftwareManagement.sm_apt_install_remove_multiple_mixed
2022-06-09 08:08:28,238 INFO  Dir:   software_management_end_to_end/
2022-06-09 08:08:28,239 INFO  Title: Validate end to end behaviour for the apt plugin for multiple packages with mixed versions
2022-06-09 08:08:28,240 INFO  ==============================================================
2022-06-09 08:08:28,263 INFO  Using sw id database: {'asciijump': '5475369', 'robotfindskitten': '5474869', 'squirrel3': '5475279', 'rolldice': '5152439', 'moon-buggy': '5439204', 'apple': '5495053', 'banana': '5494888', 'cherry': '5495382', 'watermelon': '5494510', 'registry': '8018911', 'hello-world': '8021526', 'docker/getting-started': '8021973', 'alpine': '7991792'}
2022-06-09 08:08:28,264 INFO  EnvironmentC8y Setup
2022-06-09 08:08:28,827 INFO  Executed systemctl<serv_mapper1>, exit status 3
2022-06-09 08:08:28,946 INFO  Restarting mosquitto too frequently in the last 10 seconds. It was only up for 4 seconds
2022-06-09 08:08:28,949 INFO  Delaying execution by 7 seconds
2022-06-09 08:08:49,686 INFO  Executed sudo<tedge_connect_c8y>, exit status 0, duration 13 secs
2022-06-09 08:08:50,302 INFO  Executed sudo<tedge_connect_c8y_test>, exit status 0
2022-06-09 08:08:50,816 INFO  Executed systemctl<serv_mosq2>, exit status 0
2022-06-09 08:08:51,279 INFO  Executed systemctl<serv_mapper3>, exit status 0
2022-06-09 08:08:53,512 INFO  State of current operation: SUCCESSFUL
2022-06-09 08:08:53,752 INFO  Assert that (False == value) with value=False ... passed
2022-06-09 08:08:53,990 INFO  Assert that (False == value) with value=False ... passed
2022-06-09 08:08:54,219 INFO  Assert that (False == value) with value=False ... passed
2022-06-09 08:08:54,462 INFO  Assert that (False == value) with value=False ... passed
2022-06-09 08:08:54,714 INFO  Package moon-buggy is installed
2022-06-09 08:08:54,748 WARN  Assert that (False == value) with value=True ... failed 
2022-06-09 08:08:56,019 INFO  Response status: 201
2022-06-09 08:08:56,021 INFO  Response to action: {
    "creationTime": "2022-06-09T08:08:55.971Z",
    "deviceId": "20072100",
    "deviceName": "m32sd10c",
    "self": "https://t493319102.eu-latest.cumulocity.com/devicecontrol/operations/20084822",
    "id": "20084822",
    "status": "PENDING",
    "description": "Apply software changes, triggered from PySys: [{'action': 'install', 'id': '5475369', 'name': 'asciijump', 'url': ' ', 'version': '::apt'}, {'action': 'install', 'id': '5474869', 'name': 'robotfindskitten', 'url': ' ', 'version': ' '}, {'action': 'install', 'id': '5475279', 'name': 'squirrel3', 'url': ' ', 'version': '3.1-7::apt'}, {'action': 'install', 'id': '5152439', 'name': 'rolldice', 'url': ' ', 'version': '1.16-1+b1'}, {'action': 'install', 'id': '5439204', 'name': 'moon-buggy', 'url': ' ', 'version': '1:1.0.51-12'}, {'action': 'install', 'id': '5475369', 'name': 'asciijump', 'url': ' ', 'version': '::apt'}]",
    "c8y_SoftwareUpdate": [
        {
            "name": "asciijump",
            "action": "install",
            "id": "5475369",
            "version": "::apt",
            "url": " "
        },
        {
            "name": "robotfindskitten",
            "action": "install",
            "id": "5474869",
            "version": " ",
            "url": " "
        },
        {
            "name": "squirrel3",
            "action": "install",
            "id": "5475279",
            "version": "3.1-7::apt",
            "url": " "
        },
        {
            "name": "rolldice",
            "action": "install",
            "id": "5152439",
            "version": "1.16-1+b1",
            "url": " "
        },
        {
            "name": "moon-buggy",
            "action": "install",
            "id": "5439204",
            "version": "1:1.0.51-12",
            "url": " "
        },
        {
            "name": "asciijump",
            "action": "install",
            "id": "5475369",
            "version": "::apt",
            "url": " "
        }
    ]
}
2022-06-09 08:08:56,022 INFO  Started operation: {'creationTime': '2022-06-09T08:08:55.971Z', 'deviceId': '20072100', 'deviceName': 'm32sd10c', 'self': 'https://t493319102.eu-latest.cumulocity.com/devicecontrol/operations/20084822', 'id': '20084822', 'status': 'PENDING', 'description': "Apply software changes, triggered from PySys: [{'action': 'install', 'id': '5475369', 'name': 'asciijump', 'url': ' ', 'version': '::apt'}, {'action': 'install', 'id': '5474869', 'name': 'robotfindskitten', 'url': ' ', 'version': ' '}, {'action': 'install', 'id': '5475279', 'name': 'squirrel3', 'url': ' ', 'version': '3.1-7::apt'}, {'action': 'install', 'id': '5152439', 'name': 'rolldice', 'url': ' ', 'version': '1.16-1+b1'}, {'action': 'install', 'id': '5439204', 'name': 'moon-buggy', 'url': ' ', 'version': '1:1.0.51-12'}, {'action': 'install', 'id': '5475369', 'name': 'asciijump', 'url': ' ', 'version': '::apt'}]", 'c8y_SoftwareUpdate': [{'name': 'asciijump', 'action': 'install', 'id': '5475369', 'version': '::apt', 'url': ' '}, {'name': 'robotfindskitten', 'action': 'install', 'id': '5474869', 'version': ' ', 'url': ' '}, {'name': 'squirrel3', 'action': 'install', 'id': '5475279', 'version': '3.1-7::apt', 'url': ' '}, {'name': 'rolldice', 'action': 'install', 'id': '5152439', 'version': '1.16-1+b1', 'url': ' '}, {'name': 'moon-buggy', 'action': 'install', 'id': '5439204', 'version': '1:1.0.51-12', 'url': ' '}, {'name': 'asciijump', 'action': 'install', 'id': '5475369', 'version': '::apt', 'url': ' '}]}
2022-06-09 08:08:58,243 INFO  State of operation 20084822 : PENDING
2022-06-09 08:09:00,487 INFO  State of operation 20084822 : EXECUTING
2022-06-09 08:09:02,708 INFO  State of operation 20084822 : EXECUTING
2022-06-09 08:09:04,928 INFO  State of operation 20084822 : EXECUTING
2022-06-09 08:09:07,144 INFO  State of operation 20084822 : EXECUTING
2022-06-09 08:09:09,370 INFO  State of operation 20084822 : EXECUTING
2022-06-09 08:09:12,051 INFO  State of operation 20084822 : EXECUTING
2022-06-09 08:09:15,047 INFO  State of operation 20084822 : EXECUTING
2022-06-09 08:09:17,503 INFO  State of operation 20084822 : EXECUTING
2022-06-09 08:09:19,869 INFO  State of operation 20084822 : EXECUTING
2022-06-09 08:09:22,100 INFO  State of operation 20084822 : EXECUTING
2022-06-09 08:09:24,324 INFO  State of operation 20084822 : EXECUTING
2022-06-09 08:09:26,560 INFO  State of operation 20084822 : EXECUTING
2022-06-09 08:09:28,800 INFO  State of operation 20084822 : EXECUTING
2022-06-09 08:09:31,054 INFO  State of operation 20084822 : EXECUTING
2022-06-09 08:09:33,403 INFO  State of operation 20084822 : EXECUTING
2022-06-09 08:09:35,955 INFO  State of operation 20084822 : EXECUTING
2022-06-09 08:09:38,337 INFO  State of operation 20084822 : EXECUTING
2022-06-09 08:09:41,033 INFO  State of operation 20084822 : EXECUTING
2022-06-09 08:09:43,270 INFO  State of operation 20084822 : EXECUTING
2022-06-09 08:09:45,490 INFO  State of operation 20084822 : EXECUTING
2022-06-09 08:09:48,171 INFO  State of operation 20084822 : EXECUTING
2022-06-09 08:09:50,394 INFO  State of operation 20084822 : EXECUTING
2022-06-09 08:09:52,642 INFO  State of operation 20084822 : EXECUTING
2022-06-09 08:09:54,863 INFO  State of operation 20084822 : EXECUTING
2022-06-09 08:09:57,105 INFO  State of operation 20084822 : EXECUTING
2022-06-09 08:09:59,690 INFO  State of operation 20084822 : EXECUTING
2022-06-09 08:10:01,910 INFO  State of operation 20084822 : EXECUTING
2022-06-09 08:10:04,228 INFO  State of operation 20084822 : EXECUTING
2022-06-09 08:10:06,475 INFO  State of operation 20084822 : EXECUTING
2022-06-09 08:10:08,868 INFO  State of operation 20084822 : EXECUTING
2022-06-09 08:10:11,094 INFO  State of operation 20084822 : EXECUTING
2022-06-09 08:10:13,349 INFO  State of operation 20084822 : EXECUTING
2022-06-09 08:10:15,570 INFO  State of operation 20084822 : EXECUTING
2022-06-09 08:10:17,802 INFO  State of operation 20084822 : EXECUTING
2022-06-09 08:10:20,017 INFO  State of operation 20084822 : EXECUTING
2022-06-09 08:10:22,243 INFO  State of operation 20084822 : EXECUTING
2022-06-09 08:10:24,456 INFO  State of operation 20084822 : EXECUTING
2022-06-09 08:10:27,196 INFO  State of operation 20084822 : EXECUTING
2022-06-09 08:10:29,981 INFO  State of operation 20084822 : EXECUTING
2022-06-09 08:10:32,377 INFO  State of operation 20084822 : EXECUTING
2022-06-09 08:10:34,599 INFO  State of operation 20084822 : EXECUTING
2022-06-09 08:10:36,849 INFO  State of operation 20084822 : EXECUTING
2022-06-09 08:10:39,095 INFO  State of operation 20084822 : EXECUTING
2022-06-09 08:10:41,336 INFO  State of operation 20084822 : EXECUTING
2022-06-09 08:10:43,597 INFO  State of operation 20084822 : EXECUTING
2022-06-09 08:10:45,827 INFO  State of operation 20084822 : EXECUTING
2022-06-09 08:10:48,247 INFO  State of operation 20084822 : EXECUTING
2022-06-09 08:10:51,047 INFO  State of operation 20084822 : EXECUTING
2022-06-09 08:10:53,273 INFO  State of operation 20084822 : EXECUTING
2022-06-09 08:10:55,519 INFO  State of operation 20084822 : EXECUTING
2022-06-09 08:10:57,739 INFO  State of operation 20084822 : EXECUTING
2022-06-09 08:11:00,614 INFO  State of operation 20084822 : EXECUTING
2022-06-09 08:11:02,845 INFO  State of operation 20084822 : EXECUTING
2022-06-09 08:11:05,859 INFO  State of operation 20084822 : EXECUTING
2022-06-09 08:11:08,068 INFO  State of operation 20084822 : EXECUTING
2022-06-09 08:11:11,388 INFO  State of operation 20084822 : EXECUTING
2022-06-09 08:11:13,609 INFO  State of operation 20084822 : EXECUTING
2022-06-09 08:11:15,890 INFO  State of operation 20084822 : EXECUTING
2022-06-09 08:11:18,126 INFO  State of operation 20084822 : EXECUTING
2022-06-09 08:11:20,479 INFO  State of operation 20084822 : EXECUTING
2022-06-09 08:11:22,483 WARN  SystemError occurred while running test - Timeout while waiting for status SUCCESSFUL or False
Traceback (most recent call last):
  File "/home/pi/env-pysys/lib/python3.7/site-packages/pysys/baserunner.py", line 1294, in __call__
    self.testObj.execute()
  File "/home/pi/actions-runner/_work/thin-edge.io/thin-edge.io/tests/PySys/software_management_end_to_end/sm_apt_install_remove_multiple_mixed/run.py", line 89, in execute
    self.wait_until_succcess()
  File "/home/pi/actions-runner/_work/thin-edge.io/thin-edge.io/tests/PySys/software_management_end_to_end/environment_sm_management.py", line 324, in wait_until_succcess
    self.wait_until_status("SUCCESSFUL")
  File "/home/pi/actions-runner/_work/thin-edge.io/thin-edge.io/tests/PySys/software_management_end_to_end/environment_sm_management.py", line 381, in wait_until_status
    "Timeout while waiting for status %s or %s" % (status, status2)
SystemError: Timeout while waiting for status SUCCESSFUL or False
2022-06-09 08:11:22,510 WARN  SystemError: Timeout while waiting for status SUCCESSFUL or False ... blocked 
2022-06-09 08:11:22,511 INFO  
2022-06-09 08:11:22,512 INFO  cleanup:
2022-06-09 08:11:26,693 INFO  Executed sudo<tedge_disconnect_c8y>, exit status 0
2022-06-09 08:11:27,257 INFO  Executed systemctl<serv_mapper5>, exit status 3
2022-06-09 08:11:27,261 INFO  
2022-06-09 08:11:27,261 INFO  Test duration: 179.04 secs
2022-06-09 08:11:27,263 INFO  Test final outcome:  BLOCKED
2022-06-09 08:11:27,264 INFO  Test outcome reason: SystemError: Timeout while waiting for status SUCCESSFUL or False (+1 other failures)
2022-06-09 08:11:27,264 INFO  
