2022-05-23 11:19:37,952 INFO  ==============================================================
2022-05-23 11:19:37,953 INFO  Id:    call_tedge_config_list
2022-05-23 11:19:37,955 INFO  Dir:   tedge/
2022-05-23 11:19:37,955 INFO  Title: Validate command line options config: get set unset
2022-05-23 11:19:37,956 INFO  ==============================================================
2022-05-23 11:19:38,480 INFO  Executed sudo<tedge>, exit status 0
2022-05-23 11:19:38,993 INFO  Executed sudo<tedge_get_config_key>, exit status 0
2022-05-23 11:19:39,508 INFO  Executed sudo<tedge_get_config_key>, exit status 0
2022-05-23 11:19:40,048 INFO  Executed sudo<tedge_get_config_key>, exit status 0
2022-05-23 11:19:40,562 INFO  Executed sudo<tedge_get_config_key>, exit status 0
2022-05-23 11:19:41,077 INFO  Executed sudo<tedge_get_config_key>, exit status 0
2022-05-23 11:19:41,591 INFO  Executed sudo<tedge_get_config_key>, exit status 0
2022-05-23 11:19:41,594 INFO  /etc/tedge/device-certs/tedge-private-key.pem
2022-05-23 11:19:41,594 INFO  /etc/tedge/device-certs/tedge-certificate.pem
2022-05-23 11:19:41,595 INFO  thin-edge-io.eu-latest.cumulocity.com
2022-05-23 11:19:41,596 INFO  /etc/ssl/certs
2022-05-23 11:19:41,596 INFO  thinedge-gh-ci.azure-devices.net
2022-05-23 11:19:41,597 INFO  /etc/ssl/certs/Baltimore_CyberTrust_Root.pem
2022-05-23 11:19:42,109 INFO  Executed sudo<tedge_unset_config_key>, exit status 0
2022-05-23 11:19:42,624 INFO  Executed sudo<tedge_unset_config_key>, exit status 0
2022-05-23 11:19:43,139 INFO  Executed sudo<tedge_unset_config_key>, exit status 0
2022-05-23 11:19:43,714 INFO  Executed sudo<tedge_unset_config_key>, exit status 0
2022-05-23 11:19:44,279 INFO  Executed sudo<tedge_unset_config_key>, exit status 0
2022-05-23 11:19:44,854 INFO  Executed sudo<tedge_unset_config_key>, exit status 0
2022-05-23 11:19:45,436 INFO  Executed sudo<tedge_get_config_key>, exit status 0
2022-05-23 11:19:45,440 INFO  Assert that (expect == valueread) with expect="/etc/tedge/device-certs/tedge-private-key.pem", valueread="/etc/tedge/device-certs/tedge-private-key.pem" ... passed
2022-05-23 11:19:45,969 INFO  Executed sudo<tedge_get_config_key>, exit status 0
2022-05-23 11:19:45,973 INFO  Assert that (expect == valueread) with expect="/etc/tedge/device-certs/tedge-certificate.pem", valueread="/etc/tedge/device-certs/tedge-certificate.pem" ... passed
2022-05-23 11:19:46,535 INFO  Executed sudo<tedge_get_config_key>, exit status 0
2022-05-23 11:19:46,539 INFO  Assert that (expect == valueread) with expect=None, valueread=None ... passed
2022-05-23 11:19:47,067 INFO  Executed sudo<tedge_get_config_key>, exit status 0
2022-05-23 11:19:47,071 INFO  Assert that (expect == valueread) with expect="/etc/ssl/certs", valueread="/etc/ssl/certs" ... passed
2022-05-23 11:19:47,584 INFO  Executed sudo<tedge_get_config_key>, exit status 0
2022-05-23 11:19:47,588 INFO  Assert that (expect == valueread) with expect=None, valueread=None ... passed
2022-05-23 11:19:48,101 INFO  Executed sudo<tedge_get_config_key>, exit status 0
2022-05-23 11:19:48,105 INFO  Assert that (expect == valueread) with expect="/etc/ssl/certs", valueread="/etc/ssl/certs" ... passed
2022-05-23 11:19:48,618 INFO  Executed sudo<tedge_set_config_key>, exit status 0
2022-05-23 11:19:49,131 INFO  Executed sudo<tedge_get_config_key>, exit status 0
2022-05-23 11:19:49,135 INFO  Assert that (value == vread) with value="failfailfail", vread="failfailfail" ... passed
2022-05-23 11:19:49,715 INFO  Executed sudo<tedge_set_config_key>, exit status 0
2022-05-23 11:19:50,232 INFO  Executed sudo<tedge_get_config_key>, exit status 0
2022-05-23 11:19:50,236 INFO  Assert that (value == vread) with value="failfailfail", vread="failfailfail" ... passed
2022-05-23 11:19:50,750 INFO  Executed sudo<tedge_set_config_key>, exit status 0
2022-05-23 11:19:51,263 INFO  Executed sudo<tedge_get_config_key>, exit status 0
2022-05-23 11:19:51,267 INFO  Assert that (value == vread) with value="failfailfail", vread="failfailfail" ... passed
2022-05-23 11:19:51,779 INFO  Executed sudo<tedge_set_config_key>, exit status 0
2022-05-23 11:19:52,295 INFO  Executed sudo<tedge_get_config_key>, exit status 0
2022-05-23 11:19:52,299 INFO  Assert that (value == vread) with value="failfailfail", vread="failfailfail" ... passed
2022-05-23 11:19:52,813 INFO  Executed sudo<tedge_set_config_key>, exit status 0
2022-05-23 11:19:53,377 INFO  Executed sudo<tedge_get_config_key>, exit status 0
2022-05-23 11:19:53,381 INFO  Assert that (value == vread) with value="failfailfail", vread="failfailfail" ... passed
2022-05-23 11:19:53,899 INFO  Executed sudo<tedge_set_config_key>, exit status 0
2022-05-23 11:19:54,413 INFO  Executed sudo<tedge_get_config_key>, exit status 0
2022-05-23 11:19:54,417 INFO  Assert that (value == vread) with value="failfailfail", vread="failfailfail" ... passed
2022-05-23 11:19:54,929 INFO  Executed sudo<tedge_set_config_key>, exit status 0
2022-05-23 11:19:55,446 INFO  Executed sudo<tedge_set_config_key>, exit status 0
2022-05-23 11:19:55,958 INFO  Executed sudo<tedge_set_config_key>, exit status 0
2022-05-23 11:19:56,521 INFO  Executed sudo<tedge_set_config_key>, exit status 0
2022-05-23 11:19:57,033 INFO  Executed sudo<tedge_set_config_key>, exit status 0
2022-05-23 11:19:57,548 INFO  Executed sudo<tedge_set_config_key>, exit status 0
2022-05-23 11:19:57,550 INFO  /etc/tedge/device-certs/tedge-private-key.pem
2022-05-23 11:19:57,550 INFO  /etc/tedge/device-certs/tedge-certificate.pem
2022-05-23 11:19:57,551 INFO  thin-edge-io.eu-latest.cumulocity.com
2022-05-23 11:19:57,551 INFO  /etc/ssl/certs
2022-05-23 11:19:57,552 INFO  thinedge-gh-ci.azure-devices.net
2022-05-23 11:19:57,552 INFO  /etc/ssl/certs/Baltimore_CyberTrust_Root.pem
2022-05-23 11:19:58,064 INFO  Executed sudo<tedge_get_config_key>, exit status 0
2022-05-23 11:19:58,068 INFO  Assert that (valueold == valuenew) with valueold="/etc/tedge/device-certs/tedge-private-key.pem", valuenew="/etc/tedge/device-certs/tedge-private-key.pem" ... passed
2022-05-23 11:19:58,581 INFO  Executed sudo<tedge_get_config_key>, exit status 0
2022-05-23 11:19:58,643 INFO  Assert that (valueold == valuenew) with valueold="/etc/tedge/device-certs/tedge-certificate.pem", valuenew="/etc/tedge/device-certs/tedge-certificate.pem" ... passed
2022-05-23 11:19:59,156 INFO  Executed sudo<tedge_get_config_key>, exit status 0
2022-05-23 11:19:59,160 INFO  Assert that (valueold == valuenew) with valueold="thin-edge-io.eu-latest.cumulocity.com", valuenew="thin-edge-io.eu-latest.cumulocity.com" ... passed
2022-05-23 11:19:59,672 INFO  Executed sudo<tedge_get_config_key>, exit status 0
2022-05-23 11:19:59,677 INFO  Assert that (valueold == valuenew) with valueold="/etc/ssl/certs", valuenew="/etc/ssl/certs" ... passed
2022-05-23 11:20:00,189 INFO  Executed sudo<tedge_get_config_key>, exit status 0
2022-05-23 11:20:00,193 INFO  Assert that (valueold == valuenew) with valueold="thinedge-gh-ci.azure-devices.net", valuenew="thinedge-gh-ci.azure-devices.net" ... passed
2022-05-23 11:20:00,706 INFO  Executed sudo<tedge_get_config_key>, exit status 0
2022-05-23 11:20:00,710 INFO  Assert that (valueold == valuenew) with valueold="/etc/ssl/certs/Baltimore_CyberTrust_Root.pem", valuenew="/etc/ssl/certs/Baltimore_CyberTrust_Root.pem" ... passed
2022-05-23 11:20:01,222 INFO  Executed sudo<tedge_unset_device_id>, exit status 1
2022-05-23 11:20:01,735 INFO  Executed sudo<tedge_set_device_id>, exit status 1
2022-05-23 11:20:01,746 INFO  
2022-05-23 11:20:01,747 INFO  Test duration: 23.80 secs
2022-05-23 11:20:01,748 INFO  Test final outcome:  PASSED
2022-05-23 11:20:01,749 INFO  
