2022-06-08 11:38:08,595 INFO  ==============================================================
2022-06-08 11:38:08,596 INFO  Id:    c8y_restart_bridge
2022-06-08 11:38:08,597 INFO  Dir:   tedge_connect/
2022-06-08 11:38:08,598 INFO  Title: Bridge restart
2022-06-08 11:38:08,599 INFO  ==============================================================
2022-06-08 11:38:08,605 INFO  EnvironmentC8y Setup
2022-06-08 11:38:09,270 INFO  Executed systemctl<serv_mapper1>, exit status 3
2022-06-08 11:38:23,402 INFO  Executed sudo<tedge_connect_c8y>, exit status 0, duration 14 secs
2022-06-08 11:38:24,025 INFO  Executed sudo<tedge_connect_c8y_test>, exit status 0
2022-06-08 11:38:24,539 INFO  Executed systemctl<serv_mosq2>, exit status 0
2022-06-08 11:38:25,002 INFO  Executed systemctl<serv_mapper3>, exit status 0
2022-06-08 11:38:25,003 INFO  Setup
2022-06-08 11:38:25,004 INFO  Execute (empty in this case as we test the c8y enviroment)
2022-06-08 11:38:25,466 INFO  Executed systemctl<serv_mosq>, exit status 0
2022-06-08 11:38:25,939 INFO  Executed systemctl<serv_mapper4>, exit status 0
2022-06-08 11:38:25,940 INFO  Validate
2022-06-08 11:38:25,946 INFO  Grep on file tedge_connect_c8y.out ... passed
2022-06-08 11:38:25,953 INFO  Grep on file tedge_connect_c8y.out ... passed
2022-06-08 11:38:25,959 INFO  
2022-06-08 11:38:25,960 INFO  cleanup:
2022-06-08 11:38:25,961 INFO  MyCleanup
2022-06-08 11:38:29,896 INFO  Executed sudo<tedge_disconnect_c8y>, exit status 0
2022-06-08 11:38:30,459 INFO  Executed systemctl<serv_mapper5>, exit status 3
2022-06-08 11:38:30,464 INFO  
2022-06-08 11:38:30,464 INFO  Test duration: 21.87 secs
2022-06-08 11:38:30,465 INFO  Test final outcome:  PASSED
2022-06-08 11:38:30,466 INFO  
