2022-07-22 16:47:52,995 INFO  ==============================================================
2022-07-22 16:47:52,997 INFO  Id:    SoftwareManagement.sm_apt_install_download_path
2022-07-22 16:47:52,998 INFO  Dir:   software_management_end_to_end/
2022-07-22 16:47:52,999 INFO  Title: Install package to directory specified in tedge config set tmp.path
2022-07-22 16:47:53,000 INFO  ==============================================================
2022-07-22 16:47:54,214 INFO  Using sw id database: {'asciijump': '5475369', 'robotfindskitten': '5474869', 'squirrel3': '5475279', 'rolldice': '5152439', 'moon-buggy': '5439204', 'apple': '5495053', 'banana': '5494888', 'cherry': '5495382', 'watermelon': '5494510', 'registry': '8018911', 'hello-world': '8021526', 'docker/getting-started': '8021973', 'alpine': '7991792'}
2022-07-22 16:47:54,215 INFO  EnvironmentC8y Setup
2022-07-22 16:47:54,777 INFO  Executed systemctl<serv_mapper1>, exit status 3
2022-07-22 16:48:09,001 INFO  Executed sudo<tedge_connect_c8y>, exit status 0, duration 14 secs
2022-07-22 16:48:09,619 INFO  Executed sudo<tedge_connect_c8y_test>, exit status 0
2022-07-22 16:48:10,132 INFO  Executed systemctl<serv_mosq2>, exit status 0
2022-07-22 16:48:10,626 INFO  Executed systemctl<serv_mapper3>, exit status 0
2022-07-22 16:48:12,876 INFO  State of current operation: SUCCESSFUL
2022-07-22 16:48:13,104 INFO  Assert that (False == value) with value=False ... passed
2022-07-22 16:48:13,615 INFO  Executed sudo, exit status 0
2022-07-22 16:48:14,128 INFO  Executed sudo, exit status 0
2022-07-22 16:48:14,776 INFO  Executed sudo, exit status 0
2022-07-22 16:48:18,765 INFO  Executed sudo<tedge_disconnect_c8y>, exit status 0
2022-07-22 16:48:18,877 INFO  Restarting mosquitto too frequently in the last 10 seconds. It was only up for 3 seconds
2022-07-22 16:48:18,878 INFO  Delaying execution by 8 seconds
2022-07-22 16:48:40,724 INFO  Executed sudo<tedge_connect_c8y>, exit status 0, duration 13 secs
2022-07-22 16:48:40,995 INFO  Response status: 201
2022-07-22 16:48:40,997 INFO  Response to action: {
    "creationTime": "2022-07-22T16:48:40.941Z",
    "deviceId": "21278194",
    "deviceName": "m32sd10c",
    "self": "https://t493319102.eu-latest.cumulocity.com/devicecontrol/operations/21301453",
    "id": "21301453",
    "status": "PENDING",
    "description": "Apply software changes, triggered from PySys: [{'name': 'rolldice', 'id': '5152439', 'version': '::apt', 'url': 'https://thin-edge-io.eu-latest.cumulocity.com/inventory/binaries/12435463', 'action': 'install'}]",
    "c8y_SoftwareUpdate": [
        {
            "name": "rolldice",
            "action": "install",
            "id": "5152439",
            "version": "::apt",
            "url": "https://thin-edge-io.eu-latest.cumulocity.com/inventory/binaries/12435463"
        }
    ]
}
2022-07-22 16:48:40,998 INFO  Started operation: {'creationTime': '2022-07-22T16:48:40.941Z', 'deviceId': '21278194', 'deviceName': 'm32sd10c', 'self': 'https://t493319102.eu-latest.cumulocity.com/devicecontrol/operations/21301453', 'id': '21301453', 'status': 'PENDING', 'description': "Apply software changes, triggered from PySys: [{'name': 'rolldice', 'id': '5152439', 'version': '::apt', 'url': 'https://thin-edge-io.eu-latest.cumulocity.com/inventory/binaries/12435463', 'action': 'install'}]", 'c8y_SoftwareUpdate': [{'name': 'rolldice', 'action': 'install', 'id': '5152439', 'version': '::apt', 'url': 'https://thin-edge-io.eu-latest.cumulocity.com/inventory/binaries/12435463'}]}
2022-07-22 16:48:41,002 WARN  , retrying in 0.5 seconds...
2022-07-22 16:48:41,505 WARN  , retrying in 0.5 seconds...
2022-07-22 16:48:42,008 WARN  , retrying in 0.5 seconds...
2022-07-22 16:48:42,511 WARN  , retrying in 0.5 seconds...
2022-07-22 16:48:43,014 WARN  , retrying in 0.5 seconds...
2022-07-22 16:48:43,518 WARN  , retrying in 0.5 seconds...
2022-07-22 16:48:44,021 WARN  , retrying in 0.5 seconds...
2022-07-22 16:48:44,528 WARN  , retrying in 0.5 seconds...
2022-07-22 16:48:45,031 WARN  , retrying in 0.5 seconds...
2022-07-22 16:48:45,534 WARN  AssertionError occurred while running test - 
Traceback (most recent call last):
  File "/home/pi/env-pysys/lib/python3.7/site-packages/pysys/baserunner.py", line 1294, in __call__
    self.testObj.execute()
  File "/home/pi/actions-runner/_work/thin-edge.io/thin-edge.io/tests/PySys/software_management_end_to_end/sm_apt_install_download_path/run.py", line 83, in execute
    assert_install_in_download_path(install_directory=self.DOWNLOAD_DIR)
  File "/home/pi/env-pysys/lib/python3.7/site-packages/decorator.py", line 232, in fun
    return caller(func, *(extras + args), **kw)
  File "/home/pi/env-pysys/lib/python3.7/site-packages/retry/api.py", line 74, in retry_decorator
    logger)
  File "/home/pi/env-pysys/lib/python3.7/site-packages/retry/api.py", line 33, in __retry_internal
    return f()
  File "/home/pi/actions-runner/_work/thin-edge.io/thin-edge.io/tests/PySys/software_management_end_to_end/sm_apt_install_download_path/run.py", line 28, in assert_install_in_download_path
    assert "rolldice" in os.listdir(f"{install_directory}")
AssertionError
2022-07-22 16:48:45,572 WARN  AssertionError: ... blocked 
2022-07-22 16:48:45,573 INFO  
2022-07-22 16:48:45,574 INFO  cleanup:
2022-07-22 16:48:46,088 INFO  Executed sudo, exit status 0
2022-07-22 16:48:46,604 INFO  Executed sudo, exit status 0
2022-07-22 16:48:50,896 INFO  Executed sudo<tedge_disconnect_c8y>, exit status 0
2022-07-22 16:48:51,006 INFO  Restarting mosquitto too frequently in the last 10 seconds. It was only up for 3 seconds
2022-07-22 16:48:51,008 INFO  Delaying execution by 8 seconds
2022-07-22 16:49:12,959 INFO  Executed sudo<tedge_connect_c8y>, exit status 0, duration 13 secs
2022-07-22 16:49:17,088 INFO  Executed sudo<tedge_disconnect_c8y>, exit status 0
2022-07-22 16:49:17,665 INFO  Executed systemctl<serv_mapper5>, exit status 3
2022-07-22 16:49:17,669 INFO  
2022-07-22 16:49:17,670 INFO  Test duration: 84.71 secs
2022-07-22 16:49:17,671 INFO  Test final outcome:  BLOCKED
2022-07-22 16:49:17,672 INFO  Test outcome reason: AssertionError:
2022-07-22 16:49:17,673 INFO  
