2022-05-23 11:08:18,967 INFO  ==============================================================
2022-05-23 11:08:18,968 INFO  Id:    invalid_device_id
2022-05-23 11:08:18,969 INFO  Dir:   misc_features/
2022-05-23 11:08:18,970 INFO  Title: Invalid Device ID
2022-05-23 11:08:18,971 INFO  ==============================================================
2022-05-23 11:08:19,491 INFO  Executed sudo<create_cert_dir>, exit status 0
2022-05-23 11:08:20,003 INFO  Executed sudo<create_cert_dir>, exit status 0
2022-05-23 11:08:20,516 INFO  Executed sudo<set_cert_path>, exit status 0
2022-05-23 11:08:21,028 INFO  Executed sudo<set_key_path>, exit status 0
2022-05-23 11:08:21,541 INFO  Executed sudo<cert_create>, exit status 1
2022-05-23 11:08:21,548 INFO  Grep on file cert_create.err ... passed
2022-05-23 11:08:21,554 INFO  
2022-05-23 11:08:21,555 INFO  cleanup:
2022-05-23 11:08:22,066 INFO  Executed sudo<unset_cert_path>, exit status 0
2022-05-23 11:08:22,579 INFO  Executed sudo<unset_key_path>, exit status 0
2022-05-23 11:08:23,092 INFO  Executed sudo<remove_cert_dir>, exit status 0
2022-05-23 11:08:23,096 INFO  
2022-05-23 11:08:23,097 INFO  Test duration: 4.13 secs
2022-05-23 11:08:23,098 INFO  Test final outcome:  PASSED
2022-05-23 11:08:23,099 INFO  
