2022-04-27 14:02:34,132 INFO  ==============================================================
2022-04-27 14:02:34,133 INFO  Id:    docker_plugin_remove_with_version
2022-04-27 14:02:34,134 INFO  Dir:   plugin_docker/
2022-04-27 14:02:34,135 INFO  Title: Validate docker plugin remove with version
2022-04-27 14:02:34,136 INFO  ==============================================================
2022-04-27 14:02:34,980 INFO  Executed sudo<docker_images>, exit status 0
2022-04-27 14:02:34,985 INFO  Grep on file /home/pi/actions-runner/_work/thin-edge.io/thin-edge.io/tests/PySys/plugin_docker/docker_plugin_remove_with_version/Output/linux/docker_images.out ... passed
2022-04-27 14:02:59,156 INFO  Executed sudo<docker_run>, exit status 0, duration 24 secs
2022-04-27 14:03:00,430 INFO  Executed sudo<docker_ps>, exit status 0
2022-04-27 14:03:00,435 INFO  Grep on file /home/pi/actions-runner/_work/thin-edge.io/thin-edge.io/tests/PySys/plugin_docker/docker_plugin_remove_with_version/Output/linux/docker_ps.out ... passed
2022-04-27 14:03:04,126 INFO  Executed sudo<plugin_remove>, exit status 0
2022-04-27 14:03:04,943 INFO  Executed sudo<docker_ps_latest>, exit status 0
2022-04-27 14:03:05,758 INFO  Executed sudo<docker_ps>, exit status 0
2022-04-27 14:03:05,763 INFO  Grep on file /home/pi/actions-runner/_work/thin-edge.io/thin-edge.io/tests/PySys/plugin_docker/docker_plugin_remove_with_version/Output/linux/docker_ps.out ... passed
2022-04-27 14:03:05,768 INFO  
2022-04-27 14:03:05,769 INFO  cleanup:
2022-04-27 14:03:05,770 INFO  Removing containers scheduled to be cleaned up: ['ec057b028a7e', '74b632190a71', '47926c522036cd817bbed27481bd4a2899ccde833442d9f1064fcc37136b0b81\n', 'e6c646ab0ded4bbbfd9f6e1e713dedc3af6f806fc7c432e31c704b7d9d74964d\n']
2022-04-27 14:03:06,583 WARN  Executed sudo<containers_for_cleanup>, exit status 1
2022-04-27 14:03:06,584 INFO  Removing images scheduled to be cleaned up: ['registry', 'registry', 'registry:2.7.1', 'registry', 'registry:2.7.1']
2022-04-27 14:03:10,186 INFO  Executed sudo<containers_for_cleanup>, exit status 0
2022-04-27 14:03:10,190 INFO  
2022-04-27 14:03:10,191 INFO  Test duration: 36.06 secs
2022-04-27 14:03:10,192 INFO  Test final outcome:  PASSED
2022-04-27 14:03:10,193 INFO  
