2022-07-22 00:44:00,464 INFO  ==============================================================
2022-07-22 00:44:00,465 INFO  Id:    apt_sequence_remove
2022-07-22 00:44:00,466 INFO  Dir:   plugin_apt/
2022-07-22 00:44:00,467 INFO  Title: Validate apt plugin prepare install remove finalize use case
2022-07-22 00:44:00,468 INFO  ==============================================================
2022-07-22 00:44:38,913 INFO  Executed sudo, exit status 0, duration 38 secs
2022-07-22 00:44:44,216 INFO  Executed sudo<outp_check_0>, exit status 0
2022-07-22 00:44:44,218 INFO  Assert that (value==0) with value=0 ... passed
2022-07-22 00:44:44,224 INFO  Grep on file outp_check_0.out ... passed
2022-07-22 00:45:02,185 INFO  Executed sudo<outp_prepare>, exit status 0, duration 17 secs
2022-07-22 00:45:02,188 INFO  Assert that (value==0) with value=0 ... passed
2022-07-22 00:45:21,112 INFO  Executed sudo<outp_remove>, exit status 0, duration 18 secs
2022-07-22 00:45:21,115 INFO  Assert that (value==0) with value=0 ... passed
2022-07-22 00:45:28,502 INFO  Executed sudo<outp_finalize>, exit status 0
2022-07-22 00:45:28,505 INFO  Assert that (value==0) with value=0 ... passed
2022-07-22 00:45:31,131 INFO  Executed sudo<outp_check_1>, exit status 0
2022-07-22 00:45:31,133 INFO  Assert that (value==0) with value=0 ... passed
2022-07-22 00:45:31,139 INFO  Grep on file outp_check_1.out ... passed
2022-07-22 00:45:31,145 INFO  
2022-07-22 00:45:31,146 INFO  cleanup:
2022-07-22 00:45:35,729 INFO  Executed sudo, exit status 0
2022-07-22 00:45:35,733 INFO  
2022-07-22 00:45:35,734 INFO  Test duration: 95.28 secs
2022-07-22 00:45:35,735 INFO  Test final outcome:  PASSED
2022-07-22 00:45:35,736 INFO  
