2022-05-11 12:35:26,724 INFO  ==============================================================
2022-05-11 12:35:26,725 INFO  Id:    docker_plugin_update
2022-05-11 12:35:26,726 INFO  Dir:   plugin_docker/
2022-05-11 12:35:26,727 INFO  Title: Validate docker plugin install updates existing containers
2022-05-11 12:35:26,728 INFO  ==============================================================
2022-05-11 12:35:27,545 INFO  Executed sudo<docker_images>, exit status 0
2022-05-11 12:35:27,550 INFO  Grep on file /home/pi/actions-runner/_work/thin-edge.io/thin-edge.io/tests/PySys/plugin_docker/docker_plugin_update/Output/linux/docker_images.out ... passed
2022-05-11 12:35:51,302 INFO  Executed sudo<docker_run>, exit status 0, duration 23 secs
2022-05-11 12:35:52,219 INFO  Executed sudo<docker_ps>, exit status 0
2022-05-11 12:35:52,226 INFO  Grep on file /home/pi/actions-runner/_work/thin-edge.io/thin-edge.io/tests/PySys/plugin_docker/docker_plugin_update/Output/linux/docker_ps.out ... passed
2022-05-11 12:36:18,870 INFO  Executed sudo<plugin_install>, exit status 0, duration 26 secs
2022-05-11 12:36:19,692 INFO  Executed sudo<docker_ps_latest>, exit status 0
2022-05-11 12:36:20,563 INFO  Executed sudo<docker_ps>, exit status 0
2022-05-11 12:36:20,567 INFO  Grep on file /home/pi/actions-runner/_work/thin-edge.io/thin-edge.io/tests/PySys/plugin_docker/docker_plugin_update/Output/linux/docker_ps.out ... passed
2022-05-11 12:36:21,380 INFO  Executed sudo<docker_ps>, exit status 0
2022-05-11 12:36:21,384 INFO  Grep on file /home/pi/actions-runner/_work/thin-edge.io/thin-edge.io/tests/PySys/plugin_docker/docker_plugin_update/Output/linux/docker_ps.out ... passed
2022-05-11 12:36:21,403 INFO  
2022-05-11 12:36:21,404 INFO  cleanup:
2022-05-11 12:36:21,404 INFO  Removing containers scheduled to be cleaned up: ['b62013df2361', '81986c7c4e08', 'da7511add2b5413cb9fa8c90f771624fc578463fbb1805c78342952eb69a12a9\n', '2c8734381cc6c174384d359f00b7ed2ec65ba695180ab864998b438092161622\n', '4a2e306108f0a0022460c619f0599c387fb5e4dfca3211c4a56dd2b5c1d27392\n', '61e19748f163']
2022-05-11 12:36:24,285 WARN  Executed sudo<containers_for_cleanup>, exit status 1
2022-05-11 12:36:24,287 INFO  Removing images scheduled to be cleaned up: ['registry', 'registry', 'registry:2.7.1', 'registry', 'registry:2.7.1', 'registry:2.6.2', 'registry:2.7.1']
2022-05-11 12:36:30,955 INFO  Executed sudo<containers_for_cleanup>, exit status 0
2022-05-11 12:36:30,959 INFO  
2022-05-11 12:36:30,959 INFO  Test duration: 64.24 secs
2022-05-11 12:36:30,961 INFO  Test final outcome:  PASSED
2022-05-11 12:36:30,961 INFO  
