2022-07-19 14:38:27,549 INFO  ==============================================================
2022-07-19 14:38:27,549 INFO  Id:    SoftwareManagement.Plugin.apama_plugin_mon_support
2022-07-19 14:38:27,551 INFO  Dir:   plugin_apama/
2022-07-19 14:38:27,551 INFO  Title: Validate mon file support of apama plugin
2022-07-19 14:38:27,552 INFO  ==============================================================
2022-07-19 14:38:27,606 INFO  Assertion that path exists=False for "/etc/tedge/apama/project" ... passed
2022-07-19 14:38:28,117 INFO  Executed sudo<create_project_dir>, exit status 0
2022-07-19 14:38:28,729 INFO  Executed sudo<unzip_apama_project>, exit status 0
2022-07-19 14:38:29,242 INFO  Executed sudo<move_apama_project>, exit status 0
2022-07-19 14:38:30,109 INFO  Executed sudo<restart_apama_service>, exit status 0
2022-07-19 14:38:30,883 INFO  Executed sudo<apama_correlator_wait>, exit status 0
2022-07-19 14:38:31,599 INFO  Executed sudo<apama_list_monitors>, exit status 0
2022-07-19 14:38:31,605 INFO  Grep on file /home/pi/actions-runner/_work/thin-edge.io/thin-edge.io/tests/PySys/plugin_apama/apama_plugin_mon_support/Output/linux/apama_list_monitors.out ... passed
2022-07-19 14:38:32,368 INFO  Executed sudo<plugin_list_before_install>, exit status 0
2022-07-19 14:38:33,433 INFO  Executed sudo<plugin_install>, exit status 0
2022-07-19 14:38:34,145 INFO  Executed sudo<apama_correlator_wait>, exit status 0
2022-07-19 14:38:34,908 INFO  Executed sudo<plugin_list_after_install>, exit status 0
2022-07-19 14:38:36,173 INFO  Executed sudo<plugin_update>, exit status 0
2022-07-19 14:38:36,885 INFO  Executed sudo<apama_correlator_wait>, exit status 0
2022-07-19 14:38:37,648 INFO  Executed sudo<plugin_list_after_update>, exit status 0
2022-07-19 14:38:38,412 INFO  Executed sudo<plugin_remove>, exit status 0
2022-07-19 14:38:39,124 INFO  Executed sudo<plugin_list_after_remove>, exit status 0
2022-07-19 14:38:39,131 INFO  Grep on file plugin_list_before_install.out ... passed
2022-07-19 14:38:39,136 INFO  Grep on file plugin_list_after_install.out ... passed
2022-07-19 14:38:39,140 INFO  Grep on file plugin_list_after_update.out ... passed
2022-07-19 14:38:39,144 INFO  Grep on file plugin_list_after_remove.out ... passed
2022-07-19 14:38:39,152 INFO  
2022-07-19 14:38:39,153 INFO  cleanup:
2022-07-19 14:38:39,154 INFO  Removing apama project
2022-07-19 14:38:54,745 INFO  Executed sudo<stop_apama_service>, exit status 0, duration 15 secs
2022-07-19 14:38:55,309 INFO  Executed sudo<remove_apama_project>, exit status 0
2022-07-19 14:38:55,820 INFO  Executed sudo<remove_apama_tmp_dir>, exit status 0
2022-07-19 14:38:55,824 INFO  
2022-07-19 14:38:55,825 INFO  Test duration: 28.29 secs
2022-07-19 14:38:55,826 INFO  Test final outcome:  PASSED
2022-07-19 14:38:55,827 INFO  
