2022-04-21 14:47:55,242 INFO  ==============================================================
2022-04-21 14:47:55,243 INFO  Id:    SoftwareManagement.sm_apt_install_remove_default
2022-04-21 14:47:55,244 INFO  Dir:   software_management_end_to_end/
2022-04-21 14:47:55,245 INFO  Title: Validate end to end behaviour for the default plugin for installation and removal of packages
2022-04-21 14:47:55,246 INFO  ==============================================================
2022-04-21 14:47:55,265 INFO  Using sw id database: {'asciijump': '5475369', 'robotfindskitten': '5474869', 'squirrel3': '5475279', 'rolldice': '5152439', 'moon-buggy': '5439204', 'apple': '5495053', 'banana': '5494888', 'cherry': '5495382', 'watermelon': '5494510', 'registry': '8018911', 'hello-world': '8021526', 'docker/getting-started': '8021973', 'alpine': '7991792'}
2022-04-21 14:47:55,266 INFO  EnvironmentC8y Setup
2022-04-21 14:47:55,834 INFO  Executed systemctl<serv_mapper1>, exit status 3
2022-04-21 14:47:55,943 INFO  Restarting mosquitto too frequently in the last 10 seconds. It was only up for 5 seconds
2022-04-21 14:47:55,945 INFO  Delaying execution by 6 seconds
2022-04-21 14:48:15,974 INFO  Executed sudo<tedge_connect_c8y>, exit status 0, duration 14 secs
2022-04-21 14:48:16,566 INFO  Executed sudo<tedge_connect_c8y_test>, exit status 0
2022-04-21 14:48:17,032 INFO  Executed systemctl<serv_mosq2>, exit status 0
2022-04-21 14:48:17,498 INFO  Executed systemctl<serv_mapper3>, exit status 0
2022-04-21 14:48:19,742 INFO  State of current operation: PENDING
2022-04-21 14:48:21,962 INFO  State of current operation: PENDING
2022-04-21 14:48:24,175 INFO  State of current operation: PENDING
2022-04-21 14:48:26,400 INFO  State of current operation: PENDING
2022-04-21 14:48:28,611 INFO  State of current operation: PENDING
2022-04-21 14:48:30,837 INFO  State of current operation: PENDING
2022-04-21 14:48:33,171 INFO  State of current operation: PENDING
2022-04-21 14:48:35,383 INFO  State of current operation: PENDING
2022-04-21 14:48:37,603 INFO  State of current operation: PENDING
2022-04-21 14:48:39,823 INFO  State of current operation: PENDING
2022-04-21 14:48:42,041 INFO  State of current operation: PENDING
2022-04-21 14:48:44,255 INFO  State of current operation: PENDING
2022-04-21 14:48:46,469 INFO  State of current operation: PENDING
2022-04-21 14:48:48,687 INFO  State of current operation: PENDING
2022-04-21 14:48:50,905 INFO  State of current operation: PENDING
2022-04-21 14:48:53,124 INFO  State of current operation: PENDING
2022-04-21 14:48:55,343 INFO  State of current operation: PENDING
2022-04-21 14:48:57,559 INFO  State of current operation: PENDING
2022-04-21 14:48:59,778 INFO  State of current operation: PENDING
2022-04-21 14:49:02,004 INFO  State of current operation: PENDING
2022-04-21 14:49:04,227 INFO  State of current operation: PENDING
2022-04-21 14:49:06,444 INFO  State of current operation: PENDING
2022-04-21 14:49:08,668 INFO  State of current operation: PENDING
2022-04-21 14:49:10,888 INFO  State of current operation: PENDING
2022-04-21 14:49:13,104 INFO  State of current operation: PENDING
2022-04-21 14:49:15,322 INFO  State of current operation: PENDING
2022-04-21 14:49:17,538 INFO  State of current operation: PENDING
2022-04-21 14:49:19,755 INFO  State of current operation: PENDING
2022-04-21 14:49:22,161 INFO  State of current operation: PENDING
2022-04-21 14:49:24,377 INFO  State of current operation: PENDING
2022-04-21 14:49:26,612 INFO  State of current operation: PENDING
2022-04-21 14:49:28,830 INFO  State of current operation: PENDING
2022-04-21 14:49:31,051 INFO  State of current operation: PENDING
2022-04-21 14:49:33,263 INFO  State of current operation: PENDING
2022-04-21 14:49:35,480 INFO  State of current operation: PENDING
2022-04-21 14:49:37,698 INFO  State of current operation: PENDING
2022-04-21 14:49:39,918 INFO  State of current operation: PENDING
2022-04-21 14:49:42,135 INFO  State of current operation: PENDING
2022-04-21 14:49:44,350 INFO  State of current operation: PENDING
2022-04-21 14:49:46,562 INFO  State of current operation: PENDING
2022-04-21 14:49:48,787 INFO  State of current operation: PENDING
2022-04-21 14:49:51,008 INFO  State of current operation: PENDING
2022-04-21 14:49:53,229 INFO  State of current operation: PENDING
2022-04-21 14:49:55,445 INFO  State of current operation: PENDING
2022-04-21 14:49:57,681 INFO  State of current operation: PENDING
2022-04-21 14:49:59,897 INFO  State of current operation: PENDING
2022-04-21 14:50:02,161 INFO  State of current operation: PENDING
2022-04-21 14:50:04,384 INFO  State of current operation: PENDING
2022-04-21 14:50:06,607 INFO  State of current operation: PENDING
2022-04-21 14:50:08,826 INFO  State of current operation: PENDING
2022-04-21 14:50:11,048 INFO  State of current operation: PENDING
2022-04-21 14:50:13,267 INFO  State of current operation: PENDING
2022-04-21 14:50:15,484 INFO  State of current operation: PENDING
2022-04-21 14:50:17,701 INFO  State of current operation: PENDING
2022-04-21 14:50:19,931 INFO  State of current operation: PENDING
2022-04-21 14:50:22,164 INFO  State of current operation: PENDING
2022-04-21 14:50:24,383 INFO  State of current operation: PENDING
2022-04-21 14:50:26,603 INFO  State of current operation: PENDING
2022-04-21 14:50:28,824 INFO  State of current operation: PENDING
2022-04-21 14:50:31,044 INFO  State of current operation: PENDING
2022-04-21 14:50:33,265 INFO  State of current operation: PENDING
2022-04-21 14:50:35,270 WARN  SystemError occurred while running test - Timeout while waiting for status FAILED or SUCCESSFUL
Traceback (most recent call last):
  File "/home/pi/env-pysys/lib/python3.7/site-packages/pysys/baserunner.py", line 1292, in __call__
    self.testObj.setup()
  File "/home/pi/actions-runner/_work/thin-edge.io/thin-edge.io/tests/PySys/software_management_end_to_end/sm_apt_install_remove_default/run.py", line 26, in setup
    super().setup()
  File "/home/pi/actions-runner/_work/thin-edge.io/thin-edge.io/tests/PySys/software_management_end_to_end/environment_sm_management.py", line 151, in setup
    self.wait_until_end()
  File "/home/pi/actions-runner/_work/thin-edge.io/thin-edge.io/tests/PySys/software_management_end_to_end/environment_sm_management.py", line 332, in wait_until_end
    self.wait_until_status("FAILED", "SUCCESSFUL")
  File "/home/pi/actions-runner/_work/thin-edge.io/thin-edge.io/tests/PySys/software_management_end_to_end/environment_sm_management.py", line 381, in wait_until_status
    "Timeout while waiting for status %s or %s" % (status, status2)
SystemError: Timeout while waiting for status FAILED or SUCCESSFUL
2022-04-21 14:50:35,299 WARN  SystemError: Timeout while waiting for status FAILED or SUCCESSFUL ... blocked 
2022-04-21 14:50:35,301 INFO  
2022-04-21 14:50:35,301 INFO  cleanup:
2022-04-21 14:50:39,551 INFO  Executed sudo<tedge_disconnect_c8y>, exit status 0
2022-04-21 14:50:40,115 INFO  Executed systemctl<serv_mapper5>, exit status 3
2022-04-21 14:50:40,119 INFO  
2022-04-21 14:50:40,120 INFO  Test duration: 164.89 secs
2022-04-21 14:50:40,121 INFO  Test final outcome:  BLOCKED
2022-04-21 14:50:40,122 INFO  Test outcome reason: SystemError: Timeout while waiting for status FAILED or SUCCESSFUL
2022-04-21 14:50:40,123 INFO  
