2022-07-13 11:57:59,206 INFO  ==============================================================
2022-07-13 11:57:59,207 INFO  Id:    apt_prepare_install_finalize
2022-07-13 11:57:59,208 INFO  Dir:   plugin_apt/
2022-07-13 11:57:59,209 INFO  Title: Validate apt plugin install use case
2022-07-13 11:57:59,210 INFO  ==============================================================
2022-07-13 11:58:06,531 INFO  Executed sudo, exit status 0
2022-07-13 11:58:09,160 INFO  Executed sudo<outp_check_0>, exit status 0
2022-07-13 11:58:09,162 INFO  Assert that (value==0) with value=0 ... passed
2022-07-13 11:58:09,168 INFO  Grep on file outp_check_0.out ... passed
2022-07-13 11:58:27,007 INFO  Executed sudo<outp_prepare>, exit status 0, duration 17 secs
2022-07-13 11:58:27,010 INFO  Assert that (value==0) with value=0 ... passed
2022-07-13 11:59:12,018 INFO  Executed sudo<outp_install>, exit status 0, duration 45 secs
2022-07-13 11:59:12,021 INFO  Assert that (value==0) with value=0 ... passed
2022-07-13 11:59:19,330 INFO  Executed sudo<outp_finalize>, exit status 0
2022-07-13 11:59:19,332 INFO  Assert that (value==0) with value=0 ... passed
2022-07-13 11:59:21,955 INFO  Executed sudo<outp_check_1>, exit status 0
2022-07-13 11:59:21,957 INFO  Assert that (value==0) with value=0 ... passed
2022-07-13 11:59:21,962 INFO  Grep on file outp_check_1.out ... passed
2022-07-13 11:59:21,969 INFO  
2022-07-13 11:59:21,970 INFO  cleanup:
2022-07-13 11:59:35,325 INFO  Executed sudo, exit status 0, duration 13 secs
2022-07-13 11:59:35,329 INFO  
2022-07-13 11:59:35,330 INFO  Test duration: 96.13 secs
2022-07-13 11:59:35,331 INFO  Test final outcome:  PASSED
2022-07-13 11:59:35,332 INFO  
