2022-05-20 09:49:53,973 INFO  ==============================================================
2022-05-20 09:49:53,974 INFO  Id:    tedge_mapper_c8y_packet_threshold_size
2022-05-20 09:49:53,975 INFO  Dir:   tedge_mapper_c8y/
2022-05-20 09:49:53,976 INFO  Title: Validate the Cumulocity Mapper accepted threshold packet size when it receives a message on tedge/measurements
2022-05-20 09:49:53,976 INFO  ==============================================================
2022-05-20 09:49:54,546 INFO  Executed sudo<tedge_mapper_c8y>, exit status 0
2022-05-20 09:49:54,557 INFO  Started sudo<tedge_sub> with process id 23235
2022-05-20 09:49:55,226 INFO  Executed sudo<tedge_msg>, exit status 0
2022-05-20 09:49:55,790 INFO  Executed sudo<tedge_pub>, exit status 0
2022-05-20 09:49:56,306 INFO  Executed sudo<kill_out>, exit status 0
2022-05-20 09:49:56,346 WARN  Grep on tedge_sub.out contains "The size of the message received on tedge/measurements is 20489 which is greater than the threshold size of 16184." ... failed [run.py:88]
2022-05-20 09:49:56,352 INFO  
2022-05-20 09:49:56,353 INFO  cleanup:
2022-05-20 09:49:56,353 INFO  mapper_cleanup
2022-05-20 09:49:56,916 INFO  Executed sudo<tedge_mapper_c8y>, exit status 0
2022-05-20 09:49:56,921 INFO  
2022-05-20 09:49:56,922 INFO  Test duration: 2.95 secs
2022-05-20 09:49:56,923 INFO  Test final outcome:  FAILED
2022-05-20 09:49:56,924 INFO  Test outcome reason: Grep on tedge_sub.out contains "The size of the message received on tedge/measurements is 20489 which is greater than the threshold size of 16184."
2022-05-20 09:49:56,924 INFO  
