2022-05-09 14:48:15,320 INFO  ==============================================================
2022-05-09 14:48:15,321 INFO  Id:    call_tedge_config_list
2022-05-09 14:48:15,322 INFO  Dir:   tedge/
2022-05-09 14:48:15,323 INFO  Title: Validate command line options config: get set unset
2022-05-09 14:48:15,324 INFO  ==============================================================
2022-05-09 14:48:15,846 INFO  Executed sudo<tedge>, exit status 0
2022-05-09 14:48:16,398 INFO  Executed sudo<tedge_get_config_key>, exit status 0
2022-05-09 14:48:16,913 INFO  Executed sudo<tedge_get_config_key>, exit status 0
2022-05-09 14:48:17,440 INFO  Executed sudo<tedge_get_config_key>, exit status 0
2022-05-09 14:48:17,939 INFO  Executed sudo<tedge_get_config_key>, exit status 0
2022-05-09 14:48:18,453 INFO  Executed sudo<tedge_get_config_key>, exit status 0
2022-05-09 14:48:19,030 INFO  Executed sudo<tedge_get_config_key>, exit status 0
2022-05-09 14:48:19,033 INFO  /etc/tedge/device-certs/tedge-private-key.pem
2022-05-09 14:48:19,033 INFO  /etc/tedge/device-certs/tedge-certificate.pem
2022-05-09 14:48:19,034 INFO  thin-edge-io.eu-latest.cumulocity.com
2022-05-09 14:48:19,035 INFO  /etc/ssl/certs
2022-05-09 14:48:19,035 INFO  thinedge-gh-ci.azure-devices.net
2022-05-09 14:48:19,036 INFO  /etc/ssl/certs/Baltimore_CyberTrust_Root.pem
2022-05-09 14:48:19,548 INFO  Executed sudo<tedge_unset_config_key>, exit status 0
2022-05-09 14:48:20,064 INFO  Executed sudo<tedge_unset_config_key>, exit status 0
2022-05-09 14:48:20,580 INFO  Executed sudo<tedge_unset_config_key>, exit status 0
2022-05-09 14:48:21,094 INFO  Executed sudo<tedge_unset_config_key>, exit status 0
2022-05-09 14:48:21,640 INFO  Executed sudo<tedge_unset_config_key>, exit status 0
2022-05-09 14:48:22,154 INFO  Executed sudo<tedge_unset_config_key>, exit status 0
2022-05-09 14:48:22,668 INFO  Executed sudo<tedge_get_config_key>, exit status 0
2022-05-09 14:48:22,673 INFO  Assert that (expect == valueread) with expect="/etc/tedge/device-certs/tedge-private-key.pem", valueread="/etc/tedge/device-certs/tedge-private-key.pem" ... passed
2022-05-09 14:48:23,187 INFO  Executed sudo<tedge_get_config_key>, exit status 0
2022-05-09 14:48:23,191 INFO  Assert that (expect == valueread) with expect="/etc/tedge/device-certs/tedge-certificate.pem", valueread="/etc/tedge/device-certs/tedge-certificate.pem" ... passed
2022-05-09 14:48:23,704 INFO  Executed sudo<tedge_get_config_key>, exit status 0
2022-05-09 14:48:23,708 INFO  Assert that (expect == valueread) with expect=None, valueread=None ... passed
2022-05-09 14:48:24,221 INFO  Executed sudo<tedge_get_config_key>, exit status 0
2022-05-09 14:48:24,225 INFO  Assert that (expect == valueread) with expect="/etc/ssl/certs", valueread="/etc/ssl/certs" ... passed
2022-05-09 14:48:24,742 INFO  Executed sudo<tedge_get_config_key>, exit status 0
2022-05-09 14:48:24,746 INFO  Assert that (expect == valueread) with expect=None, valueread=None ... passed
2022-05-09 14:48:25,258 INFO  Executed sudo<tedge_get_config_key>, exit status 0
2022-05-09 14:48:25,262 INFO  Assert that (expect == valueread) with expect="/etc/ssl/certs", valueread="/etc/ssl/certs" ... passed
2022-05-09 14:48:25,776 INFO  Executed sudo<tedge_set_config_key>, exit status 0
2022-05-09 14:48:26,288 INFO  Executed sudo<tedge_get_config_key>, exit status 0
2022-05-09 14:48:26,292 INFO  Assert that (value == vread) with value="failfailfail", vread="failfailfail" ... passed
2022-05-09 14:48:26,805 INFO  Executed sudo<tedge_set_config_key>, exit status 0
2022-05-09 14:48:27,318 INFO  Executed sudo<tedge_get_config_key>, exit status 0
2022-05-09 14:48:27,322 INFO  Assert that (value == vread) with value="failfailfail", vread="failfailfail" ... passed
2022-05-09 14:48:27,835 INFO  Executed sudo<tedge_set_config_key>, exit status 0
2022-05-09 14:48:28,348 INFO  Executed sudo<tedge_get_config_key>, exit status 0
2022-05-09 14:48:28,352 INFO  Assert that (value == vread) with value="failfailfail", vread="failfailfail" ... passed
2022-05-09 14:48:28,864 INFO  Executed sudo<tedge_set_config_key>, exit status 0
2022-05-09 14:48:29,382 INFO  Executed sudo<tedge_get_config_key>, exit status 0
2022-05-09 14:48:29,386 INFO  Assert that (value == vread) with value="failfailfail", vread="failfailfail" ... passed
2022-05-09 14:48:29,949 INFO  Executed sudo<tedge_set_config_key>, exit status 0
2022-05-09 14:48:30,461 INFO  Executed sudo<tedge_get_config_key>, exit status 0
2022-05-09 14:48:30,465 INFO  Assert that (value == vread) with value="failfailfail", vread="failfailfail" ... passed
2022-05-09 14:48:30,979 INFO  Executed sudo<tedge_set_config_key>, exit status 0
2022-05-09 14:48:31,492 INFO  Executed sudo<tedge_get_config_key>, exit status 0
2022-05-09 14:48:31,496 INFO  Assert that (value == vread) with value="failfailfail", vread="failfailfail" ... passed
2022-05-09 14:48:32,008 INFO  Executed sudo<tedge_set_config_key>, exit status 0
2022-05-09 14:48:32,571 INFO  Executed sudo<tedge_set_config_key>, exit status 0
2022-05-09 14:48:33,084 INFO  Executed sudo<tedge_set_config_key>, exit status 0
2022-05-09 14:48:33,597 INFO  Executed sudo<tedge_set_config_key>, exit status 0
2022-05-09 14:48:34,109 INFO  Executed sudo<tedge_set_config_key>, exit status 0
2022-05-09 14:48:34,622 INFO  Executed sudo<tedge_set_config_key>, exit status 0
2022-05-09 14:48:34,623 INFO  /etc/tedge/device-certs/tedge-private-key.pem
2022-05-09 14:48:34,624 INFO  /etc/tedge/device-certs/tedge-certificate.pem
2022-05-09 14:48:34,625 INFO  thin-edge-io.eu-latest.cumulocity.com
2022-05-09 14:48:34,625 INFO  /etc/ssl/certs
2022-05-09 14:48:34,626 INFO  thinedge-gh-ci.azure-devices.net
2022-05-09 14:48:34,626 INFO  /etc/ssl/certs/Baltimore_CyberTrust_Root.pem
2022-05-09 14:48:35,140 INFO  Executed sudo<tedge_get_config_key>, exit status 0
2022-05-09 14:48:35,144 INFO  Assert that (valueold == valuenew) with valueold="/etc/tedge/device-certs/tedge-private-key.pem", valuenew="/etc/tedge/device-certs/tedge-private-key.pem" ... passed
2022-05-09 14:48:35,656 INFO  Executed sudo<tedge_get_config_key>, exit status 0
2022-05-09 14:48:35,660 INFO  Assert that (valueold == valuenew) with valueold="/etc/tedge/device-certs/tedge-certificate.pem", valuenew="/etc/tedge/device-certs/tedge-certificate.pem" ... passed
2022-05-09 14:48:36,174 INFO  Executed sudo<tedge_get_config_key>, exit status 0
2022-05-09 14:48:36,178 INFO  Assert that (valueold == valuenew) with valueold="thin-edge-io.eu-latest.cumulocity.com", valuenew="thin-edge-io.eu-latest.cumulocity.com" ... passed
2022-05-09 14:48:36,692 INFO  Executed sudo<tedge_get_config_key>, exit status 0
2022-05-09 14:48:36,696 INFO  Assert that (valueold == valuenew) with valueold="/etc/ssl/certs", valuenew="/etc/ssl/certs" ... passed
2022-05-09 14:48:37,208 INFO  Executed sudo<tedge_get_config_key>, exit status 0
2022-05-09 14:48:37,213 INFO  Assert that (valueold == valuenew) with valueold="thinedge-gh-ci.azure-devices.net", valuenew="thinedge-gh-ci.azure-devices.net" ... passed
2022-05-09 14:48:37,725 INFO  Executed sudo<tedge_get_config_key>, exit status 0
2022-05-09 14:48:37,729 INFO  Assert that (valueold == valuenew) with valueold="/etc/ssl/certs/Baltimore_CyberTrust_Root.pem", valuenew="/etc/ssl/certs/Baltimore_CyberTrust_Root.pem" ... passed
2022-05-09 14:48:38,241 INFO  Executed sudo<tedge_unset_device_id>, exit status 1
2022-05-09 14:48:38,754 INFO  Executed sudo<tedge_set_device_id>, exit status 1
2022-05-09 14:48:38,764 INFO  
2022-05-09 14:48:38,765 INFO  Test duration: 23.45 secs
2022-05-09 14:48:38,767 INFO  Test final outcome:  PASSED
2022-05-09 14:48:38,768 INFO  
