2022-07-25 10:33:36,183 INFO  ==============================================================
2022-07-25 10:33:36,184 INFO  Id:    tedge_mapper_c8y_child_device_measurement
2022-07-25 10:33:36,185 INFO  Dir:   tedge_mapper_c8y/
2022-07-25 10:33:36,186 INFO  Title: Validate that measurements sent to tedge/measurements/child topic gets mapped as the child device's measurement in Cumulocity
2022-07-25 10:33:36,187 INFO  ==============================================================
2022-07-25 10:33:36,214 INFO  EnvironmentC8y Setup
2022-07-25 10:33:36,776 INFO  Executed systemctl<serv_mapper1>, exit status 3
2022-07-25 10:33:36,886 INFO  Restarting mosquitto too frequently in the last 10 seconds. It was only up for 5 seconds
2022-07-25 10:33:36,888 INFO  Delaying execution by 6 seconds
2022-07-25 10:33:57,108 INFO  Executed sudo<tedge_connect_c8y>, exit status 0, duration 14 secs
2022-07-25 10:33:57,781 INFO  Executed sudo<tedge_connect_c8y_test>, exit status 0
2022-07-25 10:33:58,270 INFO  Executed systemctl<serv_mosq2>, exit status 0
2022-07-25 10:33:58,784 INFO  Executed systemctl<serv_mapper3>, exit status 0
2022-07-25 10:33:59,582 INFO  Assert that (actual == expected) with actual=None, expected=None ... passed
2022-07-25 10:34:00,003 INFO  Executed tedge_pub, exit status 0
2022-07-25 10:34:00,415 INFO  Executed tedge_pub, exit status 0
2022-07-25 10:34:00,827 INFO  Executed tedge_pub, exit status 0
2022-07-25 10:34:01,238 INFO  Executed tedge_pub, exit status 0
2022-07-25 10:34:01,650 INFO  Executed tedge_pub, exit status 0
2022-07-25 10:34:04,525 INFO  {
    "self": "https://t493319102.eu-latest.cumulocity.com/measurement/measurements/21380243",
    "time": "2022-07-25T10:34:01.634Z",
    "id": "21380243",
    "source": {
        "self": "https://t493319102.eu-latest.cumulocity.com/inventory/managedObjects/21380237",
        "id": "21380237"
    },
    "type": "ThinEdgeMeasurement",
    "temperature": {
        "temperature": {
            "value": 10.0
        }
    }
}
2022-07-25 10:34:04,527 INFO  Assert that (actual == expected) with actual="ThinEdgeMeasurement", expected="ThinEdgeMeasurement" ... passed
2022-07-25 10:34:04,528 INFO  Assert that (actual == expected) with actual=10.0, expected=10 ... passed
2022-07-25 10:34:04,530 INFO  {
    "self": "https://t493319102.eu-latest.cumulocity.com/measurement/measurements/21380239",
    "time": "2022-07-25T10:34:00.398Z",
    "id": "21380239",
    "source": {
        "self": "https://t493319102.eu-latest.cumulocity.com/inventory/managedObjects/21380237",
        "id": "21380237"
    },
    "type": "ThinEdgeMeasurement",
    "temperature": {
        "temperature": {
            "value": 11.0
        }
    }
}
2022-07-25 10:34:04,531 INFO  Assert that (actual == expected) with actual="ThinEdgeMeasurement", expected="ThinEdgeMeasurement" ... passed
2022-07-25 10:34:04,533 INFO  Assert that (actual == expected) with actual=11.0, expected=11 ... passed
2022-07-25 10:34:04,534 INFO  {
    "self": "https://t493319102.eu-latest.cumulocity.com/measurement/measurements/21380238",
    "time": "2021-01-01T10:10:10.100+02:00",
    "id": "21380238",
    "source": {
        "self": "https://t493319102.eu-latest.cumulocity.com/inventory/managedObjects/21380237",
        "id": "21380237"
    },
    "type": "ThinEdgeMeasurement",
    "temperature": {
        "temperature": {
            "value": 12.0
        }
    }
}
2022-07-25 10:34:04,535 INFO  Assert that (actual == expected) with actual="ThinEdgeMeasurement", expected="ThinEdgeMeasurement" ... passed
2022-07-25 10:34:04,537 INFO  Assert that (actual == expected) with actual=12.0, expected=12 ... passed
2022-07-25 10:34:04,538 INFO  Assert that (actual == expected) with actual="2021-01-01T10:10:10.100+02:00", expected="2021-01-01T10:10:10.100+02:00" ... passed
2022-07-25 10:34:04,756 INFO  {
    "self": "https://t493319102.eu-latest.cumulocity.com/measurement/measurements/21380242",
    "time": "2022-07-25T10:34:01.219Z",
    "id": "21380242",
    "source": {
        "self": "https://t493319102.eu-latest.cumulocity.com/inventory/managedObjects/21380241",
        "id": "21380241"
    },
    "type": "ThinEdgeMeasurement",
    "temperature": {
        "temperature": {
            "value": 6.0
        }
    }
}
2022-07-25 10:34:04,758 INFO  Assert that (actual == expected) with actual="ThinEdgeMeasurement", expected="ThinEdgeMeasurement" ... passed
2022-07-25 10:34:04,760 INFO  Assert that (actual == expected) with actual=6.0, expected=6 ... passed
2022-07-25 10:34:05,064 INFO  {
    "self": "https://t493319102.eu-latest.cumulocity.com/measurement/measurements/21380240",
    "time": "2022-07-25T10:34:00.821Z",
    "id": "21380240",
    "source": {
        "self": "https://t493319102.eu-latest.cumulocity.com/inventory/managedObjects/21360435",
        "id": "21360435"
    },
    "type": "ThinEdgeMeasurement",
    "temperature": {
        "temperature": {
            "value": 5.0
        }
    }
}
2022-07-25 10:34:05,066 INFO  Assert that (actual == expected) with actual="ThinEdgeMeasurement", expected="ThinEdgeMeasurement" ... passed
2022-07-25 10:34:05,067 INFO  Assert that (actual == expected) with actual=5.0, expected=5 ... passed
2022-07-25 10:34:05,074 INFO  
2022-07-25 10:34:05,075 INFO  cleanup:
2022-07-25 10:34:09,412 INFO  Executed sudo<tedge_disconnect_c8y>, exit status 0
2022-07-25 10:34:09,976 INFO  Executed systemctl<serv_mapper5>, exit status 3
2022-07-25 10:34:09,981 INFO  
2022-07-25 10:34:09,982 INFO  Test duration: 33.80 secs
2022-07-25 10:34:09,983 INFO  Test final outcome:  PASSED
2022-07-25 10:34:09,984 INFO  
