2022-05-23 19:32:03,545 INFO  ==============================================================
2022-05-23 19:32:03,546 INFO  Id:    apt_sequence_install_with_version
2022-05-23 19:32:03,547 INFO  Dir:   plugin_apt/
2022-05-23 19:32:03,548 INFO  Title: Validate apt plugin install with version use case
2022-05-23 19:32:03,549 INFO  ==============================================================
2022-05-23 19:32:08,505 INFO  Executed sudo, exit status 0
2022-05-23 19:32:11,080 INFO  Executed sudo<outp_check_0>, exit status 0
2022-05-23 19:32:11,082 INFO  Assert that (value==0) with value=0 ... passed
2022-05-23 19:32:11,088 INFO  Grep on file outp_check_0.out ... passed
2022-05-23 19:32:29,010 INFO  Executed sudo<outp_prepare>, exit status 0, duration 17 secs
2022-05-23 19:32:29,032 INFO  Assert that (value==0) with value=0 ... passed
2022-05-23 19:33:12,861 INFO  Executed sudo<outp_install>, exit status 0, duration 43 secs
2022-05-23 19:33:12,864 INFO  Assert that (value==0) with value=0 ... passed
2022-05-23 19:33:20,210 INFO  Executed sudo<outp_finalize>, exit status 0
2022-05-23 19:33:20,212 INFO  Assert that (value==0) with value=0 ... passed
2022-05-23 19:33:22,784 INFO  Executed sudo<outp_check_1>, exit status 0
2022-05-23 19:33:22,787 INFO  Assert that (value==0) with value=0 ... passed
2022-05-23 19:33:22,792 INFO  Grep on file outp_check_1.out ... passed
2022-05-23 19:33:22,799 INFO  Grep on file outp_check_1.out ... passed
2022-05-23 19:33:22,805 INFO  
2022-05-23 19:33:22,806 INFO  cleanup:
2022-05-23 19:33:36,294 INFO  Executed sudo, exit status 0, duration 13 secs
2022-05-23 19:33:36,298 INFO  
2022-05-23 19:33:36,298 INFO  Test duration: 92.76 secs
2022-05-23 19:33:36,300 INFO  Test final outcome:  PASSED
2022-05-23 19:33:36,301 INFO  
