2022-04-27 10:28:26,364 INFO  ==============================================================
2022-04-27 10:28:26,365 INFO  Id:    c8y_jwt_token_retrieval
2022-04-27 10:28:26,368 INFO  Dir:   cloud_c8y/
2022-04-27 10:28:26,369 INFO  Title: Validate the Cumulocity JWT Token Retrieval feature
2022-04-27 10:28:26,370 INFO  ==============================================================
2022-04-27 10:28:27,027 INFO  Executed sudo<tedge_disconnect_c8y>, exit status 0
2022-04-27 10:28:27,638 WARN  Executed sudo<tedge_connect_c8y>, exit status 1
2022-04-27 10:28:27,646 INFO  Contents of tedge_connect_c8y.err: 
2022-04-27 10:28:27,647 INFO    Error: failed to connect Cumulocity cloud.
2022-04-27 10:28:27,648 INFO    Caused by:
2022-04-27 10:28:27,649 INFO        A value for `c8y.url` is missing.
2022-04-27 10:28:27,649 INFO            A value can be set with `tedge config set c8y.url <value>`
2022-04-27 10:28:27,650 INFO    -----
2022-04-27 10:28:27,650 INFO  
2022-04-27 10:28:27,891 WARN  sudo<tedge_connect_c8y> returned non-zero exit code 1 ... blocked [environment_tedge.py:58,run.py:31]
2022-04-27 10:28:27,892 WARN  Aborted test due to BLOCKED outcome
2022-04-27 10:28:27,897 INFO  
2022-04-27 10:28:27,898 INFO  cleanup:
2022-04-27 10:28:28,509 INFO  Executed sudo<tedge_disconnect_c8y>, exit status 0
2022-04-27 10:28:28,513 INFO  
2022-04-27 10:28:28,514 INFO  Test duration: 2.15 secs
2022-04-27 10:28:28,515 INFO  Test final outcome:  BLOCKED
2022-04-27 10:28:28,516 INFO  Test outcome reason: sudo<tedge_connect_c8y> returned non-zero exit code 1
2022-04-27 10:28:28,517 INFO  
