2022-05-11 12:41:04,725 INFO  ==============================================================
2022-05-11 12:41:04,726 INFO  Id:    SoftwareManagement.Plugin.apama_plugin_update
2022-05-11 12:41:04,727 INFO  Dir:   plugin_apama/
2022-05-11 12:41:04,728 INFO  Title: Validate apama plugin updating one project with another
2022-05-11 12:41:04,729 INFO  ==============================================================
2022-05-11 12:41:04,736 INFO  Assertion that path exists=False for "/etc/tedge/apama/project" ... passed
2022-05-11 12:41:05,246 INFO  Executed sudo<create_project_dir>, exit status 0
2022-05-11 12:41:05,841 INFO  Executed sudo<unzip_apama_project>, exit status 0
2022-05-11 12:41:06,352 INFO  Executed sudo<move_apama_project>, exit status 0
2022-05-11 12:41:07,229 INFO  Executed sudo<restart_apama_service>, exit status 0
2022-05-11 12:41:07,943 INFO  Executed sudo<apama_correlator_wait>, exit status 0
2022-05-11 12:41:07,950 INFO  Assertion that path exists=True for "/etc/tedge/apama/project" ... passed
2022-05-11 12:41:08,663 INFO  Executed sudo<apama_list_monitors>, exit status 0
2022-05-11 12:41:08,668 INFO  Grep on file /home/pi/actions-runner/_work/thin-edge.io/thin-edge.io/tests/PySys/plugin_apama/apama_plugin_update/Output/linux/apama_list_monitors.out ... passed
2022-05-11 12:41:09,279 WARN  Executed sudo<plugin_install>, exit status 2
2022-05-11 12:41:09,284 INFO  Contents of plugin_install.err: 
2022-05-11 12:41:09,285 INFO    ERROR: Directory not empty (os error 39)
2022-05-11 12:41:09,285 INFO    -----
2022-05-11 12:41:09,286 INFO  
2022-05-11 12:41:09,602 WARN  sudo<plugin_install> returned non-zero exit code 2 ... blocked [run.py:35]
2022-05-11 12:41:09,603 WARN  Aborted test due to BLOCKED outcome
2022-05-11 12:41:09,609 INFO  
2022-05-11 12:41:09,610 INFO  cleanup:
2022-05-11 12:41:09,611 INFO  Removing apama project
2022-05-11 12:41:25,721 INFO  Executed sudo<stop_apama_service>, exit status 0, duration 16 secs
2022-05-11 12:41:26,234 INFO  Executed sudo<remove_apama_project>, exit status 0
2022-05-11 12:41:26,796 INFO  Executed sudo<remove_apama_tmp_dir>, exit status 0
2022-05-11 12:41:26,799 INFO  
2022-05-11 12:41:26,800 INFO  Test duration: 22.08 secs
2022-05-11 12:41:26,801 INFO  Test final outcome:  BLOCKED
2022-05-11 12:41:26,803 INFO  Test outcome reason: sudo<plugin_install> returned non-zero exit code 2
2022-05-11 12:41:26,803 INFO  
