2022-07-25 08:50:57,984 INFO  ==============================================================
2022-07-25 08:50:57,985 INFO  Id:    apt_install_local_file_with_version
2022-07-25 08:50:57,986 INFO  Dir:   plugin_apt/
2022-07-25 08:50:57,987 INFO  Title: Validate apt plugin install from local file AND with a version - SUCCESS case
2022-07-25 08:50:57,988 INFO  ==============================================================
2022-07-25 08:51:00,059 INFO  URL of rolldice is b"'http://mirror.mythic-beasts.com/raspbian/pool/main/r/rolldice/rolldice_1.16-1+b1_armhf.deb'"
2022-07-25 08:51:02,175 INFO  Downloaded rolldcice in version 1.16-1+b1
2022-07-25 08:51:02,176 INFO  Filename is rolldice_1.16-1+b1_armhf.deb
2022-07-25 08:51:06,809 INFO  Executed sudo, exit status 0
2022-07-25 08:51:09,383 INFO  Executed sudo<outp_check_0>, exit status 0
2022-07-25 08:51:09,386 INFO  Assert that (value==0) with value=0 ... passed
2022-07-25 08:51:09,393 INFO  Grep on file outp_check_0.out ... passed
2022-07-25 08:51:48,736 INFO  Executed sudo<outp_install>, exit status 0, duration 39 secs
2022-07-25 08:51:48,739 INFO  Assert that (value==0) with value=0 ... passed
2022-07-25 08:51:54,027 INFO  Executed sudo<outp_check_1>, exit status 0
2022-07-25 08:51:54,029 INFO  Assert that (value==0) with value=0 ... passed
2022-07-25 08:51:54,034 INFO  Grep on file outp_check_1.out ... passed
2022-07-25 08:51:54,040 INFO  
2022-07-25 08:51:54,041 INFO  cleanup:
2022-07-25 08:51:54,045 INFO  
2022-07-25 08:51:54,046 INFO  Test duration: 56.07 secs
2022-07-25 08:51:54,047 INFO  Test final outcome:  PASSED
2022-07-25 08:51:54,048 INFO  
