2022-07-26 17:35:07,896 INFO  ==============================================================
2022-07-26 17:35:07,897 INFO  Id:    SoftwareManagement.sm_mixed_install_remove_multiple
2022-07-26 17:35:07,898 INFO  Dir:   software_management_end_to_end/
2022-07-26 17:35:07,899 INFO  Title: Validate end to end behaviour for the dummy-plugin for multiple packages with mixed versions
2022-07-26 17:35:07,900 INFO  ==============================================================
2022-07-26 17:35:07,911 INFO  Using sw id database: {'asciijump': '5475369', 'robotfindskitten': '5474869', 'squirrel3': '5475279', 'rolldice': '5152439', 'moon-buggy': '5439204', 'apple': '5495053', 'banana': '5494888', 'cherry': '5495382', 'watermelon': '5494510', 'registry': '8018911', 'hello-world': '8021526', 'docker/getting-started': '8021973', 'alpine': '7991792'}
2022-07-26 17:35:07,912 INFO  EnvironmentC8y Setup
2022-07-26 17:35:08,474 INFO  Executed systemctl<serv_mapper1>, exit status 3
2022-07-26 17:35:08,584 INFO  Restarting mosquitto too frequently in the last 10 seconds. It was only up for 4 seconds
2022-07-26 17:35:08,586 INFO  Delaying execution by 7 seconds
2022-07-26 17:35:29,772 INFO  Executed sudo<tedge_connect_c8y>, exit status 0, duration 14 secs
2022-07-26 17:35:30,444 INFO  Executed sudo<tedge_connect_c8y_test>, exit status 0
2022-07-26 17:35:30,957 INFO  Executed systemctl<serv_mosq2>, exit status 0
2022-07-26 17:35:31,471 INFO  Executed systemctl<serv_mapper3>, exit status 0
2022-07-26 17:35:33,693 INFO  State of current operation: SUCCESSFUL
2022-07-26 17:35:33,922 INFO  Package apple is installed
2022-07-26 17:35:33,924 INFO  Assert that (True == value) with value=True ... passed
2022-07-26 17:35:34,149 INFO  Package banana is installed
2022-07-26 17:35:34,151 INFO  Assert that (True == value) with value=True ... passed
2022-07-26 17:35:34,367 INFO  Package cherry is installed
2022-07-26 17:35:34,369 INFO  Assert that (True == value) with value=True ... passed
2022-07-26 17:35:34,631 INFO  Package asciijump is installed
2022-07-26 17:35:34,665 WARN  Assert that (False == value) with value=True ... failed 
2022-07-26 17:35:34,899 INFO  Assert that (False == value) with value=False ... passed
2022-07-26 17:35:35,128 INFO  Response status: 201
2022-07-26 17:35:35,130 INFO  Response to action: {
    "delivery": {
        "log": [],
        "time": "2022-07-26T17:35:35.102Z",
        "status": "PENDING"
    },
    "creationTime": "2022-07-26T17:35:35.083Z",
    "deviceId": "21435313",
    "deviceName": "m32sd10d",
    "self": "https://t493319102.eu-latest.cumulocity.com/devicecontrol/operations/21453424",
    "id": "21453424",
    "status": "PENDING",
    "description": "Apply software changes, triggered from PySys: [{'action': 'install', 'id': '5495053', 'name': 'apple', 'url': ' ', 'version': '::fruits'}, {'action': 'install', 'id': '5494888', 'name': 'banana', 'url': ' ', 'version': '::fruits'}, {'action': 'install', 'id': '5475369', 'name': 'asciijump', 'url': ' ', 'version': '::apt'}, {'action': 'install', 'id': '5495382', 'name': 'cherry', 'url': ' ', 'version': '::fruits'}, {'action': 'install', 'id': '8018911', 'name': 'registry', 'url': ' ', 'version': '::docker'}]",
    "c8y_SoftwareUpdate": [
        {
            "name": "apple",
            "action": "install",
            "id": "5495053",
            "version": "::fruits",
            "url": " "
        },
        {
            "name": "banana",
            "action": "install",
            "id": "5494888",
            "version": "::fruits",
            "url": " "
        },
        {
            "name": "asciijump",
            "action": "install",
            "id": "5475369",
            "version": "::apt",
            "url": " "
        },
        {
            "name": "cherry",
            "action": "install",
            "id": "5495382",
            "version": "::fruits",
            "url": " "
        },
        {
            "name": "registry",
            "action": "install",
            "id": "8018911",
            "version": "::docker",
            "url": " "
        }
    ]
}
2022-07-26 17:35:35,131 INFO  Started operation: {'delivery': {'log': [], 'time': '2022-07-26T17:35:35.102Z', 'status': 'PENDING'}, 'creationTime': '2022-07-26T17:35:35.083Z', 'deviceId': '21435313', 'deviceName': 'm32sd10d', 'self': 'https://t493319102.eu-latest.cumulocity.com/devicecontrol/operations/21453424', 'id': '21453424', 'status': 'PENDING', 'description': "Apply software changes, triggered from PySys: [{'action': 'install', 'id': '5495053', 'name': 'apple', 'url': ' ', 'version': '::fruits'}, {'action': 'install', 'id': '5494888', 'name': 'banana', 'url': ' ', 'version': '::fruits'}, {'action': 'install', 'id': '5475369', 'name': 'asciijump', 'url': ' ', 'version': '::apt'}, {'action': 'install', 'id': '5495382', 'name': 'cherry', 'url': ' ', 'version': '::fruits'}, {'action': 'install', 'id': '8018911', 'name': 'registry', 'url': ' ', 'version': '::docker'}]", 'c8y_SoftwareUpdate': [{'name': 'apple', 'action': 'install', 'id': '5495053', 'version': '::fruits', 'url': ' '}, {'name': 'banana', 'action': 'install', 'id': '5494888', 'version': '::fruits', 'url': ' '}, {'name': 'asciijump', 'action': 'install', 'id': '5475369', 'version': '::apt', 'url': ' '}, {'name': 'cherry', 'action': 'install', 'id': '5495382', 'version': '::fruits', 'url': ' '}, {'name': 'registry', 'action': 'install', 'id': '8018911', 'version': '::docker', 'url': ' '}]}
2022-07-26 17:35:37,346 INFO  State of operation 21453424 : PENDING
2022-07-26 17:35:39,677 INFO  State of operation 21453424 : EXECUTING
2022-07-26 17:35:41,942 INFO  State of operation 21453424 : EXECUTING
2022-07-26 17:35:44,162 INFO  State of operation 21453424 : EXECUTING
2022-07-26 17:35:46,378 INFO  State of operation 21453424 : EXECUTING
2022-07-26 17:35:48,595 INFO  State of operation 21453424 : EXECUTING
2022-07-26 17:35:51,434 INFO  State of operation 21453424 : EXECUTING
2022-07-26 17:35:54,160 INFO  State of operation 21453424 : EXECUTING
2022-07-26 17:35:56,724 INFO  State of operation 21453424 : EXECUTING
2022-07-26 17:35:59,165 INFO  State of operation 21453424 : EXECUTING
2022-07-26 17:36:01,381 INFO  State of operation 21453424 : EXECUTING
2022-07-26 17:36:03,622 INFO  State of operation 21453424 : EXECUTING
2022-07-26 17:36:05,834 INFO  State of operation 21453424 : EXECUTING
2022-07-26 17:36:08,089 INFO  State of operation 21453424 : EXECUTING
2022-07-26 17:36:10,304 INFO  State of operation 21453424 : EXECUTING
2022-07-26 17:36:12,548 INFO  State of operation 21453424 : EXECUTING
2022-07-26 17:36:14,781 INFO  State of operation 21453424 : EXECUTING
2022-07-26 17:36:17,381 INFO  State of operation 21453424 : EXECUTING
2022-07-26 17:36:19,628 INFO  State of operation 21453424 : EXECUTING
2022-07-26 17:36:21,846 INFO  State of operation 21453424 : EXECUTING
2022-07-26 17:36:24,064 INFO  State of operation 21453424 : EXECUTING
2022-07-26 17:36:26,417 INFO  State of operation 21453424 : EXECUTING
2022-07-26 17:36:28,648 INFO  State of operation 21453424 : EXECUTING
2022-07-26 17:36:30,891 INFO  State of operation 21453424 : EXECUTING
2022-07-26 17:36:33,107 INFO  State of operation 21453424 : EXECUTING
2022-07-26 17:36:35,324 INFO  State of operation 21453424 : SUCCESSFUL
2022-07-26 17:36:35,552 INFO  Package apple is installed
2022-07-26 17:36:35,554 INFO  Assert that (True == value) with value=True ... passed
2022-07-26 17:36:35,803 INFO  Package banana is installed
2022-07-26 17:36:35,805 INFO  Assert that (True == value) with value=True ... passed
2022-07-26 17:36:36,030 INFO  Package cherry is installed
2022-07-26 17:36:36,032 INFO  Assert that (True == value) with value=True ... passed
2022-07-26 17:36:36,261 INFO  Package asciijump is installed
2022-07-26 17:36:36,263 INFO  Assert that (True == value) with value=True ... passed
2022-07-26 17:36:36,483 INFO  Package registry is installed
2022-07-26 17:36:36,485 INFO  Assert that (True == value) with value=True ... passed
2022-07-26 17:36:36,713 INFO  Response status: 201
2022-07-26 17:36:36,715 INFO  Response to action: {
    "delivery": {
        "log": [],
        "time": "2022-07-26T17:36:36.687Z",
        "status": "PENDING"
    },
    "creationTime": "2022-07-26T17:36:36.669Z",
    "deviceId": "21435313",
    "deviceName": "m32sd10d",
    "self": "https://t493319102.eu-latest.cumulocity.com/devicecontrol/operations/21453450",
    "id": "21453450",
    "status": "PENDING",
    "description": "Apply software changes, triggered from PySys: [{'action': 'delete', 'id': '5495053', 'name': 'apple', 'url': ' ', 'version': '::fruits'}, {'action': 'delete', 'id': '5494888', 'name': 'banana', 'url': ' ', 'version': '::fruits'}, {'action': 'delete', 'id': '5475369', 'name': 'asciijump', 'url': ' ', 'version': '::apt'}, {'action': 'delete', 'id': '5495382', 'name': 'cherry', 'url': ' ', 'version': '::fruits'}, {'action': 'delete', 'id': '8018911', 'name': 'registry', 'url': ' ', 'version': '::docker'}]",
    "c8y_SoftwareUpdate": [
        {
            "name": "apple",
            "action": "delete",
            "id": "5495053",
            "version": "::fruits",
            "url": " "
        },
        {
            "name": "banana",
            "action": "delete",
            "id": "5494888",
            "version": "::fruits",
            "url": " "
        },
        {
            "name": "asciijump",
            "action": "delete",
            "id": "5475369",
            "version": "::apt",
            "url": " "
        },
        {
            "name": "cherry",
            "action": "delete",
            "id": "5495382",
            "version": "::fruits",
            "url": " "
        },
        {
            "name": "registry",
            "action": "delete",
            "id": "8018911",
            "version": "::docker",
            "url": " "
        }
    ]
}
2022-07-26 17:36:36,716 INFO  Started operation: {'delivery': {'log': [], 'time': '2022-07-26T17:36:36.687Z', 'status': 'PENDING'}, 'creationTime': '2022-07-26T17:36:36.669Z', 'deviceId': '21435313', 'deviceName': 'm32sd10d', 'self': 'https://t493319102.eu-latest.cumulocity.com/devicecontrol/operations/21453450', 'id': '21453450', 'status': 'PENDING', 'description': "Apply software changes, triggered from PySys: [{'action': 'delete', 'id': '5495053', 'name': 'apple', 'url': ' ', 'version': '::fruits'}, {'action': 'delete', 'id': '5494888', 'name': 'banana', 'url': ' ', 'version': '::fruits'}, {'action': 'delete', 'id': '5475369', 'name': 'asciijump', 'url': ' ', 'version': '::apt'}, {'action': 'delete', 'id': '5495382', 'name': 'cherry', 'url': ' ', 'version': '::fruits'}, {'action': 'delete', 'id': '8018911', 'name': 'registry', 'url': ' ', 'version': '::docker'}]", 'c8y_SoftwareUpdate': [{'name': 'apple', 'action': 'delete', 'id': '5495053', 'version': '::fruits', 'url': ' '}, {'name': 'banana', 'action': 'delete', 'id': '5494888', 'version': '::fruits', 'url': ' '}, {'name': 'asciijump', 'action': 'delete', 'id': '5475369', 'version': '::apt', 'url': ' '}, {'name': 'cherry', 'action': 'delete', 'id': '5495382', 'version': '::fruits', 'url': ' '}, {'name': 'registry', 'action': 'delete', 'id': '8018911', 'version': '::docker', 'url': ' '}]}
2022-07-26 17:36:38,950 INFO  State of operation 21453450 : PENDING
2022-07-26 17:36:41,178 INFO  State of operation 21453450 : EXECUTING
2022-07-26 17:36:43,391 INFO  State of operation 21453450 : EXECUTING
2022-07-26 17:36:45,606 INFO  State of operation 21453450 : EXECUTING
2022-07-26 17:36:47,818 INFO  State of operation 21453450 : EXECUTING
2022-07-26 17:36:50,040 INFO  State of operation 21453450 : EXECUTING
2022-07-26 17:36:52,750 INFO  State of operation 21453450 : EXECUTING
2022-07-26 17:36:55,556 INFO  State of operation 21453450 : EXECUTING
2022-07-26 17:36:57,786 INFO  State of operation 21453450 : EXECUTING
2022-07-26 17:37:00,095 INFO  State of operation 21453450 : EXECUTING
2022-07-26 17:37:02,307 INFO  State of operation 21453450 : EXECUTING
2022-07-26 17:37:04,550 INFO  State of operation 21453450 : EXECUTING
2022-07-26 17:37:06,769 INFO  State of operation 21453450 : EXECUTING
2022-07-26 17:37:09,044 INFO  State of operation 21453450 : EXECUTING
2022-07-26 17:37:11,299 INFO  State of operation 21453450 : EXECUTING
2022-07-26 17:37:13,638 INFO  State of operation 21453450 : EXECUTING
2022-07-26 17:37:17,716 INFO  State of operation 21453450 : EXECUTING
2022-07-26 17:37:20,048 INFO  State of operation 21453450 : EXECUTING
2022-07-26 17:37:22,265 INFO  State of operation 21453450 : EXECUTING
2022-07-26 17:37:24,487 INFO  State of operation 21453450 : EXECUTING
2022-07-26 17:37:26,732 INFO  State of operation 21453450 : EXECUTING
2022-07-26 17:37:29,061 INFO  State of operation 21453450 : EXECUTING
2022-07-26 17:37:31,815 INFO  State of operation 21453450 : EXECUTING
2022-07-26 17:37:34,052 INFO  State of operation 21453450 : EXECUTING
2022-07-26 17:37:36,308 INFO  State of operation 21453450 : EXECUTING
2022-07-26 17:37:38,523 INFO  State of operation 21453450 : EXECUTING
2022-07-26 17:37:40,728 INFO  State of operation 21453450 : EXECUTING
2022-07-26 17:37:43,161 INFO  State of operation 21453450 : EXECUTING
2022-07-26 17:37:45,417 INFO  State of operation 21453450 : EXECUTING
2022-07-26 17:37:47,630 INFO  State of operation 21453450 : SUCCESSFUL
2022-07-26 17:37:47,851 INFO  Package apple is installed
2022-07-26 17:37:47,853 INFO  Assert that (True == value) with value=True ... passed
2022-07-26 17:37:48,072 INFO  Package banana is installed
2022-07-26 17:37:48,075 INFO  Assert that (True == value) with value=True ... passed
2022-07-26 17:37:48,293 INFO  Package cherry is installed
2022-07-26 17:37:48,296 INFO  Assert that (True == value) with value=True ... passed
2022-07-26 17:37:48,513 INFO  Assert that (False == value) with value=False ... passed
2022-07-26 17:37:48,739 INFO  Assert that (False == value) with value=False ... passed
2022-07-26 17:37:48,750 INFO  
2022-07-26 17:37:48,751 INFO  cleanup:
2022-07-26 17:37:53,014 INFO  Executed sudo<tedge_disconnect_c8y>, exit status 0
2022-07-26 17:37:53,628 INFO  Executed systemctl<serv_mapper5>, exit status 3
2022-07-26 17:37:53,632 INFO  
2022-07-26 17:37:53,633 INFO  Test duration: 165.74 secs
2022-07-26 17:37:53,634 INFO  Test final outcome:  FAILED
2022-07-26 17:37:53,635 INFO  Test outcome reason: Assert that (False == value) with value=True
2022-07-26 17:37:53,636 INFO  
