2022-06-07 12:37:05,724 INFO  ==============================================================
2022-06-07 12:37:05,725 INFO  Id:    SoftwareManagement.sm_apt_install_remove_multiple_mixed
2022-06-07 12:37:05,726 INFO  Dir:   software_management_end_to_end/
2022-06-07 12:37:05,727 INFO  Title: Validate end to end behaviour for the apt plugin for multiple packages with mixed versions
2022-06-07 12:37:05,728 INFO  ==============================================================
2022-06-07 12:37:05,739 INFO  Using sw id database: {'asciijump': '5475369', 'robotfindskitten': '5474869', 'squirrel3': '5475279', 'rolldice': '5152439', 'moon-buggy': '5439204', 'apple': '5495053', 'banana': '5494888', 'cherry': '5495382', 'watermelon': '5494510', 'registry': '8018911', 'hello-world': '8021526', 'docker/getting-started': '8021973', 'alpine': '7991792'}
2022-06-07 12:37:05,740 INFO  EnvironmentC8y Setup
2022-06-07 12:37:06,604 INFO  Executed systemctl<serv_mapper1>, exit status 3
2022-06-07 12:37:06,776 INFO  Restarting mosquitto too frequently in the last 10 seconds. It was only up for 5 seconds
2022-06-07 12:37:06,778 INFO  Delaying execution by 6 seconds
2022-06-07 12:37:26,618 INFO  Executed sudo<tedge_connect_c8y>, exit status 0, duration 13 secs
2022-06-07 12:37:27,234 INFO  Executed sudo<tedge_connect_c8y_test>, exit status 0
2022-06-07 12:37:27,697 INFO  Executed systemctl<serv_mosq2>, exit status 0
2022-06-07 12:37:28,210 INFO  Executed systemctl<serv_mapper3>, exit status 0
2022-06-07 12:37:30,439 INFO  State of current operation: SUCCESSFUL
2022-06-07 12:37:30,727 INFO  Assert that (False == value) with value=False ... passed
2022-06-07 12:37:31,003 INFO  Assert that (False == value) with value=False ... passed
2022-06-07 12:37:31,270 INFO  Assert that (False == value) with value=False ... passed
2022-06-07 12:37:31,498 INFO  Assert that (False == value) with value=False ... passed
2022-06-07 12:37:31,719 INFO  Package moon-buggy is installed
2022-06-07 12:37:31,752 WARN  Assert that (False == value) with value=True ... failed 
2022-06-07 12:37:33,100 INFO  Response status: 201
2022-06-07 12:37:33,102 INFO  Response to action: {
    "creationTime": "2022-06-07T12:37:32.987Z",
    "deviceId": "19915518",
    "deviceName": "m32sd10d",
    "self": "https://t493319102.eu-latest.cumulocity.com/devicecontrol/operations/20014452",
    "id": "20014452",
    "status": "PENDING",
    "description": "Apply software changes, triggered from PySys: [{'action': 'install', 'id': '5475369', 'name': 'asciijump', 'url': ' ', 'version': '::apt'}, {'action': 'install', 'id': '5474869', 'name': 'robotfindskitten', 'url': ' ', 'version': ' '}, {'action': 'install', 'id': '5475279', 'name': 'squirrel3', 'url': ' ', 'version': '3.1-7::apt'}, {'action': 'install', 'id': '5152439', 'name': 'rolldice', 'url': ' ', 'version': '1.16-1+b1'}, {'action': 'install', 'id': '5439204', 'name': 'moon-buggy', 'url': ' ', 'version': '1:1.0.51-12'}, {'action': 'install', 'id': '5475369', 'name': 'asciijump', 'url': ' ', 'version': '::apt'}]",
    "c8y_SoftwareUpdate": [
        {
            "name": "asciijump",
            "action": "install",
            "id": "5475369",
            "version": "::apt",
            "url": " "
        },
        {
            "name": "robotfindskitten",
            "action": "install",
            "id": "5474869",
            "version": " ",
            "url": " "
        },
        {
            "name": "squirrel3",
            "action": "install",
            "id": "5475279",
            "version": "3.1-7::apt",
            "url": " "
        },
        {
            "name": "rolldice",
            "action": "install",
            "id": "5152439",
            "version": "1.16-1+b1",
            "url": " "
        },
        {
            "name": "moon-buggy",
            "action": "install",
            "id": "5439204",
            "version": "1:1.0.51-12",
            "url": " "
        },
        {
            "name": "asciijump",
            "action": "install",
            "id": "5475369",
            "version": "::apt",
            "url": " "
        }
    ]
}
2022-06-07 12:37:33,103 INFO  Started operation: {'creationTime': '2022-06-07T12:37:32.987Z', 'deviceId': '19915518', 'deviceName': 'm32sd10d', 'self': 'https://t493319102.eu-latest.cumulocity.com/devicecontrol/operations/20014452', 'id': '20014452', 'status': 'PENDING', 'description': "Apply software changes, triggered from PySys: [{'action': 'install', 'id': '5475369', 'name': 'asciijump', 'url': ' ', 'version': '::apt'}, {'action': 'install', 'id': '5474869', 'name': 'robotfindskitten', 'url': ' ', 'version': ' '}, {'action': 'install', 'id': '5475279', 'name': 'squirrel3', 'url': ' ', 'version': '3.1-7::apt'}, {'action': 'install', 'id': '5152439', 'name': 'rolldice', 'url': ' ', 'version': '1.16-1+b1'}, {'action': 'install', 'id': '5439204', 'name': 'moon-buggy', 'url': ' ', 'version': '1:1.0.51-12'}, {'action': 'install', 'id': '5475369', 'name': 'asciijump', 'url': ' ', 'version': '::apt'}]", 'c8y_SoftwareUpdate': [{'name': 'asciijump', 'action': 'install', 'id': '5475369', 'version': '::apt', 'url': ' '}, {'name': 'robotfindskitten', 'action': 'install', 'id': '5474869', 'version': ' ', 'url': ' '}, {'name': 'squirrel3', 'action': 'install', 'id': '5475279', 'version': '3.1-7::apt', 'url': ' '}, {'name': 'rolldice', 'action': 'install', 'id': '5152439', 'version': '1.16-1+b1', 'url': ' '}, {'name': 'moon-buggy', 'action': 'install', 'id': '5439204', 'version': '1:1.0.51-12', 'url': ' '}, {'name': 'asciijump', 'action': 'install', 'id': '5475369', 'version': '::apt', 'url': ' '}]}
2022-06-07 12:37:35,348 INFO  State of operation 20014452 : PENDING
2022-06-07 12:37:37,591 INFO  State of operation 20014452 : EXECUTING
2022-06-07 12:37:39,814 INFO  State of operation 20014452 : EXECUTING
2022-06-07 12:37:42,042 INFO  State of operation 20014452 : EXECUTING
2022-06-07 12:37:44,257 INFO  State of operation 20014452 : EXECUTING
2022-06-07 12:37:46,481 INFO  State of operation 20014452 : EXECUTING
2022-06-07 12:37:49,142 INFO  State of operation 20014452 : EXECUTING
2022-06-07 12:37:51,788 INFO  State of operation 20014452 : EXECUTING
2022-06-07 12:37:54,196 INFO  State of operation 20014452 : EXECUTING
2022-06-07 12:37:56,546 INFO  State of operation 20014452 : EXECUTING
2022-06-07 12:37:59,129 INFO  State of operation 20014452 : EXECUTING
2022-06-07 12:38:01,353 INFO  State of operation 20014452 : EXECUTING
2022-06-07 12:38:03,588 INFO  State of operation 20014452 : EXECUTING
2022-06-07 12:38:05,839 INFO  State of operation 20014452 : EXECUTING
2022-06-07 12:38:08,114 INFO  State of operation 20014452 : EXECUTING
2022-06-07 12:38:10,465 INFO  State of operation 20014452 : EXECUTING
2022-06-07 12:38:12,808 INFO  State of operation 20014452 : EXECUTING
2022-06-07 12:38:15,143 INFO  State of operation 20014452 : EXECUTING
2022-06-07 12:38:17,727 INFO  State of operation 20014452 : EXECUTING
2022-06-07 12:38:19,964 INFO  State of operation 20014452 : EXECUTING
2022-06-07 12:38:22,189 INFO  State of operation 20014452 : EXECUTING
2022-06-07 12:38:24,830 INFO  State of operation 20014452 : EXECUTING
2022-06-07 12:38:27,040 INFO  State of operation 20014452 : EXECUTING
2022-06-07 12:38:29,257 INFO  State of operation 20014452 : EXECUTING
2022-06-07 12:38:31,481 INFO  State of operation 20014452 : EXECUTING
2022-06-07 12:38:33,717 INFO  State of operation 20014452 : EXECUTING
2022-06-07 12:38:36,327 INFO  State of operation 20014452 : EXECUTING
2022-06-07 12:38:38,564 INFO  State of operation 20014452 : EXECUTING
2022-06-07 12:38:40,965 INFO  State of operation 20014452 : EXECUTING
2022-06-07 12:38:43,206 INFO  State of operation 20014452 : EXECUTING
2022-06-07 12:38:45,576 INFO  State of operation 20014452 : EXECUTING
2022-06-07 12:38:47,799 INFO  State of operation 20014452 : EXECUTING
2022-06-07 12:38:50,025 INFO  State of operation 20014452 : EXECUTING
2022-06-07 12:38:52,278 INFO  State of operation 20014452 : EXECUTING
2022-06-07 12:38:54,502 INFO  State of operation 20014452 : EXECUTING
2022-06-07 12:38:56,730 INFO  State of operation 20014452 : EXECUTING
2022-06-07 12:38:58,952 INFO  State of operation 20014452 : EXECUTING
2022-06-07 12:39:01,179 INFO  State of operation 20014452 : EXECUTING
2022-06-07 12:39:03,904 INFO  State of operation 20014452 : EXECUTING
2022-06-07 12:39:06,586 INFO  State of operation 20014452 : EXECUTING
2022-06-07 12:39:09,029 INFO  State of operation 20014452 : EXECUTING
2022-06-07 12:39:11,470 INFO  State of operation 20014452 : EXECUTING
2022-06-07 12:39:13,681 INFO  State of operation 20014452 : EXECUTING
2022-06-07 12:39:15,905 INFO  State of operation 20014452 : EXECUTING
2022-06-07 12:39:18,122 INFO  State of operation 20014452 : EXECUTING
2022-06-07 12:39:20,368 INFO  State of operation 20014452 : EXECUTING
2022-06-07 12:39:22,601 INFO  State of operation 20014452 : EXECUTING
2022-06-07 12:39:25,083 INFO  State of operation 20014452 : EXECUTING
2022-06-07 12:39:27,773 INFO  State of operation 20014452 : EXECUTING
2022-06-07 12:39:30,000 INFO  State of operation 20014452 : EXECUTING
2022-06-07 12:39:32,250 INFO  State of operation 20014452 : EXECUTING
2022-06-07 12:39:34,467 INFO  State of operation 20014452 : EXECUTING
2022-06-07 12:39:37,111 INFO  State of operation 20014452 : EXECUTING
2022-06-07 12:39:39,323 INFO  State of operation 20014452 : EXECUTING
2022-06-07 12:39:42,244 INFO  State of operation 20014452 : EXECUTING
2022-06-07 12:39:44,552 INFO  State of operation 20014452 : EXECUTING
2022-06-07 12:39:47,160 INFO  State of operation 20014452 : EXECUTING
2022-06-07 12:39:49,661 INFO  State of operation 20014452 : EXECUTING
2022-06-07 12:39:52,396 INFO  State of operation 20014452 : EXECUTING
2022-06-07 12:39:54,622 INFO  State of operation 20014452 : EXECUTING
2022-06-07 12:39:56,984 INFO  State of operation 20014452 : EXECUTING
2022-06-07 12:39:58,990 WARN  SystemError occurred while running test - Timeout while waiting for status SUCCESSFUL or False
Traceback (most recent call last):
  File "/home/pi/env-pysys/lib/python3.7/site-packages/pysys/baserunner.py", line 1294, in __call__
    self.testObj.execute()
  File "/home/pi/actions-runner/_work/thin-edge.io/thin-edge.io/tests/PySys/software_management_end_to_end/sm_apt_install_remove_multiple_mixed/run.py", line 89, in execute
    self.wait_until_succcess()
  File "/home/pi/actions-runner/_work/thin-edge.io/thin-edge.io/tests/PySys/software_management_end_to_end/environment_sm_management.py", line 324, in wait_until_succcess
    self.wait_until_status("SUCCESSFUL")
  File "/home/pi/actions-runner/_work/thin-edge.io/thin-edge.io/tests/PySys/software_management_end_to_end/environment_sm_management.py", line 381, in wait_until_status
    "Timeout while waiting for status %s or %s" % (status, status2)
SystemError: Timeout while waiting for status SUCCESSFUL or False
2022-06-07 12:39:59,034 WARN  SystemError: Timeout while waiting for status SUCCESSFUL or False ... blocked 
2022-06-07 12:39:59,036 INFO  
2022-06-07 12:39:59,037 INFO  cleanup:
2022-06-07 12:40:03,361 INFO  Executed sudo<tedge_disconnect_c8y>, exit status 0
2022-06-07 12:40:03,924 INFO  Executed systemctl<serv_mapper5>, exit status 3
2022-06-07 12:40:03,928 INFO  
2022-06-07 12:40:03,929 INFO  Test duration: 178.22 secs
2022-06-07 12:40:03,931 INFO  Test final outcome:  BLOCKED
2022-06-07 12:40:03,932 INFO  Test outcome reason: SystemError: Timeout while waiting for status SUCCESSFUL or False (+1 other failures)
2022-06-07 12:40:03,932 INFO  
