2022-07-25 08:49:53,272 INFO  ==============================================================
2022-07-25 08:49:53,273 INFO  Id:    apt_install_local_file
2022-07-25 08:49:53,274 INFO  Dir:   plugin_apt/
2022-07-25 08:49:53,274 INFO  Title: Validate apt plugin install from local file - SUCCESS case
2022-07-25 08:49:53,275 INFO  ==============================================================
2022-07-25 08:49:55,420 INFO  URL of rolldice is b"'http://mirror.mythic-beasts.com/raspbian/pool/main/r/rolldice/rolldice_1.16-1+b1_armhf.deb'"
2022-07-25 08:49:57,538 INFO  Downloaded rolldcice in version 1.16-1+b1
2022-07-25 08:49:57,539 INFO  Filename is rolldice_1.16-1+b1_armhf.deb
2022-07-25 08:50:02,173 INFO  Executed sudo, exit status 0
2022-07-25 08:50:04,750 INFO  Executed sudo<outp_check_0>, exit status 0
2022-07-25 08:50:04,752 INFO  Assert that (value==0) with value=0 ... passed
2022-07-25 08:50:04,757 INFO  Grep on file outp_check_0.out ... passed
2022-07-25 08:50:43,793 INFO  Executed sudo<outp_install>, exit status 0, duration 39 secs
2022-07-25 08:50:43,796 INFO  Assert that (value==0) with value=0 ... passed
2022-07-25 08:50:49,120 INFO  Executed sudo<outp_check_1>, exit status 0
2022-07-25 08:50:49,122 INFO  Assert that (value==0) with value=0 ... passed
2022-07-25 08:50:49,127 INFO  Grep on file outp_check_1.out ... passed
2022-07-25 08:50:49,133 INFO  
2022-07-25 08:50:49,134 INFO  cleanup:
2022-07-25 08:50:49,138 INFO  
2022-07-25 08:50:49,139 INFO  Test duration: 55.87 secs
2022-07-25 08:50:49,140 INFO  Test final outcome:  PASSED
2022-07-25 08:50:49,141 INFO  
