2022-05-03 13:44:03,063 INFO  ==============================================================
2022-05-03 13:44:03,064 INFO  Id:    local_mqtt_pub_sub_retain
2022-05-03 13:44:03,065 INFO  Dir:   local_mqtt/
2022-05-03 13:44:03,066 INFO  Title: Validate local publishing with retain flag
2022-05-03 13:44:03,067 INFO  ==============================================================
2022-05-03 13:44:03,484 INFO  Executed tedge<pub_to_set_alarm>, exit status 0
2022-05-03 13:44:03,894 INFO  Executed tedge<pub_to_set_alarm>, exit status 0
2022-05-03 13:44:04,903 INFO  Started tedge<temp_sensor_sub> with process id 23374
2022-05-03 13:44:05,317 INFO  Executed tedge<pub_to_clear_alarm>, exit status 0
2022-05-03 13:44:06,983 INFO  Executed sudo<kill_out>, exit status 0
2022-05-03 13:44:07,396 INFO  Executed tedge<pub_to_clear_alarm>, exit status 0
2022-05-03 13:44:07,411 INFO  Started tedge<temp_sensor_empty_message> with process id 23379
2022-05-03 13:44:08,925 INFO  Executed sudo<kill_out>, exit status 0
2022-05-03 13:44:08,932 INFO  Grep on file temp_sensor_sub.out ... passed
2022-05-03 13:44:08,937 INFO  Grep on file temp_sensor_sub.out ... passed
2022-05-03 13:44:08,941 INFO  Grep on file temp_sensor_empty_message.out ... passed
2022-05-03 13:44:08,950 INFO  
2022-05-03 13:44:08,951 INFO  Test duration: 5.89 secs
2022-05-03 13:44:08,952 INFO  Test final outcome:  PASSED
2022-05-03 13:44:08,953 INFO  
