2022-05-03 14:38:37,505 INFO  ==============================================================
2022-05-03 14:38:37,506 INFO  Id:    apt_sequence_remove_with_version
2022-05-03 14:38:37,507 INFO  Dir:   plugin_apt/
2022-05-03 14:38:37,508 INFO  Title: Validate apt plugin remove with version use case
2022-05-03 14:38:37,509 INFO  ==============================================================
2022-05-03 14:38:42,453 INFO  Executed sudo, exit status 0
2022-05-03 14:39:20,925 INFO  Executed sudo<outp_install>, exit status 0, duration 38 secs
2022-05-03 14:39:20,928 INFO  Assert that (value==0) with value=0 ... passed
2022-05-03 14:39:26,445 INFO  Executed sudo<outp_check_0>, exit status 0
2022-05-03 14:39:26,447 INFO  Assert that (value==0) with value=0 ... passed
2022-05-03 14:39:26,453 INFO  Grep on file outp_check_0.out ... passed
2022-05-03 14:39:40,095 INFO  Executed sudo<outp_install>, exit status 0, duration 13 secs
2022-05-03 14:39:40,098 INFO  Assert that (value==0) with value=0 ... passed
2022-05-03 14:39:45,334 INFO  Executed sudo<outp_check_1>, exit status 0
2022-05-03 14:39:45,336 INFO  Assert that (value==0) with value=0 ... passed
2022-05-03 14:39:45,343 INFO  Grep on file outp_check_1.out ... passed
2022-05-03 14:39:45,348 INFO  
2022-05-03 14:39:45,349 INFO  cleanup:
2022-05-03 14:39:49,984 INFO  Executed sudo, exit status 0
2022-05-03 14:39:49,988 INFO  
2022-05-03 14:39:49,989 INFO  Test duration: 72.49 secs
2022-05-03 14:39:49,990 INFO  Test final outcome:  PASSED
2022-05-03 14:39:49,991 INFO  
