2022-05-03 18:38:02,640 INFO  ==============================================================
2022-05-03 18:38:02,642 INFO  Id:    sm_tedge_mapper_init_session
2022-05-03 18:38:02,643 INFO  Dir:   tedge_mapper_c8y/
2022-05-03 18:38:02,644 INFO  Title: Validate tedge_mapper_sm_c8y init session feature
2022-05-03 18:38:02,645 INFO  ==============================================================
2022-05-03 18:38:02,654 INFO  EnvironmentC8y Setup
2022-05-03 18:38:03,238 INFO  Executed systemctl<serv_mapper1>, exit status 3
2022-05-03 18:38:17,262 INFO  Executed sudo<tedge_connect_c8y>, exit status 0, duration 13 secs
2022-05-03 18:38:17,884 INFO  Executed sudo<tedge_connect_c8y_test>, exit status 0
2022-05-03 18:38:18,347 INFO  Executed systemctl<serv_mosq2>, exit status 0
2022-05-03 18:38:18,810 INFO  Executed systemctl<serv_mapper3>, exit status 0
2022-05-03 18:38:19,374 INFO  Executed sudo<stop_tedge_mapper>, exit status 0
2022-05-03 18:38:19,888 INFO  Executed sudo<remove_lock>, exit status 0
2022-05-03 18:38:20,401 INFO  Executed sudo<mapper_drop>, exit status 0
2022-05-03 18:38:20,966 INFO  Executed sudo<mapper_init>, exit status 0
2022-05-03 18:38:21,529 INFO  Executed sudo<pub_req>, exit status 0
2022-05-03 18:38:21,538 INFO  Started sudo<sub_resp> with process id 4966
2022-05-03 18:38:22,109 INFO  Executed sudo<start_mapper>, exit status 0
2022-05-03 18:38:22,111 INFO  Waiting for 2.0 seconds
2022-05-03 18:38:24,676 INFO  Executed sudo<sub_stop>, exit status 0
2022-05-03 18:38:24,682 INFO  Grep on file sub_resp.out ... passed
2022-05-03 18:38:24,692 INFO  
2022-05-03 18:38:24,693 INFO  cleanup:
2022-05-03 18:38:28,539 INFO  Executed sudo<tedge_disconnect_c8y>, exit status 0
2022-05-03 18:38:29,103 INFO  Executed systemctl<serv_mapper5>, exit status 3
2022-05-03 18:38:29,206 INFO  Restarting mosquitto too frequently in the last 10 seconds. It was only up for 3 seconds
2022-05-03 18:38:29,208 INFO  Delaying execution by 8 seconds
2022-05-03 18:38:37,725 INFO  Executed sudo<tedge_disconnect_c8y>, exit status 0
2022-05-03 18:38:38,289 INFO  Executed systemctl<serv_mapper5>, exit status 3
2022-05-03 18:38:38,293 INFO  
2022-05-03 18:38:38,294 INFO  Test duration: 35.66 secs
2022-05-03 18:38:38,295 INFO  Test final outcome:  PASSED
2022-05-03 18:38:38,296 INFO  
