2022-06-22 14:08:17,015 INFO  ==============================================================
2022-06-22 14:08:17,016 INFO  Id:    tedge_mapper_c8y_packet_threshold_size
2022-06-22 14:08:17,017 INFO  Dir:   tedge_mapper_c8y/
2022-06-22 14:08:17,018 INFO  Title: Validate the Cumulocity Mapper accepted threshold packet size when it receives a message on tedge/measurements
2022-06-22 14:08:17,019 INFO  ==============================================================
2022-06-22 14:08:17,588 INFO  Executed sudo<tedge_mapper_c8y>, exit status 0
2022-06-22 14:08:17,600 INFO  Started sudo<tedge_sub> with process id 14716
2022-06-22 14:08:18,267 INFO  Executed sudo<tedge_msg>, exit status 0
2022-06-22 14:08:18,831 INFO  Executed sudo<tedge_pub>, exit status 0
2022-06-22 14:08:19,343 INFO  Executed sudo<kill_out>, exit status 0
2022-06-22 14:08:19,383 WARN  Grep on tedge_sub.out contains "The size of the message received on tedge/measurements is 20489 which is greater than the threshold size of 16184." ... failed [run.py:88]
2022-06-22 14:08:19,391 INFO  
2022-06-22 14:08:19,392 INFO  cleanup:
2022-06-22 14:08:19,393 INFO  mapper_cleanup
2022-06-22 14:08:20,005 INFO  Executed sudo<tedge_mapper_c8y>, exit status 0
2022-06-22 14:08:20,009 INFO  
2022-06-22 14:08:20,010 INFO  Test duration: 3.00 secs
2022-06-22 14:08:20,011 INFO  Test final outcome:  FAILED
2022-06-22 14:08:20,012 INFO  Test outcome reason: Grep on tedge_sub.out contains "The size of the message received on tedge/measurements is 20489 which is greater than the threshold size of 16184."
2022-06-22 14:08:20,013 INFO  
