2022-05-20 09:50:55,488 INFO  ==============================================================
2022-05-20 09:50:55,489 INFO  Id:    apt_finalize
2022-05-20 09:50:55,490 INFO  Dir:   plugin_apt/
2022-05-20 09:50:55,491 INFO  Title: Validate apt plugin finalize - dense version
2022-05-20 09:50:55,492 INFO  ==============================================================
2022-05-20 09:51:36,733 INFO  Executed sudo<outp_remove>, exit status 0, duration 41 secs
2022-05-20 09:51:36,736 INFO  Assert that (value==0) with value=0 ... passed
2022-05-20 09:51:52,513 INFO  Executed sudo<outp_remove>, exit status 0, duration 15 secs
2022-05-20 09:51:52,516 INFO  Assert that (value==0) with value=0 ... passed
2022-05-20 09:51:57,966 INFO  Executed sudo<outp_check_0>, exit status 0
2022-05-20 09:51:57,968 INFO  Assert that (value==0) with value=0 ... passed
2022-05-20 09:51:57,981 INFO  Grep on file outp_check_0.out ... passed
2022-05-20 09:51:58,442 INFO  Executed dpkg-query<outp_check_0>, exit status 1
2022-05-20 09:52:41,289 INFO  Executed sudo<outp_install>, exit status 0, duration 42 secs
2022-05-20 09:52:41,292 INFO  Assert that (value==0) with value=0 ... passed
2022-05-20 09:52:46,566 INFO  Executed sudo<outp_check_1>, exit status 0
2022-05-20 09:52:46,568 INFO  Assert that (value==0) with value=0 ... passed
2022-05-20 09:52:46,574 INFO  Grep on file outp_check_1.out ... passed
2022-05-20 09:52:47,035 INFO  Executed dpkg-query<outp_check_1>, exit status 0
2022-05-20 09:53:02,682 INFO  Executed sudo<outp_remove>, exit status 0, duration 15 secs
2022-05-20 09:53:02,684 INFO  Assert that (value==0) with value=0 ... passed
2022-05-20 09:53:07,977 INFO  Executed sudo<outp_check_2>, exit status 0
2022-05-20 09:53:07,979 INFO  Assert that (value==0) with value=0 ... passed
2022-05-20 09:53:07,985 INFO  Grep on file outp_check_2.out ... passed
2022-05-20 09:53:08,446 INFO  Executed dpkg-query<outp_check_2>, exit status 0
2022-05-20 09:53:21,377 INFO  Executed sudo<outp_finalize>, exit status 0, duration 12 secs
2022-05-20 09:53:21,380 INFO  Assert that (value==0) with value=0 ... passed
2022-05-20 09:53:26,657 INFO  Executed sudo<outp_check_3>, exit status 0
2022-05-20 09:53:26,659 INFO  Assert that (value==0) with value=0 ... passed
2022-05-20 09:53:26,664 INFO  Grep on file outp_check_3.out ... passed
2022-05-20 09:53:27,127 INFO  Executed dpkg-query<outp_check_3>, exit status 1
2022-05-20 09:53:27,133 INFO  
2022-05-20 09:53:27,134 INFO  cleanup:
2022-05-20 09:53:27,138 INFO  
2022-05-20 09:53:27,138 INFO  Test duration: 151.65 secs
2022-05-20 09:53:27,139 INFO  Test final outcome:  PASSED
2022-05-20 09:53:27,140 INFO  
