2022-07-13 11:50:51,320 INFO  ==============================================================
2022-07-13 11:50:51,320 INFO  Id:    apt_fail_noarg
2022-07-13 11:50:51,324 INFO  Dir:   plugin_apt/
2022-07-13 11:50:51,325 INFO  Title: Validate apt plugin fetures(prepare, list, install, remove finalize) without arguments
2022-07-13 11:50:51,326 INFO  ==============================================================
2022-07-13 11:50:52,791 INFO  Executed sudo<outp_install>, exit status 1
2022-07-13 11:50:52,796 INFO  Assert that (value==1) with value=1 ... passed
2022-07-13 11:50:53,307 INFO  Executed sudo<outp_install>, exit status 1
2022-07-13 11:50:53,310 INFO  Assert that (value==1) with value=1 ... passed
2022-07-13 11:50:53,821 INFO  Executed sudo<outp_install>, exit status 1
2022-07-13 11:50:53,823 INFO  Assert that (value==1) with value=1 ... passed
2022-07-13 11:50:54,335 INFO  Executed sudo<outp_install>, exit status 1
2022-07-13 11:50:54,337 INFO  Assert that (value==1) with value=1 ... passed
2022-07-13 11:50:54,848 INFO  Executed sudo<outp_install>, exit status 1
2022-07-13 11:50:54,851 INFO  Assert that (value==1) with value=1 ... passed
2022-07-13 11:50:55,378 INFO  Executed sudo<outp_install>, exit status 1
2022-07-13 11:50:55,380 INFO  Assert that (value==1) with value=1 ... passed
2022-07-13 11:50:55,892 INFO  Executed sudo<outp_install>, exit status 1
2022-07-13 11:50:55,894 INFO  Assert that (value==1) with value=1 ... passed
2022-07-13 11:50:56,419 INFO  Executed sudo<outp_install>, exit status 1
2022-07-13 11:50:56,421 INFO  Assert that (value==1) with value=1 ... passed
2022-07-13 11:50:56,932 INFO  Executed sudo<outp_install>, exit status 1
2022-07-13 11:50:56,934 INFO  Assert that (value==1) with value=1 ... passed
2022-07-13 11:50:57,449 INFO  Executed sudo<outp_install>, exit status 1
2022-07-13 11:50:57,451 INFO  Assert that (value==1) with value=1 ... passed
2022-07-13 11:50:57,460 INFO  
2022-07-13 11:50:57,461 INFO  Test duration: 6.15 secs
2022-07-13 11:50:57,462 INFO  Test final outcome:  PASSED
2022-07-13 11:50:57,463 INFO  
