2022-06-20 16:50:54,523 INFO  ==============================================================
2022-06-20 16:50:54,524 INFO  Id:    tedge_mapper_c8y_alarms
2022-06-20 16:50:54,525 INFO  Dir:   tedge_mapper_c8y/
2022-06-20 16:50:54,525 INFO  Title: Validate that alarms sent to tedge/alarms topic \ gets mapped as alarms in Cumulocity
2022-06-20 16:50:54,526 INFO  ==============================================================
2022-06-20 16:50:54,535 INFO  EnvironmentC8y Setup
2022-06-20 16:50:55,098 INFO  Executed systemctl<serv_mapper1>, exit status 3
2022-06-20 16:51:09,120 INFO  Executed sudo<tedge_connect_c8y>, exit status 0, duration 13 secs
2022-06-20 16:51:09,737 INFO  Executed sudo<tedge_connect_c8y_test>, exit status 0
2022-06-20 16:51:10,250 INFO  Executed systemctl<serv_mosq2>, exit status 0
2022-06-20 16:51:10,713 INFO  Executed systemctl<serv_mapper3>, exit status 0
2022-06-20 16:51:11,127 INFO  Executed tedge, exit status 0
2022-06-20 16:51:11,539 INFO  Executed tedge, exit status 0
2022-06-20 16:51:12,003 INFO  Executed tedge, exit status 0
2022-06-20 16:51:12,415 INFO  Executed tedge, exit status 0
2022-06-20 16:51:12,844 INFO  Executed tedge, exit status 0
2022-06-20 16:51:14,079 INFO  {
    "severity": "CRITICAL",
    "creationTime": "2022-06-20T16:51:11.973Z",
    "count": 1,
    "history": {
        "auditRecords": [],
        "self": "https://t493319102.eu-latest.cumulocity.com/audit/auditRecords"
    },
    "source": {
        "name": "m32sd10c",
        "self": "https://t493319102.eu-latest.cumulocity.com/inventory/managedObjects/20352405",
        "id": "20352405"
    },
    "type": "temperature_dangerous",
    "lastUpdated": "2022-06-20T16:51:11.973Z",
    "self": "https://t493319102.eu-latest.cumulocity.com/alarm/alarms/20361693",
    "time": "2022-06-20T16:51:11.961Z",
    "id": "20361693",
    "text": "temperature is dangerously high",
    "status": "ACTIVE"
}
2022-06-20 16:51:14,081 INFO  Assert that (actual == expected) with actual="temperature_dangerous", expected="temperature_dangerous" ... passed
2022-06-20 16:51:14,083 INFO  Assert that (actual == expected) with actual="CRITICAL", expected="CRITICAL" ... passed
2022-06-20 16:51:14,084 INFO  Assert that (actual == expected) with actual="temperature is dangerously high", expected="temperature is dangerously high" ... passed
2022-06-20 16:51:14,086 INFO  {
    "severity": "MAJOR",
    "creationTime": "2022-06-20T16:51:11.691Z",
    "count": 1,
    "history": {
        "auditRecords": [],
        "self": "https://t493319102.eu-latest.cumulocity.com/audit/auditRecords"
    },
    "source": {
        "name": "m32sd10c",
        "self": "https://t493319102.eu-latest.cumulocity.com/inventory/managedObjects/20352405",
        "id": "20352405"
    },
    "type": "temperature_very_high",
    "lastUpdated": "2022-06-20T16:51:11.691Z",
    "self": "https://t493319102.eu-latest.cumulocity.com/alarm/alarms/20361691",
    "time": "2022-06-20T16:51:11.534Z",
    "id": "20361691",
    "text": "temperature is very high",
    "status": "ACTIVE"
}
2022-06-20 16:51:14,087 INFO  Assert that (actual == expected) with actual="temperature_very_high", expected="temperature_very_high" ... passed
2022-06-20 16:51:14,089 INFO  Assert that (actual == expected) with actual="MAJOR", expected="MAJOR" ... passed
2022-06-20 16:51:14,091 INFO  Assert that (actual == expected) with actual="temperature is very high", expected="temperature is very high" ... passed
2022-06-20 16:51:14,093 INFO  {
    "severity": "WARNING",
    "creationTime": "2022-06-20T16:51:11.122Z",
    "count": 1,
    "history": {
        "auditRecords": [],
        "self": "https://t493319102.eu-latest.cumulocity.com/audit/auditRecords"
    },
    "source": {
        "name": "m32sd10c",
        "self": "https://t493319102.eu-latest.cumulocity.com/inventory/managedObjects/20352405",
        "id": "20352405"
    },
    "type": "temperature_high",
    "lastUpdated": "2022-06-20T16:51:11.122Z",
    "self": "https://t493319102.eu-latest.cumulocity.com/alarm/alarms/20361689",
    "time": "2021-12-15T15:22:06.464+05:30",
    "id": "20361689",
    "text": "temperature is high",
    "status": "ACTIVE"
}
2022-06-20 16:51:14,094 INFO  Assert that (actual == expected) with actual="temperature_high", expected="temperature_high" ... passed
2022-06-20 16:51:14,096 INFO  Assert that (actual == expected) with actual="WARNING", expected="WARNING" ... passed
2022-06-20 16:51:14,097 INFO  Assert that (actual == expected) with actual="temperature is high", expected="temperature is high" ... passed
2022-06-20 16:51:14,099 INFO  Assert that (actual == expected) with actual="temperature_high", expected="temperature_high" ... passed
2022-06-20 16:51:14,106 INFO  
2022-06-20 16:51:14,107 INFO  cleanup:
2022-06-20 16:51:14,518 INFO  Executed tedge, exit status 0
2022-06-20 16:51:14,930 INFO  Executed tedge, exit status 0
2022-06-20 16:51:15,341 INFO  Executed tedge, exit status 0
2022-06-20 16:51:19,571 INFO  Executed sudo<tedge_disconnect_c8y>, exit status 0
2022-06-20 16:51:20,184 INFO  Executed systemctl<serv_mapper5>, exit status 3
2022-06-20 16:51:20,188 INFO  
2022-06-20 16:51:20,189 INFO  Test duration: 25.67 secs
2022-06-20 16:51:20,191 INFO  Test final outcome:  PASSED
2022-06-20 16:51:20,192 INFO  
