2022-07-22 02:20:55,220 INFO  ==============================================================
2022-07-22 02:20:55,221 INFO  Id:    apt_install_local_file_with_version_fail
2022-07-22 02:20:55,223 INFO  Dir:   plugin_apt/
2022-07-22 02:20:55,223 INFO  Title: Validate apt plugin install from local file AND with a version - FAIL case
2022-07-22 02:20:55,224 INFO  ==============================================================
2022-07-22 02:20:57,304 INFO  URL of rolldice is b"'http://mirror.mythic-beasts.com/raspbian/pool/main/r/rolldice/rolldice_1.16-1+b1_armhf.deb'"
2022-07-22 02:20:59,478 INFO  Downloaded rolldcice in version 1.16-1+b1
2022-07-22 02:20:59,479 INFO  Filename is rolldice_1.16-1+b1_armhf.deb
2022-07-22 02:21:13,282 INFO  Executed sudo, exit status 0, duration 13 secs
2022-07-22 02:21:18,608 INFO  Executed sudo<outp_check_0>, exit status 0
2022-07-22 02:21:18,611 INFO  Assert that (value==0) with value=0 ... passed
2022-07-22 02:21:18,616 INFO  Grep on file outp_check_0.out ... passed
2022-07-22 02:21:19,180 INFO  Executed sudo<outp_install>, exit status 5
2022-07-22 02:21:19,182 INFO  Assert that (value==5) with value=5 ... passed
2022-07-22 02:21:21,811 INFO  Executed sudo<outp_check_1>, exit status 0
2022-07-22 02:21:21,813 INFO  Assert that (value==0) with value=0 ... passed
2022-07-22 02:21:21,818 INFO  Grep on file outp_check_1.out ... passed
2022-07-22 02:21:21,824 INFO  
2022-07-22 02:21:21,825 INFO  cleanup:
2022-07-22 02:21:21,828 INFO  
2022-07-22 02:21:21,829 INFO  Test duration: 26.63 secs
2022-07-22 02:21:21,830 INFO  Test final outcome:  PASSED
2022-07-22 02:21:21,831 INFO  
