2022-05-13 15:22:55,972 INFO  ==============================================================
2022-05-13 15:22:55,973 INFO  Id:    apt_prepare_install_finalize
2022-05-13 15:22:55,974 INFO  Dir:   plugin_apt/
2022-05-13 15:22:55,975 INFO  Title: Validate apt plugin install use case
2022-05-13 15:22:55,976 INFO  ==============================================================
2022-05-13 15:23:03,339 INFO  Executed sudo, exit status 0
2022-05-13 15:23:05,947 INFO  Executed sudo<outp_check_0>, exit status 0
2022-05-13 15:23:05,949 INFO  Assert that (value==0) with value=0 ... passed
2022-05-13 15:23:05,955 INFO  Grep on file outp_check_0.out ... passed
2022-05-13 15:23:23,832 INFO  Executed sudo<outp_prepare>, exit status 0, duration 17 secs
2022-05-13 15:23:23,835 INFO  Assert that (value==0) with value=0 ... passed
2022-05-13 15:24:07,817 INFO  Executed sudo<outp_install>, exit status 0, duration 43 secs
2022-05-13 15:24:07,820 INFO  Assert that (value==0) with value=0 ... passed
2022-05-13 15:24:15,242 INFO  Executed sudo<outp_finalize>, exit status 0
2022-05-13 15:24:15,244 INFO  Assert that (value==0) with value=0 ... passed
2022-05-13 15:24:17,818 INFO  Executed sudo<outp_check_1>, exit status 0
2022-05-13 15:24:17,820 INFO  Assert that (value==0) with value=0 ... passed
2022-05-13 15:24:17,826 INFO  Grep on file outp_check_1.out ... passed
2022-05-13 15:24:17,832 INFO  
2022-05-13 15:24:17,833 INFO  cleanup:
2022-05-13 15:24:31,255 INFO  Executed sudo, exit status 0, duration 13 secs
2022-05-13 15:24:31,259 INFO  
2022-05-13 15:24:31,260 INFO  Test duration: 95.29 secs
2022-05-13 15:24:31,261 INFO  Test final outcome:  PASSED
2022-05-13 15:24:31,262 INFO  
