2022-06-20 15:50:55,863 INFO  ==============================================================
2022-06-20 15:50:55,864 INFO  Id:    docker_plugin_install
2022-06-20 15:50:55,865 INFO  Dir:   plugin_docker/
2022-06-20 15:50:55,866 INFO  Title: Validate docker plugin install
2022-06-20 15:50:55,867 INFO  ==============================================================
2022-06-20 15:50:56,638 INFO  Executed sudo<docker_images>, exit status 0
2022-06-20 15:50:56,643 INFO  Grep on file /home/pi/actions-runner/_work/thin-edge.io/thin-edge.io/tests/PySys/plugin_docker/docker_plugin_install/Output/linux/docker_images.out ... passed
2022-06-20 15:51:19,909 INFO  Executed sudo<plugin_install>, exit status 0, duration 23 secs
2022-06-20 15:51:21,231 INFO  Executed sudo<docker_ps_latest>, exit status 0
2022-06-20 15:51:22,047 INFO  Executed sudo<docker_ps>, exit status 0
2022-06-20 15:51:22,055 INFO  Grep on file /home/pi/actions-runner/_work/thin-edge.io/thin-edge.io/tests/PySys/plugin_docker/docker_plugin_install/Output/linux/docker_ps.out ... passed
2022-06-20 15:51:22,061 INFO  
2022-06-20 15:51:22,062 INFO  cleanup:
2022-06-20 15:51:22,063 INFO  Removing containers scheduled to be cleaned up: ['6e0990d4000a']
2022-06-20 15:51:26,686 INFO  Executed sudo<containers_for_cleanup>, exit status 0
2022-06-20 15:51:26,688 INFO  Removing images scheduled to be cleaned up: ['registry', 'registry']
2022-06-20 15:51:30,387 INFO  Executed sudo<containers_for_cleanup>, exit status 0
2022-06-20 15:51:30,391 INFO  
2022-06-20 15:51:30,391 INFO  Test duration: 34.53 secs
2022-06-20 15:51:30,392 INFO  Test final outcome:  PASSED
2022-06-20 15:51:30,394 INFO  
