Unable to find image 'registry:2.6.2' locally
2.6.2: Pulling from library/registry
e99479a55eec: Pulling fs layer
a1f709aea095: Pulling fs layer
1066781a7d5e: Pulling fs layer
1f83e7895118: Pulling fs layer
f6e07dc764e7: Pulling fs layer
f6e07dc764e7: Waiting
1f83e7895118: Waiting
a1f709aea095: Verifying Checksum
a1f709aea095: Download complete
e99479a55eec: Verifying Checksum
e99479a55eec: Download complete
f6e07dc764e7: Verifying Checksum
1f83e7895118: Verifying Checksum
1f83e7895118: Download complete
1066781a7d5e: Verifying Checksum
1066781a7d5e: Download complete
e99479a55eec: Pull complete
a1f709aea095: Pull complete
1066781a7d5e: Pull complete
1f83e7895118: Pull complete
f6e07dc764e7: Pull complete
Digest: sha256:c4bdca23bab136d5b9ce7c06895ba54892ae6db0ebfc3a2f1ac413a470b17e47
Status: Downloaded newer image for registry:2.6.2
