2022-06-08 12:23:30,847 INFO  ==============================================================
2022-06-08 12:23:30,848 INFO  Id:    docker_plugin_update
2022-06-08 12:23:30,849 INFO  Dir:   plugin_docker/
2022-06-08 12:23:30,850 INFO  Title: Validate docker plugin install updates existing containers
2022-06-08 12:23:30,851 INFO  ==============================================================
2022-06-08 12:23:31,668 INFO  Executed sudo<docker_images>, exit status 0
2022-06-08 12:23:31,679 INFO  Grep on file /home/pi/actions-runner/_work/thin-edge.io/thin-edge.io/tests/PySys/plugin_docker/docker_plugin_update/Output/linux/docker_images.out ... passed
2022-06-08 12:23:57,424 INFO  Executed sudo<docker_run>, exit status 0, duration 25 secs
2022-06-08 12:23:58,292 INFO  Executed sudo<docker_ps>, exit status 0
2022-06-08 12:23:58,303 INFO  Grep on file /home/pi/actions-runner/_work/thin-edge.io/thin-edge.io/tests/PySys/plugin_docker/docker_plugin_update/Output/linux/docker_ps.out ... passed
2022-06-08 12:24:24,937 INFO  Executed sudo<plugin_install>, exit status 0, duration 26 secs
2022-06-08 12:24:25,809 INFO  Executed sudo<docker_ps_latest>, exit status 0
2022-06-08 12:24:26,636 INFO  Executed sudo<docker_ps>, exit status 0
2022-06-08 12:24:26,641 INFO  Grep on file /home/pi/actions-runner/_work/thin-edge.io/thin-edge.io/tests/PySys/plugin_docker/docker_plugin_update/Output/linux/docker_ps.out ... passed
2022-06-08 12:24:27,453 INFO  Executed sudo<docker_ps>, exit status 0
2022-06-08 12:24:27,458 INFO  Grep on file /home/pi/actions-runner/_work/thin-edge.io/thin-edge.io/tests/PySys/plugin_docker/docker_plugin_update/Output/linux/docker_ps.out ... passed
2022-06-08 12:24:27,464 INFO  
2022-06-08 12:24:27,465 INFO  cleanup:
2022-06-08 12:24:27,465 INFO  Removing containers scheduled to be cleaned up: ['30b675e7a9e7', 'b4a8b132b576', '0f4b06c9967e79beda69226d57a58162d75eaf3caa8346ba8ac46ea74ca2bdf4\n', 'ad65a7d0b85271c58cdee951e44ead2d1990917c3a36e17660a50b1f045b8529\n', '9e0632f3a646928e5be1daa89c00e9c026092c8a704438bdfa01da6d53bd3551\n', '7bf5665911f4']
2022-06-08 12:24:30,390 WARN  Executed sudo<containers_for_cleanup>, exit status 1
2022-06-08 12:24:30,392 INFO  Removing images scheduled to be cleaned up: ['registry', 'registry', 'registry:2.7.1', 'registry', 'registry:2.7.1', 'registry:2.6.2', 'registry:2.7.1']
2022-06-08 12:24:37,132 INFO  Executed sudo<containers_for_cleanup>, exit status 0
2022-06-08 12:24:37,136 INFO  
2022-06-08 12:24:37,136 INFO  Test duration: 66.29 secs
2022-06-08 12:24:37,137 INFO  Test final outcome:  PASSED
2022-06-08 12:24:37,138 INFO  
