2022-06-22 13:53:29,890 INFO  ==============================================================
2022-06-22 13:53:29,891 INFO  Id:    monitoring_smaller_interval
2022-06-22 13:53:29,892 INFO  Dir:   monitoring/
2022-06-22 13:53:29,893 INFO  Title: Validate the tedge dm agent messages that are produced with smaller sampling interval than the batching window. Here the simulated collectd messages are used
2022-06-22 13:53:29,894 INFO  ==============================================================
2022-06-22 13:53:30,567 INFO  Executed sudo<collectd>, exit status 0
2022-06-22 13:53:31,181 INFO  Executed sudo<collectd_mapper>, exit status 0
2022-06-22 13:53:31,192 INFO  Started sudo<tedge_sub> with process id 10287
2022-06-22 13:53:31,859 INFO  Executed sudo<tedge_temp>, exit status 0
2022-06-22 13:53:32,422 INFO  Executed sudo<tedge_pres>, exit status 0
2022-06-22 13:53:33,035 INFO  Executed sudo<tedge_temp>, exit status 0
2022-06-22 13:53:33,548 INFO  Executed sudo<tedge_pres>, exit status 0
2022-06-22 13:53:34,211 INFO  Executed sudo<tedge_temp>, exit status 0
2022-06-22 13:53:34,724 INFO  Executed sudo<tedge_pres>, exit status 0
2022-06-22 13:53:35,336 INFO  Executed sudo<tedge_temp>, exit status 0
2022-06-22 13:53:35,900 INFO  Executed sudo<tedge_pres>, exit status 0
2022-06-22 13:53:36,521 INFO  Executed sudo<tedge_temp>, exit status 0
2022-06-22 13:53:37,058 INFO  Executed sudo<tedge_pres>, exit status 0
2022-06-22 13:53:37,674 INFO  Executed sudo<tedge_temp>, exit status 0
2022-06-22 13:53:38,268 INFO  Executed sudo<tedge_pres>, exit status 0
2022-06-22 13:53:38,931 INFO  Executed sudo<tedge_temp>, exit status 0
2022-06-22 13:53:39,476 INFO  Executed sudo<tedge_pres>, exit status 0
2022-06-22 13:53:40,089 INFO  Executed sudo<tedge_temp>, exit status 0
2022-06-22 13:53:40,606 INFO  Executed sudo<tedge_pres>, exit status 0
2022-06-22 13:53:41,221 INFO  Executed sudo<tedge_temp>, exit status 0
2022-06-22 13:53:41,733 INFO  Executed sudo<tedge_pres>, exit status 0
2022-06-22 13:53:42,397 INFO  Executed sudo<tedge_temp>, exit status 0
2022-06-22 13:53:42,911 INFO  Executed sudo<tedge_pres>, exit status 0
2022-06-22 13:53:44,525 INFO  Executed sudo<kill_out>, exit status 0
2022-06-22 13:53:44,529 INFO  0

2022-06-22 13:53:44,530 WARN  TypeError occurred while running test - 'int' object is not subscriptable
Traceback (most recent call last):
  File "/home/pi/env-pysys/lib/python3.7/site-packages/pysys/baserunner.py", line 1296, in __call__
    self.testObj.validate()
  File "/home/pi/actions-runner/_work/thin-edge.io/thin-edge.io/tests/PySys/monitoring/monitoring_smaller_interval/run.py", line 104, in validate
    collectd_msg_validation_result=self.validate_json(),
  File "/home/pi/actions-runner/_work/thin-edge.io/thin-edge.io/tests/PySys/monitoring/monitoring_smaller_interval/run.py", line 114, in validate_json
    if not self.validate_time():
  File "/home/pi/actions-runner/_work/thin-edge.io/thin-edge.io/tests/PySys/monitoring/monitoring_smaller_interval/run.py", line 134, in validate_time
    if self.js_msg["time"]:
TypeError: 'int' object is not subscriptable
2022-06-22 13:53:44,554 WARN  TypeError: 'int' object is not subscriptable ... blocked 
2022-06-22 13:53:44,555 INFO  
2022-06-22 13:53:44,556 INFO  cleanup:
2022-06-22 13:53:44,556 INFO  monitoring_cleanup
2022-06-22 13:53:45,171 INFO  Executed sudo<collectd_mapper>, exit status 0
2022-06-22 13:53:45,176 INFO  
2022-06-22 13:53:45,176 INFO  Test duration: 15.29 secs
2022-06-22 13:53:45,179 INFO  Test final outcome:  BLOCKED
2022-06-22 13:53:45,180 INFO  Test outcome reason: TypeError: 'int' object is not subscriptable
2022-06-22 13:53:45,181 INFO  
