2022-07-21 10:08:11,058 INFO  ==============================================================
2022-07-21 10:08:11,059 INFO  Id:    tedge_software_update
2022-07-21 10:08:11,060 INFO  Dir:   tedge/
2022-07-21 10:08:11,061 INFO  Title: Software install from download path
2022-07-21 10:08:11,062 INFO  ==============================================================
2022-07-21 10:08:11,070 INFO  EnvironmentC8y Setup
2022-07-21 10:08:11,638 INFO  Executed systemctl<serv_mapper1>, exit status 3
2022-07-21 10:08:25,852 INFO  Executed sudo<tedge_connect_c8y>, exit status 0, duration 14 secs
2022-07-21 10:08:26,419 INFO  Executed sudo<tedge_connect_c8y_test>, exit status 0
2022-07-21 10:08:26,934 INFO  Executed systemctl<serv_mosq2>, exit status 0
2022-07-21 10:08:27,398 INFO  Executed systemctl<serv_mapper3>, exit status 0
2022-07-21 10:08:27,399 INFO  Setup
2022-07-21 10:08:27,912 INFO  Executed sudo<mkdir>, exit status 0
2022-07-21 10:08:28,431 INFO  Executed sudo<chmod>, exit status 0
2022-07-21 10:08:28,944 INFO  Executed sudo<tedge_config_get_original>, exit status 0
2022-07-21 10:08:29,457 INFO  Executed sudo, exit status 0
2022-07-21 10:08:29,970 INFO  Executed sudo<tedge_config_get_new_value>, exit status 0
2022-07-21 10:08:30,483 INFO  Executed sudo<rolldice_download>, exit status 0
2022-07-21 10:08:30,490 INFO  Grep on file tedge_config_get_new_value.out ... passed
2022-07-21 10:08:30,497 INFO  
2022-07-21 10:08:30,498 INFO  cleanup:
2022-07-21 10:08:31,114 INFO  Executed sudo, exit status 0
2022-07-21 10:08:31,628 INFO  Executed sudo<tedge_config_get_cleanup>, exit status 0
2022-07-21 10:08:31,634 INFO  Grep on file tedge_config_get_cleanup.out ... passed
2022-07-21 10:08:32,177 INFO  Executed sudo<rmdir>, exit status 0
2022-07-21 10:08:36,630 INFO  Executed sudo<tedge_disconnect_c8y>, exit status 0
2022-07-21 10:08:37,193 INFO  Executed systemctl<serv_mapper5>, exit status 3
2022-07-21 10:08:37,198 INFO  
2022-07-21 10:08:37,199 INFO  Test duration: 26.14 secs
2022-07-21 10:08:37,201 INFO  Test final outcome:  PASSED
2022-07-21 10:08:37,201 INFO  
