2022-06-15 11:48:47,467 INFO  ==============================================================
2022-06-15 11:48:47,468 INFO  Id:    docker_plugin_remove
2022-06-15 11:48:47,469 INFO  Dir:   plugin_docker/
2022-06-15 11:48:47,470 INFO  Title: Validate docker plugin remove
2022-06-15 11:48:47,471 INFO  ==============================================================
2022-06-15 11:48:48,239 INFO  Executed sudo<docker_images>, exit status 0
2022-06-15 11:48:48,244 INFO  Grep on file /home/pi/actions-runner/_work/thin-edge.io/thin-edge.io/tests/PySys/plugin_docker/docker_plugin_remove/Output/linux/docker_images.out ... passed
2022-06-15 11:49:09,845 INFO  Executed sudo<docker_run>, exit status 0, duration 21 secs
2022-06-15 11:49:10,712 INFO  Executed sudo<docker_ps>, exit status 0
2022-06-15 11:49:10,717 INFO  Grep on file /home/pi/actions-runner/_work/thin-edge.io/thin-edge.io/tests/PySys/plugin_docker/docker_plugin_remove/Output/linux/docker_ps.out ... passed
2022-06-15 11:49:14,281 INFO  Executed sudo<plugin_remove>, exit status 0
2022-06-15 11:49:15,045 INFO  Executed sudo<docker_ps_latest>, exit status 0
2022-06-15 11:49:15,871 INFO  Executed sudo<docker_ps>, exit status 0
2022-06-15 11:49:15,875 INFO  Grep on file /home/pi/actions-runner/_work/thin-edge.io/thin-edge.io/tests/PySys/plugin_docker/docker_plugin_remove/Output/linux/docker_ps.out ... passed
2022-06-15 11:49:15,881 INFO  
2022-06-15 11:49:15,882 INFO  cleanup:
2022-06-15 11:49:15,883 INFO  Removing containers scheduled to be cleaned up: ['0ec8612b0e41', 'd823637bc9d0', '927688d0eaf317a450e129e475cff5c8d2cdb0127061f3092275ef11500eed7a\n']
2022-06-15 11:49:16,698 WARN  Executed sudo<containers_for_cleanup>, exit status 1
2022-06-15 11:49:16,700 INFO  Removing images scheduled to be cleaned up: ['registry', 'registry', 'registry:2.7.1', 'registry']
2022-06-15 11:49:20,334 INFO  Executed sudo<containers_for_cleanup>, exit status 0
2022-06-15 11:49:20,338 INFO  
2022-06-15 11:49:20,339 INFO  Test duration: 32.88 secs
2022-06-15 11:49:20,340 INFO  Test final outcome:  PASSED
2022-06-15 11:49:20,341 INFO  
