Using default tag: latest
latest: Pulling from library/registry
a6b45ace95f4: Pulling fs layer
f31015017157: Pulling fs layer
a19f7609aebf: Pulling fs layer
0a97de6c3e43: Pulling fs layer
0a97de6c3e43: Waiting
17bd26b7e8bc: Pulling fs layer
17bd26b7e8bc: Waiting
f31015017157: Download complete
0a97de6c3e43: Verifying Checksum
0a97de6c3e43: Download complete
a6b45ace95f4: Verifying Checksum
a6b45ace95f4: Download complete
17bd26b7e8bc: Verifying Checksum
17bd26b7e8bc: Download complete
a19f7609aebf: Verifying Checksum
a19f7609aebf: Download complete
a6b45ace95f4: Pull complete
f31015017157: Pull complete
a19f7609aebf: Pull complete
0a97de6c3e43: Pull complete
17bd26b7e8bc: Pull complete
Digest: sha256:c631a581c6152f5a4a141a974b74cf308ab2ee660287a3c749d88e0b536c0c20
Status: Downloaded newer image for registry:latest
