2022-04-28 13:13:40,470 INFO  ==============================================================
2022-04-28 13:13:40,471 INFO  Id:    docker_plugin_finalize
2022-04-28 13:13:40,475 INFO  Dir:   plugin_docker/
2022-04-28 13:13:40,476 INFO  Title: Validate docker plugin finalize command
2022-04-28 13:13:40,477 INFO  ==============================================================
2022-04-28 13:13:41,315 INFO  Executed sudo<docker_images>, exit status 0
2022-04-28 13:13:41,327 INFO  Grep on file /home/pi/actions-runner/_work/thin-edge.io/thin-edge.io/tests/PySys/plugin_docker/docker_plugin_finalize/Output/linux/docker_images.out ... passed
2022-04-28 13:13:43,495 WARN  Executed sudo<docker_pull>, exit status 1
2022-04-28 13:13:43,501 INFO  Contents of docker_pull.err: 
2022-04-28 13:13:43,502 INFO    Error response from daemon: toomanyrequests: You have reached your pull rate limit. You may increase the limit by authenticating and upgrading: https://www.docker.com/increase-rate-limit
2022-04-28 13:13:43,503 INFO    -----
2022-04-28 13:13:43,503 INFO  
2022-04-28 13:13:43,691 WARN  sudo<docker_pull> returned non-zero exit code 1 ... blocked 
2022-04-28 13:13:43,693 WARN  Aborted test due to BLOCKED outcome
2022-04-28 13:13:43,699 INFO  
2022-04-28 13:13:43,700 INFO  cleanup:
2022-04-28 13:13:43,703 INFO  
2022-04-28 13:13:43,703 INFO  Test duration: 3.24 secs
2022-04-28 13:13:43,704 INFO  Test final outcome:  BLOCKED
2022-04-28 13:13:43,705 INFO  Test outcome reason: sudo<docker_pull> returned non-zero exit code 1
2022-04-28 13:13:43,706 INFO  
