2022-07-22 16:18:07,788 INFO  ==============================================================
2022-07-22 16:18:07,789 INFO  Id:    apt_sequence_remove_with_version_fail
2022-07-22 16:18:07,790 INFO  Dir:   plugin_apt/
2022-07-22 16:18:07,791 INFO  Title: Validate apt plugin remove with version fails when the version not found
2022-07-22 16:18:07,792 INFO  ==============================================================
2022-07-22 16:18:46,116 INFO  Executed sudo<outp_install>, exit status 0, duration 38 secs
2022-07-22 16:18:46,119 INFO  Assert that (value==0) with value=0 ... passed
2022-07-22 16:18:52,254 INFO  Executed sudo<outp_remove>, exit status 2
2022-07-22 16:18:52,257 INFO  Assert that (value==2) with value=2 ... passed
2022-07-22 16:18:52,262 INFO  Grep on file outp_remove.err ... passed
2022-07-22 16:18:54,885 INFO  Executed sudo<outp_check_0>, exit status 0
2022-07-22 16:18:54,887 INFO  Assert that (value==0) with value=0 ... passed
2022-07-22 16:18:54,893 INFO  Grep on file outp_check_0.out ... passed
2022-07-22 16:18:54,898 INFO  
2022-07-22 16:18:54,899 INFO  cleanup:
2022-07-22 16:19:08,407 INFO  Executed sudo, exit status 0, duration 13 secs
2022-07-22 16:19:08,412 INFO  
2022-07-22 16:19:08,412 INFO  Test duration: 60.63 secs
2022-07-22 16:19:08,414 INFO  Test final outcome:  PASSED
2022-07-22 16:19:08,415 INFO  
