2022-06-09 16:33:17,895 INFO  ==============================================================
2022-06-09 16:33:17,896 INFO  Id:    monitoring_with_simulated_messages
2022-06-09 16:33:17,897 INFO  Dir:   monitoring/
2022-06-09 16:33:17,898 INFO  Title: Validate the tedge dm agent messages that are produced from the simulated collectd messages
2022-06-09 16:33:17,899 INFO  ==============================================================
2022-06-09 16:33:18,524 INFO  Executed sudo<collectd>, exit status 0
2022-06-09 16:33:19,139 INFO  Executed sudo<collectd_mapper>, exit status 0
2022-06-09 16:33:19,157 INFO  Started sudo<tedge_sub> with process id 15320
2022-06-09 16:33:19,827 INFO  Executed sudo<tedge_temp>, exit status 0
2022-06-09 16:33:20,340 INFO  Executed sudo<tedge_pres>, exit status 0
2022-06-09 16:33:21,854 INFO  Executed sudo<kill_out>, exit status 0
2022-06-09 16:33:21,858 INFO  0

2022-06-09 16:33:21,859 WARN  TypeError occurred while running test - 'int' object is not subscriptable
Traceback (most recent call last):
  File "/home/pi/env-pysys/lib/python3.7/site-packages/pysys/baserunner.py", line 1296, in __call__
    self.testObj.validate()
  File "/home/pi/actions-runner/_work/thin-edge.io/thin-edge.io/tests/PySys/monitoring/monitoring_with_simulated_messages/run.py", line 98, in validate
    collectd_msg_validation_result=self.validate_json(),
  File "/home/pi/actions-runner/_work/thin-edge.io/thin-edge.io/tests/PySys/monitoring/monitoring_with_simulated_messages/run.py", line 108, in validate_json
    if not self.validate_time():
  File "/home/pi/actions-runner/_work/thin-edge.io/thin-edge.io/tests/PySys/monitoring/monitoring_with_simulated_messages/run.py", line 127, in validate_time
    if self.js_msg["time"]:
TypeError: 'int' object is not subscriptable
2022-06-09 16:33:21,874 WARN  TypeError: 'int' object is not subscriptable ... blocked 
2022-06-09 16:33:21,876 INFO  
2022-06-09 16:33:21,876 INFO  cleanup:
2022-06-09 16:33:21,877 INFO  monitoring_cleanup
2022-06-09 16:33:22,539 INFO  Executed sudo<collectd_mapper>, exit status 0
2022-06-09 16:33:22,544 INFO  
2022-06-09 16:33:22,545 INFO  Test duration: 4.65 secs
2022-06-09 16:33:22,546 INFO  Test final outcome:  BLOCKED
2022-06-09 16:33:22,547 INFO  Test outcome reason: TypeError: 'int' object is not subscriptable
2022-06-09 16:33:22,547 INFO  
