2022-05-03 18:40:24,543 INFO  ==============================================================
2022-05-03 18:40:24,544 INFO  Id:    apt_finalize
2022-05-03 18:40:24,545 INFO  Dir:   plugin_apt/
2022-05-03 18:40:24,546 INFO  Title: Validate apt plugin finalize - dense version
2022-05-03 18:40:24,547 INFO  ==============================================================
2022-05-03 18:41:09,828 INFO  Executed sudo<outp_remove>, exit status 0, duration 45 secs
2022-05-03 18:41:09,832 INFO  Assert that (value==0) with value=0 ... passed
2022-05-03 18:41:25,640 INFO  Executed sudo<outp_remove>, exit status 0, duration 15 secs
2022-05-03 18:41:25,643 INFO  Assert that (value==0) with value=0 ... passed
2022-05-03 18:41:30,942 INFO  Executed sudo<outp_check_0>, exit status 0
2022-05-03 18:41:30,944 INFO  Assert that (value==0) with value=0 ... passed
2022-05-03 18:41:30,954 INFO  Grep on file outp_check_0.out ... passed
2022-05-03 18:41:31,466 INFO  Executed dpkg-query<outp_check_0>, exit status 1
2022-05-03 18:42:13,220 INFO  Executed sudo<outp_install>, exit status 0, duration 41 secs
2022-05-03 18:42:13,223 INFO  Assert that (value==0) with value=0 ... passed
2022-05-03 18:42:18,539 INFO  Executed sudo<outp_check_1>, exit status 0
2022-05-03 18:42:18,541 INFO  Assert that (value==0) with value=0 ... passed
2022-05-03 18:42:18,547 INFO  Grep on file outp_check_1.out ... passed
2022-05-03 18:42:19,058 INFO  Executed dpkg-query<outp_check_1>, exit status 0
2022-05-03 18:42:34,073 INFO  Executed sudo<outp_remove>, exit status 0, duration 15 secs
2022-05-03 18:42:34,077 INFO  Assert that (value==0) with value=0 ... passed
2022-05-03 18:42:39,418 INFO  Executed sudo<outp_check_2>, exit status 0
2022-05-03 18:42:39,420 INFO  Assert that (value==0) with value=0 ... passed
2022-05-03 18:42:39,425 INFO  Grep on file outp_check_2.out ... passed
2022-05-03 18:42:39,887 INFO  Executed dpkg-query<outp_check_2>, exit status 0
2022-05-03 18:42:52,733 INFO  Executed sudo<outp_finalize>, exit status 0, duration 12 secs
2022-05-03 18:42:52,736 INFO  Assert that (value==0) with value=0 ... passed
2022-05-03 18:42:58,074 INFO  Executed sudo<outp_check_3>, exit status 0
2022-05-03 18:42:58,076 INFO  Assert that (value==0) with value=0 ... passed
2022-05-03 18:42:58,082 INFO  Grep on file outp_check_3.out ... passed
2022-05-03 18:42:58,543 INFO  Executed dpkg-query<outp_check_3>, exit status 1
2022-05-03 18:42:58,550 INFO  
2022-05-03 18:42:58,551 INFO  cleanup:
2022-05-03 18:42:58,555 INFO  
2022-05-03 18:42:58,555 INFO  Test duration: 154.02 secs
2022-05-03 18:42:58,557 INFO  Test final outcome:  PASSED
2022-05-03 18:42:58,557 INFO  
