2022-05-20 09:48:19,065 INFO  ==============================================================
2022-05-20 09:48:19,066 INFO  Id:    tedge_mapper_az_without_timestamp
2022-05-20 09:48:19,067 INFO  Dir:   tedge_mapper_az/
2022-05-20 09:48:19,067 INFO  Title: Validate the Azure Mapper that publishes a Thin Edge JSON message without timestamp on az/messages/events/ when it receives a valid JSON message on tedge/measurements and az.mapper.timestamp is configured false
2022-05-20 09:48:19,068 INFO  ==============================================================
2022-05-20 09:48:19,587 INFO  Executed sudo<tedge_temp>, exit status 0
2022-05-20 09:48:20,653 INFO  Executed sudo<tedge_mapper_az>, exit status 0
2022-05-20 09:48:20,665 INFO  Started sudo<tedge_sub> with process id 4721
2022-05-20 09:48:21,434 INFO  Executed sudo<tedge_temp>, exit status 0
2022-05-20 09:48:21,947 INFO  Executed sudo<kill_out>, exit status 0
2022-05-20 09:48:21,952 INFO  Assert that (actual == expected) with actual=12.0, expected=12 ... passed
2022-05-20 09:48:21,956 INFO  Grep on file tedge_sub.out ... passed
2022-05-20 09:48:21,963 INFO  
2022-05-20 09:48:21,964 INFO  cleanup:
2022-05-20 09:48:21,965 INFO  mapper_cleanup
2022-05-20 09:48:22,577 INFO  Executed sudo<tedge_mapper_az>, exit status 0
2022-05-20 09:48:23,090 INFO  Executed sudo<tedge_temp>, exit status 0
2022-05-20 09:48:23,094 INFO  
2022-05-20 09:48:23,095 INFO  Test duration: 4.03 secs
2022-05-20 09:48:23,096 INFO  Test final outcome:  PASSED
2022-05-20 09:48:23,097 INFO  
