2022-07-25 09:35:48,539 INFO  ==============================================================
2022-07-25 09:35:48,540 INFO  Id:    SoftwareManagement.sm_apt_install_remove_default
2022-07-25 09:35:48,542 INFO  Dir:   software_management_end_to_end/
2022-07-25 09:35:48,543 INFO  Title: Validate end to end behaviour for the default plugin for installation and removal of packages
2022-07-25 09:35:48,544 INFO  ==============================================================
2022-07-25 09:35:48,565 INFO  Using sw id database: {'asciijump': '5475369', 'robotfindskitten': '5474869', 'squirrel3': '5475279', 'rolldice': '5152439', 'moon-buggy': '5439204', 'apple': '5495053', 'banana': '5494888', 'cherry': '5495382', 'watermelon': '5494510', 'registry': '8018911', 'hello-world': '8021526', 'docker/getting-started': '8021973', 'alpine': '7991792'}
2022-07-25 09:35:48,566 INFO  EnvironmentC8y Setup
2022-07-25 09:35:49,284 INFO  Executed systemctl<serv_mapper1>, exit status 3
2022-07-25 09:35:49,433 INFO  Restarting mosquitto too frequently in the last 10 seconds. It was only up for 7 seconds
2022-07-25 09:35:49,434 INFO  Delaying execution by 4 seconds
2022-07-25 09:36:07,224 INFO  Executed sudo<tedge_connect_c8y>, exit status 0, duration 13 secs
2022-07-25 09:36:07,802 INFO  Executed sudo<tedge_connect_c8y_test>, exit status 0
2022-07-25 09:36:08,281 INFO  Executed systemctl<serv_mosq2>, exit status 0
2022-07-25 09:36:08,744 INFO  Executed systemctl<serv_mapper3>, exit status 0
2022-07-25 09:36:10,977 INFO  State of current operation: FAILED
2022-07-25 09:36:11,212 INFO  Package rolldice is installed
2022-07-25 09:36:11,587 WARN  Assert that (False == value) with value=True ... failed 
2022-07-25 09:36:11,829 INFO  Response status: 201
2022-07-25 09:36:11,831 INFO  Response to action: {
    "creationTime": "2022-07-25T09:36:11.769Z",
    "deviceId": "21358818",
    "deviceName": "m32sd10d",
    "self": "https://t493319102.eu-latest.cumulocity.com/devicecontrol/operations/21368554",
    "id": "21368554",
    "status": "PENDING",
    "description": "Apply software changes, triggered from PySys: [{'name': 'rolldice', 'id': '5152439', 'version': ' ', 'url': '', 'action': 'install'}]",
    "c8y_SoftwareUpdate": [
        {
            "name": "rolldice",
            "action": "install",
            "id": "5152439",
            "version": " ",
            "url": ""
        }
    ]
}
2022-07-25 09:36:11,831 INFO  Started operation: {'creationTime': '2022-07-25T09:36:11.769Z', 'deviceId': '21358818', 'deviceName': 'm32sd10d', 'self': 'https://t493319102.eu-latest.cumulocity.com/devicecontrol/operations/21368554', 'id': '21368554', 'status': 'PENDING', 'description': "Apply software changes, triggered from PySys: [{'name': 'rolldice', 'id': '5152439', 'version': ' ', 'url': '', 'action': 'install'}]", 'c8y_SoftwareUpdate': [{'name': 'rolldice', 'action': 'install', 'id': '5152439', 'version': ' ', 'url': ''}]}
2022-07-25 09:36:14,050 INFO  State of operation 21368554 : PENDING
2022-07-25 09:36:16,325 INFO  State of operation 21368554 : EXECUTING
2022-07-25 09:36:18,542 INFO  State of operation 21368554 : EXECUTING
2022-07-25 09:36:20,762 INFO  State of operation 21368554 : EXECUTING
2022-07-25 09:36:22,989 INFO  State of operation 21368554 : EXECUTING
2022-07-25 09:36:25,215 INFO  State of operation 21368554 : EXECUTING
2022-07-25 09:36:27,988 INFO  State of operation 21368554 : EXECUTING
2022-07-25 09:36:30,676 INFO  State of operation 21368554 : EXECUTING
2022-07-25 09:36:32,919 INFO  State of operation 21368554 : EXECUTING
2022-07-25 09:36:35,354 INFO  State of operation 21368554 : EXECUTING
2022-07-25 09:36:37,574 INFO  State of operation 21368554 : EXECUTING
2022-07-25 09:36:39,813 INFO  State of operation 21368554 : EXECUTING
2022-07-25 09:36:42,029 INFO  State of operation 21368554 : EXECUTING
2022-07-25 09:36:44,256 INFO  State of operation 21368554 : EXECUTING
2022-07-25 09:36:46,477 INFO  State of operation 21368554 : EXECUTING
2022-07-25 09:36:48,695 INFO  State of operation 21368554 : SUCCESSFUL
2022-07-25 09:36:48,929 INFO  Package rolldice is installed
2022-07-25 09:36:48,932 INFO  Assert that (True == value) with value=True ... passed
2022-07-25 09:36:49,163 INFO  Response status: 201
2022-07-25 09:36:49,164 INFO  Response to action: {
    "creationTime": "2022-07-25T09:36:49.115Z",
    "deviceId": "21358818",
    "deviceName": "m32sd10d",
    "self": "https://t493319102.eu-latest.cumulocity.com/devicecontrol/operations/21368560",
    "id": "21368560",
    "status": "PENDING",
    "description": "Apply software changes, triggered from PySys: [{'name': 'rolldice', 'id': '5152439', 'version': ' ', 'url': '', 'action': 'delete'}]",
    "c8y_SoftwareUpdate": [
        {
            "name": "rolldice",
            "action": "delete",
            "id": "5152439",
            "version": " ",
            "url": ""
        }
    ]
}
2022-07-25 09:36:49,165 INFO  Started operation: {'creationTime': '2022-07-25T09:36:49.115Z', 'deviceId': '21358818', 'deviceName': 'm32sd10d', 'self': 'https://t493319102.eu-latest.cumulocity.com/devicecontrol/operations/21368560', 'id': '21368560', 'status': 'PENDING', 'description': "Apply software changes, triggered from PySys: [{'name': 'rolldice', 'id': '5152439', 'version': ' ', 'url': '', 'action': 'delete'}]", 'c8y_SoftwareUpdate': [{'name': 'rolldice', 'action': 'delete', 'id': '5152439', 'version': ' ', 'url': ''}]}
2022-07-25 09:36:51,382 INFO  State of operation 21368560 : PENDING
2022-07-25 09:36:53,616 INFO  State of operation 21368560 : EXECUTING
2022-07-25 09:36:55,839 INFO  State of operation 21368560 : EXECUTING
2022-07-25 09:36:58,076 INFO  State of operation 21368560 : EXECUTING
2022-07-25 09:37:00,300 INFO  State of operation 21368560 : EXECUTING
2022-07-25 09:37:02,517 INFO  State of operation 21368560 : EXECUTING
2022-07-25 09:37:05,190 INFO  State of operation 21368560 : EXECUTING
2022-07-25 09:37:08,123 INFO  State of operation 21368560 : EXECUTING
2022-07-25 09:37:10,525 INFO  State of operation 21368560 : EXECUTING
2022-07-25 09:37:12,894 INFO  State of operation 21368560 : EXECUTING
2022-07-25 09:37:15,114 INFO  State of operation 21368560 : EXECUTING
2022-07-25 09:37:17,375 INFO  State of operation 21368560 : EXECUTING
2022-07-25 09:37:19,622 INFO  State of operation 21368560 : EXECUTING
2022-07-25 09:37:21,856 INFO  State of operation 21368560 : EXECUTING
2022-07-25 09:37:24,251 INFO  State of operation 21368560 : EXECUTING
2022-07-25 09:37:26,932 INFO  State of operation 21368560 : EXECUTING
2022-07-25 09:37:29,266 INFO  State of operation 21368560 : EXECUTING
2022-07-25 09:37:31,611 INFO  State of operation 21368560 : EXECUTING
2022-07-25 09:37:33,848 INFO  State of operation 21368560 : EXECUTING
2022-07-25 09:37:36,075 INFO  State of operation 21368560 : EXECUTING
2022-07-25 09:37:38,299 INFO  State of operation 21368560 : EXECUTING
2022-07-25 09:37:40,510 INFO  State of operation 21368560 : SUCCESSFUL
2022-07-25 09:37:40,734 INFO  Assert that (False == value) with value=False ... passed
2022-07-25 09:37:40,745 INFO  
2022-07-25 09:37:40,746 INFO  cleanup:
2022-07-25 09:37:44,727 INFO  Executed sudo<tedge_disconnect_c8y>, exit status 0
2022-07-25 09:37:45,291 INFO  Executed systemctl<serv_mapper5>, exit status 3
2022-07-25 09:37:45,295 INFO  
2022-07-25 09:37:45,296 INFO  Test duration: 116.77 secs
2022-07-25 09:37:45,297 INFO  Test final outcome:  FAILED
2022-07-25 09:37:45,298 INFO  Test outcome reason: Assert that (False == value) with value=True
2022-07-25 09:37:45,298 INFO  
