2022-06-29 12:08:50,331 INFO  ==============================================================
2022-06-29 12:08:50,332 INFO  Id:    mapper_awaits_before_reconnect
2022-06-29 12:08:50,333 INFO  Dir:   tedge_mapper_c8y/
2022-06-29 12:08:50,334 INFO  Title: Validate mapper doesn't reconnect too often
2022-06-29 12:08:50,335 INFO  ==============================================================
2022-06-29 12:08:50,378 INFO  Started mosquitto_sub with process id 3810
2022-06-29 12:08:50,382 INFO  Waiting for 0.1 seconds
2022-06-29 12:08:51,049 INFO  Executed sudo<tedge_mapper>, exit status 0
2022-06-29 12:08:51,051 INFO  Waiting for 5.0 seconds
2022-06-29 12:08:56,639 INFO  Executed sudo<tedge_mapper>, exit status 0
2022-06-29 12:09:00,676 INFO  Executed sudo<tedge_mapper_journal>, exit status 0
2022-06-29 12:09:00,724 WARN  Grep on tedge_mapper_journal.out contains "ERROR" ... failed [run.py:67]
2022-06-29 12:09:00,730 INFO  Line count on file tedge_mapper_journal.out ... passed
2022-06-29 12:09:00,752 WARN  Line count on tedge_mapper_journal.out for "tedge_mapper::core::mapper: MQTT connection error:" expected >=2 but got 0 ... failed [run.py:78]
2022-06-29 12:09:00,753 WARN  Aborted test due to FAILED outcome
2022-06-29 12:09:00,812 INFO  
2022-06-29 12:09:00,813 INFO  Test duration: 10.49 secs
2022-06-29 12:09:00,814 INFO  Test final outcome:  FAILED
2022-06-29 12:09:00,815 INFO  Test outcome reason: Line count on tedge_mapper_journal.out for "tedge_mapper::core::mapper: MQTT connection error:" expected >=2 but got 0
2022-06-29 12:09:00,816 INFO  
