-- Logs begin at Thu 2019-02-14 10:11:59 UTC, end at Wed 2022-04-27 10:31:09 UTC. --
Apr 27 10:31:03 m32sd10a systemd[1]: Started tedge-mapper-c8y converts Thin Edge JSON measurements to Cumulocity JSON format..
Apr 27 10:31:03 m32sd10a tedge_mapper[26792]: 2022-04-27T10:31:03.174384524Z  INFO flockfile::unix: Lockfile created "/run/lock/tedge-mapper-c8y.lock"
Apr 27 10:31:03 m32sd10a tedge_mapper[26792]: Error: A value for `c8y.url` is missing.
Apr 27 10:31:03 m32sd10a tedge_mapper[26792]:     A value can be set with `tedge config set c8y.url <value>`
Apr 27 10:31:03 m32sd10a systemd[1]: tedge-mapper-c8y.service: Main process exited, code=exited, status=1/FAILURE
Apr 27 10:31:03 m32sd10a systemd[1]: tedge-mapper-c8y.service: Failed with result 'exit-code'.
Apr 27 10:31:03 m32sd10a systemd[1]: tedge-mapper-c8y.service: Service RestartSec=100ms expired, scheduling restart.
Apr 27 10:31:03 m32sd10a systemd[1]: tedge-mapper-c8y.service: Scheduled restart job, restart counter is at 1.
Apr 27 10:31:03 m32sd10a systemd[1]: Stopped tedge-mapper-c8y converts Thin Edge JSON measurements to Cumulocity JSON format..
Apr 27 10:31:03 m32sd10a systemd[1]: Started tedge-mapper-c8y converts Thin Edge JSON measurements to Cumulocity JSON format..
Apr 27 10:31:03 m32sd10a tedge_mapper[26797]: 2022-04-27T10:31:03.467914425Z  INFO flockfile::unix: Lockfile created "/run/lock/tedge-mapper-c8y.lock"
Apr 27 10:31:03 m32sd10a tedge_mapper[26797]: Error: A value for `c8y.url` is missing.
Apr 27 10:31:03 m32sd10a tedge_mapper[26797]:     A value can be set with `tedge config set c8y.url <value>`
Apr 27 10:31:03 m32sd10a systemd[1]: tedge-mapper-c8y.service: Main process exited, code=exited, status=1/FAILURE
Apr 27 10:31:03 m32sd10a systemd[1]: tedge-mapper-c8y.service: Failed with result 'exit-code'.
Apr 27 10:31:03 m32sd10a systemd[1]: tedge-mapper-c8y.service: Service RestartSec=100ms expired, scheduling restart.
Apr 27 10:31:03 m32sd10a systemd[1]: tedge-mapper-c8y.service: Scheduled restart job, restart counter is at 2.
Apr 27 10:31:03 m32sd10a systemd[1]: Stopped tedge-mapper-c8y converts Thin Edge JSON measurements to Cumulocity JSON format..
Apr 27 10:31:03 m32sd10a systemd[1]: Started tedge-mapper-c8y converts Thin Edge JSON measurements to Cumulocity JSON format..
Apr 27 10:31:03 m32sd10a tedge_mapper[26802]: 2022-04-27T10:31:03.68834754Z  INFO flockfile::unix: Lockfile created "/run/lock/tedge-mapper-c8y.lock"
Apr 27 10:31:03 m32sd10a tedge_mapper[26802]: Error: A value for `c8y.url` is missing.
Apr 27 10:31:03 m32sd10a tedge_mapper[26802]:     A value can be set with `tedge config set c8y.url <value>`
Apr 27 10:31:03 m32sd10a systemd[1]: tedge-mapper-c8y.service: Main process exited, code=exited, status=1/FAILURE
Apr 27 10:31:03 m32sd10a systemd[1]: tedge-mapper-c8y.service: Failed with result 'exit-code'.
Apr 27 10:31:03 m32sd10a systemd[1]: tedge-mapper-c8y.service: Service RestartSec=100ms expired, scheduling restart.
Apr 27 10:31:03 m32sd10a systemd[1]: tedge-mapper-c8y.service: Scheduled restart job, restart counter is at 3.
Apr 27 10:31:03 m32sd10a systemd[1]: Stopped tedge-mapper-c8y converts Thin Edge JSON measurements to Cumulocity JSON format..
Apr 27 10:31:03 m32sd10a systemd[1]: Started tedge-mapper-c8y converts Thin Edge JSON measurements to Cumulocity JSON format..
Apr 27 10:31:03 m32sd10a tedge_mapper[26807]: 2022-04-27T10:31:03.938030327Z  INFO flockfile::unix: Lockfile created "/run/lock/tedge-mapper-c8y.lock"
Apr 27 10:31:03 m32sd10a tedge_mapper[26807]: Error: A value for `c8y.url` is missing.
Apr 27 10:31:03 m32sd10a tedge_mapper[26807]:     A value can be set with `tedge config set c8y.url <value>`
Apr 27 10:31:03 m32sd10a systemd[1]: tedge-mapper-c8y.service: Main process exited, code=exited, status=1/FAILURE
Apr 27 10:31:03 m32sd10a systemd[1]: tedge-mapper-c8y.service: Failed with result 'exit-code'.
Apr 27 10:31:04 m32sd10a systemd[1]: tedge-mapper-c8y.service: Service RestartSec=100ms expired, scheduling restart.
Apr 27 10:31:04 m32sd10a systemd[1]: tedge-mapper-c8y.service: Scheduled restart job, restart counter is at 4.
Apr 27 10:31:04 m32sd10a systemd[1]: Stopped tedge-mapper-c8y converts Thin Edge JSON measurements to Cumulocity JSON format..
Apr 27 10:31:04 m32sd10a systemd[1]: Started tedge-mapper-c8y converts Thin Edge JSON measurements to Cumulocity JSON format..
Apr 27 10:31:04 m32sd10a tedge_mapper[26812]: 2022-04-27T10:31:04.211896298Z  INFO flockfile::unix: Lockfile created "/run/lock/tedge-mapper-c8y.lock"
Apr 27 10:31:04 m32sd10a tedge_mapper[26812]: Error: A value for `c8y.url` is missing.
Apr 27 10:31:04 m32sd10a tedge_mapper[26812]:     A value can be set with `tedge config set c8y.url <value>`
Apr 27 10:31:04 m32sd10a systemd[1]: tedge-mapper-c8y.service: Main process exited, code=exited, status=1/FAILURE
Apr 27 10:31:04 m32sd10a systemd[1]: tedge-mapper-c8y.service: Failed with result 'exit-code'.
Apr 27 10:31:04 m32sd10a systemd[1]: tedge-mapper-c8y.service: Service RestartSec=100ms expired, scheduling restart.
Apr 27 10:31:04 m32sd10a systemd[1]: tedge-mapper-c8y.service: Scheduled restart job, restart counter is at 5.
Apr 27 10:31:04 m32sd10a systemd[1]: Stopped tedge-mapper-c8y converts Thin Edge JSON measurements to Cumulocity JSON format..
Apr 27 10:31:04 m32sd10a systemd[1]: tedge-mapper-c8y.service: Start request repeated too quickly.
Apr 27 10:31:04 m32sd10a systemd[1]: tedge-mapper-c8y.service: Failed with result 'exit-code'.
Apr 27 10:31:04 m32sd10a systemd[1]: Failed to start tedge-mapper-c8y converts Thin Edge JSON measurements to Cumulocity JSON format..
