2022-06-15 11:48:40,610 INFO  ==============================================================
2022-06-15 11:48:40,611 INFO  Id:    docker_plugin_remove
2022-06-15 11:48:40,612 INFO  Dir:   plugin_docker/
2022-06-15 11:48:40,613 INFO  Title: Validate docker plugin remove
2022-06-15 11:48:40,614 INFO  ==============================================================
2022-06-15 11:48:41,383 INFO  Executed sudo<docker_images>, exit status 0
2022-06-15 11:48:41,388 INFO  Grep on file /home/pi/actions-runner/_work/thin-edge.io/thin-edge.io/tests/PySys/plugin_docker/docker_plugin_remove/Output/linux/docker_images.out ... passed
2022-06-15 11:49:03,428 INFO  Executed sudo<docker_run>, exit status 0, duration 22 secs
2022-06-15 11:49:04,251 INFO  Executed sudo<docker_ps>, exit status 0
2022-06-15 11:49:04,256 INFO  Grep on file /home/pi/actions-runner/_work/thin-edge.io/thin-edge.io/tests/PySys/plugin_docker/docker_plugin_remove/Output/linux/docker_ps.out ... passed
2022-06-15 11:49:07,825 INFO  Executed sudo<plugin_remove>, exit status 0
2022-06-15 11:49:08,641 INFO  Executed sudo<docker_ps_latest>, exit status 0
2022-06-15 11:49:09,406 INFO  Executed sudo<docker_ps>, exit status 0
2022-06-15 11:49:09,411 INFO  Grep on file /home/pi/actions-runner/_work/thin-edge.io/thin-edge.io/tests/PySys/plugin_docker/docker_plugin_remove/Output/linux/docker_ps.out ... passed
2022-06-15 11:49:09,418 INFO  
2022-06-15 11:49:09,419 INFO  cleanup:
2022-06-15 11:49:09,420 INFO  Removing containers scheduled to be cleaned up: ['a1625178c1d3', 'f5f0698f0f91', '100206dc5e14ba981a2eb70f99b483d2e99306077031d002aace321b35c68dc9\n']
2022-06-15 11:49:10,289 WARN  Executed sudo<containers_for_cleanup>, exit status 1
2022-06-15 11:49:10,291 INFO  Removing images scheduled to be cleaned up: ['registry', 'registry', 'registry:2.7.1', 'registry']
2022-06-15 11:49:13,989 INFO  Executed sudo<containers_for_cleanup>, exit status 0
2022-06-15 11:49:13,993 INFO  
2022-06-15 11:49:13,994 INFO  Test duration: 33.39 secs
2022-06-15 11:49:13,995 INFO  Test final outcome:  PASSED
2022-06-15 11:49:13,996 INFO  
