2022-07-18 14:19:33,252 INFO  ==============================================================
2022-07-18 14:19:33,253 INFO  Id:    apt_install_local_file_with_version
2022-07-18 14:19:33,255 INFO  Dir:   plugin_apt/
2022-07-18 14:19:33,255 INFO  Title: Validate apt plugin install from local file AND with a version - SUCCESS case
2022-07-18 14:19:33,256 INFO  ==============================================================
2022-07-18 14:19:35,300 INFO  URL of rolldice is b"'http://mirror.mythic-beasts.com/raspbian/pool/main/r/rolldice/rolldice_1.16-1+b1_armhf.deb'"
2022-07-18 14:19:37,452 INFO  Downloaded rolldcice in version 1.16-1+b1
2022-07-18 14:19:37,454 INFO  Filename is rolldice_1.16-1+b1_armhf.deb
2022-07-18 14:19:42,040 INFO  Executed sudo, exit status 0
2022-07-18 14:19:44,613 INFO  Executed sudo<outp_check_0>, exit status 0
2022-07-18 14:19:44,615 INFO  Assert that (value==0) with value=0 ... passed
2022-07-18 14:19:44,622 INFO  Grep on file outp_check_0.out ... passed
2022-07-18 14:20:24,073 INFO  Executed sudo<outp_install>, exit status 0, duration 39 secs
2022-07-18 14:20:24,077 INFO  Assert that (value==0) with value=0 ... passed
2022-07-18 14:20:29,361 INFO  Executed sudo<outp_check_1>, exit status 0
2022-07-18 14:20:29,363 INFO  Assert that (value==0) with value=0 ... passed
2022-07-18 14:20:29,368 INFO  Grep on file outp_check_1.out ... passed
2022-07-18 14:20:29,374 INFO  
2022-07-18 14:20:29,374 INFO  cleanup:
2022-07-18 14:20:29,379 INFO  
2022-07-18 14:20:29,380 INFO  Test duration: 56.13 secs
2022-07-18 14:20:29,381 INFO  Test final outcome:  PASSED
2022-07-18 14:20:29,382 INFO  
