2022-06-22 19:41:59,913 INFO  ==============================================================
2022-06-22 19:41:59,913 INFO  Id:    SoftwareManagement.sm_apt_install_download_path
2022-06-22 19:41:59,915 INFO  Dir:   software_management_end_to_end/
2022-06-22 19:41:59,915 INFO  Title: Install package to directory specified in tedge config set tmp.path
2022-06-22 19:41:59,916 INFO  ==============================================================
2022-06-22 19:42:01,137 INFO  Using sw id database: {'asciijump': '5475369', 'robotfindskitten': '5474869', 'squirrel3': '5475279', 'rolldice': '5152439', 'moon-buggy': '5439204', 'apple': '5495053', 'banana': '5494888', 'cherry': '5495382', 'watermelon': '5494510', 'registry': '8018911', 'hello-world': '8021526', 'docker/getting-started': '8021973', 'alpine': '7991792'}
2022-06-22 19:42:01,138 INFO  EnvironmentC8y Setup
2022-06-22 19:42:01,699 INFO  Executed systemctl<serv_mapper1>, exit status 3
2022-06-22 19:42:15,882 INFO  Executed sudo<tedge_connect_c8y>, exit status 0, duration 14 secs
2022-06-22 19:42:16,498 INFO  Executed sudo<tedge_connect_c8y_test>, exit status 0
2022-06-22 19:42:16,962 INFO  Executed systemctl<serv_mosq2>, exit status 0
2022-06-22 19:42:17,426 INFO  Executed systemctl<serv_mapper3>, exit status 0
2022-06-22 19:42:19,688 INFO  State of current operation: FAILED
2022-06-22 19:42:19,919 INFO  Assert that (False == value) with value=False ... passed
2022-06-22 19:42:20,432 INFO  Executed sudo, exit status 0
2022-06-22 19:42:20,944 INFO  Executed sudo, exit status 0
2022-06-22 19:42:21,589 INFO  Executed sudo, exit status 0
2022-06-22 19:42:25,449 INFO  Executed sudo<tedge_disconnect_c8y>, exit status 0
2022-06-22 19:42:25,555 INFO  Restarting mosquitto too frequently in the last 10 seconds. It was only up for 3 seconds
2022-06-22 19:42:25,556 INFO  Delaying execution by 8 seconds
2022-06-22 19:42:47,397 INFO  Executed sudo<tedge_connect_c8y>, exit status 0, duration 13 secs
2022-06-22 19:42:47,723 INFO  Response status: 201
2022-06-22 19:42:47,725 INFO  Response to action: {
    "creationTime": "2022-06-22T19:42:47.679Z",
    "deviceName": "m32sd10b",
    "deviceId": "20418358",
    "self": "https://t493319102.eu-latest.cumulocity.com/devicecontrol/operations/20449435",
    "id": "20449435",
    "status": "PENDING",
    "description": "Apply software changes, triggered from PySys: [{'name': 'rolldice', 'id': '5152439', 'version': '::apt', 'url': 'https://thin-edge-io.eu-latest.cumulocity.com/inventory/binaries/12435463', 'action': 'install'}]",
    "c8y_SoftwareUpdate": [
        {
            "name": "rolldice",
            "action": "install",
            "id": "5152439",
            "version": "::apt",
            "url": "https://thin-edge-io.eu-latest.cumulocity.com/inventory/binaries/12435463"
        }
    ]
}
2022-06-22 19:42:47,727 INFO  Started operation: {'creationTime': '2022-06-22T19:42:47.679Z', 'deviceName': 'm32sd10b', 'deviceId': '20418358', 'self': 'https://t493319102.eu-latest.cumulocity.com/devicecontrol/operations/20449435', 'id': '20449435', 'status': 'PENDING', 'description': "Apply software changes, triggered from PySys: [{'name': 'rolldice', 'id': '5152439', 'version': '::apt', 'url': 'https://thin-edge-io.eu-latest.cumulocity.com/inventory/binaries/12435463', 'action': 'install'}]", 'c8y_SoftwareUpdate': [{'name': 'rolldice', 'action': 'install', 'id': '5152439', 'version': '::apt', 'url': 'https://thin-edge-io.eu-latest.cumulocity.com/inventory/binaries/12435463'}]}
2022-06-22 19:42:47,732 WARN  , retrying in 0.5 seconds...
2022-06-22 19:42:48,235 WARN  , retrying in 0.5 seconds...
2022-06-22 19:42:48,738 WARN  , retrying in 0.5 seconds...
2022-06-22 19:42:49,241 WARN  , retrying in 0.5 seconds...
2022-06-22 19:42:49,744 WARN  , retrying in 0.5 seconds...
2022-06-22 19:42:50,247 WARN  , retrying in 0.5 seconds...
2022-06-22 19:42:50,751 WARN  , retrying in 0.5 seconds...
2022-06-22 19:42:51,254 WARN  , retrying in 0.5 seconds...
2022-06-22 19:42:51,757 WARN  , retrying in 0.5 seconds...
2022-06-22 19:42:52,260 WARN  AssertionError occurred while running test - 
Traceback (most recent call last):
  File "/home/pi/env-pysys/lib/python3.7/site-packages/pysys/baserunner.py", line 1294, in __call__
    self.testObj.execute()
  File "/home/pi/actions-runner/_work/thin-edge.io/thin-edge.io/tests/PySys/software_management_end_to_end/sm_apt_install_download_path/run.py", line 83, in execute
    assert_install_in_download_path(install_directory=self.DOWNLOAD_DIR)
  File "/home/pi/env-pysys/lib/python3.7/site-packages/decorator.py", line 232, in fun
    return caller(func, *(extras + args), **kw)
  File "/home/pi/env-pysys/lib/python3.7/site-packages/retry/api.py", line 74, in retry_decorator
    logger)
  File "/home/pi/env-pysys/lib/python3.7/site-packages/retry/api.py", line 33, in __retry_internal
    return f()
  File "/home/pi/actions-runner/_work/thin-edge.io/thin-edge.io/tests/PySys/software_management_end_to_end/sm_apt_install_download_path/run.py", line 28, in assert_install_in_download_path
    assert "rolldice" in os.listdir(f"{install_directory}")
AssertionError
2022-06-22 19:42:52,293 WARN  AssertionError: ... blocked 
2022-06-22 19:42:52,295 INFO  
2022-06-22 19:42:52,296 INFO  cleanup:
2022-06-22 19:42:52,811 INFO  Executed sudo, exit status 0
2022-06-22 19:42:53,429 INFO  Executed sudo, exit status 0
2022-06-22 19:42:57,630 INFO  Executed sudo<tedge_disconnect_c8y>, exit status 0
2022-06-22 19:42:57,736 INFO  Restarting mosquitto too frequently in the last 10 seconds. It was only up for 4 seconds
2022-06-22 19:42:57,738 INFO  Delaying execution by 7 seconds
2022-06-22 19:43:18,832 INFO  Executed sudo<tedge_connect_c8y>, exit status 0, duration 14 secs
2022-06-22 19:43:22,968 INFO  Executed sudo<tedge_disconnect_c8y>, exit status 0
2022-06-22 19:43:23,540 INFO  Executed systemctl<serv_mapper5>, exit status 3
2022-06-22 19:43:23,544 INFO  
2022-06-22 19:43:23,545 INFO  Test duration: 83.64 secs
2022-06-22 19:43:23,546 INFO  Test final outcome:  BLOCKED
2022-06-22 19:43:23,547 INFO  Test outcome reason: AssertionError:
2022-06-22 19:43:23,548 INFO  
