2022-07-26 16:15:42,187 INFO  ==============================================================
2022-07-26 16:15:42,187 INFO  Id:    monitoring_smaller_interval
2022-07-26 16:15:42,189 INFO  Dir:   monitoring/
2022-07-26 16:15:42,189 INFO  Title: Validate the tedge dm agent messages that are produced with smaller sampling interval than the batching window. Here the simulated collectd messages are used
2022-07-26 16:15:42,190 INFO  ==============================================================
2022-07-26 16:15:42,863 INFO  Executed sudo<collectd>, exit status 0
2022-07-26 16:15:43,476 INFO  Executed sudo<collectd_mapper>, exit status 0
2022-07-26 16:15:43,485 INFO  Started sudo<tedge_sub> with process id 22199
2022-07-26 16:15:44,102 INFO  Executed sudo<tedge_temp>, exit status 0
2022-07-26 16:15:44,614 INFO  Executed sudo<tedge_pres>, exit status 0
2022-07-26 16:15:45,227 INFO  Executed sudo<tedge_temp>, exit status 0
2022-07-26 16:15:45,740 INFO  Executed sudo<tedge_pres>, exit status 0
2022-07-26 16:15:46,404 INFO  Executed sudo<tedge_temp>, exit status 0
2022-07-26 16:15:46,917 INFO  Executed sudo<tedge_pres>, exit status 0
2022-07-26 16:15:47,586 INFO  Executed sudo<tedge_temp>, exit status 0
2022-07-26 16:15:48,149 INFO  Executed sudo<tedge_pres>, exit status 0
2022-07-26 16:15:48,912 INFO  Executed sudo<tedge_temp>, exit status 0
2022-07-26 16:15:49,424 INFO  Executed sudo<tedge_pres>, exit status 0
2022-07-26 16:15:50,087 INFO  Executed sudo<tedge_temp>, exit status 0
2022-07-26 16:15:50,700 INFO  Executed sudo<tedge_pres>, exit status 0
2022-07-26 16:15:51,313 INFO  Executed sudo<tedge_temp>, exit status 0
2022-07-26 16:15:51,825 INFO  Executed sudo<tedge_pres>, exit status 0
2022-07-26 16:15:52,438 INFO  Executed sudo<tedge_temp>, exit status 0
2022-07-26 16:15:52,953 INFO  Executed sudo<tedge_pres>, exit status 0
2022-07-26 16:15:53,566 INFO  Executed sudo<tedge_temp>, exit status 0
2022-07-26 16:15:54,079 INFO  Executed sudo<tedge_pres>, exit status 0
2022-07-26 16:15:54,694 INFO  Executed sudo<tedge_temp>, exit status 0
2022-07-26 16:15:55,206 INFO  Executed sudo<tedge_pres>, exit status 0
2022-07-26 16:15:56,820 INFO  Executed sudo<kill_out>, exit status 0
2022-07-26 16:15:56,824 INFO  0

2022-07-26 16:15:56,825 WARN  TypeError occurred while running test - 'int' object is not subscriptable
Traceback (most recent call last):
  File "/home/pi/env-pysys/lib/python3.7/site-packages/pysys/baserunner.py", line 1296, in __call__
    self.testObj.validate()
  File "/home/pi/actions-runner/_work/thin-edge.io/thin-edge.io/tests/PySys/monitoring/monitoring_smaller_interval/run.py", line 104, in validate
    collectd_msg_validation_result=self.validate_json(),
  File "/home/pi/actions-runner/_work/thin-edge.io/thin-edge.io/tests/PySys/monitoring/monitoring_smaller_interval/run.py", line 114, in validate_json
    if not self.validate_time():
  File "/home/pi/actions-runner/_work/thin-edge.io/thin-edge.io/tests/PySys/monitoring/monitoring_smaller_interval/run.py", line 134, in validate_time
    if self.js_msg["time"]:
TypeError: 'int' object is not subscriptable
2022-07-26 16:15:56,848 WARN  TypeError: 'int' object is not subscriptable ... blocked 
2022-07-26 16:15:56,849 INFO  
2022-07-26 16:15:56,850 INFO  cleanup:
2022-07-26 16:15:56,851 INFO  monitoring_cleanup
2022-07-26 16:15:57,463 INFO  Executed sudo<collectd_mapper>, exit status 0
2022-07-26 16:15:57,468 INFO  
2022-07-26 16:15:57,469 INFO  Test duration: 15.29 secs
2022-07-26 16:15:57,470 INFO  Test final outcome:  BLOCKED
2022-07-26 16:15:57,471 INFO  Test outcome reason: TypeError: 'int' object is not subscriptable
2022-07-26 16:15:57,472 INFO  
