2022-07-20 13:06:26,539 INFO  ==============================================================
2022-07-20 13:06:26,540 INFO  Id:    tedge_mapper_c8y_alarms
2022-07-20 13:06:26,541 INFO  Dir:   tedge_mapper_c8y/
2022-07-20 13:06:26,542 INFO  Title: Validate that alarms sent to tedge/alarms topic \ gets mapped as alarms in Cumulocity
2022-07-20 13:06:26,543 INFO  ==============================================================
2022-07-20 13:06:26,551 INFO  EnvironmentC8y Setup
2022-07-20 13:06:27,119 INFO  Executed systemctl<serv_mapper1>, exit status 3
2022-07-20 13:06:40,995 INFO  Executed sudo<tedge_connect_c8y>, exit status 0, duration 13 secs
2022-07-20 13:06:41,563 INFO  Executed sudo<tedge_connect_c8y_test>, exit status 0
2022-07-20 13:06:42,026 INFO  Executed systemctl<serv_mosq2>, exit status 0
2022-07-20 13:06:42,490 INFO  Executed systemctl<serv_mapper3>, exit status 0
2022-07-20 13:06:42,904 INFO  Executed tedge, exit status 0
2022-07-20 13:06:43,317 INFO  Executed tedge, exit status 0
2022-07-20 13:06:43,780 INFO  Executed tedge, exit status 0
2022-07-20 13:06:44,246 INFO  Executed tedge, exit status 0
2022-07-20 13:06:44,658 INFO  Executed tedge, exit status 0
2022-07-20 13:06:45,881 INFO  {
    "severity": "CRITICAL",
    "creationTime": "2022-07-20T13:06:43.747Z",
    "count": 1,
    "history": {
        "auditRecords": [],
        "self": "https://t493319102.eu-latest.cumulocity.com/audit/auditRecords"
    },
    "source": {
        "name": "m32sd10b",
        "self": "https://t493319102.eu-latest.cumulocity.com/inventory/managedObjects/21082649",
        "id": "21082649"
    },
    "type": "temperature_dangerous",
    "lastUpdated": "2022-07-20T13:06:43.747Z",
    "self": "https://t493319102.eu-latest.cumulocity.com/alarm/alarms/21095203",
    "time": "2022-07-20T13:06:43.739Z",
    "id": "21095203",
    "text": "temperature is dangerously high",
    "status": "ACTIVE"
}
2022-07-20 13:06:45,883 INFO  Assert that (actual == expected) with actual="temperature_dangerous", expected="temperature_dangerous" ... passed
2022-07-20 13:06:45,885 INFO  Assert that (actual == expected) with actual="CRITICAL", expected="CRITICAL" ... passed
2022-07-20 13:06:45,886 INFO  Assert that (actual == expected) with actual="temperature is dangerously high", expected="temperature is dangerously high" ... passed
2022-07-20 13:06:45,888 INFO  {
    "severity": "MAJOR",
    "creationTime": "2022-07-20T13:06:43.311Z",
    "count": 1,
    "history": {
        "auditRecords": [],
        "self": "https://t493319102.eu-latest.cumulocity.com/audit/auditRecords"
    },
    "source": {
        "name": "m32sd10b",
        "self": "https://t493319102.eu-latest.cumulocity.com/inventory/managedObjects/21082649",
        "id": "21082649"
    },
    "type": "temperature_very_high",
    "lastUpdated": "2022-07-20T13:06:43.311Z",
    "self": "https://t493319102.eu-latest.cumulocity.com/alarm/alarms/21095201",
    "time": "2022-07-20T13:06:43.303Z",
    "id": "21095201",
    "text": "temperature is very high",
    "status": "ACTIVE"
}
2022-07-20 13:06:45,889 INFO  Assert that (actual == expected) with actual="temperature_very_high", expected="temperature_very_high" ... passed
2022-07-20 13:06:45,891 INFO  Assert that (actual == expected) with actual="MAJOR", expected="MAJOR" ... passed
2022-07-20 13:06:45,892 INFO  Assert that (actual == expected) with actual="temperature is very high", expected="temperature is very high" ... passed
2022-07-20 13:06:45,893 INFO  {
    "severity": "WARNING",
    "creationTime": "2022-07-20T13:06:42.902Z",
    "count": 1,
    "history": {
        "auditRecords": [],
        "self": "https://t493319102.eu-latest.cumulocity.com/audit/auditRecords"
    },
    "source": {
        "name": "m32sd10b",
        "self": "https://t493319102.eu-latest.cumulocity.com/inventory/managedObjects/21082649",
        "id": "21082649"
    },
    "type": "temperature_high",
    "lastUpdated": "2022-07-20T13:06:42.902Z",
    "self": "https://t493319102.eu-latest.cumulocity.com/alarm/alarms/21095199",
    "time": "2021-12-15T15:22:06.464+05:30",
    "id": "21095199",
    "text": "temperature is high",
    "status": "ACTIVE"
}
2022-07-20 13:06:45,895 INFO  Assert that (actual == expected) with actual="temperature_high", expected="temperature_high" ... passed
2022-07-20 13:06:45,896 INFO  Assert that (actual == expected) with actual="WARNING", expected="WARNING" ... passed
2022-07-20 13:06:45,898 INFO  Assert that (actual == expected) with actual="temperature is high", expected="temperature is high" ... passed
2022-07-20 13:06:45,899 INFO  Assert that (actual == expected) with actual="temperature_high", expected="temperature_high" ... passed
2022-07-20 13:06:45,906 INFO  
2022-07-20 13:06:45,907 INFO  cleanup:
2022-07-20 13:06:46,319 INFO  Executed tedge, exit status 0
2022-07-20 13:06:46,731 INFO  Executed tedge, exit status 0
2022-07-20 13:06:47,143 INFO  Executed tedge, exit status 0
2022-07-20 13:06:51,338 INFO  Executed sudo<tedge_disconnect_c8y>, exit status 0
2022-07-20 13:06:51,951 INFO  Executed systemctl<serv_mapper5>, exit status 3
2022-07-20 13:06:51,956 INFO  
2022-07-20 13:06:51,957 INFO  Test duration: 25.42 secs
2022-07-20 13:06:51,958 INFO  Test final outcome:  PASSED
2022-07-20 13:06:51,959 INFO  
