2022-05-04 08:21:44,355 INFO  ==============================================================
2022-05-04 08:21:44,356 INFO  Id:    local_mqtt_pub_sub_retain
2022-05-04 08:21:44,357 INFO  Dir:   local_mqtt/
2022-05-04 08:21:44,358 INFO  Title: Validate local publishing with retain flag
2022-05-04 08:21:44,359 INFO  ==============================================================
2022-05-04 08:21:44,826 INFO  Executed tedge<pub_to_set_alarm>, exit status 0
2022-05-04 08:21:45,237 INFO  Executed tedge<pub_to_set_alarm>, exit status 0
2022-05-04 08:21:46,246 INFO  Started tedge<temp_sensor_sub> with process id 30162
2022-05-04 08:21:46,711 INFO  Executed tedge<pub_to_clear_alarm>, exit status 0
2022-05-04 08:21:48,223 INFO  Executed sudo<kill_out>, exit status 0
2022-05-04 08:21:48,634 INFO  Executed tedge<pub_to_clear_alarm>, exit status 0
2022-05-04 08:21:48,642 INFO  Started tedge<temp_sensor_empty_message> with process id 30167
2022-05-04 08:21:50,316 INFO  Executed sudo<kill_out>, exit status 0
2022-05-04 08:21:50,327 INFO  Grep on file temp_sensor_sub.out ... passed
2022-05-04 08:21:50,335 INFO  Grep on file temp_sensor_sub.out ... passed
2022-05-04 08:21:50,341 INFO  Grep on file temp_sensor_empty_message.out ... passed
2022-05-04 08:21:50,372 INFO  
2022-05-04 08:21:50,375 INFO  Test duration: 6.02 secs
2022-05-04 08:21:50,377 INFO  Test final outcome:  PASSED
2022-05-04 08:21:50,379 INFO  
