2022-04-27 14:27:32,286 INFO  ==============================================================
2022-04-27 14:27:32,287 INFO  Id:    SoftwareManagement.sm_apt_install_remove_multiple
2022-04-27 14:27:32,288 INFO  Dir:   software_management_end_to_end/
2022-04-27 14:27:32,289 INFO  Title: Validate end to end behaviour for the apt plugin for multiple packages
2022-04-27 14:27:32,290 INFO  ==============================================================
2022-04-27 14:27:32,299 INFO  Using sw id database: {'asciijump': '5475369', 'robotfindskitten': '5474869', 'squirrel3': '5475279', 'rolldice': '5152439', 'moon-buggy': '5439204', 'apple': '5495053', 'banana': '5494888', 'cherry': '5495382', 'watermelon': '5494510', 'registry': '8018911', 'hello-world': '8021526', 'docker/getting-started': '8021973', 'alpine': '7991792'}
2022-04-27 14:27:32,300 INFO  EnvironmentC8y Setup
2022-04-27 14:27:33,063 INFO  Executed systemctl<serv_mapper1>, exit status 3
2022-04-27 14:27:33,169 INFO  Restarting mosquitto too frequently in the last 10 seconds. It was only up for 5 seconds
2022-04-27 14:27:33,170 INFO  Delaying execution by 6 seconds
2022-04-27 14:27:52,985 INFO  Executed sudo<tedge_connect_c8y>, exit status 0, duration 13 secs
2022-04-27 14:27:53,655 INFO  Executed sudo<tedge_connect_c8y_test>, exit status 0
2022-04-27 14:27:54,119 INFO  Executed systemctl<serv_mosq2>, exit status 0
2022-04-27 14:27:54,582 INFO  Executed systemctl<serv_mapper3>, exit status 0
2022-04-27 14:27:56,800 INFO  State of current operation: PENDING
2022-04-27 14:27:59,017 INFO  State of current operation: PENDING
2022-04-27 14:28:01,230 INFO  State of current operation: PENDING
2022-04-27 14:28:03,451 INFO  State of current operation: PENDING
2022-04-27 14:28:05,665 INFO  State of current operation: PENDING
2022-04-27 14:28:07,880 INFO  State of current operation: PENDING
2022-04-27 14:28:10,098 INFO  State of current operation: PENDING
2022-04-27 14:28:12,318 INFO  State of current operation: PENDING
2022-04-27 14:28:14,537 INFO  State of current operation: PENDING
2022-04-27 14:28:16,752 INFO  State of current operation: PENDING
2022-04-27 14:28:18,972 INFO  State of current operation: PENDING
2022-04-27 14:28:21,191 INFO  State of current operation: PENDING
2022-04-27 14:28:23,412 INFO  State of current operation: PENDING
2022-04-27 14:28:25,632 INFO  State of current operation: PENDING
2022-04-27 14:28:27,857 INFO  State of current operation: PENDING
2022-04-27 14:28:30,078 INFO  State of current operation: PENDING
2022-04-27 14:28:32,296 INFO  State of current operation: PENDING
2022-04-27 14:28:34,516 INFO  State of current operation: PENDING
2022-04-27 14:28:36,733 INFO  State of current operation: PENDING
2022-04-27 14:28:38,951 INFO  State of current operation: PENDING
2022-04-27 14:28:41,169 INFO  State of current operation: PENDING
2022-04-27 14:28:43,385 INFO  State of current operation: PENDING
2022-04-27 14:28:45,605 INFO  State of current operation: PENDING
2022-04-27 14:28:47,862 INFO  State of current operation: PENDING
2022-04-27 14:28:50,076 INFO  State of current operation: PENDING
2022-04-27 14:28:52,296 INFO  State of current operation: PENDING
2022-04-27 14:28:54,513 INFO  State of current operation: PENDING
2022-04-27 14:28:56,730 INFO  State of current operation: PENDING
2022-04-27 14:28:58,946 INFO  State of current operation: PENDING
2022-04-27 14:29:01,168 INFO  State of current operation: PENDING
2022-04-27 14:29:03,382 INFO  State of current operation: PENDING
2022-04-27 14:29:05,599 INFO  State of current operation: PENDING
2022-04-27 14:29:07,814 INFO  State of current operation: PENDING
2022-04-27 14:29:10,028 INFO  State of current operation: PENDING
2022-04-27 14:29:12,247 INFO  State of current operation: PENDING
2022-04-27 14:29:14,466 INFO  State of current operation: PENDING
2022-04-27 14:29:16,682 INFO  State of current operation: PENDING
2022-04-27 14:29:18,901 INFO  State of current operation: PENDING
2022-04-27 14:29:21,121 INFO  State of current operation: PENDING
2022-04-27 14:29:23,339 INFO  State of current operation: PENDING
2022-04-27 14:29:25,558 INFO  State of current operation: PENDING
2022-04-27 14:29:27,775 INFO  State of current operation: PENDING
2022-04-27 14:29:29,996 INFO  State of current operation: PENDING
2022-04-27 14:29:32,215 INFO  State of current operation: PENDING
2022-04-27 14:29:34,428 INFO  State of current operation: PENDING
2022-04-27 14:29:36,647 INFO  State of current operation: PENDING
2022-04-27 14:29:38,865 INFO  State of current operation: PENDING
2022-04-27 14:29:41,080 INFO  State of current operation: PENDING
2022-04-27 14:29:43,304 INFO  State of current operation: PENDING
2022-04-27 14:29:45,521 INFO  State of current operation: PENDING
2022-04-27 14:29:47,746 INFO  State of current operation: PENDING
2022-04-27 14:29:49,966 INFO  State of current operation: PENDING
2022-04-27 14:29:52,180 INFO  State of current operation: PENDING
2022-04-27 14:29:54,398 INFO  State of current operation: PENDING
2022-04-27 14:29:56,618 INFO  State of current operation: PENDING
2022-04-27 14:29:58,838 INFO  State of current operation: PENDING
2022-04-27 14:30:01,059 INFO  State of current operation: PENDING
2022-04-27 14:30:03,276 INFO  State of current operation: PENDING
2022-04-27 14:30:05,496 INFO  State of current operation: PENDING
2022-04-27 14:30:07,716 INFO  State of current operation: PENDING
2022-04-27 14:30:09,949 INFO  State of current operation: PENDING
2022-04-27 14:30:11,955 WARN  SystemError occurred while running test - Timeout while waiting for status FAILED or SUCCESSFUL
Traceback (most recent call last):
  File "/home/pi/env-pysys/lib/python3.7/site-packages/pysys/baserunner.py", line 1292, in __call__
    self.testObj.setup()
  File "/home/pi/actions-runner/_work/thin-edge.io/thin-edge.io/tests/PySys/software_management_end_to_end/sm_apt_install_remove_multiple/run.py", line 52, in setup
    super().setup()
  File "/home/pi/actions-runner/_work/thin-edge.io/thin-edge.io/tests/PySys/software_management_end_to_end/environment_sm_management.py", line 151, in setup
    self.wait_until_end()
  File "/home/pi/actions-runner/_work/thin-edge.io/thin-edge.io/tests/PySys/software_management_end_to_end/environment_sm_management.py", line 332, in wait_until_end
    self.wait_until_status("FAILED", "SUCCESSFUL")
  File "/home/pi/actions-runner/_work/thin-edge.io/thin-edge.io/tests/PySys/software_management_end_to_end/environment_sm_management.py", line 381, in wait_until_status
    "Timeout while waiting for status %s or %s" % (status, status2)
SystemError: Timeout while waiting for status FAILED or SUCCESSFUL
2022-04-27 14:30:11,982 WARN  SystemError: Timeout while waiting for status FAILED or SUCCESSFUL ... blocked 
2022-04-27 14:30:11,984 INFO  
2022-04-27 14:30:11,984 INFO  cleanup:
2022-04-27 14:30:15,999 INFO  Executed sudo<tedge_disconnect_c8y>, exit status 0
2022-04-27 14:30:16,569 INFO  Executed systemctl<serv_mapper5>, exit status 3
2022-04-27 14:30:16,573 INFO  
2022-04-27 14:30:16,574 INFO  Test duration: 164.30 secs
2022-04-27 14:30:16,575 INFO  Test final outcome:  BLOCKED
2022-04-27 14:30:16,576 INFO  Test outcome reason: SystemError: Timeout while waiting for status FAILED or SUCCESSFUL
2022-04-27 14:30:16,577 INFO  
