2022-04-27 11:06:08,824 INFO  ==============================================================
2022-04-27 11:06:08,825 INFO  Id:    SoftwareManagement.Plugin.apama_plugin_remove
2022-04-27 11:06:08,827 INFO  Dir:   plugin_apama/
2022-04-27 11:06:08,827 INFO  Title: Validate apama plugin remove
2022-04-27 11:06:08,828 INFO  ==============================================================
2022-04-27 11:06:08,880 WARN  Assertion that path exists=False for "/etc/tedge/apama/project" ... failed 
2022-04-27 11:06:08,881 WARN  Aborted test due to FAILED outcome
2022-04-27 11:06:08,885 INFO  
2022-04-27 11:06:08,886 INFO  cleanup:
2022-04-27 11:06:08,887 INFO  Removing apama project
2022-04-27 11:06:09,398 WARN  Executed sudo<remove_apama_project>, exit status 1
2022-04-27 11:06:09,403 INFO  Contents of remove_apama_project.err: 
2022-04-27 11:06:09,404 INFO    rm: cannot remove '/etc/tedge/apama/project/logs/.nfs00000000000e1226000031b0': Device or resource busy
2022-04-27 11:06:09,404 INFO    -----
2022-04-27 11:06:09,405 INFO  
2022-04-27 11:06:09,435 ERROR Error while running cleanup function: 
Traceback (most recent call last):
  File "/home/pi/env-pysys/lib/python3.7/site-packages/pysys/process/user.py", line 1305, in cleanup
    fn()
  File "/home/pi/actions-runner/_work/thin-edge.io/thin-edge.io/tests/PySys/plugin_apama/environment_apama_plugin.py", line 144, in cleanup_project
    self.remove_project()
  File "/home/pi/actions-runner/_work/thin-edge.io/thin-edge.io/tests/PySys/plugin_apama/environment_apama_plugin.py", line 95, in remove_project
    stdouterr="remove_apama_project",
  File "/home/pi/env-pysys/lib/python3.7/site-packages/pysys/process/user.py", line 482, in startProcess
    abortOnError=abortOnError)
  File "/home/pi/env-pysys/lib/python3.7/site-packages/pysys/process/user.py", line 1401, in addOutcome
    self.abort(outcome, outcomeReason, callRecord)
  File "/home/pi/env-pysys/lib/python3.7/site-packages/pysys/process/user.py", line 1420, in abort
    raise AbortExecution(outcome, outcomeReason, callRecord)
pysys.exceptions.AbortExecution: sudo<remove_apama_project> returned non-zero exit code 1
2022-04-27 11:06:09,448 WARN  Cleanup failed with 1 errors: Cleanup function failed: sudo<remove_apama_project> returned non-zero exit code 1 (AbortExecution) ... blocked 
2022-04-27 11:06:09,451 INFO  
2022-04-27 11:06:09,452 INFO  Test duration: 0.63 secs
2022-04-27 11:06:09,453 INFO  Test final outcome:  BLOCKED
2022-04-27 11:06:09,454 INFO  Test outcome reason: sudo<remove_apama_project> returned non-zero exit code 1 (+2 other failures)
2022-04-27 11:06:09,455 INFO  
