2022-06-10 10:16:05,428 INFO  ==============================================================
2022-06-10 10:16:05,429 INFO  Id:    SoftwareManagement.sm_apt_install_remove
2022-06-10 10:16:05,430 INFO  Dir:   software_management_end_to_end/
2022-06-10 10:16:05,431 INFO  Title: Validate end to end behaviour for the apt plugin for installation and removal of packages
2022-06-10 10:16:05,432 INFO  ==============================================================
2022-06-10 10:16:05,449 INFO  Using sw id database: {'asciijump': '5475369', 'robotfindskitten': '5474869', 'squirrel3': '5475279', 'rolldice': '5152439', 'moon-buggy': '5439204', 'apple': '5495053', 'banana': '5494888', 'cherry': '5495382', 'watermelon': '5494510', 'registry': '8018911', 'hello-world': '8021526', 'docker/getting-started': '8021973', 'alpine': '7991792'}
2022-06-10 10:16:05,450 INFO  EnvironmentC8y Setup
2022-06-10 10:16:06,012 INFO  Executed systemctl<serv_mapper1>, exit status 3
2022-06-10 10:16:06,114 INFO  Restarting mosquitto too frequently in the last 10 seconds. It was only up for 4 seconds
2022-06-10 10:16:06,115 INFO  Delaying execution by 7 seconds
2022-06-10 10:16:27,042 INFO  Executed sudo<tedge_connect_c8y>, exit status 0, duration 13 secs
2022-06-10 10:16:27,610 INFO  Executed sudo<tedge_connect_c8y_test>, exit status 0
2022-06-10 10:16:28,124 INFO  Executed systemctl<serv_mosq2>, exit status 0
2022-06-10 10:16:28,587 INFO  Executed systemctl<serv_mapper3>, exit status 0
2022-06-10 10:16:30,821 INFO  State of current operation: FAILED
2022-06-10 10:16:31,299 INFO  Assert that (False == value) with value=False ... passed
2022-06-10 10:16:31,527 INFO  Response status: 201
2022-06-10 10:16:31,528 INFO  Response to action: {
    "creationTime": "2022-06-10T10:16:31.477Z",
    "deviceId": "20113554",
    "deviceName": "m32sd10c",
    "self": "https://t493319102.eu-latest.cumulocity.com/devicecontrol/operations/20124192",
    "id": "20124192",
    "status": "PENDING",
    "description": "Apply software changes, triggered from PySys: [{'name': 'rolldice', 'id': '5152439', 'version': '::apt', 'url': '', 'action': 'install'}]",
    "c8y_SoftwareUpdate": [
        {
            "name": "rolldice",
            "action": "install",
            "id": "5152439",
            "version": "::apt",
            "url": ""
        }
    ]
}
2022-06-10 10:16:31,529 INFO  Started operation: {'creationTime': '2022-06-10T10:16:31.477Z', 'deviceId': '20113554', 'deviceName': 'm32sd10c', 'self': 'https://t493319102.eu-latest.cumulocity.com/devicecontrol/operations/20124192', 'id': '20124192', 'status': 'PENDING', 'description': "Apply software changes, triggered from PySys: [{'name': 'rolldice', 'id': '5152439', 'version': '::apt', 'url': '', 'action': 'install'}]", 'c8y_SoftwareUpdate': [{'name': 'rolldice', 'action': 'install', 'id': '5152439', 'version': '::apt', 'url': ''}]}
2022-06-10 10:16:33,754 INFO  State of operation 20124192 : PENDING
2022-06-10 10:16:36,004 INFO  State of operation 20124192 : EXECUTING
2022-06-10 10:16:38,223 INFO  State of operation 20124192 : EXECUTING
2022-06-10 10:16:40,446 INFO  State of operation 20124192 : EXECUTING
2022-06-10 10:16:42,659 INFO  State of operation 20124192 : EXECUTING
2022-06-10 10:16:44,882 INFO  State of operation 20124192 : EXECUTING
2022-06-10 10:16:47,572 INFO  State of operation 20124192 : EXECUTING
2022-06-10 10:16:50,278 INFO  State of operation 20124192 : EXECUTING
2022-06-10 10:16:52,746 INFO  State of operation 20124192 : EXECUTING
2022-06-10 10:16:55,138 INFO  State of operation 20124192 : EXECUTING
2022-06-10 10:16:57,361 INFO  State of operation 20124192 : EXECUTING
2022-06-10 10:16:59,576 INFO  State of operation 20124192 : EXECUTING
2022-06-10 10:17:01,805 INFO  State of operation 20124192 : EXECUTING
2022-06-10 10:17:04,030 INFO  State of operation 20124192 : EXECUTING
2022-06-10 10:17:06,247 INFO  State of operation 20124192 : EXECUTING
2022-06-10 10:17:08,579 INFO  State of operation 20124192 : EXECUTING
2022-06-10 10:17:11,003 INFO  State of operation 20124192 : EXECUTING
2022-06-10 10:17:14,053 INFO  State of operation 20124192 : EXECUTING
2022-06-10 10:17:16,310 INFO  State of operation 20124192 : EXECUTING
2022-06-10 10:17:18,525 INFO  State of operation 20124192 : EXECUTING
2022-06-10 10:17:20,899 INFO  State of operation 20124192 : EXECUTING
2022-06-10 10:17:23,697 INFO  State of operation 20124192 : EXECUTING
2022-06-10 10:17:26,035 INFO  State of operation 20124192 : EXECUTING
2022-06-10 10:17:28,248 INFO  State of operation 20124192 : EXECUTING
2022-06-10 10:17:30,823 INFO  State of operation 20124192 : EXECUTING
2022-06-10 10:17:33,100 INFO  State of operation 20124192 : EXECUTING
2022-06-10 10:17:35,938 INFO  State of operation 20124192 : EXECUTING
2022-06-10 10:17:38,351 INFO  State of operation 20124192 : EXECUTING
2022-06-10 10:17:41,136 INFO  State of operation 20124192 : EXECUTING
2022-06-10 10:17:43,359 INFO  State of operation 20124192 : EXECUTING
2022-06-10 10:17:45,795 INFO  State of operation 20124192 : EXECUTING
2022-06-10 10:17:48,011 INFO  State of operation 20124192 : EXECUTING
2022-06-10 10:17:50,228 INFO  State of operation 20124192 : EXECUTING
2022-06-10 10:17:52,462 INFO  State of operation 20124192 : EXECUTING
2022-06-10 10:17:54,678 INFO  State of operation 20124192 : SUCCESSFUL
2022-06-10 10:17:54,894 INFO  Package rolldice is installed
2022-06-10 10:17:54,897 INFO  Assert that (True == value) with value=True ... passed
2022-06-10 10:17:55,213 INFO  Response status: 201
2022-06-10 10:17:55,214 INFO  Response to action: {
    "creationTime": "2022-06-10T10:17:55.157Z",
    "deviceId": "20113554",
    "deviceName": "m32sd10c",
    "self": "https://t493319102.eu-latest.cumulocity.com/devicecontrol/operations/20124217",
    "id": "20124217",
    "status": "PENDING",
    "description": "Apply software changes, triggered from PySys: [{'name': 'rolldice', 'id': '5152439', 'version': '::apt', 'url': '', 'action': 'delete'}]",
    "c8y_SoftwareUpdate": [
        {
            "name": "rolldice",
            "action": "delete",
            "id": "5152439",
            "version": "::apt",
            "url": ""
        }
    ]
}
2022-06-10 10:17:55,215 INFO  Started operation: {'creationTime': '2022-06-10T10:17:55.157Z', 'deviceId': '20113554', 'deviceName': 'm32sd10c', 'self': 'https://t493319102.eu-latest.cumulocity.com/devicecontrol/operations/20124217', 'id': '20124217', 'status': 'PENDING', 'description': "Apply software changes, triggered from PySys: [{'name': 'rolldice', 'id': '5152439', 'version': '::apt', 'url': '', 'action': 'delete'}]", 'c8y_SoftwareUpdate': [{'name': 'rolldice', 'action': 'delete', 'id': '5152439', 'version': '::apt', 'url': ''}]}
2022-06-10 10:17:57,440 INFO  State of operation 20124217 : PENDING
2022-06-10 10:17:59,658 INFO  State of operation 20124217 : EXECUTING
2022-06-10 10:18:01,893 INFO  State of operation 20124217 : EXECUTING
2022-06-10 10:18:04,109 INFO  State of operation 20124217 : EXECUTING
2022-06-10 10:18:06,327 INFO  State of operation 20124217 : EXECUTING
2022-06-10 10:18:08,536 INFO  State of operation 20124217 : EXECUTING
2022-06-10 10:18:11,184 INFO  State of operation 20124217 : EXECUTING
2022-06-10 10:18:13,539 INFO  State of operation 20124217 : EXECUTING
2022-06-10 10:18:16,334 INFO  State of operation 20124217 : EXECUTING
2022-06-10 10:18:18,825 INFO  State of operation 20124217 : EXECUTING
2022-06-10 10:18:21,092 INFO  State of operation 20124217 : EXECUTING
2022-06-10 10:18:23,320 INFO  State of operation 20124217 : EXECUTING
2022-06-10 10:18:25,543 INFO  State of operation 20124217 : EXECUTING
2022-06-10 10:18:27,755 INFO  State of operation 20124217 : EXECUTING
2022-06-10 10:18:30,350 INFO  State of operation 20124217 : EXECUTING
2022-06-10 10:18:32,600 INFO  State of operation 20124217 : EXECUTING
2022-06-10 10:18:35,318 INFO  State of operation 20124217 : EXECUTING
2022-06-10 10:18:37,818 INFO  State of operation 20124217 : EXECUTING
2022-06-10 10:18:40,067 INFO  State of operation 20124217 : EXECUTING
2022-06-10 10:18:42,293 INFO  State of operation 20124217 : EXECUTING
2022-06-10 10:18:44,528 INFO  State of operation 20124217 : EXECUTING
2022-06-10 10:18:46,757 INFO  State of operation 20124217 : SUCCESSFUL
2022-06-10 10:18:47,008 INFO  Assert that (False == value) with value=False ... passed
2022-06-10 10:18:47,019 INFO  
2022-06-10 10:18:47,020 INFO  cleanup:
2022-06-10 10:18:51,358 INFO  Executed sudo<tedge_disconnect_c8y>, exit status 0
2022-06-10 10:18:52,022 INFO  Executed systemctl<serv_mapper5>, exit status 3
2022-06-10 10:18:52,026 INFO  
2022-06-10 10:18:52,027 INFO  Test duration: 166.61 secs
2022-06-10 10:18:52,028 INFO  Test final outcome:  PASSED
2022-06-10 10:18:52,029 INFO  
