2022-06-10 13:32:02,320 INFO  ==============================================================
2022-06-10 13:32:02,321 INFO  Id:    apt_update_list
2022-06-10 13:32:02,322 INFO  Dir:   plugin_apt/
2022-06-10 13:32:02,323 INFO  Title: Validate apt plugin update-list command use case
2022-06-10 13:32:02,323 INFO  ==============================================================
2022-06-10 13:32:09,642 INFO  Executed sudo, exit status 0
2022-06-10 13:32:49,635 INFO  Executed sudo, exit status 0, duration 39 secs
2022-06-10 13:33:06,558 INFO  Executed sudo, exit status 0, duration 16 secs
2022-06-10 13:33:12,006 INFO  Executed sudo<outp_check_0>, exit status 0
2022-06-10 13:33:12,008 INFO  Assert that (value==0) with value=0 ... passed
2022-06-10 13:33:12,014 INFO  Grep on file outp_check_0.out ... passed
2022-06-10 13:33:14,570 INFO  Executed sudo<outp_check_1>, exit status 0
2022-06-10 13:33:14,573 INFO  Assert that (value==0) with value=0 ... passed
2022-06-10 13:33:14,578 INFO  Grep on file outp_check_1.out ... passed
2022-06-10 13:33:17,141 INFO  Executed sudo<outp_check_2>, exit status 0
2022-06-10 13:33:17,143 INFO  Assert that (value==0) with value=0 ... passed
2022-06-10 13:33:17,150 INFO  Grep on file outp_check_2.out ... passed
2022-06-10 13:34:05,848 INFO  Executed sudo<outp_check_3>, exit status 0
2022-06-10 13:34:05,871 INFO  Assert that (value==0) with value=0 ... passed
2022-06-10 13:34:05,876 INFO  Grep on file outp_check_3.out ... passed
2022-06-10 13:34:08,451 INFO  Executed sudo<outp_check_4>, exit status 0
2022-06-10 13:34:08,454 INFO  Assert that (value==0) with value=0 ... passed
2022-06-10 13:34:08,461 INFO  Grep on file outp_check_4.out ... passed
2022-06-10 13:34:11,084 INFO  Executed sudo<outp_check_5>, exit status 0
2022-06-10 13:34:11,086 INFO  Assert that (value==0) with value=0 ... passed
2022-06-10 13:34:11,092 INFO  Grep on file outp_check_5.out ... passed
2022-06-10 13:34:11,098 INFO  
2022-06-10 13:34:11,099 INFO  cleanup:
2022-06-10 13:34:24,490 INFO  Executed sudo, exit status 0, duration 13 secs
2022-06-10 13:34:31,849 INFO  Executed sudo, exit status 0
2022-06-10 13:34:45,901 INFO  Executed sudo, exit status 0, duration 14 secs
2022-06-10 13:34:45,905 INFO  
2022-06-10 13:34:45,906 INFO  Test duration: 163.59 secs
2022-06-10 13:34:45,907 INFO  Test final outcome:  PASSED
2022-06-10 13:34:45,908 INFO  
