2022-06-08 13:19:14,420 INFO  ==============================================================
2022-06-08 13:19:14,421 INFO  Id:    apt_install_local_file_with_version
2022-06-08 13:19:14,422 INFO  Dir:   plugin_apt/
2022-06-08 13:19:14,423 INFO  Title: Validate apt plugin install from local file AND with a version - SUCCESS case
2022-06-08 13:19:14,423 INFO  ==============================================================
2022-06-08 13:19:16,430 INFO  URL of rolldice is b"'http://mirror.mythic-beasts.com/raspbian/pool/main/r/rolldice/rolldice_1.16-1+b1_armhf.deb'"
2022-06-08 13:19:18,506 INFO  Downloaded rolldcice in version 1.16-1+b1
2022-06-08 13:19:18,508 INFO  Filename is rolldice_1.16-1+b1_armhf.deb
2022-06-08 13:19:23,091 INFO  Executed sudo, exit status 0
2022-06-08 13:19:25,665 INFO  Executed sudo<outp_check_0>, exit status 0
2022-06-08 13:19:25,667 INFO  Assert that (value==0) with value=0 ... passed
2022-06-08 13:19:25,673 INFO  Grep on file outp_check_0.out ... passed
2022-06-08 13:20:05,144 INFO  Executed sudo<outp_install>, exit status 0, duration 39 secs
2022-06-08 13:20:05,147 INFO  Assert that (value==0) with value=0 ... passed
2022-06-08 13:20:10,513 INFO  Executed sudo<outp_check_1>, exit status 0
2022-06-08 13:20:10,515 INFO  Assert that (value==0) with value=0 ... passed
2022-06-08 13:20:10,521 INFO  Grep on file outp_check_1.out ... passed
2022-06-08 13:20:10,526 INFO  
2022-06-08 13:20:10,527 INFO  cleanup:
2022-06-08 13:20:10,531 INFO  
2022-06-08 13:20:10,532 INFO  Test duration: 56.12 secs
2022-06-08 13:20:10,533 INFO  Test final outcome:  PASSED
2022-06-08 13:20:10,534 INFO  
