2022-06-29 17:50:28,956 INFO  ==============================================================
2022-06-29 17:50:28,957 INFO  Id:    docker_plugin_remove_with_version
2022-06-29 17:50:28,958 INFO  Dir:   plugin_docker/
2022-06-29 17:50:28,959 INFO  Title: Validate docker plugin remove with version
2022-06-29 17:50:28,960 INFO  ==============================================================
2022-06-29 17:50:29,778 INFO  Executed sudo<docker_images>, exit status 0
2022-06-29 17:50:29,783 INFO  Grep on file /home/pi/actions-runner/_work/thin-edge.io/thin-edge.io/tests/PySys/plugin_docker/docker_plugin_remove_with_version/Output/linux/docker_images.out ... passed
2022-06-29 17:50:52,866 INFO  Executed sudo<docker_run>, exit status 0, duration 23 secs
2022-06-29 17:50:53,692 INFO  Executed sudo<docker_ps>, exit status 0
2022-06-29 17:50:53,697 INFO  Grep on file /home/pi/actions-runner/_work/thin-edge.io/thin-edge.io/tests/PySys/plugin_docker/docker_plugin_remove_with_version/Output/linux/docker_ps.out ... passed
2022-06-29 17:50:57,331 INFO  Executed sudo<plugin_remove>, exit status 0
2022-06-29 17:50:58,094 INFO  Executed sudo<docker_ps_latest>, exit status 0
2022-06-29 17:50:58,898 INFO  Executed sudo<docker_ps>, exit status 0
2022-06-29 17:50:58,902 INFO  Grep on file /home/pi/actions-runner/_work/thin-edge.io/thin-edge.io/tests/PySys/plugin_docker/docker_plugin_remove_with_version/Output/linux/docker_ps.out ... passed
2022-06-29 17:50:58,908 INFO  
2022-06-29 17:50:58,909 INFO  cleanup:
2022-06-29 17:50:58,910 INFO  Removing containers scheduled to be cleaned up: ['00fbfca0c402', '79281b9eb611', '8dffcac440830d2863822cfccf954b28ef18e724beae1291b88effcaea3c593b\n', 'a30146f5484ae382c080dcca4291627435caa05df882f31688a6e38a88e0720d\n']
2022-06-29 17:50:59,796 WARN  Executed sudo<containers_for_cleanup>, exit status 1
2022-06-29 17:50:59,798 INFO  Removing images scheduled to be cleaned up: ['registry', 'registry', 'registry:2.7.1', 'registry', 'registry:2.7.1']
2022-06-29 17:51:03,581 INFO  Executed sudo<containers_for_cleanup>, exit status 0
2022-06-29 17:51:03,585 INFO  
2022-06-29 17:51:03,586 INFO  Test duration: 34.64 secs
2022-06-29 17:51:03,587 INFO  Test final outcome:  PASSED
2022-06-29 17:51:03,588 INFO  
