2022-07-21 19:05:23,402 INFO  ==============================================================
2022-07-21 19:05:23,403 INFO  Id:    docker_plugin_install_with_version
2022-07-21 19:05:23,404 INFO  Dir:   plugin_docker/
2022-07-21 19:05:23,405 INFO  Title: Validate docker plugin install
2022-07-21 19:05:23,405 INFO  ==============================================================
2022-07-21 19:05:24,239 INFO  Executed sudo<docker_images>, exit status 0
2022-07-21 19:05:24,244 INFO  Grep on file /home/pi/actions-runner/_work/thin-edge.io/thin-edge.io/tests/PySys/plugin_docker/docker_plugin_install_with_version/Output/linux/docker_images.out ... passed
2022-07-21 19:05:47,710 INFO  Executed sudo<plugin_install>, exit status 0, duration 23 secs
2022-07-21 19:05:48,528 INFO  Executed sudo<docker_ps_latest>, exit status 0
2022-07-21 19:05:49,305 INFO  Executed sudo<docker_ps>, exit status 0
2022-07-21 19:05:49,312 INFO  Grep on file /home/pi/actions-runner/_work/thin-edge.io/thin-edge.io/tests/PySys/plugin_docker/docker_plugin_install_with_version/Output/linux/docker_ps.out ... passed
2022-07-21 19:05:49,318 INFO  
2022-07-21 19:05:49,319 INFO  cleanup:
2022-07-21 19:05:49,319 INFO  Removing containers scheduled to be cleaned up: ['91f3916b0307', '3a007f4d612b']
2022-07-21 19:05:52,193 WARN  Executed sudo<containers_for_cleanup>, exit status 1
2022-07-21 19:05:52,196 INFO  Removing images scheduled to be cleaned up: ['registry', 'registry', 'registry:2.7.1']
2022-07-21 19:05:55,974 INFO  Executed sudo<containers_for_cleanup>, exit status 0
2022-07-21 19:05:55,978 INFO  
2022-07-21 19:05:55,979 INFO  Test duration: 32.58 secs
2022-07-21 19:05:55,980 INFO  Test final outcome:  PASSED
2022-07-21 19:05:55,981 INFO  
