2022-05-03 15:06:25,982 INFO  ==============================================================
2022-05-03 15:06:25,983 INFO  Id:    SoftwareManagement.sm_mixed_install_remove_multiple
2022-05-03 15:06:25,984 INFO  Dir:   software_management_end_to_end/
2022-05-03 15:06:25,985 INFO  Title: Validate end to end behaviour for the dummy-plugin for multiple packages with mixed versions
2022-05-03 15:06:25,985 INFO  ==============================================================
2022-05-03 15:06:25,996 INFO  Using sw id database: {'asciijump': '5475369', 'robotfindskitten': '5474869', 'squirrel3': '5475279', 'rolldice': '5152439', 'moon-buggy': '5439204', 'apple': '5495053', 'banana': '5494888', 'cherry': '5495382', 'watermelon': '5494510', 'registry': '8018911', 'hello-world': '8021526', 'docker/getting-started': '8021973', 'alpine': '7991792'}
2022-05-03 15:06:25,997 INFO  EnvironmentC8y Setup
2022-05-03 15:06:26,559 INFO  Executed systemctl<serv_mapper1>, exit status 3
2022-05-03 15:06:26,667 INFO  Restarting mosquitto too frequently in the last 10 seconds. It was only up for 4 seconds
2022-05-03 15:06:26,668 INFO  Delaying execution by 7 seconds
2022-05-03 15:06:47,409 INFO  Executed sudo<tedge_connect_c8y>, exit status 0, duration 13 secs
2022-05-03 15:06:48,039 INFO  Executed sudo<tedge_connect_c8y_test>, exit status 0
2022-05-03 15:06:48,503 INFO  Executed systemctl<serv_mosq2>, exit status 0
2022-05-03 15:06:48,967 INFO  Executed systemctl<serv_mapper3>, exit status 0
2022-05-03 15:06:51,190 INFO  State of current operation: SUCCESSFUL
2022-05-03 15:06:51,430 INFO  Package apple is installed
2022-05-03 15:06:51,432 INFO  Assert that (True == value) with value=True ... passed
2022-05-03 15:06:51,673 INFO  Package banana is installed
2022-05-03 15:06:51,675 INFO  Assert that (True == value) with value=True ... passed
2022-05-03 15:06:51,918 INFO  Package cherry is installed
2022-05-03 15:06:51,921 INFO  Assert that (True == value) with value=True ... passed
2022-05-03 15:06:52,151 INFO  Package asciijump is installed
2022-05-03 15:06:52,185 WARN  Assert that (False == value) with value=True ... failed 
2022-05-03 15:06:52,419 INFO  Assert that (False == value) with value=False ... passed
2022-05-03 15:06:52,641 INFO  Response status: 201
2022-05-03 15:06:52,643 INFO  Response to action: {
    "creationTime": "2022-05-03T15:06:52.599Z",
    "deviceName": "m32sd10c",
    "deviceId": "18294268",
    "self": "https://t493319102.eu-latest.cumulocity.com/devicecontrol/operations/18313887",
    "id": "18313887",
    "status": "PENDING",
    "description": "Apply software changes, triggered from PySys: [{'action': 'install', 'id': '5495053', 'name': 'apple', 'url': ' ', 'version': '::fruits'}, {'action': 'install', 'id': '5494888', 'name': 'banana', 'url': ' ', 'version': '::fruits'}, {'action': 'install', 'id': '5475369', 'name': 'asciijump', 'url': ' ', 'version': '::apt'}, {'action': 'install', 'id': '5495382', 'name': 'cherry', 'url': ' ', 'version': '::fruits'}, {'action': 'install', 'id': '8018911', 'name': 'registry', 'url': ' ', 'version': '::docker'}]",
    "c8y_SoftwareUpdate": [
        {
            "name": "apple",
            "action": "install",
            "id": "5495053",
            "version": "::fruits",
            "url": " "
        },
        {
            "name": "banana",
            "action": "install",
            "id": "5494888",
            "version": "::fruits",
            "url": " "
        },
        {
            "name": "asciijump",
            "action": "install",
            "id": "5475369",
            "version": "::apt",
            "url": " "
        },
        {
            "name": "cherry",
            "action": "install",
            "id": "5495382",
            "version": "::fruits",
            "url": " "
        },
        {
            "name": "registry",
            "action": "install",
            "id": "8018911",
            "version": "::docker",
            "url": " "
        }
    ]
}
2022-05-03 15:06:52,644 INFO  Started operation: {'creationTime': '2022-05-03T15:06:52.599Z', 'deviceName': 'm32sd10c', 'deviceId': '18294268', 'self': 'https://t493319102.eu-latest.cumulocity.com/devicecontrol/operations/18313887', 'id': '18313887', 'status': 'PENDING', 'description': "Apply software changes, triggered from PySys: [{'action': 'install', 'id': '5495053', 'name': 'apple', 'url': ' ', 'version': '::fruits'}, {'action': 'install', 'id': '5494888', 'name': 'banana', 'url': ' ', 'version': '::fruits'}, {'action': 'install', 'id': '5475369', 'name': 'asciijump', 'url': ' ', 'version': '::apt'}, {'action': 'install', 'id': '5495382', 'name': 'cherry', 'url': ' ', 'version': '::fruits'}, {'action': 'install', 'id': '8018911', 'name': 'registry', 'url': ' ', 'version': '::docker'}]", 'c8y_SoftwareUpdate': [{'name': 'apple', 'action': 'install', 'id': '5495053', 'version': '::fruits', 'url': ' '}, {'name': 'banana', 'action': 'install', 'id': '5494888', 'version': '::fruits', 'url': ' '}, {'name': 'asciijump', 'action': 'install', 'id': '5475369', 'version': '::apt', 'url': ' '}, {'name': 'cherry', 'action': 'install', 'id': '5495382', 'version': '::fruits', 'url': ' '}, {'name': 'registry', 'action': 'install', 'id': '8018911', 'version': '::docker', 'url': ' '}]}
2022-05-03 15:06:54,853 INFO  State of operation 18313887 : PENDING
2022-05-03 15:06:57,078 INFO  State of operation 18313887 : EXECUTING
2022-05-03 15:06:59,299 INFO  State of operation 18313887 : EXECUTING
2022-05-03 15:07:01,515 INFO  State of operation 18313887 : EXECUTING
2022-05-03 15:07:03,731 INFO  State of operation 18313887 : EXECUTING
2022-05-03 15:07:05,959 INFO  State of operation 18313887 : EXECUTING
2022-05-03 15:07:08,780 INFO  State of operation 18313887 : EXECUTING
2022-05-03 15:07:11,435 INFO  State of operation 18313887 : EXECUTING
2022-05-03 15:07:13,913 INFO  State of operation 18313887 : EXECUTING
2022-05-03 15:07:16,249 INFO  State of operation 18313887 : EXECUTING
2022-05-03 15:07:18,462 INFO  State of operation 18313887 : EXECUTING
2022-05-03 15:07:20,682 INFO  State of operation 18313887 : EXECUTING
2022-05-03 15:07:22,897 INFO  State of operation 18313887 : EXECUTING
2022-05-03 15:07:25,147 INFO  State of operation 18313887 : EXECUTING
2022-05-03 15:07:27,357 INFO  State of operation 18313887 : EXECUTING
2022-05-03 15:07:29,581 INFO  State of operation 18313887 : EXECUTING
2022-05-03 15:07:31,803 INFO  State of operation 18313887 : EXECUTING
2022-05-03 15:07:34,054 INFO  State of operation 18313887 : EXECUTING
2022-05-03 15:07:36,293 INFO  State of operation 18313887 : EXECUTING
2022-05-03 15:07:38,507 INFO  State of operation 18313887 : EXECUTING
2022-05-03 15:07:40,718 INFO  State of operation 18313887 : EXECUTING
2022-05-03 15:07:42,973 INFO  State of operation 18313887 : EXECUTING
2022-05-03 15:07:45,247 INFO  State of operation 18313887 : EXECUTING
2022-05-03 15:07:47,483 INFO  State of operation 18313887 : EXECUTING
2022-05-03 15:07:49,709 INFO  State of operation 18313887 : EXECUTING
2022-05-03 15:07:51,939 INFO  State of operation 18313887 : SUCCESSFUL
2022-05-03 15:07:52,185 INFO  Package apple is installed
2022-05-03 15:07:52,187 INFO  Assert that (True == value) with value=True ... passed
2022-05-03 15:07:52,402 INFO  Package banana is installed
2022-05-03 15:07:52,404 INFO  Assert that (True == value) with value=True ... passed
2022-05-03 15:07:52,626 INFO  Package cherry is installed
2022-05-03 15:07:52,628 INFO  Assert that (True == value) with value=True ... passed
2022-05-03 15:07:52,841 INFO  Package asciijump is installed
2022-05-03 15:07:52,844 INFO  Assert that (True == value) with value=True ... passed
2022-05-03 15:07:53,065 INFO  Package registry is installed
2022-05-03 15:07:53,067 INFO  Assert that (True == value) with value=True ... passed
2022-05-03 15:07:53,289 INFO  Response status: 201
2022-05-03 15:07:53,291 INFO  Response to action: {
    "creationTime": "2022-05-03T15:07:53.247Z",
    "deviceName": "m32sd10c",
    "deviceId": "18294268",
    "self": "https://t493319102.eu-latest.cumulocity.com/devicecontrol/operations/18313900",
    "id": "18313900",
    "status": "PENDING",
    "description": "Apply software changes, triggered from PySys: [{'action': 'delete', 'id': '5495053', 'name': 'apple', 'url': ' ', 'version': '::fruits'}, {'action': 'delete', 'id': '5494888', 'name': 'banana', 'url': ' ', 'version': '::fruits'}, {'action': 'delete', 'id': '5475369', 'name': 'asciijump', 'url': ' ', 'version': '::apt'}, {'action': 'delete', 'id': '5495382', 'name': 'cherry', 'url': ' ', 'version': '::fruits'}, {'action': 'delete', 'id': '8018911', 'name': 'registry', 'url': ' ', 'version': '::docker'}]",
    "c8y_SoftwareUpdate": [
        {
            "name": "apple",
            "action": "delete",
            "id": "5495053",
            "version": "::fruits",
            "url": " "
        },
        {
            "name": "banana",
            "action": "delete",
            "id": "5494888",
            "version": "::fruits",
            "url": " "
        },
        {
            "name": "asciijump",
            "action": "delete",
            "id": "5475369",
            "version": "::apt",
            "url": " "
        },
        {
            "name": "cherry",
            "action": "delete",
            "id": "5495382",
            "version": "::fruits",
            "url": " "
        },
        {
            "name": "registry",
            "action": "delete",
            "id": "8018911",
            "version": "::docker",
            "url": " "
        }
    ]
}
2022-05-03 15:07:53,292 INFO  Started operation: {'creationTime': '2022-05-03T15:07:53.247Z', 'deviceName': 'm32sd10c', 'deviceId': '18294268', 'self': 'https://t493319102.eu-latest.cumulocity.com/devicecontrol/operations/18313900', 'id': '18313900', 'status': 'PENDING', 'description': "Apply software changes, triggered from PySys: [{'action': 'delete', 'id': '5495053', 'name': 'apple', 'url': ' ', 'version': '::fruits'}, {'action': 'delete', 'id': '5494888', 'name': 'banana', 'url': ' ', 'version': '::fruits'}, {'action': 'delete', 'id': '5475369', 'name': 'asciijump', 'url': ' ', 'version': '::apt'}, {'action': 'delete', 'id': '5495382', 'name': 'cherry', 'url': ' ', 'version': '::fruits'}, {'action': 'delete', 'id': '8018911', 'name': 'registry', 'url': ' ', 'version': '::docker'}]", 'c8y_SoftwareUpdate': [{'name': 'apple', 'action': 'delete', 'id': '5495053', 'version': '::fruits', 'url': ' '}, {'name': 'banana', 'action': 'delete', 'id': '5494888', 'version': '::fruits', 'url': ' '}, {'name': 'asciijump', 'action': 'delete', 'id': '5475369', 'version': '::apt', 'url': ' '}, {'name': 'cherry', 'action': 'delete', 'id': '5495382', 'version': '::fruits', 'url': ' '}, {'name': 'registry', 'action': 'delete', 'id': '8018911', 'version': '::docker', 'url': ' '}]}
2022-05-03 15:07:55,508 INFO  State of operation 18313900 : PENDING
2022-05-03 15:07:57,751 INFO  State of operation 18313900 : EXECUTING
2022-05-03 15:07:59,965 INFO  State of operation 18313900 : EXECUTING
2022-05-03 15:08:02,176 INFO  State of operation 18313900 : EXECUTING
2022-05-03 15:08:04,392 INFO  State of operation 18313900 : EXECUTING
2022-05-03 15:08:06,603 INFO  State of operation 18313900 : EXECUTING
2022-05-03 15:08:09,278 INFO  State of operation 18313900 : EXECUTING
2022-05-03 15:08:11,557 INFO  State of operation 18313900 : EXECUTING
2022-05-03 15:08:14,185 INFO  State of operation 18313900 : EXECUTING
2022-05-03 15:08:16,591 INFO  State of operation 18313900 : EXECUTING
2022-05-03 15:08:18,814 INFO  State of operation 18313900 : EXECUTING
2022-05-03 15:08:21,029 INFO  State of operation 18313900 : EXECUTING
2022-05-03 15:08:23,246 INFO  State of operation 18313900 : EXECUTING
2022-05-03 15:08:25,490 INFO  State of operation 18313900 : EXECUTING
2022-05-03 15:08:27,790 INFO  State of operation 18313900 : EXECUTING
2022-05-03 15:08:30,245 INFO  State of operation 18313900 : EXECUTING
2022-05-03 15:08:34,193 INFO  State of operation 18313900 : EXECUTING
2022-05-03 15:08:36,525 INFO  State of operation 18313900 : EXECUTING
2022-05-03 15:08:38,773 INFO  State of operation 18313900 : EXECUTING
2022-05-03 15:08:40,998 INFO  State of operation 18313900 : EXECUTING
2022-05-03 15:08:43,229 INFO  State of operation 18313900 : EXECUTING
2022-05-03 15:08:45,452 INFO  State of operation 18313900 : EXECUTING
2022-05-03 15:08:47,684 INFO  State of operation 18313900 : EXECUTING
2022-05-03 15:08:50,368 INFO  State of operation 18313900 : EXECUTING
2022-05-03 15:08:52,606 INFO  State of operation 18313900 : EXECUTING
2022-05-03 15:08:54,842 INFO  State of operation 18313900 : EXECUTING
2022-05-03 15:08:57,065 INFO  State of operation 18313900 : EXECUTING
2022-05-03 15:08:59,406 INFO  State of operation 18313900 : EXECUTING
2022-05-03 15:09:01,696 INFO  State of operation 18313900 : EXECUTING
2022-05-03 15:09:03,917 INFO  State of operation 18313900 : EXECUTING
2022-05-03 15:09:06,122 INFO  State of operation 18313900 : SUCCESSFUL
2022-05-03 15:09:06,341 INFO  Package apple is installed
2022-05-03 15:09:06,344 INFO  Assert that (True == value) with value=True ... passed
2022-05-03 15:09:06,561 INFO  Package banana is installed
2022-05-03 15:09:06,564 INFO  Assert that (True == value) with value=True ... passed
2022-05-03 15:09:06,782 INFO  Package cherry is installed
2022-05-03 15:09:06,784 INFO  Assert that (True == value) with value=True ... passed
2022-05-03 15:09:07,022 INFO  Assert that (False == value) with value=False ... passed
2022-05-03 15:09:07,245 INFO  Assert that (False == value) with value=False ... passed
2022-05-03 15:09:07,256 INFO  
2022-05-03 15:09:07,257 INFO  cleanup:
2022-05-03 15:09:11,415 INFO  Executed sudo<tedge_disconnect_c8y>, exit status 0
2022-05-03 15:09:11,978 INFO  Executed systemctl<serv_mapper5>, exit status 3
2022-05-03 15:09:11,982 INFO  
2022-05-03 15:09:11,983 INFO  Test duration: 166.01 secs
2022-05-03 15:09:11,984 INFO  Test final outcome:  FAILED
2022-05-03 15:09:11,985 INFO  Test outcome reason: Assert that (False == value) with value=True
2022-05-03 15:09:11,986 INFO  
