2022-05-09 14:36:20,384 INFO  ==============================================================
2022-05-09 14:36:20,385 INFO  Id:    custom_init_system
2022-05-09 14:36:20,386 INFO  Dir:   misc_features/
2022-05-09 14:36:20,387 INFO  Title: Custom init system test
2022-05-09 14:36:20,388 INFO  ==============================================================
2022-05-09 14:36:20,907 INFO  Executed sudo<copy_system_config>, exit status 0
2022-05-09 14:36:21,422 INFO  Executed sudo<copy_dummy_init>, exit status 0
2022-05-09 14:36:47,601 INFO  Executed sudo<tedge_connect>, exit status 0, duration 26 secs
2022-05-09 14:36:48,216 INFO  Executed sudo<tedge_disconnect>, exit status 0
2022-05-09 14:36:48,223 INFO  Grep on file tedge_connect.out ... passed
2022-05-09 14:36:48,227 INFO  Grep on file tedge_disconnect.out ... passed
2022-05-09 14:36:48,231 INFO  Grep on file /tmp/dummy_init/dummy_init.out ... passed
2022-05-09 14:36:48,237 INFO  Grep on file /tmp/dummy_init/dummy_init.out ... passed
2022-05-09 14:36:48,242 INFO  Grep on file /tmp/dummy_init/dummy_init.out ... passed
2022-05-09 14:36:48,246 INFO  Grep on file /tmp/dummy_init/dummy_init.out ... passed
2022-05-09 14:36:48,251 INFO  Grep on file /tmp/dummy_init/dummy_init.out ... passed
2022-05-09 14:36:48,256 INFO  Grep on file /tmp/dummy_init/dummy_init.out ... passed
2022-05-09 14:36:48,262 INFO  Grep on file /tmp/dummy_init/dummy_init.out ... passed
2022-05-09 14:36:48,266 INFO  Grep on file /tmp/dummy_init/dummy_init.out ... passed
2022-05-09 14:36:48,271 INFO  Grep on file /tmp/dummy_init/dummy_init.out ... passed
2022-05-09 14:36:48,275 INFO  Grep on file /tmp/dummy_init/dummy_init.out ... passed
2022-05-09 14:36:48,280 INFO  Grep on file /tmp/dummy_init/dummy_init.out ... passed
2022-05-09 14:36:48,285 INFO  Grep on file /tmp/dummy_init/dummy_init.out ... passed
2022-05-09 14:36:48,289 INFO  Grep on file /tmp/dummy_init/dummy_init.out ... passed
2022-05-09 14:36:48,294 INFO  Grep on file /tmp/dummy_init/dummy_init.out ... passed
2022-05-09 14:36:48,300 INFO  
2022-05-09 14:36:48,301 INFO  cleanup:
2022-05-09 14:36:48,863 INFO  Executed sudo<remove_system_config>, exit status 0
2022-05-09 14:36:49,376 INFO  Executed sudo<remove_dummy_init>, exit status 0
2022-05-09 14:36:49,380 INFO  
2022-05-09 14:36:49,381 INFO  Test duration: 29.00 secs
2022-05-09 14:36:49,382 INFO  Test final outcome:  PASSED
2022-05-09 14:36:49,383 INFO  
