2022-07-21 19:13:33,081 INFO  ==============================================================
2022-07-21 19:13:33,082 INFO  Id:    SoftwareManagement.Plugin.apama_plugin_update
2022-07-21 19:13:33,083 INFO  Dir:   plugin_apama/
2022-07-21 19:13:33,084 INFO  Title: Validate apama plugin updating one project with another
2022-07-21 19:13:33,084 INFO  ==============================================================
2022-07-21 19:13:33,090 INFO  Assertion that path exists=False for "/etc/tedge/apama/project" ... passed
2022-07-21 19:13:33,601 INFO  Executed sudo<create_project_dir>, exit status 0
2022-07-21 19:13:34,231 INFO  Executed sudo<unzip_apama_project>, exit status 0
2022-07-21 19:13:34,894 INFO  Executed sudo<move_apama_project>, exit status 0
2022-07-21 19:13:35,761 INFO  Executed sudo<restart_apama_service>, exit status 0
2022-07-21 19:13:36,484 INFO  Executed sudo<apama_correlator_wait>, exit status 0
2022-07-21 19:13:36,487 INFO  Assertion that path exists=True for "/etc/tedge/apama/project" ... passed
2022-07-21 19:13:37,200 INFO  Executed sudo<apama_list_monitors>, exit status 0
2022-07-21 19:13:37,205 INFO  Grep on file /home/pi/actions-runner/_work/thin-edge.io/thin-edge.io/tests/PySys/plugin_apama/apama_plugin_update/Output/linux/apama_list_monitors.out ... passed
2022-07-21 19:13:37,767 WARN  Executed sudo<plugin_install>, exit status 2
2022-07-21 19:13:37,771 INFO  Contents of plugin_install.err: 
2022-07-21 19:13:37,773 INFO    ERROR: Directory not empty (os error 39)
2022-07-21 19:13:37,773 INFO    -----
2022-07-21 19:13:37,774 INFO  
2022-07-21 19:13:38,131 WARN  sudo<plugin_install> returned non-zero exit code 2 ... blocked [run.py:35]
2022-07-21 19:13:38,132 WARN  Aborted test due to BLOCKED outcome
2022-07-21 19:13:38,138 INFO  
2022-07-21 19:13:38,139 INFO  cleanup:
2022-07-21 19:13:38,140 INFO  Removing apama project
2022-07-21 19:13:53,395 INFO  Executed sudo<stop_apama_service>, exit status 0, duration 15 secs
2022-07-21 19:13:53,908 INFO  Executed sudo<remove_apama_project>, exit status 0
2022-07-21 19:13:54,469 INFO  Executed sudo<remove_apama_tmp_dir>, exit status 0
2022-07-21 19:13:54,473 INFO  
2022-07-21 19:13:54,474 INFO  Test duration: 21.46 secs
2022-07-21 19:13:54,475 INFO  Test final outcome:  BLOCKED
2022-07-21 19:13:54,476 INFO  Test outcome reason: sudo<plugin_install> returned non-zero exit code 2
2022-07-21 19:13:54,477 INFO  
