2022-05-06 13:27:24,474 INFO  ==============================================================
2022-05-06 13:27:24,475 INFO  Id:    apt_fail_noarg
2022-05-06 13:27:24,478 INFO  Dir:   plugin_apt/
2022-05-06 13:27:24,479 INFO  Title: Validate apt plugin fetures(prepare, list, install, remove finalize) without arguments
2022-05-06 13:27:24,480 INFO  ==============================================================
2022-05-06 13:27:25,942 INFO  Executed sudo<outp_install>, exit status 1
2022-05-06 13:27:25,947 INFO  Assert that (value==1) with value=1 ... passed
2022-05-06 13:27:26,459 INFO  Executed sudo<outp_install>, exit status 1
2022-05-06 13:27:26,461 INFO  Assert that (value==1) with value=1 ... passed
2022-05-06 13:27:26,972 INFO  Executed sudo<outp_install>, exit status 1
2022-05-06 13:27:26,974 INFO  Assert that (value==1) with value=1 ... passed
2022-05-06 13:27:27,487 INFO  Executed sudo<outp_install>, exit status 1
2022-05-06 13:27:27,489 INFO  Assert that (value==1) with value=1 ... passed
2022-05-06 13:27:28,034 INFO  Executed sudo<outp_install>, exit status 1
2022-05-06 13:27:28,037 INFO  Assert that (value==1) with value=1 ... passed
2022-05-06 13:27:28,548 INFO  Executed sudo<outp_install>, exit status 1
2022-05-06 13:27:28,551 INFO  Assert that (value==1) with value=1 ... passed
2022-05-06 13:27:29,062 INFO  Executed sudo<outp_install>, exit status 1
2022-05-06 13:27:29,064 INFO  Assert that (value==1) with value=1 ... passed
2022-05-06 13:27:29,544 INFO  Executed sudo<outp_install>, exit status 1
2022-05-06 13:27:29,546 INFO  Assert that (value==1) with value=1 ... passed
2022-05-06 13:27:30,058 INFO  Executed sudo<outp_install>, exit status 1
2022-05-06 13:27:30,060 INFO  Assert that (value==1) with value=1 ... passed
2022-05-06 13:27:30,535 INFO  Executed sudo<outp_install>, exit status 1
2022-05-06 13:27:30,537 INFO  Assert that (value==1) with value=1 ... passed
2022-05-06 13:27:30,569 INFO  
2022-05-06 13:27:30,570 INFO  Test duration: 6.10 secs
2022-05-06 13:27:30,571 INFO  Test final outcome:  PASSED
2022-05-06 13:27:30,572 INFO  
