Unable to find image 'registry:latest' locally
latest: Pulling from library/registry
6366ba92f08e: Pulling fs layer
f29e4e5a89e8: Pulling fs layer
7872c8198c75: Pulling fs layer
58d0a2fd86e0: Pulling fs layer
4954be8af3f7: Pulling fs layer
4954be8af3f7: Waiting
58d0a2fd86e0: Waiting
f29e4e5a89e8: Download complete
58d0a2fd86e0: Verifying Checksum
58d0a2fd86e0: Download complete
4954be8af3f7: Verifying Checksum
4954be8af3f7: Download complete
6366ba92f08e: Verifying Checksum
6366ba92f08e: Download complete
7872c8198c75: Verifying Checksum
7872c8198c75: Download complete
6366ba92f08e: Pull complete
f29e4e5a89e8: Pull complete
7872c8198c75: Pull complete
58d0a2fd86e0: Pull complete
4954be8af3f7: Pull complete
Digest: sha256:bedef0f1d248508fe0a16d2cacea1d2e68e899b2220e2258f1b604e1f327d475
Status: Downloaded newer image for registry:latest
