2022-05-02 10:54:27,854 INFO  ==============================================================
2022-05-02 10:54:27,855 INFO  Id:    apt_sequence_remove_with_version
2022-05-02 10:54:27,856 INFO  Dir:   plugin_apt/
2022-05-02 10:54:27,857 INFO  Title: Validate apt plugin remove with version use case
2022-05-02 10:54:27,857 INFO  ==============================================================
2022-05-02 10:54:32,837 INFO  Executed sudo, exit status 0
2022-05-02 10:55:12,323 INFO  Executed sudo<outp_install>, exit status 0, duration 39 secs
2022-05-02 10:55:12,328 INFO  Assert that (value==0) with value=0 ... passed
2022-05-02 10:55:17,723 INFO  Executed sudo<outp_check_0>, exit status 0
2022-05-02 10:55:17,725 INFO  Assert that (value==0) with value=0 ... passed
2022-05-02 10:55:17,730 INFO  Grep on file outp_check_0.out ... passed
2022-05-02 10:55:32,084 INFO  Executed sudo<outp_install>, exit status 0, duration 14 secs
2022-05-02 10:55:32,087 INFO  Assert that (value==0) with value=0 ... passed
2022-05-02 10:55:37,615 INFO  Executed sudo<outp_check_1>, exit status 0
2022-05-02 10:55:37,617 INFO  Assert that (value==0) with value=0 ... passed
2022-05-02 10:55:37,624 INFO  Grep on file outp_check_1.out ... passed
2022-05-02 10:55:37,743 INFO  
2022-05-02 10:55:37,744 INFO  cleanup:
2022-05-02 10:55:42,331 INFO  Executed sudo, exit status 0
2022-05-02 10:55:42,335 INFO  
2022-05-02 10:55:42,336 INFO  Test duration: 74.49 secs
2022-05-02 10:55:42,337 INFO  Test final outcome:  PASSED
2022-05-02 10:55:42,338 INFO  
