2022-06-22 09:41:08,744 INFO  ==============================================================
2022-06-22 09:41:08,745 INFO  Id:    local_mqtt_pub_sub_retain
2022-06-22 09:41:08,746 INFO  Dir:   local_mqtt/
2022-06-22 09:41:08,747 INFO  Title: Validate local publishing with retain flag
2022-06-22 09:41:08,748 INFO  ==============================================================
2022-06-22 09:41:09,235 INFO  Executed tedge<pub_to_set_alarm>, exit status 0
2022-06-22 09:41:09,647 INFO  Executed tedge<pub_to_set_alarm>, exit status 0
2022-06-22 09:41:10,656 INFO  Started tedge<temp_sensor_sub> with process id 20761
2022-06-22 09:41:11,070 INFO  Executed tedge<pub_to_clear_alarm>, exit status 0
2022-06-22 09:41:12,582 INFO  Executed sudo<kill_out>, exit status 0
2022-06-22 09:41:12,992 INFO  Executed tedge<pub_to_clear_alarm>, exit status 0
2022-06-22 09:41:13,001 INFO  Started tedge<temp_sensor_empty_message> with process id 20766
2022-06-22 09:41:14,516 INFO  Executed sudo<kill_out>, exit status 0
2022-06-22 09:41:14,525 INFO  Grep on file temp_sensor_sub.out ... passed
2022-06-22 09:41:14,530 INFO  Grep on file temp_sensor_sub.out ... passed
2022-06-22 09:41:14,534 INFO  Grep on file temp_sensor_empty_message.out ... passed
2022-06-22 09:41:14,566 INFO  
2022-06-22 09:41:14,567 INFO  Test duration: 5.83 secs
2022-06-22 09:41:14,568 INFO  Test final outcome:  PASSED
2022-06-22 09:41:14,569 INFO  
