2022-05-20 12:10:09,872 INFO  ==============================================================
2022-05-20 12:10:09,873 INFO  Id:    SoftwareManagement.Plugin.apama_plugin_remove
2022-05-20 12:10:09,874 INFO  Dir:   plugin_apama/
2022-05-20 12:10:09,875 INFO  Title: Validate apama plugin remove
2022-05-20 12:10:09,876 INFO  ==============================================================
2022-05-20 12:10:09,882 INFO  Assertion that path exists=False for "/etc/tedge/apama/project" ... passed
2022-05-20 12:10:10,393 INFO  Executed sudo<create_project_dir>, exit status 0
2022-05-20 12:10:11,005 INFO  Executed sudo<unzip_apama_project>, exit status 0
2022-05-20 12:10:11,517 INFO  Executed sudo<move_apama_project>, exit status 0
2022-05-20 12:10:12,381 INFO  Executed sudo<restart_apama_service>, exit status 0
2022-05-20 12:10:12,383 INFO  Assertion that path exists=True for "/etc/tedge/apama/project" ... passed
2022-05-20 12:10:27,661 INFO  Executed sudo<plugin_remove>, exit status 0, duration 15 secs
2022-05-20 12:10:27,664 INFO  Assertion that path exists=False for "/etc/tedge/apama/project" ... passed
2022-05-20 12:10:27,675 INFO  
2022-05-20 12:10:27,676 INFO  cleanup:
2022-05-20 12:10:28,186 INFO  Executed sudo<remove_apama_tmp_dir>, exit status 0
2022-05-20 12:10:28,190 INFO  
2022-05-20 12:10:28,191 INFO  Test duration: 18.33 secs
2022-05-20 12:10:28,192 INFO  Test final outcome:  PASSED
2022-05-20 12:10:28,193 INFO  
