2022-04-27 10:39:39,667 INFO  ==============================================================
2022-04-27 10:39:39,668 INFO  Id:    apt_install
2022-04-27 10:39:39,669 INFO  Dir:   plugin_apt/
2022-04-27 10:39:39,670 INFO  Title: Validate apt plugin prepare - dense version
2022-04-27 10:39:39,671 INFO  ==============================================================
2022-04-27 10:39:44,308 INFO  Executed sudo, exit status 0
2022-04-27 10:39:46,894 INFO  Executed sudo<outp_check_0>, exit status 0
2022-04-27 10:39:46,896 INFO  Assert that (value==0) with value=0 ... passed
2022-04-27 10:39:46,903 INFO  Grep on file outp_check_0.out ... passed
2022-04-27 10:40:25,252 INFO  Executed sudo<outp_install>, exit status 0, duration 38 secs
2022-04-27 10:40:25,255 INFO  Assert that (value==0) with value=0 ... passed
2022-04-27 10:40:30,515 INFO  Executed sudo<outp_check_1>, exit status 0
2022-04-27 10:40:30,518 INFO  Assert that (value==0) with value=0 ... passed
2022-04-27 10:40:30,523 INFO  Grep on file outp_check_1.out ... passed
2022-04-27 10:40:30,528 INFO  
2022-04-27 10:40:30,529 INFO  cleanup:
2022-04-27 10:40:44,025 INFO  Executed sudo, exit status 0, duration 13 secs
2022-04-27 10:40:44,030 INFO  
2022-04-27 10:40:44,030 INFO  Test duration: 64.37 secs
2022-04-27 10:40:44,032 INFO  Test final outcome:  PASSED
2022-04-27 10:40:44,032 INFO  
