2022-07-21 12:12:13,266 INFO  ==============================================================
2022-07-21 12:12:13,267 INFO  Id:    apt_install_local_file_with_version_fail
2022-07-21 12:12:13,269 INFO  Dir:   plugin_apt/
2022-07-21 12:12:13,270 INFO  Title: Validate apt plugin install from local file AND with a version - FAIL case
2022-07-21 12:12:13,270 INFO  ==============================================================
2022-07-21 12:12:15,310 INFO  URL of rolldice is b"'http://mirror.mythic-beasts.com/raspbian/pool/main/r/rolldice/rolldice_1.16-1+b1_armhf.deb'"
2022-07-21 12:12:17,446 INFO  Downloaded rolldcice in version 1.16-1+b1
2022-07-21 12:12:17,447 INFO  Filename is rolldice_1.16-1+b1_armhf.deb
2022-07-21 12:12:30,765 INFO  Executed sudo, exit status 0, duration 13 secs
2022-07-21 12:12:36,063 INFO  Executed sudo<outp_check_0>, exit status 0
2022-07-21 12:12:36,065 INFO  Assert that (value==0) with value=0 ... passed
2022-07-21 12:12:36,072 INFO  Grep on file outp_check_0.out ... passed
2022-07-21 12:12:36,585 INFO  Executed sudo<outp_install>, exit status 5
2022-07-21 12:12:36,587 INFO  Assert that (value==5) with value=5 ... passed
2022-07-21 12:12:39,210 INFO  Executed sudo<outp_check_1>, exit status 0
2022-07-21 12:12:39,212 INFO  Assert that (value==0) with value=0 ... passed
2022-07-21 12:12:39,218 INFO  Grep on file outp_check_1.out ... passed
2022-07-21 12:12:39,223 INFO  
2022-07-21 12:12:39,224 INFO  cleanup:
2022-07-21 12:12:39,228 INFO  
2022-07-21 12:12:39,228 INFO  Test duration: 25.97 secs
2022-07-21 12:12:39,229 INFO  Test final outcome:  PASSED
2022-07-21 12:12:39,230 INFO  
