2022-07-18 14:58:44,128 INFO  ==============================================================
2022-07-18 14:58:44,129 INFO  Id:    SoftwareManagement.Plugin.apama_plugin_mon_support
2022-07-18 14:58:44,130 INFO  Dir:   plugin_apama/
2022-07-18 14:58:44,131 INFO  Title: Validate mon file support of apama plugin
2022-07-18 14:58:44,132 INFO  ==============================================================
2022-07-18 14:58:44,193 INFO  Assertion that path exists=False for "/etc/tedge/apama/project" ... passed
2022-07-18 14:58:44,704 INFO  Executed sudo<create_project_dir>, exit status 0
2022-07-18 14:58:45,317 INFO  Executed sudo<unzip_apama_project>, exit status 0
2022-07-18 14:58:45,828 INFO  Executed sudo<move_apama_project>, exit status 0
2022-07-18 14:58:46,692 INFO  Executed sudo<restart_apama_service>, exit status 0
2022-07-18 14:58:47,408 INFO  Executed sudo<apama_correlator_wait>, exit status 0
2022-07-18 14:58:48,176 INFO  Executed sudo<apama_list_monitors>, exit status 0
2022-07-18 14:58:48,183 INFO  Grep on file /home/pi/actions-runner/_work/thin-edge.io/thin-edge.io/tests/PySys/plugin_apama/apama_plugin_mon_support/Output/linux/apama_list_monitors.out ... passed
2022-07-18 14:58:48,895 INFO  Executed sudo<plugin_list_before_install>, exit status 0
2022-07-18 14:58:49,913 INFO  Executed sudo<plugin_install>, exit status 0
2022-07-18 14:58:50,625 INFO  Executed sudo<apama_correlator_wait>, exit status 0
2022-07-18 14:58:51,339 INFO  Executed sudo<plugin_list_after_install>, exit status 0
2022-07-18 14:58:52,606 INFO  Executed sudo<plugin_update>, exit status 0
2022-07-18 14:58:53,321 INFO  Executed sudo<apama_correlator_wait>, exit status 0
2022-07-18 14:58:54,019 INFO  Executed sudo<plugin_list_after_update>, exit status 0
2022-07-18 14:58:54,784 INFO  Executed sudo<plugin_remove>, exit status 0
2022-07-18 14:58:55,497 INFO  Executed sudo<plugin_list_after_remove>, exit status 0
2022-07-18 14:58:55,503 INFO  Grep on file plugin_list_before_install.out ... passed
2022-07-18 14:58:55,508 INFO  Grep on file plugin_list_after_install.out ... passed
2022-07-18 14:58:55,512 INFO  Grep on file plugin_list_after_update.out ... passed
2022-07-18 14:58:55,517 INFO  Grep on file plugin_list_after_remove.out ... passed
2022-07-18 14:58:55,526 INFO  
2022-07-18 14:58:55,527 INFO  cleanup:
2022-07-18 14:58:55,528 INFO  Removing apama project
2022-07-18 14:59:11,636 INFO  Executed sudo<stop_apama_service>, exit status 0, duration 16 secs
2022-07-18 14:59:12,148 INFO  Executed sudo<remove_apama_project>, exit status 0
2022-07-18 14:59:12,660 INFO  Executed sudo<remove_apama_tmp_dir>, exit status 0
2022-07-18 14:59:12,664 INFO  
2022-07-18 14:59:12,664 INFO  Test duration: 28.55 secs
2022-07-18 14:59:12,666 INFO  Test final outcome:  PASSED
2022-07-18 14:59:12,666 INFO  
