2022-07-13 12:36:47,202 INFO  ==============================================================
2022-07-13 12:36:47,203 INFO  Id:    SoftwareManagement.sm_apt_install_download_path
2022-07-13 12:36:47,204 INFO  Dir:   software_management_end_to_end/
2022-07-13 12:36:47,205 INFO  Title: Install package to directory specified in tedge config set tmp.path
2022-07-13 12:36:47,206 INFO  ==============================================================
2022-07-13 12:36:48,678 INFO  Using sw id database: {'asciijump': '5475369', 'robotfindskitten': '5474869', 'squirrel3': '5475279', 'rolldice': '5152439', 'moon-buggy': '5439204', 'apple': '5495053', 'banana': '5494888', 'cherry': '5495382', 'watermelon': '5494510', 'registry': '8018911', 'hello-world': '8021526', 'docker/getting-started': '8021973', 'alpine': '7991792'}
2022-07-13 12:36:48,679 INFO  EnvironmentC8y Setup
2022-07-13 12:36:49,272 INFO  Executed systemctl<serv_mapper1>, exit status 3
2022-07-13 12:37:03,543 INFO  Executed sudo<tedge_connect_c8y>, exit status 0, duration 14 secs
2022-07-13 12:37:04,269 INFO  Executed sudo<tedge_connect_c8y_test>, exit status 0
2022-07-13 12:37:04,783 INFO  Executed systemctl<serv_mosq2>, exit status 0
2022-07-13 12:37:05,298 INFO  Executed systemctl<serv_mapper3>, exit status 0
2022-07-13 12:37:07,567 INFO  State of current operation: SUCCESSFUL
2022-07-13 12:37:07,823 INFO  Assert that (False == value) with value=False ... passed
2022-07-13 12:37:08,335 INFO  Executed sudo, exit status 0
2022-07-13 12:37:08,848 INFO  Executed sudo, exit status 0
2022-07-13 12:37:09,554 INFO  Executed sudo, exit status 0
2022-07-13 12:37:13,420 INFO  Executed sudo<tedge_disconnect_c8y>, exit status 0
2022-07-13 12:37:13,532 INFO  Restarting mosquitto too frequently in the last 10 seconds. It was only up for 3 seconds
2022-07-13 12:37:13,533 INFO  Delaying execution by 8 seconds
2022-07-13 12:37:35,298 INFO  Executed sudo<tedge_connect_c8y>, exit status 0, duration 13 secs
2022-07-13 12:37:35,583 INFO  Response status: 201
2022-07-13 12:37:35,585 INFO  Response to action: {
    "creationTime": "2022-07-13T12:37:35.538Z",
    "deviceName": "m32sd10a",
    "deviceId": "20880101",
    "self": "https://t493319102.eu-latest.cumulocity.com/devicecontrol/operations/20885512",
    "id": "20885512",
    "status": "PENDING",
    "description": "Apply software changes, triggered from PySys: [{'name': 'rolldice', 'id': '5152439', 'version': '::apt', 'url': 'https://thin-edge-io.eu-latest.cumulocity.com/inventory/binaries/12435463', 'action': 'install'}]",
    "c8y_SoftwareUpdate": [
        {
            "name": "rolldice",
            "action": "install",
            "id": "5152439",
            "version": "::apt",
            "url": "https://thin-edge-io.eu-latest.cumulocity.com/inventory/binaries/12435463"
        }
    ]
}
2022-07-13 12:37:35,586 INFO  Started operation: {'creationTime': '2022-07-13T12:37:35.538Z', 'deviceName': 'm32sd10a', 'deviceId': '20880101', 'self': 'https://t493319102.eu-latest.cumulocity.com/devicecontrol/operations/20885512', 'id': '20885512', 'status': 'PENDING', 'description': "Apply software changes, triggered from PySys: [{'name': 'rolldice', 'id': '5152439', 'version': '::apt', 'url': 'https://thin-edge-io.eu-latest.cumulocity.com/inventory/binaries/12435463', 'action': 'install'}]", 'c8y_SoftwareUpdate': [{'name': 'rolldice', 'action': 'install', 'id': '5152439', 'version': '::apt', 'url': 'https://thin-edge-io.eu-latest.cumulocity.com/inventory/binaries/12435463'}]}
2022-07-13 12:37:35,591 WARN  , retrying in 0.5 seconds...
2022-07-13 12:37:36,097 WARN  , retrying in 0.5 seconds...
2022-07-13 12:37:36,600 WARN  , retrying in 0.5 seconds...
2022-07-13 12:37:37,103 WARN  , retrying in 0.5 seconds...
2022-07-13 12:37:37,606 WARN  , retrying in 0.5 seconds...
2022-07-13 12:37:38,109 WARN  , retrying in 0.5 seconds...
2022-07-13 12:37:38,612 WARN  , retrying in 0.5 seconds...
2022-07-13 12:37:39,117 WARN  , retrying in 0.5 seconds...
2022-07-13 12:37:39,620 WARN  , retrying in 0.5 seconds...
2022-07-13 12:37:40,123 WARN  AssertionError occurred while running test - 
Traceback (most recent call last):
  File "/home/pi/env-pysys/lib/python3.7/site-packages/pysys/baserunner.py", line 1294, in __call__
    self.testObj.execute()
  File "/home/pi/actions-runner/_work/thin-edge.io/thin-edge.io/tests/PySys/software_management_end_to_end/sm_apt_install_download_path/run.py", line 83, in execute
    assert_install_in_download_path(install_directory=self.DOWNLOAD_DIR)
  File "/home/pi/env-pysys/lib/python3.7/site-packages/decorator.py", line 232, in fun
    return caller(func, *(extras + args), **kw)
  File "/home/pi/env-pysys/lib/python3.7/site-packages/retry/api.py", line 74, in retry_decorator
    logger)
  File "/home/pi/env-pysys/lib/python3.7/site-packages/retry/api.py", line 33, in __retry_internal
    return f()
  File "/home/pi/actions-runner/_work/thin-edge.io/thin-edge.io/tests/PySys/software_management_end_to_end/sm_apt_install_download_path/run.py", line 28, in assert_install_in_download_path
    assert "rolldice" in os.listdir(f"{install_directory}")
AssertionError
2022-07-13 12:37:40,217 WARN  AssertionError: ... blocked 
2022-07-13 12:37:40,218 INFO  
2022-07-13 12:37:40,219 INFO  cleanup:
2022-07-13 12:37:40,743 INFO  Executed sudo, exit status 0
2022-07-13 12:37:41,363 INFO  Executed sudo, exit status 0
2022-07-13 12:37:45,898 INFO  Executed sudo<tedge_disconnect_c8y>, exit status 0
2022-07-13 12:37:46,019 INFO  Restarting mosquitto too frequently in the last 10 seconds. It was only up for 4 seconds
2022-07-13 12:37:46,020 INFO  Delaying execution by 7 seconds
2022-07-13 12:38:07,184 INFO  Executed sudo<tedge_connect_c8y>, exit status 0, duration 14 secs
2022-07-13 12:38:11,373 INFO  Executed sudo<tedge_disconnect_c8y>, exit status 0
2022-07-13 12:38:11,986 INFO  Executed systemctl<serv_mapper5>, exit status 3
2022-07-13 12:38:11,990 INFO  
2022-07-13 12:38:11,991 INFO  Test duration: 84.80 secs
2022-07-13 12:38:11,992 INFO  Test final outcome:  BLOCKED
2022-07-13 12:38:11,993 INFO  Test outcome reason: AssertionError:
2022-07-13 12:38:11,994 INFO  
