2022-06-10 13:28:13,632 INFO  ==============================================================
2022-06-10 13:28:13,632 INFO  Id:    apt_sequence_remove
2022-06-10 13:28:13,634 INFO  Dir:   plugin_apt/
2022-06-10 13:28:13,634 INFO  Title: Validate apt plugin prepare install remove finalize use case
2022-06-10 13:28:13,635 INFO  ==============================================================
2022-06-10 13:28:52,665 INFO  Executed sudo, exit status 0, duration 39 secs
2022-06-10 13:28:58,010 INFO  Executed sudo<outp_check_0>, exit status 0
2022-06-10 13:28:58,012 INFO  Assert that (value==0) with value=0 ... passed
2022-06-10 13:28:58,018 INFO  Grep on file outp_check_0.out ... passed
2022-06-10 13:29:16,056 INFO  Executed sudo<outp_prepare>, exit status 0, duration 18 secs
2022-06-10 13:29:16,059 INFO  Assert that (value==0) with value=0 ... passed
2022-06-10 13:29:35,181 INFO  Executed sudo<outp_remove>, exit status 0, duration 19 secs
2022-06-10 13:29:35,184 INFO  Assert that (value==0) with value=0 ... passed
2022-06-10 13:29:42,508 INFO  Executed sudo<outp_finalize>, exit status 0
2022-06-10 13:29:42,511 INFO  Assert that (value==0) with value=0 ... passed
2022-06-10 13:29:45,133 INFO  Executed sudo<outp_check_1>, exit status 0
2022-06-10 13:29:45,136 INFO  Assert that (value==0) with value=0 ... passed
2022-06-10 13:29:45,141 INFO  Grep on file outp_check_1.out ... passed
2022-06-10 13:29:45,147 INFO  
2022-06-10 13:29:45,148 INFO  cleanup:
2022-06-10 13:29:49,782 INFO  Executed sudo, exit status 0
2022-06-10 13:29:49,785 INFO  
2022-06-10 13:29:49,786 INFO  Test duration: 96.16 secs
2022-06-10 13:29:49,788 INFO  Test final outcome:  PASSED
2022-06-10 13:29:49,789 INFO  
