2022-07-25 14:35:25,403 INFO  ==============================================================
2022-07-25 14:35:25,404 INFO  Id:    SoftwareManagement.sm_apt_install_remove
2022-07-25 14:35:25,405 INFO  Dir:   software_management_end_to_end/
2022-07-25 14:35:25,406 INFO  Title: Validate end to end behaviour for the apt plugin for installation and removal of packages
2022-07-25 14:35:25,406 INFO  ==============================================================
2022-07-25 14:35:25,413 INFO  Using sw id database: {'asciijump': '5475369', 'robotfindskitten': '5474869', 'squirrel3': '5475279', 'rolldice': '5152439', 'moon-buggy': '5439204', 'apple': '5495053', 'banana': '5494888', 'cherry': '5495382', 'watermelon': '5494510', 'registry': '8018911', 'hello-world': '8021526', 'docker/getting-started': '8021973', 'alpine': '7991792'}
2022-07-25 14:35:25,414 INFO  EnvironmentC8y Setup
2022-07-25 14:35:25,976 INFO  Executed systemctl<serv_mapper1>, exit status 3
2022-07-25 14:35:26,082 INFO  Restarting mosquitto too frequently in the last 10 seconds. It was only up for 5 seconds
2022-07-25 14:35:26,083 INFO  Delaying execution by 6 seconds
2022-07-25 14:35:46,376 INFO  Executed sudo<tedge_connect_c8y>, exit status 0, duration 14 secs
2022-07-25 14:35:46,995 INFO  Executed sudo<tedge_connect_c8y_test>, exit status 0
2022-07-25 14:35:47,460 INFO  Executed systemctl<serv_mosq2>, exit status 0
2022-07-25 14:35:47,973 INFO  Executed systemctl<serv_mapper3>, exit status 0
2022-07-25 14:35:50,195 INFO  State of current operation: FAILED
2022-07-25 14:35:50,648 INFO  Assert that (False == value) with value=False ... passed
2022-07-25 14:35:50,869 INFO  Response status: 201
2022-07-25 14:35:50,872 INFO  Response to action: {
    "delivery": {
        "log": [],
        "time": "2022-07-25T14:35:50.851Z",
        "status": "PENDING"
    },
    "creationTime": "2022-07-25T14:35:50.835Z",
    "deviceId": "21388827",
    "deviceName": "m32sd10b",
    "self": "https://t493319102.eu-latest.cumulocity.com/devicecontrol/operations/21402508",
    "id": "21402508",
    "status": "PENDING",
    "description": "Apply software changes, triggered from PySys: [{'name': 'rolldice', 'id': '5152439', 'version': '::apt', 'url': '', 'action': 'install'}]",
    "c8y_SoftwareUpdate": [
        {
            "name": "rolldice",
            "action": "install",
            "id": "5152439",
            "version": "::apt",
            "url": ""
        }
    ]
}
2022-07-25 14:35:50,873 INFO  Started operation: {'delivery': {'log': [], 'time': '2022-07-25T14:35:50.851Z', 'status': 'PENDING'}, 'creationTime': '2022-07-25T14:35:50.835Z', 'deviceId': '21388827', 'deviceName': 'm32sd10b', 'self': 'https://t493319102.eu-latest.cumulocity.com/devicecontrol/operations/21402508', 'id': '21402508', 'status': 'PENDING', 'description': "Apply software changes, triggered from PySys: [{'name': 'rolldice', 'id': '5152439', 'version': '::apt', 'url': '', 'action': 'install'}]", 'c8y_SoftwareUpdate': [{'name': 'rolldice', 'action': 'install', 'id': '5152439', 'version': '::apt', 'url': ''}]}
2022-07-25 14:35:53,083 INFO  State of operation 21402508 : PENDING
2022-07-25 14:35:55,310 INFO  State of operation 21402508 : EXECUTING
2022-07-25 14:35:57,573 INFO  State of operation 21402508 : EXECUTING
2022-07-25 14:35:59,785 INFO  State of operation 21402508 : EXECUTING
2022-07-25 14:36:02,001 INFO  State of operation 21402508 : EXECUTING
2022-07-25 14:36:04,211 INFO  State of operation 21402508 : EXECUTING
2022-07-25 14:36:06,984 INFO  State of operation 21402508 : EXECUTING
2022-07-25 14:36:09,817 INFO  State of operation 21402508 : EXECUTING
2022-07-25 14:36:12,172 INFO  State of operation 21402508 : EXECUTING
2022-07-25 14:36:14,619 INFO  State of operation 21402508 : EXECUTING
2022-07-25 14:36:17,191 INFO  State of operation 21402508 : EXECUTING
2022-07-25 14:36:19,403 INFO  State of operation 21402508 : EXECUTING
2022-07-25 14:36:21,673 INFO  State of operation 21402508 : EXECUTING
2022-07-25 14:36:23,896 INFO  State of operation 21402508 : EXECUTING
2022-07-25 14:36:26,161 INFO  State of operation 21402508 : EXECUTING
2022-07-25 14:36:28,523 INFO  State of operation 21402508 : EXECUTING
2022-07-25 14:36:30,856 INFO  State of operation 21402508 : EXECUTING
2022-07-25 14:36:33,481 INFO  State of operation 21402508 : EXECUTING
2022-07-25 14:36:35,717 INFO  State of operation 21402508 : EXECUTING
2022-07-25 14:36:37,991 INFO  State of operation 21402508 : EXECUTING
2022-07-25 14:36:40,234 INFO  State of operation 21402508 : EXECUTING
2022-07-25 14:36:42,588 INFO  State of operation 21402508 : EXECUTING
2022-07-25 14:36:44,811 INFO  State of operation 21402508 : EXECUTING
2022-07-25 14:36:47,793 INFO  State of operation 21402508 : EXECUTING
2022-07-25 14:36:50,094 INFO  State of operation 21402508 : EXECUTING
2022-07-25 14:36:52,860 INFO  State of operation 21402508 : EXECUTING
2022-07-25 14:36:55,213 INFO  State of operation 21402508 : EXECUTING
2022-07-25 14:36:57,719 INFO  State of operation 21402508 : EXECUTING
2022-07-25 14:36:59,964 INFO  State of operation 21402508 : EXECUTING
2022-07-25 14:37:02,434 INFO  State of operation 21402508 : EXECUTING
2022-07-25 14:37:04,651 INFO  State of operation 21402508 : EXECUTING
2022-07-25 14:37:06,863 INFO  State of operation 21402508 : EXECUTING
2022-07-25 14:37:09,085 INFO  State of operation 21402508 : EXECUTING
2022-07-25 14:37:11,314 INFO  State of operation 21402508 : SUCCESSFUL
2022-07-25 14:37:11,572 INFO  Package rolldice is installed
2022-07-25 14:37:11,574 INFO  Assert that (True == value) with value=True ... passed
2022-07-25 14:37:11,800 INFO  Response status: 201
2022-07-25 14:37:11,802 INFO  Response to action: {
    "delivery": {
        "log": [],
        "time": "2022-07-25T14:37:11.782Z",
        "status": "PENDING"
    },
    "creationTime": "2022-07-25T14:37:11.766Z",
    "deviceId": "21388827",
    "deviceName": "m32sd10b",
    "self": "https://t493319102.eu-latest.cumulocity.com/devicecontrol/operations/21402530",
    "id": "21402530",
    "status": "PENDING",
    "description": "Apply software changes, triggered from PySys: [{'name': 'rolldice', 'id': '5152439', 'version': '::apt', 'url': '', 'action': 'delete'}]",
    "c8y_SoftwareUpdate": [
        {
            "name": "rolldice",
            "action": "delete",
            "id": "5152439",
            "version": "::apt",
            "url": ""
        }
    ]
}
2022-07-25 14:37:11,802 INFO  Started operation: {'delivery': {'log': [], 'time': '2022-07-25T14:37:11.782Z', 'status': 'PENDING'}, 'creationTime': '2022-07-25T14:37:11.766Z', 'deviceId': '21388827', 'deviceName': 'm32sd10b', 'self': 'https://t493319102.eu-latest.cumulocity.com/devicecontrol/operations/21402530', 'id': '21402530', 'status': 'PENDING', 'description': "Apply software changes, triggered from PySys: [{'name': 'rolldice', 'id': '5152439', 'version': '::apt', 'url': '', 'action': 'delete'}]", 'c8y_SoftwareUpdate': [{'name': 'rolldice', 'action': 'delete', 'id': '5152439', 'version': '::apt', 'url': ''}]}
2022-07-25 14:37:14,018 INFO  State of operation 21402530 : PENDING
2022-07-25 14:37:16,255 INFO  State of operation 21402530 : EXECUTING
2022-07-25 14:37:18,473 INFO  State of operation 21402530 : EXECUTING
2022-07-25 14:37:20,687 INFO  State of operation 21402530 : EXECUTING
2022-07-25 14:37:22,904 INFO  State of operation 21402530 : EXECUTING
2022-07-25 14:37:25,124 INFO  State of operation 21402530 : EXECUTING
2022-07-25 14:37:27,886 INFO  State of operation 21402530 : EXECUTING
2022-07-25 14:37:30,617 INFO  State of operation 21402530 : EXECUTING
2022-07-25 14:37:32,849 INFO  State of operation 21402530 : EXECUTING
2022-07-25 14:37:35,194 INFO  State of operation 21402530 : EXECUTING
2022-07-25 14:37:37,411 INFO  State of operation 21402530 : EXECUTING
2022-07-25 14:37:39,675 INFO  State of operation 21402530 : EXECUTING
2022-07-25 14:37:42,233 INFO  State of operation 21402530 : EXECUTING
2022-07-25 14:37:44,493 INFO  State of operation 21402530 : EXECUTING
2022-07-25 14:37:46,979 INFO  State of operation 21402530 : EXECUTING
2022-07-25 14:37:50,305 INFO  State of operation 21402530 : EXECUTING
2022-07-25 14:37:52,667 INFO  State of operation 21402530 : EXECUTING
2022-07-25 14:37:54,895 INFO  State of operation 21402530 : EXECUTING
2022-07-25 14:37:57,163 INFO  State of operation 21402530 : EXECUTING
2022-07-25 14:37:59,412 INFO  State of operation 21402530 : EXECUTING
2022-07-25 14:38:01,644 INFO  State of operation 21402530 : SUCCESSFUL
2022-07-25 14:38:01,898 INFO  Assert that (False == value) with value=False ... passed
2022-07-25 14:38:01,909 INFO  
2022-07-25 14:38:01,910 INFO  cleanup:
2022-07-25 14:38:06,123 INFO  Executed sudo<tedge_disconnect_c8y>, exit status 0
2022-07-25 14:38:06,786 INFO  Executed systemctl<serv_mapper5>, exit status 3
2022-07-25 14:38:06,790 INFO  
2022-07-25 14:38:06,791 INFO  Test duration: 161.40 secs
2022-07-25 14:38:06,792 INFO  Test final outcome:  PASSED
2022-07-25 14:38:06,793 INFO  
