2022-07-26 07:45:35,138 INFO  ==============================================================
2022-07-26 07:45:35,139 INFO  Id:    apt_sequence_remove_with_version
2022-07-26 07:45:35,140 INFO  Dir:   plugin_apt/
2022-07-26 07:45:35,141 INFO  Title: Validate apt plugin remove with version use case
2022-07-26 07:45:35,141 INFO  ==============================================================
2022-07-26 07:45:40,112 INFO  Executed sudo, exit status 0
2022-07-26 07:46:18,289 INFO  Executed sudo<outp_install>, exit status 0, duration 38 secs
2022-07-26 07:46:18,292 INFO  Assert that (value==0) with value=0 ... passed
2022-07-26 07:46:23,577 INFO  Executed sudo<outp_check_0>, exit status 0
2022-07-26 07:46:23,579 INFO  Assert that (value==0) with value=0 ... passed
2022-07-26 07:46:23,584 INFO  Grep on file outp_check_0.out ... passed
2022-07-26 07:46:37,168 INFO  Executed sudo<outp_install>, exit status 0, duration 13 secs
2022-07-26 07:46:37,171 INFO  Assert that (value==0) with value=0 ... passed
2022-07-26 07:46:42,425 INFO  Executed sudo<outp_check_1>, exit status 0
2022-07-26 07:46:42,427 INFO  Assert that (value==0) with value=0 ... passed
2022-07-26 07:46:42,434 INFO  Grep on file outp_check_1.out ... passed
2022-07-26 07:46:42,440 INFO  
2022-07-26 07:46:42,441 INFO  cleanup:
2022-07-26 07:46:47,125 INFO  Executed sudo, exit status 0
2022-07-26 07:46:47,129 INFO  
2022-07-26 07:46:47,129 INFO  Test duration: 72.00 secs
2022-07-26 07:46:47,131 INFO  Test final outcome:  PASSED
2022-07-26 07:46:47,132 INFO  
