2022-04-24 12:53:27,747 INFO  ==============================================================
2022-04-24 12:53:27,748 INFO  Id:    docker_plugin_finalize
2022-04-24 12:53:27,751 INFO  Dir:   plugin_docker/
2022-04-24 12:53:27,752 INFO  Title: Validate docker plugin finalize command
2022-04-24 12:53:27,753 INFO  ==============================================================
2022-04-24 12:53:31,613 INFO  Executed sudo<docker_images>, exit status 0
2022-04-24 12:53:31,625 INFO  Grep on file /home/pi/actions-runner/_work/thin-edge.io/thin-edge.io/tests/PySys/plugin_docker/docker_plugin_finalize/Output/linux/docker_images.out ... passed
2022-04-24 12:53:55,085 INFO  Executed sudo<docker_pull>, exit status 0, duration 23 secs
2022-04-24 12:53:55,902 INFO  Executed sudo<docker_images>, exit status 0
2022-04-24 12:53:55,907 INFO  Grep on file /home/pi/actions-runner/_work/thin-edge.io/thin-edge.io/tests/PySys/plugin_docker/docker_plugin_finalize/Output/linux/docker_images.out ... passed
2022-04-24 12:53:59,593 INFO  Executed sudo<plugin_finalize>, exit status 0
2022-04-24 12:54:00,407 INFO  Executed sudo<docker_ps_latest>, exit status 0
2022-04-24 12:54:01,223 INFO  Executed sudo<docker_images>, exit status 0
2022-04-24 12:54:01,227 INFO  Grep on file /home/pi/actions-runner/_work/thin-edge.io/thin-edge.io/tests/PySys/plugin_docker/docker_plugin_finalize/Output/linux/docker_images.out ... passed
2022-04-24 12:54:01,234 INFO  
2022-04-24 12:54:01,235 INFO  cleanup:
2022-04-24 12:54:01,236 INFO  Removing images scheduled to be cleaned up: ['registry']
2022-04-24 12:54:02,050 INFO  Executed sudo<containers_for_cleanup>, exit status 0
2022-04-24 12:54:02,054 INFO  
2022-04-24 12:54:02,055 INFO  Test duration: 34.31 secs
2022-04-24 12:54:02,056 INFO  Test final outcome:  PASSED
2022-04-24 12:54:02,057 INFO  
