2022-05-23 19:06:21,803 INFO  ==============================================================
2022-05-23 19:06:21,804 INFO  Id:    invalid_device_id
2022-05-23 19:06:21,805 INFO  Dir:   misc_features/
2022-05-23 19:06:21,806 INFO  Title: Invalid Device ID
2022-05-23 19:06:21,807 INFO  ==============================================================
2022-05-23 19:06:22,325 INFO  Executed sudo<create_cert_dir>, exit status 0
2022-05-23 19:06:22,838 INFO  Executed sudo<create_cert_dir>, exit status 0
2022-05-23 19:06:23,363 INFO  Executed sudo<set_cert_path>, exit status 0
2022-05-23 19:06:23,875 INFO  Executed sudo<set_key_path>, exit status 0
2022-05-23 19:06:24,450 INFO  Executed sudo<cert_create>, exit status 1
2022-05-23 19:06:24,457 INFO  Grep on file cert_create.err ... passed
2022-05-23 19:06:24,463 INFO  
2022-05-23 19:06:24,464 INFO  cleanup:
2022-05-23 19:06:24,975 INFO  Executed sudo<unset_cert_path>, exit status 0
2022-05-23 19:06:25,538 INFO  Executed sudo<unset_key_path>, exit status 0
2022-05-23 19:06:26,062 INFO  Executed sudo<remove_cert_dir>, exit status 0
2022-05-23 19:06:26,066 INFO  
2022-05-23 19:06:26,067 INFO  Test duration: 4.27 secs
2022-05-23 19:06:26,068 INFO  Test final outcome:  PASSED
2022-05-23 19:06:26,069 INFO  
