2022-07-18 13:57:07,083 INFO  ==============================================================
2022-07-18 13:57:07,085 INFO  Id:    log_request_num_lines
2022-07-18 13:57:07,086 INFO  Dir:   log_request_end_to_end/
2022-07-18 13:57:07,088 INFO  Title: Validate end to end behaviour for the log request operation check for number of lines
2022-07-18 13:57:07,089 INFO  ==============================================================
2022-07-18 13:57:07,123 INFO  EnvironmentC8y Setup
2022-07-18 13:57:07,689 INFO  Executed systemctl<serv_mapper1>, exit status 3
2022-07-18 13:57:07,801 INFO  Restarting mosquitto too frequently in the last 10 seconds. It was only up for 4 seconds
2022-07-18 13:57:07,802 INFO  Delaying execution by 7 seconds
2022-07-18 13:57:29,600 INFO  Executed sudo<tedge_connect_c8y>, exit status 0, duration 14 secs
2022-07-18 13:57:30,216 INFO  Executed sudo<tedge_connect_c8y_test>, exit status 0
2022-07-18 13:57:30,759 INFO  Executed systemctl<serv_mosq2>, exit status 0
2022-07-18 13:57:31,253 INFO  Executed systemctl<serv_mapper3>, exit status 0
2022-07-18 13:57:31,772 INFO  Executed sudo<rm_logs>, exit status 0
2022-07-18 13:57:32,356 INFO  Executed sudo<move_logs>, exit status 0
2022-07-18 13:57:32,919 INFO  Executed sudo<log_file_daemon>, exit status 0
2022-07-18 13:57:33,428 WARN  TypeError occurred while running test - 'NoneType' object is not subscriptable
Traceback (most recent call last):
  File "/home/pi/env-pysys/lib/python3.7/site-packages/pysys/baserunner.py", line 1294, in __call__
    self.testObj.execute()
  File "/home/pi/actions-runner/_work/thin-edge.io/thin-edge.io/tests/PySys/log_request_end_to_end/log_request_num_lines/run.py", line 46, in execute
    log_file_request_payload, self.project.deviceid
  File "/home/pi/actions-runner/_work/thin-edge.io/thin-edge.io/tests/PySys/environments/cumulocity.py", line 101, in trigger_log_request
    "deviceId": self.device_fragment["id"],
TypeError: 'NoneType' object is not subscriptable
2022-07-18 13:57:33,446 WARN  TypeError: 'NoneType' object is not subscriptable ... blocked 
2022-07-18 13:57:33,447 INFO  
2022-07-18 13:57:33,448 INFO  cleanup:
2022-07-18 13:57:33,962 INFO  Executed sudo<rm_logs>, exit status 0
2022-07-18 13:57:34,475 INFO  Executed sudo<rm_tmp_logs>, exit status 0
2022-07-18 13:57:34,988 INFO  Executed sudo<send_failed>, exit status 0
2022-07-18 13:57:35,601 INFO  Executed sudo<log_file_daemon>, exit status 0
2022-07-18 13:57:40,059 INFO  Executed sudo<tedge_disconnect_c8y>, exit status 0
2022-07-18 13:57:40,674 INFO  Executed systemctl<serv_mapper5>, exit status 3
2022-07-18 13:57:40,679 INFO  
2022-07-18 13:57:40,679 INFO  Test duration: 33.60 secs
2022-07-18 13:57:40,681 INFO  Test final outcome:  BLOCKED
2022-07-18 13:57:40,682 INFO  Test outcome reason: TypeError: 'NoneType' object is not subscriptable
2022-07-18 13:57:40,682 INFO  
