2022-07-21 18:54:15,577 INFO  ==============================================================
2022-07-21 18:54:15,578 INFO  Id:    apt_sequence_remove_with_version_fail
2022-07-21 18:54:15,579 INFO  Dir:   plugin_apt/
2022-07-21 18:54:15,580 INFO  Title: Validate apt plugin remove with version fails when the version not found
2022-07-21 18:54:15,581 INFO  ==============================================================
2022-07-21 18:54:53,759 INFO  Executed sudo<outp_install>, exit status 0, duration 38 secs
2022-07-21 18:54:53,763 INFO  Assert that (value==0) with value=0 ... passed
2022-07-21 18:54:59,823 INFO  Executed sudo<outp_remove>, exit status 2
2022-07-21 18:54:59,826 INFO  Assert that (value==2) with value=2 ... passed
2022-07-21 18:54:59,831 INFO  Grep on file outp_remove.err ... passed
2022-07-21 18:55:02,855 INFO  Executed sudo<outp_check_0>, exit status 0
2022-07-21 18:55:02,858 INFO  Assert that (value==0) with value=0 ... passed
2022-07-21 18:55:02,863 INFO  Grep on file outp_check_0.out ... passed
2022-07-21 18:55:02,868 INFO  
2022-07-21 18:55:02,869 INFO  cleanup:
2022-07-21 18:55:16,654 INFO  Executed sudo, exit status 0, duration 13 secs
2022-07-21 18:55:16,659 INFO  
2022-07-21 18:55:16,660 INFO  Test duration: 61.09 secs
2022-07-21 18:55:16,661 INFO  Test final outcome:  PASSED
2022-07-21 18:55:16,662 INFO  
