2022-07-22 00:48:42,031 INFO  ==============================================================
2022-07-22 00:48:42,032 INFO  Id:    apt_install_local_file
2022-07-22 00:48:42,033 INFO  Dir:   plugin_apt/
2022-07-22 00:48:42,034 INFO  Title: Validate apt plugin install from local file - SUCCESS case
2022-07-22 00:48:42,035 INFO  ==============================================================
2022-07-22 00:48:44,116 INFO  URL of rolldice is b"'http://mirror.mythic-beasts.com/raspbian/pool/main/r/rolldice/rolldice_1.16-1+b1_armhf.deb'"
2022-07-22 00:48:46,212 INFO  Downloaded rolldcice in version 1.16-1+b1
2022-07-22 00:48:46,213 INFO  Filename is rolldice_1.16-1+b1_armhf.deb
2022-07-22 00:48:50,797 INFO  Executed sudo, exit status 0
2022-07-22 00:48:53,372 INFO  Executed sudo<outp_check_0>, exit status 0
2022-07-22 00:48:53,374 INFO  Assert that (value==0) with value=0 ... passed
2022-07-22 00:48:53,380 INFO  Grep on file outp_check_0.out ... passed
2022-07-22 00:49:32,674 INFO  Executed sudo<outp_install>, exit status 0, duration 39 secs
2022-07-22 00:49:32,677 INFO  Assert that (value==0) with value=0 ... passed
2022-07-22 00:49:37,974 INFO  Executed sudo<outp_check_1>, exit status 0
2022-07-22 00:49:37,976 INFO  Assert that (value==0) with value=0 ... passed
2022-07-22 00:49:37,982 INFO  Grep on file outp_check_1.out ... passed
2022-07-22 00:49:37,988 INFO  
2022-07-22 00:49:37,989 INFO  cleanup:
2022-07-22 00:49:37,993 INFO  
2022-07-22 00:49:37,994 INFO  Test duration: 55.97 secs
2022-07-22 00:49:37,995 INFO  Test final outcome:  PASSED
2022-07-22 00:49:37,996 INFO  
