2022-07-15 07:54:48,977 INFO  ==============================================================
2022-07-15 07:54:48,978 INFO  Id:    tedge_mapper_c8y_packet_threshold_size
2022-07-15 07:54:48,979 INFO  Dir:   tedge_mapper_c8y/
2022-07-15 07:54:48,980 INFO  Title: Validate the Cumulocity Mapper accepted threshold packet size when it receives a message on tedge/measurements
2022-07-15 07:54:48,981 INFO  ==============================================================
2022-07-15 07:54:49,615 INFO  Executed sudo<tedge_mapper_c8y>, exit status 0
2022-07-15 07:54:49,628 INFO  Started sudo<tedge_sub> with process id 9025
2022-07-15 07:54:50,253 INFO  Executed sudo<tedge_msg>, exit status 0
2022-07-15 07:54:50,817 INFO  Executed sudo<tedge_pub>, exit status 0
2022-07-15 07:54:51,342 INFO  Executed sudo<kill_out>, exit status 0
2022-07-15 07:54:51,383 WARN  Grep on tedge_sub.out contains "The size of the message received on tedge/measurements is 20489 which is greater than the threshold size of 16184." ... failed [run.py:88]
2022-07-15 07:54:51,389 INFO  
2022-07-15 07:54:51,390 INFO  cleanup:
2022-07-15 07:54:51,391 INFO  mapper_cleanup
2022-07-15 07:54:51,953 INFO  Executed sudo<tedge_mapper_c8y>, exit status 0
2022-07-15 07:54:51,957 INFO  
2022-07-15 07:54:51,958 INFO  Test duration: 2.98 secs
2022-07-15 07:54:51,959 INFO  Test final outcome:  FAILED
2022-07-15 07:54:51,961 INFO  Test outcome reason: Grep on tedge_sub.out contains "The size of the message received on tedge/measurements is 20489 which is greater than the threshold size of 16184."
2022-07-15 07:54:51,961 INFO  
