2022-05-02 11:18:11,588 INFO  ==============================================================
2022-05-02 11:18:11,589 INFO  Id:    docker_plugin_finalize
2022-05-02 11:18:11,592 INFO  Dir:   plugin_docker/
2022-05-02 11:18:11,593 INFO  Title: Validate docker plugin finalize command
2022-05-02 11:18:11,594 INFO  ==============================================================
2022-05-02 11:18:12,584 INFO  Executed sudo<docker_images>, exit status 0
2022-05-02 11:18:12,595 INFO  Grep on file /home/pi/actions-runner/_work/thin-edge.io/thin-edge.io/tests/PySys/plugin_docker/docker_plugin_finalize/Output/linux/docker_images.out ... passed
2022-05-02 11:18:36,984 INFO  Executed sudo<docker_pull>, exit status 0, duration 24 secs
2022-05-02 11:18:37,801 INFO  Executed sudo<docker_images>, exit status 0
2022-05-02 11:18:37,806 INFO  Grep on file /home/pi/actions-runner/_work/thin-edge.io/thin-edge.io/tests/PySys/plugin_docker/docker_plugin_finalize/Output/linux/docker_images.out ... passed
2022-05-02 11:18:41,714 INFO  Executed sudo<plugin_finalize>, exit status 0
2022-05-02 11:18:42,479 INFO  Executed sudo<docker_ps_latest>, exit status 0
2022-05-02 11:18:43,295 INFO  Executed sudo<docker_images>, exit status 0
2022-05-02 11:18:43,300 INFO  Grep on file /home/pi/actions-runner/_work/thin-edge.io/thin-edge.io/tests/PySys/plugin_docker/docker_plugin_finalize/Output/linux/docker_images.out ... passed
2022-05-02 11:18:43,307 INFO  
2022-05-02 11:18:43,308 INFO  cleanup:
2022-05-02 11:18:43,308 INFO  Removing images scheduled to be cleaned up: ['registry']
2022-05-02 11:18:44,123 INFO  Executed sudo<containers_for_cleanup>, exit status 0
2022-05-02 11:18:44,127 INFO  
2022-05-02 11:18:44,128 INFO  Test duration: 32.55 secs
2022-05-02 11:18:44,129 INFO  Test final outcome:  PASSED
2022-05-02 11:18:44,129 INFO  
