2022-07-20 13:52:56,760 INFO  ==============================================================
2022-07-20 13:52:56,761 INFO  Id:    SoftwareManagement.Plugin.apama_plugin_update
2022-07-20 13:52:56,762 INFO  Dir:   plugin_apama/
2022-07-20 13:52:56,763 INFO  Title: Validate apama plugin updating one project with another
2022-07-20 13:52:56,763 INFO  ==============================================================
2022-07-20 13:52:56,770 INFO  Assertion that path exists=False for "/etc/tedge/apama/project" ... passed
2022-07-20 13:52:57,281 INFO  Executed sudo<create_project_dir>, exit status 0
2022-07-20 13:52:57,893 INFO  Executed sudo<unzip_apama_project>, exit status 0
2022-07-20 13:52:58,405 INFO  Executed sudo<move_apama_project>, exit status 0
2022-07-20 13:52:59,270 INFO  Executed sudo<restart_apama_service>, exit status 0
2022-07-20 13:53:00,042 INFO  Executed sudo<apama_correlator_wait>, exit status 0
2022-07-20 13:53:00,044 INFO  Assertion that path exists=True for "/etc/tedge/apama/project" ... passed
2022-07-20 13:53:00,807 INFO  Executed sudo<apama_list_monitors>, exit status 0
2022-07-20 13:53:00,812 INFO  Grep on file /home/pi/actions-runner/_work/thin-edge.io/thin-edge.io/tests/PySys/plugin_apama/apama_plugin_update/Output/linux/apama_list_monitors.out ... passed
2022-07-20 13:53:01,423 WARN  Executed sudo<plugin_install>, exit status 2
2022-07-20 13:53:01,429 INFO  Contents of plugin_install.err: 
2022-07-20 13:53:01,430 INFO    ERROR: Directory not empty (os error 39)
2022-07-20 13:53:01,431 INFO    -----
2022-07-20 13:53:01,431 INFO  
2022-07-20 13:53:01,726 WARN  sudo<plugin_install> returned non-zero exit code 2 ... blocked [run.py:35]
2022-07-20 13:53:01,728 WARN  Aborted test due to BLOCKED outcome
2022-07-20 13:53:01,734 INFO  
2022-07-20 13:53:01,735 INFO  cleanup:
2022-07-20 13:53:01,736 INFO  Removing apama project
2022-07-20 13:53:17,527 INFO  Executed sudo<stop_apama_service>, exit status 0, duration 15 secs
2022-07-20 13:53:18,039 INFO  Executed sudo<remove_apama_project>, exit status 0
2022-07-20 13:53:18,550 INFO  Executed sudo<remove_apama_tmp_dir>, exit status 0
2022-07-20 13:53:18,554 INFO  
2022-07-20 13:53:18,555 INFO  Test duration: 21.81 secs
2022-07-20 13:53:18,556 INFO  Test final outcome:  BLOCKED
2022-07-20 13:53:18,557 INFO  Test outcome reason: sudo<plugin_install> returned non-zero exit code 2
2022-07-20 13:53:18,558 INFO  
