2022-07-20 11:44:04,188 INFO  ==============================================================
2022-07-20 11:44:04,189 INFO  Id:    SoftwareManagement.Plugin.apama_plugin_install
2022-07-20 11:44:04,192 INFO  Dir:   plugin_apama/
2022-07-20 11:44:04,193 INFO  Title: Validate apama plugin install
2022-07-20 11:44:04,194 INFO  ==============================================================
2022-07-20 11:44:04,227 INFO  Assertion that path exists=False for "/etc/tedge/apama/project" ... passed
2022-07-20 11:44:06,175 INFO  Executed sudo<plugin_install>, exit status 0
2022-07-20 11:44:06,889 INFO  Executed sudo<apama_correlator_wait>, exit status 0
2022-07-20 11:44:07,601 INFO  Executed sudo<plugin_list_after_install>, exit status 0
2022-07-20 11:44:07,604 INFO  Assertion that path exists=True for "/etc/tedge/apama/project" ... passed
2022-07-20 11:44:08,317 INFO  Executed sudo<apama_list_monitors>, exit status 0
2022-07-20 11:44:08,326 INFO  Grep on file /home/pi/actions-runner/_work/thin-edge.io/thin-edge.io/tests/PySys/plugin_apama/apama_plugin_install/Output/linux/apama_list_monitors.out ... passed
2022-07-20 11:44:08,332 INFO  Grep on file plugin_list_after_install.out ... passed
2022-07-20 11:44:08,336 INFO  Grep on file plugin_list_after_install.out ... passed
2022-07-20 11:44:08,343 INFO  
2022-07-20 11:44:08,344 INFO  cleanup:
2022-07-20 11:44:08,344 INFO  Removing apama project
2022-07-20 11:44:24,337 INFO  Executed sudo<stop_apama_service>, exit status 0, duration 15 secs
2022-07-20 11:44:24,899 INFO  Executed sudo<remove_apama_project>, exit status 0
2022-07-20 11:44:25,413 INFO  Executed sudo<remove_apama_tmp_dir>, exit status 0
2022-07-20 11:44:25,417 INFO  
2022-07-20 11:44:25,418 INFO  Test duration: 21.24 secs
2022-07-20 11:44:25,419 INFO  Test final outcome:  PASSED
2022-07-20 11:44:25,420 INFO  
