2022-04-24 12:56:04,781 INFO  ==============================================================
2022-04-24 12:56:04,781 INFO  Id:    docker_plugin_remove_with_version
2022-04-24 12:56:04,783 INFO  Dir:   plugin_docker/
2022-04-24 12:56:04,784 INFO  Title: Validate docker plugin remove with version
2022-04-24 12:56:04,784 INFO  ==============================================================
2022-04-24 12:56:05,603 INFO  Executed sudo<docker_images>, exit status 0
2022-04-24 12:56:05,609 INFO  Grep on file /home/pi/actions-runner/_work/thin-edge.io/thin-edge.io/tests/PySys/plugin_docker/docker_plugin_remove_with_version/Output/linux/docker_images.out ... passed
2022-04-24 12:56:28,517 INFO  Executed sudo<docker_run>, exit status 0, duration 22 secs
2022-04-24 12:56:29,341 INFO  Executed sudo<docker_ps>, exit status 0
2022-04-24 12:56:29,347 INFO  Grep on file /home/pi/actions-runner/_work/thin-edge.io/thin-edge.io/tests/PySys/plugin_docker/docker_plugin_remove_with_version/Output/linux/docker_ps.out ... passed
2022-04-24 12:56:32,903 INFO  Executed sudo<plugin_remove>, exit status 0
2022-04-24 12:56:33,716 INFO  Executed sudo<docker_ps_latest>, exit status 0
2022-04-24 12:56:34,531 INFO  Executed sudo<docker_ps>, exit status 0
2022-04-24 12:56:34,535 INFO  Grep on file /home/pi/actions-runner/_work/thin-edge.io/thin-edge.io/tests/PySys/plugin_docker/docker_plugin_remove_with_version/Output/linux/docker_ps.out ... passed
2022-04-24 12:56:34,541 INFO  
2022-04-24 12:56:34,542 INFO  cleanup:
2022-04-24 12:56:34,543 INFO  Removing containers scheduled to be cleaned up: ['de1ed9e44e19', 'dbaec1514986', '03427e0b5c529a2e190cdd0f430be4192b01e193deb2abdfd77fd9c40c8c9932\n', '6b4899aa28c1c64b09e7b029374126f9c349bd0dfa2a33491d8c72f88e192259\n']
2022-04-24 12:56:35,356 WARN  Executed sudo<containers_for_cleanup>, exit status 1
2022-04-24 12:56:35,358 INFO  Removing images scheduled to be cleaned up: ['registry', 'registry', 'registry:2.7.1', 'registry', 'registry:2.7.1']
2022-04-24 12:56:39,043 INFO  Executed sudo<containers_for_cleanup>, exit status 0
2022-04-24 12:56:39,047 INFO  
2022-04-24 12:56:39,047 INFO  Test duration: 34.27 secs
2022-04-24 12:56:39,048 INFO  Test final outcome:  PASSED
2022-04-24 12:56:39,049 INFO  
