2022-07-18 16:43:55,639 INFO  ==============================================================
2022-07-18 16:43:55,640 INFO  Id:    docker_plugin_remove
2022-07-18 16:43:55,641 INFO  Dir:   plugin_docker/
2022-07-18 16:43:55,642 INFO  Title: Validate docker plugin remove
2022-07-18 16:43:55,642 INFO  ==============================================================
2022-07-18 16:43:56,414 INFO  Executed sudo<docker_images>, exit status 0
2022-07-18 16:43:56,422 INFO  Grep on file /home/pi/actions-runner/_work/thin-edge.io/thin-edge.io/tests/PySys/plugin_docker/docker_plugin_remove/Output/linux/docker_images.out ... passed
2022-07-18 16:44:18,671 INFO  Executed sudo<docker_run>, exit status 0, duration 22 secs
2022-07-18 16:44:19,545 INFO  Executed sudo<docker_ps>, exit status 0
2022-07-18 16:44:19,550 INFO  Grep on file /home/pi/actions-runner/_work/thin-edge.io/thin-edge.io/tests/PySys/plugin_docker/docker_plugin_remove/Output/linux/docker_ps.out ... passed
2022-07-18 16:44:23,248 INFO  Executed sudo<plugin_remove>, exit status 0
2022-07-18 16:44:24,063 INFO  Executed sudo<docker_ps_latest>, exit status 0
2022-07-18 16:44:24,887 INFO  Executed sudo<docker_ps>, exit status 0
2022-07-18 16:44:24,891 INFO  Grep on file /home/pi/actions-runner/_work/thin-edge.io/thin-edge.io/tests/PySys/plugin_docker/docker_plugin_remove/Output/linux/docker_ps.out ... passed
2022-07-18 16:44:24,897 INFO  
2022-07-18 16:44:24,898 INFO  cleanup:
2022-07-18 16:44:24,899 INFO  Removing containers scheduled to be cleaned up: ['dc7612bb6c46', '52b9350b257d', 'cbd284bf261d6d483873c14e928ab772562879b917b3ed811543de2fb2f7457a\n']
2022-07-18 16:44:25,711 WARN  Executed sudo<containers_for_cleanup>, exit status 1
2022-07-18 16:44:25,712 INFO  Removing images scheduled to be cleaned up: ['registry', 'registry', 'registry:2.7.1', 'registry']
2022-07-18 16:44:29,344 INFO  Executed sudo<containers_for_cleanup>, exit status 0
2022-07-18 16:44:29,348 INFO  
2022-07-18 16:44:29,349 INFO  Test duration: 33.72 secs
2022-07-18 16:44:29,350 INFO  Test final outcome:  PASSED
2022-07-18 16:44:29,351 INFO  
