2022-06-16 14:20:03,595 INFO  ==============================================================
2022-06-16 14:20:03,596 INFO  Id:    tedge_mapper_az_without_timestamp
2022-06-16 14:20:03,598 INFO  Dir:   tedge_mapper_az/
2022-06-16 14:20:03,598 INFO  Title: Validate the Azure Mapper that publishes a Thin Edge JSON message without timestamp on az/messages/events/ when it receives a valid JSON message on tedge/measurements and az.mapper.timestamp is configured false
2022-06-16 14:20:03,599 INFO  ==============================================================
2022-06-16 14:20:04,145 INFO  Executed sudo<tedge_temp>, exit status 0
2022-06-16 14:20:04,709 INFO  Executed sudo<tedge_mapper_az>, exit status 0
2022-06-16 14:20:04,720 INFO  Started sudo<tedge_sub> with process id 838
2022-06-16 14:20:05,337 INFO  Executed sudo<tedge_temp>, exit status 0
2022-06-16 14:20:05,850 INFO  Executed sudo<kill_out>, exit status 0
2022-06-16 14:20:05,855 INFO  Assert that (actual == expected) with actual=12.0, expected=12 ... passed
2022-06-16 14:20:05,859 INFO  Grep on file tedge_sub.out ... passed
2022-06-16 14:20:05,865 INFO  
2022-06-16 14:20:05,866 INFO  cleanup:
2022-06-16 14:20:05,867 INFO  mapper_cleanup
2022-06-16 14:20:06,429 INFO  Executed sudo<tedge_mapper_az>, exit status 0
2022-06-16 14:20:06,992 INFO  Executed sudo<tedge_temp>, exit status 0
2022-06-16 14:20:06,997 INFO  
2022-06-16 14:20:06,998 INFO  Test duration: 3.41 secs
2022-06-16 14:20:06,999 INFO  Test final outcome:  PASSED
2022-06-16 14:20:07,002 INFO  
