2022-07-25 15:27:04,622 INFO  ==============================================================
2022-07-25 15:27:04,623 INFO  Id:    apt_sequence_install_with_version
2022-07-25 15:27:04,624 INFO  Dir:   plugin_apt/
2022-07-25 15:27:04,625 INFO  Title: Validate apt plugin install with version use case
2022-07-25 15:27:04,626 INFO  ==============================================================
2022-07-25 15:27:09,597 INFO  Executed sudo, exit status 0
2022-07-25 15:27:12,172 INFO  Executed sudo<outp_check_0>, exit status 0
2022-07-25 15:27:12,174 INFO  Assert that (value==0) with value=0 ... passed
2022-07-25 15:27:12,180 INFO  Grep on file outp_check_0.out ... passed
2022-07-25 15:27:30,127 INFO  Executed sudo<outp_prepare>, exit status 0, duration 17 secs
2022-07-25 15:27:30,130 INFO  Assert that (value==0) with value=0 ... passed
2022-07-25 15:28:14,037 INFO  Executed sudo<outp_install>, exit status 0, duration 43 secs
2022-07-25 15:28:14,040 INFO  Assert that (value==0) with value=0 ... passed
2022-07-25 15:28:21,429 INFO  Executed sudo<outp_finalize>, exit status 0
2022-07-25 15:28:21,432 INFO  Assert that (value==0) with value=0 ... passed
2022-07-25 15:28:24,004 INFO  Executed sudo<outp_check_1>, exit status 0
2022-07-25 15:28:24,006 INFO  Assert that (value==0) with value=0 ... passed
2022-07-25 15:28:24,011 INFO  Grep on file outp_check_1.out ... passed
2022-07-25 15:28:24,018 INFO  Grep on file outp_check_1.out ... passed
2022-07-25 15:28:24,024 INFO  
2022-07-25 15:28:24,025 INFO  cleanup:
2022-07-25 15:28:37,393 INFO  Executed sudo, exit status 0, duration 13 secs
2022-07-25 15:28:37,397 INFO  
2022-07-25 15:28:37,398 INFO  Test duration: 92.78 secs
2022-07-25 15:28:37,399 INFO  Test final outcome:  PASSED
2022-07-25 15:28:37,400 INFO  
