2022-05-23 20:02:39,721 INFO  ==============================================================
2022-05-23 20:02:39,722 INFO  Id:    docker_plugin_install_with_version
2022-05-23 20:02:39,723 INFO  Dir:   plugin_docker/
2022-05-23 20:02:39,724 INFO  Title: Validate docker plugin install
2022-05-23 20:02:39,725 INFO  ==============================================================
2022-05-23 20:02:40,544 INFO  Executed sudo<docker_images>, exit status 0
2022-05-23 20:02:40,550 INFO  Grep on file /home/pi/actions-runner/_work/thin-edge.io/thin-edge.io/tests/PySys/plugin_docker/docker_plugin_install_with_version/Output/linux/docker_images.out ... passed
2022-05-23 20:03:04,232 INFO  Executed sudo<plugin_install>, exit status 0, duration 23 secs
2022-05-23 20:03:05,072 INFO  Executed sudo<docker_ps_latest>, exit status 0
2022-05-23 20:03:05,888 INFO  Executed sudo<docker_ps>, exit status 0
2022-05-23 20:03:05,894 INFO  Grep on file /home/pi/actions-runner/_work/thin-edge.io/thin-edge.io/tests/PySys/plugin_docker/docker_plugin_install_with_version/Output/linux/docker_ps.out ... passed
2022-05-23 20:03:05,900 INFO  
2022-05-23 20:03:05,901 INFO  cleanup:
2022-05-23 20:03:05,902 INFO  Removing containers scheduled to be cleaned up: ['5f48e50989c2', '4d34a5eb74d6']
2022-05-23 20:03:09,001 WARN  Executed sudo<containers_for_cleanup>, exit status 1
2022-05-23 20:03:09,003 INFO  Removing images scheduled to be cleaned up: ['registry', 'registry', 'registry:2.7.1']
2022-05-23 20:03:12,841 INFO  Executed sudo<containers_for_cleanup>, exit status 0
2022-05-23 20:03:12,849 INFO  
2022-05-23 20:03:12,850 INFO  Test duration: 33.13 secs
2022-05-23 20:03:12,851 INFO  Test final outcome:  PASSED
2022-05-23 20:03:12,852 INFO  
