2022-05-24 11:01:49,232 INFO  ==============================================================
2022-05-24 11:01:49,233 INFO  Id:    apt_install_local_file
2022-05-24 11:01:49,234 INFO  Dir:   plugin_apt/
2022-05-24 11:01:49,235 INFO  Title: Validate apt plugin install from local file - SUCCESS case
2022-05-24 11:01:49,236 INFO  ==============================================================
2022-05-24 11:01:51,338 INFO  URL of rolldice is b"'http://mirror.mythic-beasts.com/raspbian/pool/main/r/rolldice/rolldice_1.16-1+b1_armhf.deb'"
2022-05-24 11:01:53,528 INFO  Downloaded rolldcice in version 1.16-1+b1
2022-05-24 11:01:53,529 INFO  Filename is rolldice_1.16-1+b1_armhf.deb
2022-05-24 11:01:58,162 INFO  Executed sudo, exit status 0
2022-05-24 11:02:00,740 INFO  Executed sudo<outp_check_0>, exit status 0
2022-05-24 11:02:00,742 INFO  Assert that (value==0) with value=0 ... passed
2022-05-24 11:02:00,748 INFO  Grep on file outp_check_0.out ... passed
2022-05-24 11:02:40,486 INFO  Executed sudo<outp_install>, exit status 0, duration 39 secs
2022-05-24 11:02:40,489 INFO  Assert that (value==0) with value=0 ... passed
2022-05-24 11:02:45,793 INFO  Executed sudo<outp_check_1>, exit status 0
2022-05-24 11:02:45,795 INFO  Assert that (value==0) with value=0 ... passed
2022-05-24 11:02:45,801 INFO  Grep on file outp_check_1.out ... passed
2022-05-24 11:02:45,806 INFO  
2022-05-24 11:02:45,807 INFO  cleanup:
2022-05-24 11:02:45,812 INFO  
2022-05-24 11:02:45,812 INFO  Test duration: 56.59 secs
2022-05-24 11:02:45,814 INFO  Test final outcome:  PASSED
2022-05-24 11:02:45,814 INFO  
