Unable to find image 'registry:2.7.1' locally
2.7.1: Pulling from library/registry
5cb8b15578b2: Pulling fs layer
7f42adccaa3d: Pulling fs layer
c33cdd195164: Pulling fs layer
1aa54e3652a6: Pulling fs layer
3ef5fbcd4118: Pulling fs layer
1aa54e3652a6: Waiting
3ef5fbcd4118: Waiting
5cb8b15578b2: Verifying Checksum
5cb8b15578b2: Download complete
1aa54e3652a6: Verifying Checksum
1aa54e3652a6: Download complete
3ef5fbcd4118: Verifying Checksum
3ef5fbcd4118: Download complete
c33cdd195164: Verifying Checksum
c33cdd195164: Download complete
5cb8b15578b2: Pull complete
7f42adccaa3d: Verifying Checksum
7f42adccaa3d: Download complete
7f42adccaa3d: Pull complete
c33cdd195164: Pull complete
1aa54e3652a6: Pull complete
3ef5fbcd4118: Pull complete
Digest: sha256:169211e20e2f2d5d115674681eb79d21a217b296b43374b8e39f97fcf866b375
Status: Downloaded newer image for registry:2.7.1
