2022-07-20 13:47:00,507 INFO  ==============================================================
2022-07-20 13:47:00,508 INFO  Id:    docker_plugin_remove_with_version
2022-07-20 13:47:00,510 INFO  Dir:   plugin_docker/
2022-07-20 13:47:00,510 INFO  Title: Validate docker plugin remove with version
2022-07-20 13:47:00,511 INFO  ==============================================================
2022-07-20 13:47:01,288 INFO  Executed sudo<docker_images>, exit status 0
2022-07-20 13:47:01,293 INFO  Grep on file /home/pi/actions-runner/_work/thin-edge.io/thin-edge.io/tests/PySys/plugin_docker/docker_plugin_remove_with_version/Output/linux/docker_images.out ... passed
2022-07-20 13:47:24,252 INFO  Executed sudo<docker_run>, exit status 0, duration 22 secs
2022-07-20 13:47:25,127 INFO  Executed sudo<docker_ps>, exit status 0
2022-07-20 13:47:25,132 INFO  Grep on file /home/pi/actions-runner/_work/thin-edge.io/thin-edge.io/tests/PySys/plugin_docker/docker_plugin_remove_with_version/Output/linux/docker_ps.out ... passed
2022-07-20 13:47:28,770 INFO  Executed sudo<plugin_remove>, exit status 0
2022-07-20 13:47:29,584 INFO  Executed sudo<docker_ps_latest>, exit status 0
2022-07-20 13:47:30,400 INFO  Executed sudo<docker_ps>, exit status 0
2022-07-20 13:47:30,404 INFO  Grep on file /home/pi/actions-runner/_work/thin-edge.io/thin-edge.io/tests/PySys/plugin_docker/docker_plugin_remove_with_version/Output/linux/docker_ps.out ... passed
2022-07-20 13:47:30,410 INFO  
2022-07-20 13:47:30,411 INFO  cleanup:
2022-07-20 13:47:30,412 INFO  Removing containers scheduled to be cleaned up: ['186e55a6d8d8', '1bd2448f92fc', '77a01f284388ec5f4f4db95260dd31259cebcb0fa4fc5ee088b96bb70a60e50e\n', '1f40ac128333a4b6a625f15d6934a1b58b0cf182abaf5a824b11869e1350dae0\n']
2022-07-20 13:47:31,224 WARN  Executed sudo<containers_for_cleanup>, exit status 1
2022-07-20 13:47:31,226 INFO  Removing images scheduled to be cleaned up: ['registry', 'registry', 'registry:2.7.1', 'registry', 'registry:2.7.1']
2022-07-20 13:47:34,806 INFO  Executed sudo<containers_for_cleanup>, exit status 0
2022-07-20 13:47:34,811 INFO  
2022-07-20 13:47:34,812 INFO  Test duration: 34.31 secs
2022-07-20 13:47:34,813 INFO  Test final outcome:  PASSED
2022-07-20 13:47:34,814 INFO  
