2022-04-27 14:02:00,987 INFO  ==============================================================
2022-04-27 14:02:00,988 INFO  Id:    docker_plugin_remove
2022-04-27 14:02:00,989 INFO  Dir:   plugin_docker/
2022-04-27 14:02:00,990 INFO  Title: Validate docker plugin remove
2022-04-27 14:02:00,991 INFO  ==============================================================
2022-04-27 14:02:01,804 INFO  Executed sudo<docker_images>, exit status 0
2022-04-27 14:02:01,809 INFO  Grep on file /home/pi/actions-runner/_work/thin-edge.io/thin-edge.io/tests/PySys/plugin_docker/docker_plugin_remove/Output/linux/docker_images.out ... passed
2022-04-27 14:02:23,535 INFO  Executed sudo<docker_run>, exit status 0, duration 21 secs
2022-04-27 14:02:24,413 INFO  Executed sudo<docker_ps>, exit status 0
2022-04-27 14:02:24,418 INFO  Grep on file /home/pi/actions-runner/_work/thin-edge.io/thin-edge.io/tests/PySys/plugin_docker/docker_plugin_remove/Output/linux/docker_ps.out ... passed
2022-04-27 14:02:27,998 INFO  Executed sudo<plugin_remove>, exit status 0
2022-04-27 14:02:28,813 INFO  Executed sudo<docker_ps_latest>, exit status 0
2022-04-27 14:02:29,578 INFO  Executed sudo<docker_ps>, exit status 0
2022-04-27 14:02:29,585 INFO  Grep on file /home/pi/actions-runner/_work/thin-edge.io/thin-edge.io/tests/PySys/plugin_docker/docker_plugin_remove/Output/linux/docker_ps.out ... passed
2022-04-27 14:02:29,593 INFO  
2022-04-27 14:02:29,594 INFO  cleanup:
2022-04-27 14:02:29,595 INFO  Removing containers scheduled to be cleaned up: ['ec057b028a7e', '74b632190a71', '47926c522036cd817bbed27481bd4a2899ccde833442d9f1064fcc37136b0b81\n']
2022-04-27 14:02:30,409 WARN  Executed sudo<containers_for_cleanup>, exit status 1
2022-04-27 14:02:30,410 INFO  Removing images scheduled to be cleaned up: ['registry', 'registry', 'registry:2.7.1', 'registry']
2022-04-27 14:02:34,093 INFO  Executed sudo<containers_for_cleanup>, exit status 0
2022-04-27 14:02:34,096 INFO  
2022-04-27 14:02:34,097 INFO  Test duration: 33.12 secs
2022-04-27 14:02:34,098 INFO  Test final outcome:  PASSED
2022-04-27 14:02:34,099 INFO  
