2022-05-03 18:55:43,100 INFO  ==============================================================
2022-05-03 18:55:43,100 INFO  Id:    apt_update_list
2022-05-03 18:55:43,102 INFO  Dir:   plugin_apt/
2022-05-03 18:55:43,103 INFO  Title: Validate apt plugin update-list command use case
2022-05-03 18:55:43,103 INFO  ==============================================================
2022-05-03 18:55:50,385 INFO  Executed sudo, exit status 0
2022-05-03 18:56:30,861 INFO  Executed sudo, exit status 0, duration 40 secs
2022-05-03 18:56:47,942 INFO  Executed sudo, exit status 0, duration 17 secs
2022-05-03 18:56:53,196 INFO  Executed sudo<outp_check_0>, exit status 0
2022-05-03 18:56:53,198 INFO  Assert that (value==0) with value=0 ... passed
2022-05-03 18:56:53,204 INFO  Grep on file outp_check_0.out ... passed
2022-05-03 18:56:56,135 INFO  Executed sudo<outp_check_1>, exit status 0
2022-05-03 18:56:56,137 INFO  Assert that (value==0) with value=0 ... passed
2022-05-03 18:56:56,142 INFO  Grep on file outp_check_1.out ... passed
2022-05-03 18:56:58,721 INFO  Executed sudo<outp_check_2>, exit status 0
2022-05-03 18:56:58,723 INFO  Assert that (value==0) with value=0 ... passed
2022-05-03 18:56:58,731 INFO  Grep on file outp_check_2.out ... passed
2022-05-03 18:57:48,413 INFO  Executed sudo<outp_check_3>, exit status 0
2022-05-03 18:57:48,416 INFO  Assert that (value==0) with value=0 ... passed
2022-05-03 18:57:48,423 INFO  Grep on file outp_check_3.out ... passed
2022-05-03 18:57:50,995 INFO  Executed sudo<outp_check_4>, exit status 0
2022-05-03 18:57:50,997 INFO  Assert that (value==0) with value=0 ... passed
2022-05-03 18:57:51,003 INFO  Grep on file outp_check_4.out ... passed
2022-05-03 18:57:53,592 INFO  Executed sudo<outp_check_5>, exit status 0
2022-05-03 18:57:53,594 INFO  Assert that (value==0) with value=0 ... passed
2022-05-03 18:57:53,599 INFO  Grep on file outp_check_5.out ... passed
2022-05-03 18:57:53,605 INFO  
2022-05-03 18:57:53,606 INFO  cleanup:
2022-05-03 18:58:07,134 INFO  Executed sudo, exit status 0, duration 13 secs
2022-05-03 18:58:14,550 INFO  Executed sudo, exit status 0
2022-05-03 18:58:28,658 INFO  Executed sudo, exit status 0, duration 14 secs
2022-05-03 18:58:28,664 INFO  
2022-05-03 18:58:28,665 INFO  Test duration: 165.57 secs
2022-05-03 18:58:28,667 INFO  Test final outcome:  PASSED
2022-05-03 18:58:28,667 INFO  
