2022-06-22 18:33:14,315 INFO  ==============================================================
2022-06-22 18:33:14,316 INFO  Id:    SoftwareManagement.sm_apt_install_remove_with_version
2022-06-22 18:33:14,317 INFO  Dir:   software_management_end_to_end/
2022-06-22 18:33:14,318 INFO  Title: Validate end to end behaviour for the apt plugin for packages with version
2022-06-22 18:33:14,319 INFO  ==============================================================
2022-06-22 18:33:14,327 INFO  Using sw id database: {'asciijump': '5475369', 'robotfindskitten': '5474869', 'squirrel3': '5475279', 'rolldice': '5152439', 'moon-buggy': '5439204', 'apple': '5495053', 'banana': '5494888', 'cherry': '5495382', 'watermelon': '5494510', 'registry': '8018911', 'hello-world': '8021526', 'docker/getting-started': '8021973', 'alpine': '7991792'}
2022-06-22 18:33:14,328 INFO  EnvironmentC8y Setup
2022-06-22 18:33:14,891 INFO  Executed systemctl<serv_mapper1>, exit status 3
2022-06-22 18:33:14,999 INFO  Restarting mosquitto too frequently in the last 10 seconds. It was only up for 4 seconds
2022-06-22 18:33:15,001 INFO  Delaying execution by 7 seconds
2022-06-22 18:33:36,005 INFO  Executed sudo<tedge_connect_c8y>, exit status 0, duration 13 secs
2022-06-22 18:33:36,621 INFO  Executed sudo<tedge_connect_c8y_test>, exit status 0
2022-06-22 18:33:37,103 INFO  Executed systemctl<serv_mosq2>, exit status 0
2022-06-22 18:33:37,567 INFO  Executed systemctl<serv_mapper3>, exit status 0
2022-06-22 18:33:39,792 INFO  State of current operation: FAILED
2022-06-22 18:33:40,050 INFO  Assert that (False == value) with value=False ... passed
2022-06-22 18:33:40,613 INFO  Response status: 201
2022-06-22 18:33:40,615 INFO  Response to action: {
    "delivery": {
        "log": [],
        "time": "2022-06-22T18:33:40.591Z",
        "status": "PENDING"
    },
    "creationTime": "2022-06-22T18:33:40.575Z",
    "deviceName": "m32sd10c",
    "deviceId": "20416696",
    "self": "https://t493319102.eu-latest.cumulocity.com/devicecontrol/operations/20433937",
    "id": "20433937",
    "status": "PENDING",
    "description": "Apply software changes, triggered from PySys: [{'name': 'rolldice', 'id': '5152439', 'version': '1.16-1+b1', 'url': '', 'action': 'install'}]",
    "c8y_SoftwareUpdate": [
        {
            "name": "rolldice",
            "action": "install",
            "id": "5152439",
            "version": "1.16-1+b1",
            "url": ""
        }
    ]
}
2022-06-22 18:33:40,616 INFO  Started operation: {'delivery': {'log': [], 'time': '2022-06-22T18:33:40.591Z', 'status': 'PENDING'}, 'creationTime': '2022-06-22T18:33:40.575Z', 'deviceName': 'm32sd10c', 'deviceId': '20416696', 'self': 'https://t493319102.eu-latest.cumulocity.com/devicecontrol/operations/20433937', 'id': '20433937', 'status': 'PENDING', 'description': "Apply software changes, triggered from PySys: [{'name': 'rolldice', 'id': '5152439', 'version': '1.16-1+b1', 'url': '', 'action': 'install'}]", 'c8y_SoftwareUpdate': [{'name': 'rolldice', 'action': 'install', 'id': '5152439', 'version': '1.16-1+b1', 'url': ''}]}
2022-06-22 18:33:42,825 INFO  State of operation 20433937 : PENDING
2022-06-22 18:33:45,064 INFO  State of operation 20433937 : EXECUTING
2022-06-22 18:33:47,284 INFO  State of operation 20433937 : EXECUTING
2022-06-22 18:33:49,517 INFO  State of operation 20433937 : EXECUTING
2022-06-22 18:33:51,740 INFO  State of operation 20433937 : EXECUTING
2022-06-22 18:33:53,960 INFO  State of operation 20433937 : EXECUTING
2022-06-22 18:33:56,638 INFO  State of operation 20433937 : EXECUTING
2022-06-22 18:33:59,309 INFO  State of operation 20433937 : EXECUTING
2022-06-22 18:34:01,733 INFO  State of operation 20433937 : EXECUTING
2022-06-22 18:34:04,189 INFO  State of operation 20433937 : EXECUTING
2022-06-22 18:34:06,404 INFO  State of operation 20433937 : EXECUTING
2022-06-22 18:34:08,642 INFO  State of operation 20433937 : EXECUTING
2022-06-22 18:34:10,869 INFO  State of operation 20433937 : EXECUTING
2022-06-22 18:34:13,097 INFO  State of operation 20433937 : EXECUTING
2022-06-22 18:34:15,326 INFO  State of operation 20433937 : EXECUTING
2022-06-22 18:34:17,538 INFO  State of operation 20433937 : SUCCESSFUL
2022-06-22 18:34:17,854 INFO  Package rolldice is installed
2022-06-22 18:34:17,857 INFO  Assert that (True == value) with value=True ... passed
2022-06-22 18:34:18,078 INFO  Response status: 201
2022-06-22 18:34:18,080 INFO  Response to action: {
    "delivery": {
        "log": [],
        "time": "2022-06-22T18:34:18.057Z",
        "status": "PENDING"
    },
    "creationTime": "2022-06-22T18:34:18.042Z",
    "deviceName": "m32sd10c",
    "deviceId": "20416696",
    "self": "https://t493319102.eu-latest.cumulocity.com/devicecontrol/operations/20433953",
    "id": "20433953",
    "status": "PENDING",
    "description": "Apply software changes, triggered from PySys: [{'name': 'rolldice', 'id': '5152439', 'version': '88::apt', 'url': '', 'action': 'delete'}]",
    "c8y_SoftwareUpdate": [
        {
            "name": "rolldice",
            "action": "delete",
            "id": "5152439",
            "version": "88::apt",
            "url": ""
        }
    ]
}
2022-06-22 18:34:18,081 INFO  Started operation: {'delivery': {'log': [], 'time': '2022-06-22T18:34:18.057Z', 'status': 'PENDING'}, 'creationTime': '2022-06-22T18:34:18.042Z', 'deviceName': 'm32sd10c', 'deviceId': '20416696', 'self': 'https://t493319102.eu-latest.cumulocity.com/devicecontrol/operations/20433953', 'id': '20433953', 'status': 'PENDING', 'description': "Apply software changes, triggered from PySys: [{'name': 'rolldice', 'id': '5152439', 'version': '88::apt', 'url': '', 'action': 'delete'}]", 'c8y_SoftwareUpdate': [{'name': 'rolldice', 'action': 'delete', 'id': '5152439', 'version': '88::apt', 'url': ''}]}
2022-06-22 18:34:20,307 INFO  State of operation 20433953 : PENDING
2022-06-22 18:34:22,541 INFO  State of operation 20433953 : EXECUTING
2022-06-22 18:34:24,759 INFO  State of operation 20433953 : EXECUTING
2022-06-22 18:34:26,972 INFO  State of operation 20433953 : EXECUTING
2022-06-22 18:34:29,189 INFO  State of operation 20433953 : EXECUTING
2022-06-22 18:34:31,402 INFO  State of operation 20433953 : EXECUTING
2022-06-22 18:34:34,018 INFO  State of operation 20433953 : EXECUTING
2022-06-22 18:34:36,679 INFO  State of operation 20433953 : EXECUTING
2022-06-22 18:34:38,966 INFO  State of operation 20433953 : EXECUTING
2022-06-22 18:34:41,415 INFO  State of operation 20433953 : EXECUTING
2022-06-22 18:34:43,632 INFO  State of operation 20433953 : EXECUTING
2022-06-22 18:34:45,850 INFO  State of operation 20433953 : EXECUTING
2022-06-22 18:34:48,074 INFO  State of operation 20433953 : EXECUTING
2022-06-22 18:34:50,290 INFO  State of operation 20433953 : EXECUTING
2022-06-22 18:34:52,499 INFO  State of operation 20433953 : FAILED
2022-06-22 18:34:52,724 INFO  Package rolldice is installed
2022-06-22 18:34:52,726 INFO  Assert that (True == value) with value=True ... passed
2022-06-22 18:34:53,300 INFO  Response status: 201
2022-06-22 18:34:53,302 INFO  Response to action: {
    "delivery": {
        "log": [],
        "time": "2022-06-22T18:34:53.277Z",
        "status": "PENDING"
    },
    "creationTime": "2022-06-22T18:34:53.256Z",
    "deviceName": "m32sd10c",
    "deviceId": "20416696",
    "self": "https://t493319102.eu-latest.cumulocity.com/devicecontrol/operations/20433962",
    "id": "20433962",
    "status": "PENDING",
    "description": "Apply software changes, triggered from PySys: [{'name': 'rolldice', 'id': '5152439', 'version': '1.16-1+b1', 'url': '', 'action': 'delete'}]",
    "c8y_SoftwareUpdate": [
        {
            "name": "rolldice",
            "action": "delete",
            "id": "5152439",
            "version": "1.16-1+b1",
            "url": ""
        }
    ]
}
2022-06-22 18:34:53,303 INFO  Started operation: {'delivery': {'log': [], 'time': '2022-06-22T18:34:53.277Z', 'status': 'PENDING'}, 'creationTime': '2022-06-22T18:34:53.256Z', 'deviceName': 'm32sd10c', 'deviceId': '20416696', 'self': 'https://t493319102.eu-latest.cumulocity.com/devicecontrol/operations/20433962', 'id': '20433962', 'status': 'PENDING', 'description': "Apply software changes, triggered from PySys: [{'name': 'rolldice', 'id': '5152439', 'version': '1.16-1+b1', 'url': '', 'action': 'delete'}]", 'c8y_SoftwareUpdate': [{'name': 'rolldice', 'action': 'delete', 'id': '5152439', 'version': '1.16-1+b1', 'url': ''}]}
2022-06-22 18:34:55,530 INFO  State of operation 20433962 : PENDING
2022-06-22 18:34:57,760 INFO  State of operation 20433962 : EXECUTING
2022-06-22 18:35:00,001 INFO  State of operation 20433962 : EXECUTING
2022-06-22 18:35:02,219 INFO  State of operation 20433962 : EXECUTING
2022-06-22 18:35:04,433 INFO  State of operation 20433962 : EXECUTING
2022-06-22 18:35:06,647 INFO  State of operation 20433962 : EXECUTING
2022-06-22 18:35:08,872 INFO  State of operation 20433962 : EXECUTING
2022-06-22 18:35:11,701 INFO  State of operation 20433962 : EXECUTING
2022-06-22 18:35:14,453 INFO  State of operation 20433962 : EXECUTING
2022-06-22 18:35:16,806 INFO  State of operation 20433962 : EXECUTING
2022-06-22 18:35:19,024 INFO  State of operation 20433962 : EXECUTING
2022-06-22 18:35:21,244 INFO  State of operation 20433962 : EXECUTING
2022-06-22 18:35:23,470 INFO  State of operation 20433962 : EXECUTING
2022-06-22 18:35:25,692 INFO  State of operation 20433962 : EXECUTING
2022-06-22 18:35:27,913 INFO  State of operation 20433962 : EXECUTING
2022-06-22 18:35:30,270 INFO  State of operation 20433962 : EXECUTING
2022-06-22 18:35:32,664 INFO  State of operation 20433962 : EXECUTING
2022-06-22 18:35:35,300 INFO  State of operation 20433962 : EXECUTING
2022-06-22 18:35:37,694 INFO  State of operation 20433962 : EXECUTING
2022-06-22 18:35:39,910 INFO  State of operation 20433962 : EXECUTING
2022-06-22 18:35:42,125 INFO  State of operation 20433962 : EXECUTING
2022-06-22 18:35:44,339 INFO  State of operation 20433962 : EXECUTING
2022-06-22 18:35:46,575 INFO  State of operation 20433962 : EXECUTING
2022-06-22 18:35:48,786 INFO  State of operation 20433962 : SUCCESSFUL
2022-06-22 18:35:49,330 INFO  Assert that (False == value) with value=False ... passed
2022-06-22 18:35:49,343 INFO  
2022-06-22 18:35:49,344 INFO  cleanup:
2022-06-22 18:35:53,386 INFO  Executed sudo<tedge_disconnect_c8y>, exit status 0
2022-06-22 18:35:53,985 INFO  Executed systemctl<serv_mapper5>, exit status 3
2022-06-22 18:35:53,989 INFO  
2022-06-22 18:35:53,990 INFO  Test duration: 159.69 secs
2022-06-22 18:35:53,991 INFO  Test final outcome:  PASSED
2022-06-22 18:35:53,992 INFO  
