2022-04-25 21:31:11,774 INFO  ==============================================================
2022-04-25 21:31:11,775 INFO  Id:    tedge_mapper_az_without_timestamp
2022-04-25 21:31:11,776 INFO  Dir:   tedge_mapper_az/
2022-04-25 21:31:11,777 INFO  Title: Validate the Azure Mapper that publishes a Thin Edge JSON message without timestamp on az/messages/events/ when it receives a valid JSON message on tedge/measurements and az.mapper.timestamp is configured false
2022-04-25 21:31:11,777 INFO  ==============================================================
2022-04-25 21:31:12,296 INFO  Executed sudo<tedge_temp>, exit status 0
2022-04-25 21:31:12,863 INFO  Executed sudo<tedge_mapper_az>, exit status 0
2022-04-25 21:31:12,874 INFO  Started sudo<tedge_sub> with process id 21306
2022-04-25 21:31:13,542 INFO  Executed sudo<tedge_temp>, exit status 0
2022-04-25 21:31:14,056 INFO  Executed sudo<kill_out>, exit status 0
2022-04-25 21:31:14,061 INFO  Assert that (actual == expected) with actual=12.0, expected=12 ... passed
2022-04-25 21:31:14,065 INFO  Grep on file tedge_sub.out ... passed
2022-04-25 21:31:14,071 INFO  
2022-04-25 21:31:14,072 INFO  cleanup:
2022-04-25 21:31:14,073 INFO  mapper_cleanup
2022-04-25 21:31:14,685 INFO  Executed sudo<tedge_mapper_az>, exit status 0
2022-04-25 21:31:15,199 INFO  Executed sudo<tedge_temp>, exit status 0
2022-04-25 21:31:15,204 INFO  
2022-04-25 21:31:15,204 INFO  Test duration: 3.44 secs
2022-04-25 21:31:15,206 INFO  Test final outcome:  PASSED
2022-04-25 21:31:15,206 INFO  
