2022-06-15 12:15:27,622 INFO  ==============================================================
2022-06-15 12:15:27,623 INFO  Id:    SoftwareManagement.sm_mixed_install_remove_multiple
2022-06-15 12:15:27,624 INFO  Dir:   software_management_end_to_end/
2022-06-15 12:15:27,625 INFO  Title: Validate end to end behaviour for the dummy-plugin for multiple packages with mixed versions
2022-06-15 12:15:27,626 INFO  ==============================================================
2022-06-15 12:15:27,636 INFO  Using sw id database: {'asciijump': '5475369', 'robotfindskitten': '5474869', 'squirrel3': '5475279', 'rolldice': '5152439', 'moon-buggy': '5439204', 'apple': '5495053', 'banana': '5494888', 'cherry': '5495382', 'watermelon': '5494510', 'registry': '8018911', 'hello-world': '8021526', 'docker/getting-started': '8021973', 'alpine': '7991792'}
2022-06-15 12:15:27,637 INFO  EnvironmentC8y Setup
2022-06-15 12:15:28,249 INFO  Executed systemctl<serv_mapper1>, exit status 3
2022-06-15 12:15:28,362 INFO  Restarting mosquitto too frequently in the last 10 seconds. It was only up for 4 seconds
2022-06-15 12:15:28,364 INFO  Delaying execution by 7 seconds
2022-06-15 12:15:49,469 INFO  Executed sudo<tedge_connect_c8y>, exit status 0, duration 14 secs
2022-06-15 12:15:50,088 INFO  Executed sudo<tedge_connect_c8y_test>, exit status 0
2022-06-15 12:15:50,550 INFO  Executed systemctl<serv_mosq2>, exit status 0
2022-06-15 12:15:51,013 INFO  Executed systemctl<serv_mapper3>, exit status 0
2022-06-15 12:15:53,246 INFO  State of current operation: SUCCESSFUL
2022-06-15 12:15:53,497 INFO  Package apple is installed
2022-06-15 12:15:53,499 INFO  Assert that (True == value) with value=True ... passed
2022-06-15 12:15:53,731 INFO  Package banana is installed
2022-06-15 12:15:53,733 INFO  Assert that (True == value) with value=True ... passed
2022-06-15 12:15:53,975 INFO  Package cherry is installed
2022-06-15 12:15:53,977 INFO  Assert that (True == value) with value=True ... passed
2022-06-15 12:15:54,237 INFO  Package asciijump is installed
2022-06-15 12:15:54,271 WARN  Assert that (False == value) with value=True ... failed 
2022-06-15 12:15:54,509 INFO  Assert that (False == value) with value=False ... passed
2022-06-15 12:15:54,740 INFO  Response status: 201
2022-06-15 12:15:54,742 INFO  Response to action: {
    "creationTime": "2022-06-15T12:15:54.694Z",
    "deviceName": "m32sd10b",
    "deviceId": "20221101",
    "self": "https://t493319102.eu-latest.cumulocity.com/devicecontrol/operations/20232466",
    "id": "20232466",
    "status": "PENDING",
    "description": "Apply software changes, triggered from PySys: [{'action': 'install', 'id': '5495053', 'name': 'apple', 'url': ' ', 'version': '::fruits'}, {'action': 'install', 'id': '5494888', 'name': 'banana', 'url': ' ', 'version': '::fruits'}, {'action': 'install', 'id': '5475369', 'name': 'asciijump', 'url': ' ', 'version': '::apt'}, {'action': 'install', 'id': '5495382', 'name': 'cherry', 'url': ' ', 'version': '::fruits'}, {'action': 'install', 'id': '8018911', 'name': 'registry', 'url': ' ', 'version': '::docker'}]",
    "c8y_SoftwareUpdate": [
        {
            "name": "apple",
            "action": "install",
            "id": "5495053",
            "version": "::fruits",
            "url": " "
        },
        {
            "name": "banana",
            "action": "install",
            "id": "5494888",
            "version": "::fruits",
            "url": " "
        },
        {
            "name": "asciijump",
            "action": "install",
            "id": "5475369",
            "version": "::apt",
            "url": " "
        },
        {
            "name": "cherry",
            "action": "install",
            "id": "5495382",
            "version": "::fruits",
            "url": " "
        },
        {
            "name": "registry",
            "action": "install",
            "id": "8018911",
            "version": "::docker",
            "url": " "
        }
    ]
}
2022-06-15 12:15:54,743 INFO  Started operation: {'creationTime': '2022-06-15T12:15:54.694Z', 'deviceName': 'm32sd10b', 'deviceId': '20221101', 'self': 'https://t493319102.eu-latest.cumulocity.com/devicecontrol/operations/20232466', 'id': '20232466', 'status': 'PENDING', 'description': "Apply software changes, triggered from PySys: [{'action': 'install', 'id': '5495053', 'name': 'apple', 'url': ' ', 'version': '::fruits'}, {'action': 'install', 'id': '5494888', 'name': 'banana', 'url': ' ', 'version': '::fruits'}, {'action': 'install', 'id': '5475369', 'name': 'asciijump', 'url': ' ', 'version': '::apt'}, {'action': 'install', 'id': '5495382', 'name': 'cherry', 'url': ' ', 'version': '::fruits'}, {'action': 'install', 'id': '8018911', 'name': 'registry', 'url': ' ', 'version': '::docker'}]", 'c8y_SoftwareUpdate': [{'name': 'apple', 'action': 'install', 'id': '5495053', 'version': '::fruits', 'url': ' '}, {'name': 'banana', 'action': 'install', 'id': '5494888', 'version': '::fruits', 'url': ' '}, {'name': 'asciijump', 'action': 'install', 'id': '5475369', 'version': '::apt', 'url': ' '}, {'name': 'cherry', 'action': 'install', 'id': '5495382', 'version': '::fruits', 'url': ' '}, {'name': 'registry', 'action': 'install', 'id': '8018911', 'version': '::docker', 'url': ' '}]}
2022-06-15 12:15:56,962 INFO  State of operation 20232466 : PENDING
2022-06-15 12:15:59,187 INFO  State of operation 20232466 : EXECUTING
2022-06-15 12:16:01,411 INFO  State of operation 20232466 : EXECUTING
2022-06-15 12:16:03,632 INFO  State of operation 20232466 : EXECUTING
2022-06-15 12:16:05,865 INFO  State of operation 20232466 : EXECUTING
2022-06-15 12:16:08,077 INFO  State of operation 20232466 : EXECUTING
2022-06-15 12:16:10,759 INFO  State of operation 20232466 : EXECUTING
2022-06-15 12:16:13,401 INFO  State of operation 20232466 : EXECUTING
2022-06-15 12:16:15,789 INFO  State of operation 20232466 : EXECUTING
2022-06-15 12:16:18,189 INFO  State of operation 20232466 : EXECUTING
2022-06-15 12:16:20,413 INFO  State of operation 20232466 : EXECUTING
2022-06-15 12:16:22,667 INFO  State of operation 20232466 : EXECUTING
2022-06-15 12:16:24,894 INFO  State of operation 20232466 : EXECUTING
2022-06-15 12:16:27,122 INFO  State of operation 20232466 : EXECUTING
2022-06-15 12:16:29,331 INFO  State of operation 20232466 : EXECUTING
2022-06-15 12:16:31,585 INFO  State of operation 20232466 : EXECUTING
2022-06-15 12:16:33,831 INFO  State of operation 20232466 : EXECUTING
2022-06-15 12:16:36,081 INFO  State of operation 20232466 : EXECUTING
2022-06-15 12:16:38,299 INFO  State of operation 20232466 : EXECUTING
2022-06-15 12:16:40,530 INFO  State of operation 20232466 : EXECUTING
2022-06-15 12:16:42,747 INFO  State of operation 20232466 : EXECUTING
2022-06-15 12:16:44,996 INFO  State of operation 20232466 : EXECUTING
2022-06-15 12:16:47,234 INFO  State of operation 20232466 : EXECUTING
2022-06-15 12:16:49,543 INFO  State of operation 20232466 : EXECUTING
2022-06-15 12:16:51,774 INFO  State of operation 20232466 : EXECUTING
2022-06-15 12:16:53,991 INFO  State of operation 20232466 : SUCCESSFUL
2022-06-15 12:16:54,220 INFO  Package apple is installed
2022-06-15 12:16:54,222 INFO  Assert that (True == value) with value=True ... passed
2022-06-15 12:16:54,460 INFO  Package banana is installed
2022-06-15 12:16:54,462 INFO  Assert that (True == value) with value=True ... passed
2022-06-15 12:16:54,683 INFO  Package cherry is installed
2022-06-15 12:16:54,685 INFO  Assert that (True == value) with value=True ... passed
2022-06-15 12:16:54,922 INFO  Package asciijump is installed
2022-06-15 12:16:54,924 INFO  Assert that (True == value) with value=True ... passed
2022-06-15 12:16:55,143 INFO  Package registry is installed
2022-06-15 12:16:55,145 INFO  Assert that (True == value) with value=True ... passed
2022-06-15 12:16:55,371 INFO  Response status: 201
2022-06-15 12:16:55,373 INFO  Response to action: {
    "creationTime": "2022-06-15T12:16:55.325Z",
    "deviceName": "m32sd10b",
    "deviceId": "20221101",
    "self": "https://t493319102.eu-latest.cumulocity.com/devicecontrol/operations/20232474",
    "id": "20232474",
    "status": "PENDING",
    "description": "Apply software changes, triggered from PySys: [{'action': 'delete', 'id': '5495053', 'name': 'apple', 'url': ' ', 'version': '::fruits'}, {'action': 'delete', 'id': '5494888', 'name': 'banana', 'url': ' ', 'version': '::fruits'}, {'action': 'delete', 'id': '5475369', 'name': 'asciijump', 'url': ' ', 'version': '::apt'}, {'action': 'delete', 'id': '5495382', 'name': 'cherry', 'url': ' ', 'version': '::fruits'}, {'action': 'delete', 'id': '8018911', 'name': 'registry', 'url': ' ', 'version': '::docker'}]",
    "c8y_SoftwareUpdate": [
        {
            "name": "apple",
            "action": "delete",
            "id": "5495053",
            "version": "::fruits",
            "url": " "
        },
        {
            "name": "banana",
            "action": "delete",
            "id": "5494888",
            "version": "::fruits",
            "url": " "
        },
        {
            "name": "asciijump",
            "action": "delete",
            "id": "5475369",
            "version": "::apt",
            "url": " "
        },
        {
            "name": "cherry",
            "action": "delete",
            "id": "5495382",
            "version": "::fruits",
            "url": " "
        },
        {
            "name": "registry",
            "action": "delete",
            "id": "8018911",
            "version": "::docker",
            "url": " "
        }
    ]
}
2022-06-15 12:16:55,373 INFO  Started operation: {'creationTime': '2022-06-15T12:16:55.325Z', 'deviceName': 'm32sd10b', 'deviceId': '20221101', 'self': 'https://t493319102.eu-latest.cumulocity.com/devicecontrol/operations/20232474', 'id': '20232474', 'status': 'PENDING', 'description': "Apply software changes, triggered from PySys: [{'action': 'delete', 'id': '5495053', 'name': 'apple', 'url': ' ', 'version': '::fruits'}, {'action': 'delete', 'id': '5494888', 'name': 'banana', 'url': ' ', 'version': '::fruits'}, {'action': 'delete', 'id': '5475369', 'name': 'asciijump', 'url': ' ', 'version': '::apt'}, {'action': 'delete', 'id': '5495382', 'name': 'cherry', 'url': ' ', 'version': '::fruits'}, {'action': 'delete', 'id': '8018911', 'name': 'registry', 'url': ' ', 'version': '::docker'}]", 'c8y_SoftwareUpdate': [{'name': 'apple', 'action': 'delete', 'id': '5495053', 'version': '::fruits', 'url': ' '}, {'name': 'banana', 'action': 'delete', 'id': '5494888', 'version': '::fruits', 'url': ' '}, {'name': 'asciijump', 'action': 'delete', 'id': '5475369', 'version': '::apt', 'url': ' '}, {'name': 'cherry', 'action': 'delete', 'id': '5495382', 'version': '::fruits', 'url': ' '}, {'name': 'registry', 'action': 'delete', 'id': '8018911', 'version': '::docker', 'url': ' '}]}
2022-06-15 12:16:57,593 INFO  State of operation 20232474 : PENDING
2022-06-15 12:16:59,830 INFO  State of operation 20232474 : EXECUTING
2022-06-15 12:17:02,080 INFO  State of operation 20232474 : EXECUTING
2022-06-15 12:17:04,297 INFO  State of operation 20232474 : EXECUTING
2022-06-15 12:17:06,525 INFO  State of operation 20232474 : EXECUTING
2022-06-15 12:17:08,747 INFO  State of operation 20232474 : EXECUTING
2022-06-15 12:17:11,451 INFO  State of operation 20232474 : EXECUTING
2022-06-15 12:17:13,807 INFO  State of operation 20232474 : EXECUTING
2022-06-15 12:17:16,430 INFO  State of operation 20232474 : EXECUTING
2022-06-15 12:17:18,943 INFO  State of operation 20232474 : EXECUTING
2022-06-15 12:17:21,170 INFO  State of operation 20232474 : EXECUTING
2022-06-15 12:17:23,405 INFO  State of operation 20232474 : EXECUTING
2022-06-15 12:17:25,625 INFO  State of operation 20232474 : EXECUTING
2022-06-15 12:17:27,879 INFO  State of operation 20232474 : EXECUTING
2022-06-15 12:17:30,113 INFO  State of operation 20232474 : EXECUTING
2022-06-15 12:17:32,469 INFO  State of operation 20232474 : EXECUTING
2022-06-15 12:17:35,161 INFO  State of operation 20232474 : EXECUTING
2022-06-15 12:17:37,417 INFO  State of operation 20232474 : EXECUTING
2022-06-15 12:17:39,771 INFO  State of operation 20232474 : EXECUTING
2022-06-15 12:17:41,988 INFO  State of operation 20232474 : EXECUTING
2022-06-15 12:17:44,206 INFO  State of operation 20232474 : EXECUTING
2022-06-15 12:17:46,435 INFO  State of operation 20232474 : EXECUTING
2022-06-15 12:17:48,681 INFO  State of operation 20232474 : EXECUTING
2022-06-15 12:17:51,279 INFO  State of operation 20232474 : EXECUTING
2022-06-15 12:17:53,635 INFO  State of operation 20232474 : EXECUTING
2022-06-15 12:17:55,919 INFO  State of operation 20232474 : EXECUTING
2022-06-15 12:17:58,143 INFO  State of operation 20232474 : EXECUTING
2022-06-15 12:18:00,372 INFO  State of operation 20232474 : EXECUTING
2022-06-15 12:18:02,644 INFO  State of operation 20232474 : EXECUTING
2022-06-15 12:18:04,876 INFO  State of operation 20232474 : EXECUTING
2022-06-15 12:18:07,093 INFO  State of operation 20232474 : SUCCESSFUL
2022-06-15 12:18:07,330 INFO  Package apple is installed
2022-06-15 12:18:07,332 INFO  Assert that (True == value) with value=True ... passed
2022-06-15 12:18:07,562 INFO  Package banana is installed
2022-06-15 12:18:07,564 INFO  Assert that (True == value) with value=True ... passed
2022-06-15 12:18:07,790 INFO  Package cherry is installed
2022-06-15 12:18:07,792 INFO  Assert that (True == value) with value=True ... passed
2022-06-15 12:18:08,028 INFO  Assert that (False == value) with value=False ... passed
2022-06-15 12:18:08,261 INFO  Assert that (False == value) with value=False ... passed
2022-06-15 12:18:08,272 INFO  
2022-06-15 12:18:08,273 INFO  cleanup:
2022-06-15 12:18:12,387 INFO  Executed sudo<tedge_disconnect_c8y>, exit status 0
2022-06-15 12:18:13,009 INFO  Executed systemctl<serv_mapper5>, exit status 3
2022-06-15 12:18:13,013 INFO  
2022-06-15 12:18:13,013 INFO  Test duration: 165.40 secs
2022-06-15 12:18:13,015 INFO  Test final outcome:  FAILED
2022-06-15 12:18:13,016 INFO  Test outcome reason: Assert that (False == value) with value=True
2022-06-15 12:18:13,017 INFO  
