2022-07-22 10:27:39,566 INFO  ==============================================================
2022-07-22 10:27:39,567 INFO  Id:    SoftwareManagement.sm_apt_install_remove_default
2022-07-22 10:27:39,568 INFO  Dir:   software_management_end_to_end/
2022-07-22 10:27:39,569 INFO  Title: Validate end to end behaviour for the default plugin for installation and removal of packages
2022-07-22 10:27:39,570 INFO  ==============================================================
2022-07-22 10:27:39,576 INFO  Using sw id database: {'asciijump': '5475369', 'robotfindskitten': '5474869', 'squirrel3': '5475279', 'rolldice': '5152439', 'moon-buggy': '5439204', 'apple': '5495053', 'banana': '5494888', 'cherry': '5495382', 'watermelon': '5494510', 'registry': '8018911', 'hello-world': '8021526', 'docker/getting-started': '8021973', 'alpine': '7991792'}
2022-07-22 10:27:39,578 INFO  EnvironmentC8y Setup
2022-07-22 10:27:40,139 INFO  Executed systemctl<serv_mapper1>, exit status 3
2022-07-22 10:27:40,246 INFO  Restarting mosquitto too frequently in the last 10 seconds. It was only up for 5 seconds
2022-07-22 10:27:40,247 INFO  Delaying execution by 6 seconds
2022-07-22 10:28:00,289 INFO  Executed sudo<tedge_connect_c8y>, exit status 0, duration 14 secs
2022-07-22 10:28:00,927 INFO  Executed sudo<tedge_connect_c8y_test>, exit status 0
2022-07-22 10:28:01,426 INFO  Executed systemctl<serv_mosq2>, exit status 0
2022-07-22 10:28:01,889 INFO  Executed systemctl<serv_mapper3>, exit status 0
2022-07-22 10:28:04,112 INFO  State of current operation: SUCCESSFUL
2022-07-22 10:28:04,361 INFO  Assert that (False == value) with value=False ... passed
2022-07-22 10:28:04,586 INFO  Response status: 201
2022-07-22 10:28:04,587 INFO  Response to action: {
    "creationTime": "2022-07-22T10:28:04.553Z",
    "deviceId": "21266401",
    "deviceName": "m32sd10b",
    "self": "https://t493319102.eu-latest.cumulocity.com/devicecontrol/operations/21274972",
    "id": "21274972",
    "status": "PENDING",
    "description": "Apply software changes, triggered from PySys: [{'name': 'rolldice', 'id': '5152439', 'version': ' ', 'url': '', 'action': 'install'}]",
    "c8y_SoftwareUpdate": [
        {
            "name": "rolldice",
            "action": "install",
            "id": "5152439",
            "version": " ",
            "url": ""
        }
    ]
}
2022-07-22 10:28:04,588 INFO  Started operation: {'creationTime': '2022-07-22T10:28:04.553Z', 'deviceId': '21266401', 'deviceName': 'm32sd10b', 'self': 'https://t493319102.eu-latest.cumulocity.com/devicecontrol/operations/21274972', 'id': '21274972', 'status': 'PENDING', 'description': "Apply software changes, triggered from PySys: [{'name': 'rolldice', 'id': '5152439', 'version': ' ', 'url': '', 'action': 'install'}]", 'c8y_SoftwareUpdate': [{'name': 'rolldice', 'action': 'install', 'id': '5152439', 'version': ' ', 'url': ''}]}
2022-07-22 10:28:06,806 INFO  State of operation 21274972 : PENDING
2022-07-22 10:28:09,031 INFO  State of operation 21274972 : EXECUTING
2022-07-22 10:28:11,247 INFO  State of operation 21274972 : EXECUTING
2022-07-22 10:28:13,468 INFO  State of operation 21274972 : EXECUTING
2022-07-22 10:28:15,690 INFO  State of operation 21274972 : EXECUTING
2022-07-22 10:28:17,909 INFO  State of operation 21274972 : EXECUTING
2022-07-22 10:28:20,890 INFO  State of operation 21274972 : EXECUTING
2022-07-22 10:28:23,629 INFO  State of operation 21274972 : EXECUTING
2022-07-22 10:28:26,012 INFO  State of operation 21274972 : EXECUTING
2022-07-22 10:28:28,673 INFO  State of operation 21274972 : EXECUTING
2022-07-22 10:28:30,892 INFO  State of operation 21274972 : EXECUTING
2022-07-22 10:28:33,115 INFO  State of operation 21274972 : EXECUTING
2022-07-22 10:28:35,367 INFO  State of operation 21274972 : EXECUTING
2022-07-22 10:28:37,604 INFO  State of operation 21274972 : EXECUTING
2022-07-22 10:28:40,011 INFO  State of operation 21274972 : EXECUTING
2022-07-22 10:28:42,761 INFO  State of operation 21274972 : EXECUTING
2022-07-22 10:28:44,982 INFO  State of operation 21274972 : EXECUTING
2022-07-22 10:28:47,206 INFO  State of operation 21274972 : EXECUTING
2022-07-22 10:28:49,422 INFO  State of operation 21274972 : EXECUTING
2022-07-22 10:28:52,115 INFO  State of operation 21274972 : EXECUTING
2022-07-22 10:28:54,370 INFO  State of operation 21274972 : EXECUTING
2022-07-22 10:28:57,134 INFO  State of operation 21274972 : EXECUTING
2022-07-22 10:28:59,346 INFO  State of operation 21274972 : EXECUTING
2022-07-22 10:29:01,618 INFO  State of operation 21274972 : EXECUTING
2022-07-22 10:29:03,828 INFO  State of operation 21274972 : EXECUTING
2022-07-22 10:29:06,666 INFO  State of operation 21274972 : EXECUTING
2022-07-22 10:29:08,936 INFO  State of operation 21274972 : EXECUTING
2022-07-22 10:29:11,466 INFO  State of operation 21274972 : EXECUTING
2022-07-22 10:29:13,687 INFO  State of operation 21274972 : EXECUTING
2022-07-22 10:29:15,900 INFO  State of operation 21274972 : EXECUTING
2022-07-22 10:29:18,108 INFO  State of operation 21274972 : EXECUTING
2022-07-22 10:29:20,319 INFO  State of operation 21274972 : SUCCESSFUL
2022-07-22 10:29:20,537 INFO  Package rolldice is installed
2022-07-22 10:29:20,540 INFO  Assert that (True == value) with value=True ... passed
2022-07-22 10:29:20,766 INFO  Response status: 201
2022-07-22 10:29:20,767 INFO  Response to action: {
    "creationTime": "2022-07-22T10:29:20.731Z",
    "deviceId": "21266401",
    "deviceName": "m32sd10b",
    "self": "https://t493319102.eu-latest.cumulocity.com/devicecontrol/operations/21274982",
    "id": "21274982",
    "status": "PENDING",
    "description": "Apply software changes, triggered from PySys: [{'name': 'rolldice', 'id': '5152439', 'version': ' ', 'url': '', 'action': 'delete'}]",
    "c8y_SoftwareUpdate": [
        {
            "name": "rolldice",
            "action": "delete",
            "id": "5152439",
            "version": " ",
            "url": ""
        }
    ]
}
2022-07-22 10:29:20,768 INFO  Started operation: {'creationTime': '2022-07-22T10:29:20.731Z', 'deviceId': '21266401', 'deviceName': 'm32sd10b', 'self': 'https://t493319102.eu-latest.cumulocity.com/devicecontrol/operations/21274982', 'id': '21274982', 'status': 'PENDING', 'description': "Apply software changes, triggered from PySys: [{'name': 'rolldice', 'id': '5152439', 'version': ' ', 'url': '', 'action': 'delete'}]", 'c8y_SoftwareUpdate': [{'name': 'rolldice', 'action': 'delete', 'id': '5152439', 'version': ' ', 'url': ''}]}
2022-07-22 10:29:22,985 INFO  State of operation 21274982 : PENDING
2022-07-22 10:29:25,218 INFO  State of operation 21274982 : EXECUTING
2022-07-22 10:29:27,432 INFO  State of operation 21274982 : EXECUTING
2022-07-22 10:29:29,665 INFO  State of operation 21274982 : EXECUTING
2022-07-22 10:29:31,876 INFO  State of operation 21274982 : EXECUTING
2022-07-22 10:29:34,092 INFO  State of operation 21274982 : EXECUTING
2022-07-22 10:29:37,021 INFO  State of operation 21274982 : EXECUTING
2022-07-22 10:29:39,661 INFO  State of operation 21274982 : EXECUTING
2022-07-22 10:29:41,893 INFO  State of operation 21274982 : EXECUTING
2022-07-22 10:29:44,375 INFO  State of operation 21274982 : EXECUTING
2022-07-22 10:29:46,590 INFO  State of operation 21274982 : EXECUTING
2022-07-22 10:29:48,804 INFO  State of operation 21274982 : EXECUTING
2022-07-22 10:29:51,030 INFO  State of operation 21274982 : EXECUTING
2022-07-22 10:29:53,246 INFO  State of operation 21274982 : EXECUTING
2022-07-22 10:29:55,552 INFO  State of operation 21274982 : EXECUTING
2022-07-22 10:29:58,255 INFO  State of operation 21274982 : EXECUTING
2022-07-22 10:30:00,487 INFO  State of operation 21274982 : EXECUTING
2022-07-22 10:30:02,923 INFO  State of operation 21274982 : EXECUTING
2022-07-22 10:30:05,143 INFO  State of operation 21274982 : EXECUTING
2022-07-22 10:30:07,736 INFO  State of operation 21274982 : EXECUTING
2022-07-22 10:30:09,981 INFO  State of operation 21274982 : EXECUTING
2022-07-22 10:30:12,195 INFO  State of operation 21274982 : SUCCESSFUL
2022-07-22 10:30:12,423 INFO  Assert that (False == value) with value=False ... passed
2022-07-22 10:30:12,435 INFO  
2022-07-22 10:30:12,436 INFO  cleanup:
2022-07-22 10:30:16,549 INFO  Executed sudo<tedge_disconnect_c8y>, exit status 0
2022-07-22 10:30:17,146 INFO  Executed systemctl<serv_mapper5>, exit status 3
2022-07-22 10:30:17,152 INFO  
2022-07-22 10:30:17,152 INFO  Test duration: 157.60 secs
2022-07-22 10:30:17,154 INFO  Test final outcome:  PASSED
2022-07-22 10:30:17,155 INFO  
