2022-04-25 21:57:55,284 INFO  ==============================================================
2022-04-25 21:57:55,285 INFO  Id:    docker_plugin_install_with_version
2022-04-25 21:57:55,286 INFO  Dir:   plugin_docker/
2022-04-25 21:57:55,287 INFO  Title: Validate docker plugin install
2022-04-25 21:57:55,288 INFO  ==============================================================
2022-04-25 21:57:56,056 INFO  Executed sudo<docker_images>, exit status 0
2022-04-25 21:57:56,061 INFO  Grep on file /home/pi/actions-runner/_work/thin-edge.io/thin-edge.io/tests/PySys/plugin_docker/docker_plugin_install_with_version/Output/linux/docker_images.out ... passed
2022-04-25 21:58:20,025 INFO  Executed sudo<plugin_install>, exit status 0, duration 23 secs
2022-04-25 21:58:20,849 INFO  Executed sudo<docker_ps_latest>, exit status 0
2022-04-25 21:58:21,667 INFO  Executed sudo<docker_ps>, exit status 0
2022-04-25 21:58:21,673 INFO  Grep on file /home/pi/actions-runner/_work/thin-edge.io/thin-edge.io/tests/PySys/plugin_docker/docker_plugin_install_with_version/Output/linux/docker_ps.out ... passed
2022-04-25 21:58:21,679 INFO  
2022-04-25 21:58:21,680 INFO  cleanup:
2022-04-25 21:58:21,681 INFO  Removing containers scheduled to be cleaned up: ['c7262313c1c7', '358ed426f115']
2022-04-25 21:58:24,585 WARN  Executed sudo<containers_for_cleanup>, exit status 1
2022-04-25 21:58:24,587 INFO  Removing images scheduled to be cleaned up: ['registry', 'registry', 'registry:2.7.1']
2022-04-25 21:58:28,265 INFO  Executed sudo<containers_for_cleanup>, exit status 0
2022-04-25 21:58:28,269 INFO  
2022-04-25 21:58:28,270 INFO  Test duration: 32.99 secs
2022-04-25 21:58:28,271 INFO  Test final outcome:  PASSED
2022-04-25 21:58:28,272 INFO  
