2022-07-26 16:37:42,458 INFO  ==============================================================
2022-07-26 16:37:42,459 INFO  Id:    apt_install_local_file_with_version_fail
2022-07-26 16:37:42,460 INFO  Dir:   plugin_apt/
2022-07-26 16:37:42,461 INFO  Title: Validate apt plugin install from local file AND with a version - FAIL case
2022-07-26 16:37:42,461 INFO  ==============================================================
2022-07-26 16:37:44,496 INFO  URL of rolldice is b"'http://mirror.mythic-beasts.com/raspbian/pool/main/r/rolldice/rolldice_1.16-1+b1_armhf.deb'"
2022-07-26 16:37:46,609 INFO  Downloaded rolldcice in version 1.16-1+b1
2022-07-26 16:37:46,611 INFO  Filename is rolldice_1.16-1+b1_armhf.deb
2022-07-26 16:38:00,069 INFO  Executed sudo, exit status 0, duration 13 secs
2022-07-26 16:38:05,350 INFO  Executed sudo<outp_check_0>, exit status 0
2022-07-26 16:38:05,353 INFO  Assert that (value==0) with value=0 ... passed
2022-07-26 16:38:05,358 INFO  Grep on file outp_check_0.out ... passed
2022-07-26 16:38:06,221 INFO  Executed sudo<outp_install>, exit status 5
2022-07-26 16:38:06,223 INFO  Assert that (value==5) with value=5 ... passed
2022-07-26 16:38:08,847 INFO  Executed sudo<outp_check_1>, exit status 0
2022-07-26 16:38:08,849 INFO  Assert that (value==0) with value=0 ... passed
2022-07-26 16:38:08,854 INFO  Grep on file outp_check_1.out ... passed
2022-07-26 16:38:08,860 INFO  
2022-07-26 16:38:08,861 INFO  cleanup:
2022-07-26 16:38:08,864 INFO  
2022-07-26 16:38:08,865 INFO  Test duration: 26.41 secs
2022-07-26 16:38:08,866 INFO  Test final outcome:  PASSED
2022-07-26 16:38:08,867 INFO  
