2022-05-13 16:12:51,612 INFO  ==============================================================
2022-05-13 16:12:51,613 INFO  Id:    SoftwareManagement.sm_docker_install_remove_multiple
2022-05-13 16:12:51,614 INFO  Dir:   software_management_end_to_end/
2022-05-13 16:12:51,615 INFO  Title: Validate end to end behaviour for the docker plugin for multiple docker images with mixed versions
2022-05-13 16:12:51,615 INFO  ==============================================================
2022-05-13 16:12:51,625 INFO  Using sw id database: {'asciijump': '5475369', 'robotfindskitten': '5474869', 'squirrel3': '5475279', 'rolldice': '5152439', 'moon-buggy': '5439204', 'apple': '5495053', 'banana': '5494888', 'cherry': '5495382', 'watermelon': '5494510', 'registry': '8018911', 'hello-world': '8021526', 'docker/getting-started': '8021973', 'alpine': '7991792'}
2022-05-13 16:12:51,626 INFO  EnvironmentC8y Setup
2022-05-13 16:12:52,188 INFO  Executed systemctl<serv_mapper1>, exit status 3
2022-05-13 16:12:52,313 INFO  Restarting mosquitto too frequently in the last 10 seconds. It was only up for 5 seconds
2022-05-13 16:12:52,314 INFO  Delaying execution by 6 seconds
2022-05-13 16:13:12,212 INFO  Executed sudo<tedge_connect_c8y>, exit status 0, duration 13 secs
2022-05-13 16:13:12,830 INFO  Executed sudo<tedge_connect_c8y_test>, exit status 0
2022-05-13 16:13:13,294 INFO  Executed systemctl<serv_mosq2>, exit status 0
2022-05-13 16:13:13,756 INFO  Executed systemctl<serv_mapper3>, exit status 0
2022-05-13 16:13:15,979 INFO  State of current operation: SUCCESSFUL
2022-05-13 16:13:16,203 INFO  Response status: 201
2022-05-13 16:13:16,204 INFO  Response to action: {
    "creationTime": "2022-05-13T16:13:16.157Z",
    "deviceId": "19034630",
    "deviceName": "m32sd10d",
    "self": "https://t493319102.eu-latest.cumulocity.com/devicecontrol/operations/19054448",
    "id": "19054448",
    "status": "PENDING",
    "description": "Apply software changes, triggered from PySys: [{'action': 'install', 'id': '8021526', 'name': 'hello-world', 'url': '', 'version': '::docker'}, {'action': 'install', 'id': '8018911', 'name': 'registry', 'url': '', 'version': '2.6.2::docker'}]",
    "c8y_SoftwareUpdate": [
        {
            "name": "hello-world",
            "action": "install",
            "id": "8021526",
            "version": "::docker",
            "url": ""
        },
        {
            "name": "registry",
            "action": "install",
            "id": "8018911",
            "version": "2.6.2::docker",
            "url": ""
        }
    ]
}
2022-05-13 16:13:16,205 INFO  Started operation: {'creationTime': '2022-05-13T16:13:16.157Z', 'deviceId': '19034630', 'deviceName': 'm32sd10d', 'self': 'https://t493319102.eu-latest.cumulocity.com/devicecontrol/operations/19054448', 'id': '19054448', 'status': 'PENDING', 'description': "Apply software changes, triggered from PySys: [{'action': 'install', 'id': '8021526', 'name': 'hello-world', 'url': '', 'version': '::docker'}, {'action': 'install', 'id': '8018911', 'name': 'registry', 'url': '', 'version': '2.6.2::docker'}]", 'c8y_SoftwareUpdate': [{'name': 'hello-world', 'action': 'install', 'id': '8021526', 'version': '::docker', 'url': ''}, {'name': 'registry', 'action': 'install', 'id': '8018911', 'version': '2.6.2::docker', 'url': ''}]}
2022-05-13 16:13:18,413 INFO  State of operation 19054448 : PENDING
2022-05-13 16:13:20,630 INFO  State of operation 19054448 : EXECUTING
2022-05-13 16:13:22,837 INFO  State of operation 19054448 : EXECUTING
2022-05-13 16:13:25,069 INFO  State of operation 19054448 : EXECUTING
2022-05-13 16:13:27,284 INFO  State of operation 19054448 : FAILED
2022-05-13 16:13:27,286 ERROR Stopping as the operation has failed
2022-05-13 16:13:27,287 WARN  SystemError occurred while running test - The operation has failed
Traceback (most recent call last):
  File "/home/pi/env-pysys/lib/python3.7/site-packages/pysys/baserunner.py", line 1292, in __call__
    self.testObj.setup()
  File "/home/pi/actions-runner/_work/thin-edge.io/thin-edge.io/tests/PySys/software_management_end_to_end/sm_docker_install_remove_multiple/run.py", line 55, in setup
    self.wait_until_succcess()
  File "/home/pi/actions-runner/_work/thin-edge.io/thin-edge.io/tests/PySys/software_management_end_to_end/environment_sm_management.py", line 324, in wait_until_succcess
    self.wait_until_status("SUCCESSFUL")
  File "/home/pi/actions-runner/_work/thin-edge.io/thin-edge.io/tests/PySys/software_management_end_to_end/environment_sm_management.py", line 361, in wait_until_status
    raise SystemError("The operation has failed")
SystemError: The operation has failed
2022-05-13 16:13:27,309 WARN  SystemError: The operation has failed ... blocked 
2022-05-13 16:13:27,310 INFO  
2022-05-13 16:13:27,311 INFO  cleanup:
2022-05-13 16:13:31,211 INFO  Executed sudo<tedge_disconnect_c8y>, exit status 0
2022-05-13 16:13:31,773 INFO  Executed systemctl<serv_mapper5>, exit status 3
2022-05-13 16:13:31,777 INFO  
2022-05-13 16:13:31,778 INFO  Test duration: 40.18 secs
2022-05-13 16:13:31,779 INFO  Test final outcome:  BLOCKED
2022-05-13 16:13:31,780 INFO  Test outcome reason: SystemError: The operation has failed
2022-05-13 16:13:31,781 INFO  
