adduser	3.118
apt-utils	1.8.2.3
apt	1.8.2.3
asciijump	1.0.2~beta-10
base-files	10.3+rpi1+deb10u12
base-passwd	3.5.46
bash	5.0-4
bind9-host	1:9.11.5.P4+dfsg-5.1+deb10u7
bsdutils	1:2.33.1-0.1
c8y_configuration_plugin	0.7.2
c8y_log_plugin	0.7.2
ca-certificates	20200601~deb10u2
collectd-core	5.8.1-1.3
collectd	5.8.1-1.3
coreutils	8.30-3
curl	7.64.0-4+deb10u2
dash	0.5.10.2-5
dbus	1.12.20-0+deb10u1
debconf	1.5.71+deb10u1
debianutils	4.8.6.1
dialog	1.3-20190211-1
diffutils	1:3.7-3
dirmngr	2.2.12-1+rpi1+deb10u1
dmsetup	2:1.02.155-3
docker.io	18.09.1+dfsg1-7.1+rpi1+rpt1+deb10u3
dpkg	1.19.8
e2fsprogs	1.44.5-1+deb10u3
fdisk	2.33.1-0.1
findutils	4.6.0+git+20190209-2
firmware-atheros	1:20190114-2+rpt4
firmware-brcm80211	1:20190114-2+rpt4
firmware-libertas	1:20190114-2+rpt4
firmware-misc-nonfree	1:20190114-2+rpt4
firmware-realtek	1:20190114-2+rpt4
gcc-4.9-base	4.9.4-2+rpi1+b19
gcc-5-base	5.5.0-8
gcc-6-base	6.5.0-1+rpi1+b1
gcc-7-base	7.3.0-19
gcc-8-base	8.3.0-6+rpi1
gcc	4:8.3.0-1+rpi2
gnupg-l10n	2.2.12-1+rpi1+deb10u1
gnupg-utils	2.2.12-1+rpi1+deb10u1
gnupg2	2.2.12-1+rpi1+deb10u1
gnupg	2.2.12-1+rpi1+deb10u1
gpg-agent	2.2.12-1+rpi1+deb10u1
gpg-wks-client	2.2.12-1+rpi1+deb10u1
gpg-wks-server	2.2.12-1+rpi1+deb10u1
gpg	2.2.12-1+rpi1+deb10u1
gpgconf	2.2.12-1+rpi1+deb10u1
gpgsm	2.2.12-1+rpi1+deb10u1
gpgv	2.2.12-1+rpi1+deb10u1
grep	3.3-1
gzip	1.9-3+deb10u1
hostname	3.21
ifupdown	0.8.35
init-system-helpers	1.56+nmu1
init	1.56+nmu1
iproute2	4.20.0-2+deb10u1
iptables	1.8.2-4
iputils-ping	3:20180629-2+deb10u2
isc-dhcp-client	4.4.1-2+deb10u1
kmod	26-1
less	487-0.1
libacl1	2.2.53-4
libapparmor1	2.13.2-10
libapt-inst2.0	1.8.2.3
libapt-pkg5.0	1.8.2.3
libargon2-1	0~20171227-0.2
libassuan0	2.5.2-1
libatomic1	8.3.0-6+rpi1
libattr1	1:2.4.48-4
libaudit-common	1:2.8.4-3
libaudit1	1:2.8.4-3
libbind9-161	1:9.11.5.P4+dfsg-5.1+deb10u7
libblkid1	2.33.1-0.1
libbz2-1.0	1.0.6-9.2~deb10u1
libc-bin	2.28-10+rpt2+rpi1+deb10u1
libc6	2.28-10+rpt2+rpi1+deb10u1
libcap-ng0	0.7.9-2
libcap2-bin	1:2.25-2
libcap2	1:2.25-2
libcom-err2	1.44.5-1+deb10u3
libcryptsetup12	2:2.1.0-5+deb10u2
libdb5.3	5.3.28+dfsg1-0.5
libdbus-1-3	1.12.20-0+deb10u1
libdebconfclient0	0.249
libdevmapper1.02.1	2:1.02.155-3
libdns-export1104	1:9.11.5.P4+dfsg-5.1+deb10u7
libdns1104	1:9.11.5.P4+dfsg-5.1+deb10u7
libelf1	0.176-1.1
libexpat1	2.2.6-2+deb10u4
libext2fs2	1.44.5-1+deb10u3
libfdisk1	2.33.1-0.1
libffi6	3.2.1-9
libfstrm0	0.4.0-1
libgcc1	1:8.3.0-6+rpi1
libgcrypt20	1.8.4-5+deb10u1
libgeoip1	1.6.12-1
libgmp10	2:6.1.2+dfsg-4+deb10u1
libgnutls30	3.6.7-4+deb10u7
libgpg-error0	1.35-1
libgssapi-krb5-2	1.17-3+deb10u3
libhogweed4	3.4.1-1+deb10u1
libicu63	63.1-6+deb10u3
libidn11	1.33-2.2
libidn2-0	2.0.5-1+deb10u1
libip4tc0	1.8.2-4
libisc-export1100	1:9.11.5.P4+dfsg-5.1+deb10u7
libisc1100	1:9.11.5.P4+dfsg-5.1+deb10u7
libisccc161	1:9.11.5.P4+dfsg-5.1+deb10u7
libisccfg163	1:9.11.5.P4+dfsg-5.1+deb10u7
libjson-c3	0.12.1+ds-2+deb10u1
libk5crypto3	1.17-3+deb10u3
libkeyutils1	1.6-6
libkmod2	26-1
libkrb5-3	1.17-3+deb10u3
libkrb5support0	1.17-3+deb10u3
libksba8	1.3.5-2
libldap-2.4-2	2.4.47+dfsg-3+rpi1+deb10u7
libldap-common	2.4.47+dfsg-3+rpi1+deb10u7
liblmdb0	0.9.22-1
liblocale-gettext-perl	1.07-3+b3
liblwres161	1:9.11.5.P4+dfsg-5.1+deb10u7
liblz4-1	1.8.3-1+deb10u1
liblzma5	5.2.4-1+deb10u1
libmnl0	1.0.4-2
libmosquitto1	1.5.7-1+deb10u1
libmount1	2.33.1-0.1
libncursesw6	6.1+20181013-2+deb10u2
libnettle6	3.4.1-1+deb10u1
libnpth0	1.6-1
libp11-kit0	0.23.15-2+deb10u1
libpam-modules-bin	1.3.1-5+rpt2
libpam-modules	1.3.1-5+rpt2
libpam-runtime	1.3.1-5+rpt2
libpam0g	1.3.1-5+rpt2
libpcre3	2:8.39-12
libprotobuf-c1	1.3.1-1+b1
libreadline7	7.0-5
librrd-dev	1.7.1-2
libsasl2-2	2.1.27+dfsg-1+deb10u2
libsasl2-modules-db	2.1.27+dfsg-1+deb10u2
libseccomp2	2.3.3-4
libselinux1	2.8-1+b1
libsemanage-common	2.8-2
libsemanage1	2.8-2
libsepol1	2.8-1
libsmartcols1	2.33.1-0.1
libsqlite3-0	3.27.2-3+deb10u1
libss2	1.44.5-1+deb10u3
libssl1.1	1.1.1n-0+deb10u3
libstdc++6	8.3.0-6+rpi1
libsystemd0	241-7~deb10u8+rpi1
libtasn1-6	4.13-3
libtext-charwidth-perl	0.04-7.1+b1
libtext-iconv-perl	1.7-5+b10
libtext-wrapi18n-perl	0.06-7.1
libtinfo5	6.1+20181013-2+deb10u2
libtinfo6	6.1+20181013-2+deb10u2
libudev1	241-7~deb10u8+rpi1
libunistring2	0.9.10-1
libuuid1	2.33.1-0.1
libxml2	2.9.4+dfsg1-7+deb10u4
libxtables12	1.8.2-4
libzstd1	1.3.8+dfsg-3+rpi1+deb10u2
locales	2.28-10+rpt2+rpi1+deb10u1
login	1:4.5-1.1
lsb-base	10.2019051400+rpi1
lsb-release	10.2019051400+rpi1
make	4.2.1-1.2
man-db	2.8.5-2
manpages	4.16-2
mawk	1.3.3-17
mosquitto-clients	1.5.7-1+deb10u1
mosquitto	1.5.7-1+deb10u1
mount	2.33.1-0.1
ncurses-base	6.1+20181013-2+deb10u2
ncurses-bin	6.1+20181013-2+deb10u2
netfilter-persistent	1.0.11+deb10u1
openssh-server	1:7.9p1-10+deb10u2+rpt1
passwd	1:4.5-1.1
perl-base	5.28.1-6+deb10u1
pinentry-curses	1.1.0-2
python3-requests	2.21.0-1
python3-setuptools	40.8.0-1
python3-venv	3.7.3-1
python3.7-dev	3.7.3-2+deb10u3
raspberrypi-bootloader	1:1.20220308~buster-1
raspberrypi-kernel	1:1.20220308~buster-1
raspberrypi-sys-mods	20211005
raspbian-archive-keyring	20120528.2
readline-common	7.0-5
robotfindskitten	2.7182818.701-1
rsyslog	8.1901.0-1+deb10u2
sed	4.7-1
sudo	1.8.27-1+deb10u3
systemd	241-7~deb10u8+rpi1
sysvinit-utils	2.93-8
tar	1.30+dfsg-6
tedge	0.7.2
tedge_agent	0.7.2
tedge_apama_plugin	0.7.2
tedge_apt_plugin	0.7.2
tedge_mapper	0.7.2
tedge_watchdog	0.7.2
tnat64	0.05-1
tzdata	2021a-0+deb10u5
udev	241-7~deb10u8+rpi1
unattended-upgrades	1.11.2
util-linux	2.33.1-0.1
vim-nox	2:8.1.0875-5+deb10u2
wget	1.20.1-1.1
zlib1g	1:1.2.11.dfsg-1+deb10u1
