2022-06-20 15:29:12,603 INFO  ==============================================================
2022-06-20 15:29:12,604 INFO  Id:    apt_update_list
2022-06-20 15:29:12,605 INFO  Dir:   plugin_apt/
2022-06-20 15:29:12,606 INFO  Title: Validate apt plugin update-list command use case
2022-06-20 15:29:12,607 INFO  ==============================================================
2022-06-20 15:29:19,905 INFO  Executed sudo, exit status 0
2022-06-20 15:30:00,753 INFO  Executed sudo, exit status 0, duration 40 secs
2022-06-20 15:30:17,802 INFO  Executed sudo, exit status 0, duration 17 secs
2022-06-20 15:30:23,098 INFO  Executed sudo<outp_check_0>, exit status 0
2022-06-20 15:30:23,101 INFO  Assert that (value==0) with value=0 ... passed
2022-06-20 15:30:23,106 INFO  Grep on file outp_check_0.out ... passed
2022-06-20 15:30:25,679 INFO  Executed sudo<outp_check_1>, exit status 0
2022-06-20 15:30:25,681 INFO  Assert that (value==0) with value=0 ... passed
2022-06-20 15:30:25,687 INFO  Grep on file outp_check_1.out ... passed
2022-06-20 15:30:28,259 INFO  Executed sudo<outp_check_2>, exit status 0
2022-06-20 15:30:28,261 INFO  Assert that (value==0) with value=0 ... passed
2022-06-20 15:30:28,268 INFO  Grep on file outp_check_2.out ... passed
2022-06-20 15:31:17,351 INFO  Executed sudo<outp_check_3>, exit status 0
2022-06-20 15:31:17,354 INFO  Assert that (value==0) with value=0 ... passed
2022-06-20 15:31:17,359 INFO  Grep on file outp_check_3.out ... passed
2022-06-20 15:31:19,932 INFO  Executed sudo<outp_check_4>, exit status 0
2022-06-20 15:31:19,934 INFO  Assert that (value==0) with value=0 ... passed
2022-06-20 15:31:19,941 INFO  Grep on file outp_check_4.out ... passed
2022-06-20 15:31:22,514 INFO  Executed sudo<outp_check_5>, exit status 0
2022-06-20 15:31:22,516 INFO  Assert that (value==0) with value=0 ... passed
2022-06-20 15:31:22,521 INFO  Grep on file outp_check_5.out ... passed
2022-06-20 15:31:22,528 INFO  
2022-06-20 15:31:22,529 INFO  cleanup:
2022-06-20 15:31:36,162 INFO  Executed sudo, exit status 0, duration 13 secs
2022-06-20 15:31:43,534 INFO  Executed sudo, exit status 0
2022-06-20 15:31:57,633 INFO  Executed sudo, exit status 0, duration 14 secs
2022-06-20 15:31:57,637 INFO  
2022-06-20 15:31:57,637 INFO  Test duration: 165.04 secs
2022-06-20 15:31:57,639 INFO  Test final outcome:  PASSED
2022-06-20 15:31:57,640 INFO  
