2022-06-20 17:37:51,669 INFO  ==============================================================
2022-06-20 17:37:51,670 INFO  Id:    SoftwareManagement.Plugin.apama_plugin_remove
2022-06-20 17:37:51,671 INFO  Dir:   plugin_apama/
2022-06-20 17:37:51,672 INFO  Title: Validate apama plugin remove
2022-06-20 17:37:51,673 INFO  ==============================================================
2022-06-20 17:37:51,678 INFO  Assertion that path exists=False for "/etc/tedge/apama/project" ... passed
2022-06-20 17:37:52,190 INFO  Executed sudo<create_project_dir>, exit status 0
2022-06-20 17:37:52,813 INFO  Executed sudo<unzip_apama_project>, exit status 0
2022-06-20 17:37:53,324 INFO  Executed sudo<move_apama_project>, exit status 0
2022-06-20 17:37:54,202 INFO  Executed sudo<restart_apama_service>, exit status 0
2022-06-20 17:37:54,205 INFO  Assertion that path exists=True for "/etc/tedge/apama/project" ... passed
2022-06-20 17:38:11,782 INFO  Executed sudo<plugin_remove>, exit status 0, duration 17 secs
2022-06-20 17:38:11,785 INFO  Assertion that path exists=False for "/etc/tedge/apama/project" ... passed
2022-06-20 17:38:11,797 INFO  
2022-06-20 17:38:11,798 INFO  cleanup:
2022-06-20 17:38:12,309 INFO  Executed sudo<remove_apama_tmp_dir>, exit status 0
2022-06-20 17:38:12,313 INFO  
2022-06-20 17:38:12,314 INFO  Test duration: 20.65 secs
2022-06-20 17:38:12,315 INFO  Test final outcome:  PASSED
2022-06-20 17:38:12,316 INFO  
