2022-06-29 12:46:53,878 INFO  ==============================================================
2022-06-29 12:46:53,879 INFO  Id:    docker_plugin_install
2022-06-29 12:46:53,880 INFO  Dir:   plugin_docker/
2022-06-29 12:46:53,881 INFO  Title: Validate docker plugin install
2022-06-29 12:46:53,882 INFO  ==============================================================
2022-06-29 12:46:54,700 INFO  Executed sudo<docker_images>, exit status 0
2022-06-29 12:46:54,704 INFO  Grep on file /home/pi/actions-runner/_work/thin-edge.io/thin-edge.io/tests/PySys/plugin_docker/docker_plugin_install/Output/linux/docker_images.out ... passed
2022-06-29 12:47:17,889 INFO  Executed sudo<plugin_install>, exit status 0, duration 23 secs
2022-06-29 12:47:18,756 INFO  Executed sudo<docker_ps_latest>, exit status 0
2022-06-29 12:47:19,622 INFO  Executed sudo<docker_ps>, exit status 0
2022-06-29 12:47:19,627 INFO  Grep on file /home/pi/actions-runner/_work/thin-edge.io/thin-edge.io/tests/PySys/plugin_docker/docker_plugin_install/Output/linux/docker_ps.out ... passed
2022-06-29 12:47:19,632 INFO  
2022-06-29 12:47:19,633 INFO  cleanup:
2022-06-29 12:47:19,634 INFO  Removing containers scheduled to be cleaned up: ['890e0f9c260b']
2022-06-29 12:47:24,031 INFO  Executed sudo<containers_for_cleanup>, exit status 0
2022-06-29 12:47:24,032 INFO  Removing images scheduled to be cleaned up: ['registry', 'registry']
2022-06-29 12:47:27,581 INFO  Executed sudo<containers_for_cleanup>, exit status 0
2022-06-29 12:47:27,585 INFO  
2022-06-29 12:47:27,586 INFO  Test duration: 33.71 secs
2022-06-29 12:47:27,588 INFO  Test final outcome:  PASSED
2022-06-29 12:47:27,589 INFO  
