2022-04-27 11:06:26,223 INFO  ==============================================================
2022-04-27 11:06:26,224 INFO  Id:    SoftwareManagement.sm_apt_install_remove_with_version
2022-04-27 11:06:26,225 INFO  Dir:   software_management_end_to_end/
2022-04-27 11:06:26,226 INFO  Title: Validate end to end behaviour for the apt plugin for packages with version
2022-04-27 11:06:26,227 INFO  ==============================================================
2022-04-27 11:06:26,234 INFO  Using sw id database: {'asciijump': '5475369', 'robotfindskitten': '5474869', 'squirrel3': '5475279', 'rolldice': '5152439', 'moon-buggy': '5439204', 'apple': '5495053', 'banana': '5494888', 'cherry': '5495382', 'watermelon': '5494510', 'registry': '8018911', 'hello-world': '8021526', 'docker/getting-started': '8021973', 'alpine': '7991792'}
2022-04-27 11:06:26,235 INFO  EnvironmentC8y Setup
2022-04-27 11:06:26,695 INFO  Executed systemctl<serv_mapper1>, exit status 3
2022-04-27 11:06:27,319 WARN  Executed sudo<tedge_connect_c8y>, exit status 1
2022-04-27 11:06:27,324 INFO  Contents of tedge_connect_c8y.err: 
2022-04-27 11:06:27,325 INFO    Error: failed to connect Cumulocity cloud.
2022-04-27 11:06:27,326 INFO    Caused by:
2022-04-27 11:06:27,326 INFO        A value for `c8y.url` is missing.
2022-04-27 11:06:27,327 INFO            A value can be set with `tedge config set c8y.url <value>`
2022-04-27 11:06:27,328 INFO    -----
2022-04-27 11:06:27,329 INFO  
2022-04-27 11:06:27,390 WARN  sudo<tedge_connect_c8y> returned non-zero exit code 1 ... blocked 
2022-04-27 11:06:27,392 WARN  Aborted test due to BLOCKED outcome
2022-04-27 11:06:27,397 INFO  
2022-04-27 11:06:27,397 INFO  cleanup:
2022-04-27 11:06:28,013 INFO  Executed sudo<tedge_disconnect_c8y>, exit status 0
2022-04-27 11:06:28,475 INFO  Executed systemctl<serv_mapper5>, exit status 3
2022-04-27 11:06:28,478 INFO  
2022-04-27 11:06:28,479 INFO  Test duration: 2.27 secs
2022-04-27 11:06:28,480 INFO  Test final outcome:  BLOCKED
2022-04-27 11:06:28,481 INFO  Test outcome reason: sudo<tedge_connect_c8y> returned non-zero exit code 1
2022-04-27 11:06:28,482 INFO  
