2022-05-03 13:45:52,825 INFO  ==============================================================
2022-05-03 13:45:52,826 INFO  Id:    invalid_device_id
2022-05-03 13:45:52,827 INFO  Dir:   misc_features/
2022-05-03 13:45:52,828 INFO  Title: Invalid Device ID
2022-05-03 13:45:52,829 INFO  ==============================================================
2022-05-03 13:45:53,347 INFO  Executed sudo<create_cert_dir>, exit status 0
2022-05-03 13:45:53,859 INFO  Executed sudo<create_cert_dir>, exit status 0
2022-05-03 13:45:54,372 INFO  Executed sudo<set_cert_path>, exit status 0
2022-05-03 13:45:54,884 INFO  Executed sudo<set_key_path>, exit status 0
2022-05-03 13:45:55,398 INFO  Executed sudo<cert_create>, exit status 1
2022-05-03 13:45:55,404 INFO  Grep on file cert_create.err ... passed
2022-05-03 13:45:55,410 INFO  
2022-05-03 13:45:55,411 INFO  cleanup:
2022-05-03 13:45:55,974 INFO  Executed sudo<unset_cert_path>, exit status 0
2022-05-03 13:45:56,540 INFO  Executed sudo<unset_key_path>, exit status 0
2022-05-03 13:45:57,106 INFO  Executed sudo<remove_cert_dir>, exit status 0
2022-05-03 13:45:57,110 INFO  
2022-05-03 13:45:57,111 INFO  Test duration: 4.29 secs
2022-05-03 13:45:57,112 INFO  Test final outcome:  PASSED
2022-05-03 13:45:57,113 INFO  
