2022-07-22 10:01:42,523 INFO  ==============================================================
2022-07-22 10:01:42,524 INFO  Id:    docker_plugin_finalize
2022-07-22 10:01:42,528 INFO  Dir:   plugin_docker/
2022-07-22 10:01:42,529 INFO  Title: Validate docker plugin finalize command
2022-07-22 10:01:42,529 INFO  ==============================================================
2022-07-22 10:01:46,205 INFO  Executed sudo<docker_images>, exit status 0
2022-07-22 10:01:46,217 INFO  Grep on file /home/pi/actions-runner/_work/thin-edge.io/thin-edge.io/tests/PySys/plugin_docker/docker_plugin_finalize/Output/linux/docker_images.out ... passed
2022-07-22 10:02:08,531 INFO  Executed sudo<docker_pull>, exit status 0, duration 22 secs
2022-07-22 10:02:09,410 INFO  Executed sudo<docker_images>, exit status 0
2022-07-22 10:02:09,414 INFO  Grep on file /home/pi/actions-runner/_work/thin-edge.io/thin-edge.io/tests/PySys/plugin_docker/docker_plugin_finalize/Output/linux/docker_images.out ... passed
2022-07-22 10:02:13,073 INFO  Executed sudo<plugin_finalize>, exit status 0
2022-07-22 10:02:13,839 INFO  Executed sudo<docker_ps_latest>, exit status 0
2022-07-22 10:02:14,604 INFO  Executed sudo<docker_images>, exit status 0
2022-07-22 10:02:14,611 INFO  Grep on file /home/pi/actions-runner/_work/thin-edge.io/thin-edge.io/tests/PySys/plugin_docker/docker_plugin_finalize/Output/linux/docker_images.out ... passed
2022-07-22 10:02:14,618 INFO  
2022-07-22 10:02:14,619 INFO  cleanup:
2022-07-22 10:02:14,619 INFO  Removing images scheduled to be cleaned up: ['registry']
2022-07-22 10:02:15,383 INFO  Executed sudo<containers_for_cleanup>, exit status 0
2022-07-22 10:02:15,387 INFO  
2022-07-22 10:02:15,387 INFO  Test duration: 32.87 secs
2022-07-22 10:02:15,389 INFO  Test final outcome:  PASSED
2022-07-22 10:02:15,389 INFO  
