2022-05-02 10:38:04,350 INFO  ==============================================================
2022-05-02 10:38:04,351 INFO  Id:    tedge_mapper_c8y_alarms
2022-05-02 10:38:04,353 INFO  Dir:   tedge_mapper_c8y/
2022-05-02 10:38:04,354 INFO  Title: Validate that alarms sent to tedge/alarms topic \ gets mapped as alarms in Cumulocity
2022-05-02 10:38:04,355 INFO  ==============================================================
2022-05-02 10:38:04,364 INFO  EnvironmentC8y Setup
2022-05-02 10:38:04,931 INFO  Executed systemctl<serv_mapper1>, exit status 3
2022-05-02 10:38:19,210 INFO  Executed sudo<tedge_connect_c8y>, exit status 0, duration 14 secs
2022-05-02 10:38:19,829 INFO  Executed sudo<tedge_connect_c8y_test>, exit status 0
2022-05-02 10:38:20,344 INFO  Executed systemctl<serv_mosq2>, exit status 0
2022-05-02 10:38:20,808 INFO  Executed systemctl<serv_mapper3>, exit status 0
2022-05-02 10:38:21,221 INFO  Executed tedge, exit status 0
2022-05-02 10:38:21,805 INFO  Executed tedge, exit status 0
2022-05-02 10:38:22,267 INFO  Executed tedge, exit status 0
2022-05-02 10:38:22,679 INFO  Executed tedge, exit status 0
2022-05-02 10:38:23,140 INFO  Executed tedge, exit status 0
2022-05-02 10:38:24,368 INFO  {
    "severity": "CRITICAL",
    "creationTime": "2022-05-02T10:38:22.238Z",
    "count": 1,
    "history": {
        "auditRecords": [],
        "self": "https://t493319102.eu-latest.cumulocity.com/audit/auditRecords"
    },
    "source": {
        "name": "m32sd10d",
        "self": "https://t493319102.eu-latest.cumulocity.com/inventory/managedObjects/18127040",
        "id": "18127040"
    },
    "type": "temperature_dangerous",
    "lastUpdated": "2022-05-02T10:38:22.238Z",
    "self": "https://t493319102.eu-latest.cumulocity.com/alarm/alarms/18152503",
    "time": "2022-05-02T10:38:22.225Z",
    "id": "18152503",
    "text": "temperature is dangerously high",
    "status": "ACTIVE"
}
2022-05-02 10:38:24,370 INFO  Assert that (actual == expected) with actual="temperature_dangerous", expected="temperature_dangerous" ... passed
2022-05-02 10:38:24,373 INFO  Assert that (actual == expected) with actual="CRITICAL", expected="CRITICAL" ... passed
2022-05-02 10:38:24,375 INFO  Assert that (actual == expected) with actual="temperature is dangerously high", expected="temperature is dangerously high" ... passed
2022-05-02 10:38:24,376 INFO  {
    "severity": "MAJOR",
    "creationTime": "2022-05-02T10:38:21.801Z",
    "count": 1,
    "history": {
        "auditRecords": [],
        "self": "https://t493319102.eu-latest.cumulocity.com/audit/auditRecords"
    },
    "source": {
        "name": "m32sd10d",
        "self": "https://t493319102.eu-latest.cumulocity.com/inventory/managedObjects/18127040",
        "id": "18127040"
    },
    "type": "temperature_very_high",
    "lastUpdated": "2022-05-02T10:38:21.801Z",
    "self": "https://t493319102.eu-latest.cumulocity.com/alarm/alarms/18152501",
    "time": "2022-05-02T10:38:21.788Z",
    "id": "18152501",
    "text": "temperature is very high",
    "status": "ACTIVE"
}
2022-05-02 10:38:24,378 INFO  Assert that (actual == expected) with actual="temperature_very_high", expected="temperature_very_high" ... passed
2022-05-02 10:38:24,379 INFO  Assert that (actual == expected) with actual="MAJOR", expected="MAJOR" ... passed
2022-05-02 10:38:24,381 INFO  Assert that (actual == expected) with actual="temperature is very high", expected="temperature is very high" ... passed
2022-05-02 10:38:24,383 INFO  {
    "severity": "WARNING",
    "creationTime": "2022-05-02T10:38:21.218Z",
    "count": 1,
    "history": {
        "auditRecords": [],
        "self": "https://t493319102.eu-latest.cumulocity.com/audit/auditRecords"
    },
    "source": {
        "name": "m32sd10d",
        "self": "https://t493319102.eu-latest.cumulocity.com/inventory/managedObjects/18127040",
        "id": "18127040"
    },
    "type": "temperature_high",
    "lastUpdated": "2022-05-02T10:38:21.218Z",
    "self": "https://t493319102.eu-latest.cumulocity.com/alarm/alarms/18152499",
    "time": "2021-12-15T15:22:06.464+05:30",
    "id": "18152499",
    "text": "temperature is high",
    "status": "ACTIVE"
}
2022-05-02 10:38:24,385 INFO  Assert that (actual == expected) with actual="temperature_high", expected="temperature_high" ... passed
2022-05-02 10:38:24,386 INFO  Assert that (actual == expected) with actual="WARNING", expected="WARNING" ... passed
2022-05-02 10:38:24,388 INFO  Assert that (actual == expected) with actual="temperature is high", expected="temperature is high" ... passed
2022-05-02 10:38:24,389 INFO  Assert that (actual == expected) with actual="temperature_high", expected="temperature_high" ... passed
2022-05-02 10:38:24,396 INFO  
2022-05-02 10:38:24,397 INFO  cleanup:
2022-05-02 10:38:24,808 INFO  Executed tedge, exit status 0
2022-05-02 10:38:25,220 INFO  Executed tedge, exit status 0
2022-05-02 10:38:25,631 INFO  Executed tedge, exit status 0
2022-05-02 10:38:29,798 INFO  Executed sudo<tedge_disconnect_c8y>, exit status 0
2022-05-02 10:38:30,364 INFO  Executed systemctl<serv_mapper5>, exit status 3
2022-05-02 10:38:30,368 INFO  
2022-05-02 10:38:30,369 INFO  Test duration: 26.02 secs
2022-05-02 10:38:30,370 INFO  Test final outcome:  PASSED
2022-05-02 10:38:30,371 INFO  
