2022-06-22 13:51:26,361 INFO  ==============================================================
2022-06-22 13:51:26,362 INFO  Id:    log_request_error_messages
2022-06-22 13:51:26,363 INFO  Dir:   log_request_end_to_end/
2022-06-22 13:51:26,364 INFO  Title: Validate end to end behaviour for the log request operation check for error messages
2022-06-22 13:51:26,365 INFO  ==============================================================
2022-06-22 13:51:27,728 INFO  EnvironmentC8y Setup
2022-06-22 13:51:28,393 INFO  Executed systemctl<serv_mapper1>, exit status 3
2022-06-22 13:51:42,995 INFO  Executed sudo<tedge_connect_c8y>, exit status 0, duration 14 secs
2022-06-22 13:51:43,613 INFO  Executed sudo<tedge_connect_c8y_test>, exit status 0
2022-06-22 13:51:44,176 INFO  Executed systemctl<serv_mosq2>, exit status 0
2022-06-22 13:51:44,639 INFO  Executed systemctl<serv_mapper3>, exit status 0
2022-06-22 13:51:45,159 INFO  Executed sudo<rm_logs>, exit status 0
2022-06-22 13:51:45,751 INFO  Executed sudo<move_logs>, exit status 0
2022-06-22 13:51:46,316 INFO  Executed sudo<log_file_daemon>, exit status 0
2022-06-22 13:51:46,885 WARN  TypeError occurred while running test - 'NoneType' object is not subscriptable
Traceback (most recent call last):
  File "/home/pi/env-pysys/lib/python3.7/site-packages/pysys/baserunner.py", line 1294, in __call__
    self.testObj.execute()
  File "/home/pi/actions-runner/_work/thin-edge.io/thin-edge.io/tests/PySys/log_request_end_to_end/log_request_error_messages/run.py", line 47, in execute
    log_file_request_payload, self.project.deviceid
  File "/home/pi/actions-runner/_work/thin-edge.io/thin-edge.io/tests/PySys/environments/cumulocity.py", line 101, in trigger_log_request
    "deviceId": self.device_fragment["id"],
TypeError: 'NoneType' object is not subscriptable
2022-06-22 13:51:46,904 WARN  TypeError: 'NoneType' object is not subscriptable ... blocked 
2022-06-22 13:51:46,906 INFO  
2022-06-22 13:51:46,906 INFO  cleanup:
2022-06-22 13:51:47,421 INFO  Executed sudo<rm_logs>, exit status 0
2022-06-22 13:51:47,988 INFO  Executed sudo<rm_tmp_logs>, exit status 0
2022-06-22 13:51:48,763 INFO  Executed sudo<send_failed>, exit status 0
2022-06-22 13:51:49,376 INFO  Executed sudo<log_file_daemon>, exit status 0
2022-06-22 13:51:53,491 INFO  Executed sudo<tedge_disconnect_c8y>, exit status 0
2022-06-22 13:51:54,060 INFO  Executed systemctl<serv_mapper5>, exit status 3
2022-06-22 13:51:54,064 INFO  
2022-06-22 13:51:54,065 INFO  Test duration: 27.71 secs
2022-06-22 13:51:54,066 INFO  Test final outcome:  BLOCKED
2022-06-22 13:51:54,067 INFO  Test outcome reason: TypeError: 'NoneType' object is not subscriptable
2022-06-22 13:51:54,068 INFO  
