2022-04-27 10:29:37,391 INFO  ==============================================================
2022-04-27 10:29:37,392 INFO  Id:    monitoring_with_simulated_messages
2022-04-27 10:29:37,393 INFO  Dir:   monitoring/
2022-04-27 10:29:37,394 INFO  Title: Validate the tedge dm agent messages that are produced from the simulated collectd messages
2022-04-27 10:29:37,395 INFO  ==============================================================
2022-04-27 10:29:37,976 INFO  Executed sudo<collectd>, exit status 0
2022-04-27 10:29:38,539 INFO  Executed sudo<collectd_mapper>, exit status 0
2022-04-27 10:29:38,551 INFO  Started sudo<tedge_sub> with process id 19708
2022-04-27 10:29:39,227 INFO  Executed sudo<tedge_temp>, exit status 0
2022-04-27 10:29:39,740 INFO  Executed sudo<tedge_pres>, exit status 0
2022-04-27 10:29:41,253 INFO  Executed sudo<kill_out>, exit status 0
2022-04-27 10:29:41,279 WARN  Assert that (collectd_msg_validation_result == expected_result) with collectd_msg_validation_result=False, expected_result=True ... failed [run.py:99]
2022-04-27 10:29:41,281 INFO     collectd_msg_validation_result: False
2022-04-27 10:29:41,283 INFO                    expected_result: True
2022-04-27 10:29:41,289 INFO  
2022-04-27 10:29:41,290 INFO  cleanup:
2022-04-27 10:29:41,290 INFO  monitoring_cleanup
2022-04-27 10:29:41,903 INFO  Executed sudo<collectd_mapper>, exit status 0
2022-04-27 10:29:41,907 INFO  
2022-04-27 10:29:41,907 INFO  Test duration: 4.52 secs
2022-04-27 10:29:41,909 INFO  Test final outcome:  FAILED
2022-04-27 10:29:41,909 INFO  Test outcome reason: Assert that (collectd_msg_validation_result == expected_result) with collectd_msg_validation_result=False, expected_result=True
2022-04-27 10:29:41,910 INFO  
