2022-07-20 10:43:57,186 INFO  ==============================================================
2022-07-20 10:43:57,187 INFO  Id:    custom_init_system
2022-07-20 10:43:57,188 INFO  Dir:   misc_features/
2022-07-20 10:43:57,189 INFO  Title: Custom init system test
2022-07-20 10:43:57,190 INFO  ==============================================================
2022-07-20 10:43:57,708 INFO  Executed sudo<copy_system_config>, exit status 0
2022-07-20 10:43:58,221 INFO  Executed sudo<copy_dummy_init>, exit status 0
2022-07-20 10:44:24,422 INFO  Executed sudo<tedge_connect>, exit status 0, duration 26 secs
2022-07-20 10:44:24,988 INFO  Executed sudo<tedge_disconnect>, exit status 0
2022-07-20 10:44:24,995 INFO  Grep on file tedge_connect.out ... passed
2022-07-20 10:44:25,000 INFO  Grep on file tedge_disconnect.out ... passed
2022-07-20 10:44:25,005 INFO  Grep on file /tmp/dummy_init/dummy_init.out ... passed
2022-07-20 10:44:25,011 INFO  Grep on file /tmp/dummy_init/dummy_init.out ... passed
2022-07-20 10:44:25,015 INFO  Grep on file /tmp/dummy_init/dummy_init.out ... passed
2022-07-20 10:44:25,020 INFO  Grep on file /tmp/dummy_init/dummy_init.out ... passed
2022-07-20 10:44:25,024 INFO  Grep on file /tmp/dummy_init/dummy_init.out ... passed
2022-07-20 10:44:25,029 INFO  Grep on file /tmp/dummy_init/dummy_init.out ... passed
2022-07-20 10:44:25,034 INFO  Grep on file /tmp/dummy_init/dummy_init.out ... passed
2022-07-20 10:44:25,038 INFO  Grep on file /tmp/dummy_init/dummy_init.out ... passed
2022-07-20 10:44:25,043 INFO  Grep on file /tmp/dummy_init/dummy_init.out ... passed
2022-07-20 10:44:25,048 INFO  Grep on file /tmp/dummy_init/dummy_init.out ... passed
2022-07-20 10:44:25,052 INFO  Grep on file /tmp/dummy_init/dummy_init.out ... passed
2022-07-20 10:44:25,057 INFO  Grep on file /tmp/dummy_init/dummy_init.out ... passed
2022-07-20 10:44:25,062 INFO  Grep on file /tmp/dummy_init/dummy_init.out ... passed
2022-07-20 10:44:25,068 INFO  Grep on file /tmp/dummy_init/dummy_init.out ... passed
2022-07-20 10:44:25,074 INFO  
2022-07-20 10:44:25,075 INFO  cleanup:
2022-07-20 10:44:25,701 INFO  Executed sudo<remove_system_config>, exit status 0
2022-07-20 10:44:26,436 INFO  Executed sudo<remove_dummy_init>, exit status 0
2022-07-20 10:44:26,441 INFO  
2022-07-20 10:44:26,442 INFO  Test duration: 29.26 secs
2022-07-20 10:44:26,443 INFO  Test final outcome:  PASSED
2022-07-20 10:44:26,445 INFO  
