2022-05-20 09:48:18,738 INFO  ==============================================================
2022-05-20 09:48:18,739 INFO  Id:    sm_tedge_mapper_init_session
2022-05-20 09:48:18,740 INFO  Dir:   tedge_mapper_c8y/
2022-05-20 09:48:18,741 INFO  Title: Validate tedge_mapper_sm_c8y init session feature
2022-05-20 09:48:18,742 INFO  ==============================================================
2022-05-20 09:48:18,749 INFO  EnvironmentC8y Setup
2022-05-20 09:48:19,362 INFO  Executed systemctl<serv_mapper1>, exit status 3
2022-05-20 09:48:34,459 INFO  Executed sudo<tedge_connect_c8y>, exit status 0, duration 14 secs
2022-05-20 09:48:35,081 INFO  Executed sudo<tedge_connect_c8y_test>, exit status 0
2022-05-20 09:48:35,544 INFO  Executed systemctl<serv_mosq2>, exit status 0
2022-05-20 09:48:36,007 INFO  Executed systemctl<serv_mapper3>, exit status 0
2022-05-20 09:48:36,621 INFO  Executed sudo<stop_tedge_mapper>, exit status 0
2022-05-20 09:48:37,137 INFO  Executed sudo<remove_lock>, exit status 0
2022-05-20 09:48:37,659 INFO  Executed sudo<mapper_drop>, exit status 0
2022-05-20 09:48:38,202 INFO  Executed sudo<mapper_init>, exit status 0
2022-05-20 09:48:38,714 INFO  Executed sudo<pub_req>, exit status 0
2022-05-20 09:48:38,725 INFO  Started sudo<sub_resp> with process id 7518
2022-05-20 09:48:39,343 INFO  Executed sudo<start_mapper>, exit status 0
2022-05-20 09:48:39,345 INFO  Waiting for 2.0 seconds
2022-05-20 09:48:41,910 INFO  Executed sudo<sub_stop>, exit status 0
2022-05-20 09:48:41,917 INFO  Grep on file sub_resp.out ... passed
2022-05-20 09:48:41,927 INFO  
2022-05-20 09:48:41,927 INFO  cleanup:
2022-05-20 09:48:45,937 INFO  Executed sudo<tedge_disconnect_c8y>, exit status 0
2022-05-20 09:48:46,503 INFO  Executed systemctl<serv_mapper5>, exit status 3
2022-05-20 09:48:46,609 INFO  Restarting mosquitto too frequently in the last 10 seconds. It was only up for 4 seconds
2022-05-20 09:48:46,611 INFO  Delaying execution by 7 seconds
2022-05-20 09:48:54,126 INFO  Executed sudo<tedge_disconnect_c8y>, exit status 0
2022-05-20 09:48:54,688 INFO  Executed systemctl<serv_mapper5>, exit status 3
2022-05-20 09:48:54,693 INFO  
2022-05-20 09:48:54,694 INFO  Test duration: 35.96 secs
2022-05-20 09:48:54,695 INFO  Test final outcome:  PASSED
2022-05-20 09:48:54,696 INFO  
