2022-04-21 13:43:28,593 INFO  ==============================================================
2022-04-21 13:43:28,594 INFO  Id:    tedge_software_update
2022-04-21 13:43:28,595 INFO  Dir:   tedge/
2022-04-21 13:43:28,595 INFO  Title: Software install from download path
2022-04-21 13:43:28,596 INFO  ==============================================================
2022-04-21 13:43:28,605 INFO  EnvironmentC8y Setup
2022-04-21 13:43:29,166 INFO  Executed systemctl<serv_mapper1>, exit status 3
2022-04-21 13:43:43,386 INFO  Executed sudo<tedge_connect_c8y>, exit status 0, duration 14 secs
2022-04-21 13:43:43,960 INFO  Executed sudo<tedge_connect_c8y_test>, exit status 0
2022-04-21 13:43:44,423 INFO  Executed systemctl<serv_mosq2>, exit status 0
2022-04-21 13:43:44,894 INFO  Executed systemctl<serv_mapper3>, exit status 0
2022-04-21 13:43:44,895 INFO  Setup
2022-04-21 13:43:45,408 INFO  Executed sudo<mkdir>, exit status 0
2022-04-21 13:43:45,922 INFO  Executed sudo<chmod>, exit status 0
2022-04-21 13:43:46,435 INFO  Executed sudo<tedge_config_get_original>, exit status 0
2022-04-21 13:43:46,949 INFO  Executed sudo, exit status 0
2022-04-21 13:43:47,462 INFO  Executed sudo<tedge_config_get_new_value>, exit status 0
2022-04-21 13:43:47,974 INFO  Executed sudo<rolldice_download>, exit status 0
2022-04-21 13:43:47,981 INFO  Grep on file tedge_config_get_new_value.out ... passed
2022-04-21 13:43:47,989 INFO  
2022-04-21 13:43:47,990 INFO  cleanup:
2022-04-21 13:43:48,556 INFO  Executed sudo, exit status 0
2022-04-21 13:43:49,070 INFO  Executed sudo<tedge_config_get_cleanup>, exit status 0
2022-04-21 13:43:49,076 INFO  Grep on file tedge_config_get_cleanup.out ... passed
2022-04-21 13:43:49,596 INFO  Executed sudo<rmdir>, exit status 0
2022-04-21 13:43:54,064 INFO  Executed sudo<tedge_disconnect_c8y>, exit status 0
2022-04-21 13:43:54,627 INFO  Executed systemctl<serv_mapper5>, exit status 3
2022-04-21 13:43:54,632 INFO  
2022-04-21 13:43:54,633 INFO  Test duration: 26.04 secs
2022-04-21 13:43:54,634 INFO  Test final outcome:  PASSED
2022-04-21 13:43:54,635 INFO  
