2022-07-20 14:12:25,223 INFO  ==============================================================
2022-07-20 14:12:25,224 INFO  Id:    SoftwareManagement.sm_fake_install_remove_multiple
2022-07-20 14:12:25,225 INFO  Dir:   software_management_end_to_end/
2022-07-20 14:12:25,226 INFO  Title: Validate end to end behaviour for the dummy-plugin for multiple packages
2022-07-20 14:12:25,227 INFO  ==============================================================
2022-07-20 14:12:25,298 INFO  Using sw id database: {'asciijump': '5475369', 'robotfindskitten': '5474869', 'squirrel3': '5475279', 'rolldice': '5152439', 'moon-buggy': '5439204', 'apple': '5495053', 'banana': '5494888', 'cherry': '5495382', 'watermelon': '5494510', 'registry': '8018911', 'hello-world': '8021526', 'docker/getting-started': '8021973', 'alpine': '7991792'}
2022-07-20 14:12:25,299 INFO  EnvironmentC8y Setup
2022-07-20 14:12:25,862 INFO  Executed systemctl<serv_mapper1>, exit status 3
2022-07-20 14:12:25,969 INFO  Restarting mosquitto too frequently in the last 10 seconds. It was only up for 5 seconds
2022-07-20 14:12:25,970 INFO  Delaying execution by 6 seconds
2022-07-20 14:12:45,879 INFO  Executed sudo<tedge_connect_c8y>, exit status 0, duration 13 secs
2022-07-20 14:12:46,495 INFO  Executed sudo<tedge_connect_c8y_test>, exit status 0
2022-07-20 14:12:46,963 INFO  Executed systemctl<serv_mosq2>, exit status 0
2022-07-20 14:12:47,428 INFO  Executed systemctl<serv_mapper3>, exit status 0
2022-07-20 14:12:49,654 INFO  State of current operation: SUCCESSFUL
2022-07-20 14:12:49,871 INFO  Package apple is installed
2022-07-20 14:12:49,874 INFO  Assert that (True == value) with value=True ... passed
2022-07-20 14:12:50,090 INFO  Package banana is installed
2022-07-20 14:12:50,092 INFO  Assert that (True == value) with value=True ... passed
2022-07-20 14:12:50,315 INFO  Package cherry is installed
2022-07-20 14:12:50,318 INFO  Assert that (True == value) with value=True ... passed
2022-07-20 14:12:50,554 INFO  Response status: 201
2022-07-20 14:12:50,556 INFO  Response to action: {
    "creationTime": "2022-07-20T14:12:50.509Z",
    "deviceId": "21082649",
    "deviceName": "m32sd10b",
    "self": "https://t493319102.eu-latest.cumulocity.com/devicecontrol/operations/21093848",
    "id": "21093848",
    "status": "PENDING",
    "description": "Apply software changes, triggered from PySys: [{'action': 'install', 'id': '5495053', 'name': 'apple', 'url': ' ', 'version': '::fruits'}, {'action': 'install', 'id': '5494888', 'name': 'banana', 'url': ' ', 'version': '::fruits'}, {'action': 'install', 'id': '5495382', 'name': 'cherry', 'url': ' ', 'version': '::fruits'}]",
    "c8y_SoftwareUpdate": [
        {
            "name": "apple",
            "action": "install",
            "id": "5495053",
            "version": "::fruits",
            "url": " "
        },
        {
            "name": "banana",
            "action": "install",
            "id": "5494888",
            "version": "::fruits",
            "url": " "
        },
        {
            "name": "cherry",
            "action": "install",
            "id": "5495382",
            "version": "::fruits",
            "url": " "
        }
    ]
}
2022-07-20 14:12:50,556 INFO  Started operation: {'creationTime': '2022-07-20T14:12:50.509Z', 'deviceId': '21082649', 'deviceName': 'm32sd10b', 'self': 'https://t493319102.eu-latest.cumulocity.com/devicecontrol/operations/21093848', 'id': '21093848', 'status': 'PENDING', 'description': "Apply software changes, triggered from PySys: [{'action': 'install', 'id': '5495053', 'name': 'apple', 'url': ' ', 'version': '::fruits'}, {'action': 'install', 'id': '5494888', 'name': 'banana', 'url': ' ', 'version': '::fruits'}, {'action': 'install', 'id': '5495382', 'name': 'cherry', 'url': ' ', 'version': '::fruits'}]", 'c8y_SoftwareUpdate': [{'name': 'apple', 'action': 'install', 'id': '5495053', 'version': '::fruits', 'url': ' '}, {'name': 'banana', 'action': 'install', 'id': '5494888', 'version': '::fruits', 'url': ' '}, {'name': 'cherry', 'action': 'install', 'id': '5495382', 'version': '::fruits', 'url': ' '}]}
2022-07-20 14:12:52,791 INFO  State of operation 21093848 : PENDING
2022-07-20 14:12:55,007 INFO  State of operation 21093848 : EXECUTING
2022-07-20 14:12:57,248 INFO  State of operation 21093848 : EXECUTING
2022-07-20 14:12:59,460 INFO  State of operation 21093848 : SUCCESSFUL
2022-07-20 14:12:59,684 INFO  Package apple is installed
2022-07-20 14:12:59,686 INFO  Assert that (True == value) with value=True ... passed
2022-07-20 14:12:59,901 INFO  Package banana is installed
2022-07-20 14:12:59,903 INFO  Assert that (True == value) with value=True ... passed
2022-07-20 14:13:00,123 INFO  Package cherry is installed
2022-07-20 14:13:00,126 INFO  Assert that (True == value) with value=True ... passed
2022-07-20 14:13:00,347 INFO  Response status: 201
2022-07-20 14:13:00,349 INFO  Response to action: {
    "creationTime": "2022-07-20T14:13:00.304Z",
    "deviceId": "21082649",
    "deviceName": "m32sd10b",
    "self": "https://t493319102.eu-latest.cumulocity.com/devicecontrol/operations/21093858",
    "id": "21093858",
    "status": "PENDING",
    "description": "Apply software changes, triggered from PySys: [{'action': 'install', 'id': '5495053', 'name': 'apple', 'url': ' ', 'version': '::fruits'}, {'action': 'install', 'id': '5494888', 'name': 'banana', 'url': ' ', 'version': '::fruits'}, {'action': 'install', 'id': '5495382', 'name': 'cherry', 'url': ' ', 'version': '::fruits'}]",
    "c8y_SoftwareUpdate": [
        {
            "name": "apple",
            "action": "install",
            "id": "5495053",
            "version": "::fruits",
            "url": " "
        },
        {
            "name": "banana",
            "action": "install",
            "id": "5494888",
            "version": "::fruits",
            "url": " "
        },
        {
            "name": "cherry",
            "action": "install",
            "id": "5495382",
            "version": "::fruits",
            "url": " "
        }
    ]
}
2022-07-20 14:13:00,350 INFO  Started operation: {'creationTime': '2022-07-20T14:13:00.304Z', 'deviceId': '21082649', 'deviceName': 'm32sd10b', 'self': 'https://t493319102.eu-latest.cumulocity.com/devicecontrol/operations/21093858', 'id': '21093858', 'status': 'PENDING', 'description': "Apply software changes, triggered from PySys: [{'action': 'install', 'id': '5495053', 'name': 'apple', 'url': ' ', 'version': '::fruits'}, {'action': 'install', 'id': '5494888', 'name': 'banana', 'url': ' ', 'version': '::fruits'}, {'action': 'install', 'id': '5495382', 'name': 'cherry', 'url': ' ', 'version': '::fruits'}]", 'c8y_SoftwareUpdate': [{'name': 'apple', 'action': 'install', 'id': '5495053', 'version': '::fruits', 'url': ' '}, {'name': 'banana', 'action': 'install', 'id': '5494888', 'version': '::fruits', 'url': ' '}, {'name': 'cherry', 'action': 'install', 'id': '5495382', 'version': '::fruits', 'url': ' '}]}
2022-07-20 14:13:02,571 INFO  State of operation 21093858 : PENDING
2022-07-20 14:13:04,807 INFO  State of operation 21093858 : EXECUTING
2022-07-20 14:13:07,027 INFO  State of operation 21093858 : SUCCESSFUL
2022-07-20 14:13:07,256 INFO  Package apple is installed
2022-07-20 14:13:07,258 INFO  Assert that (True == value) with value=True ... passed
2022-07-20 14:13:07,505 INFO  Package banana is installed
2022-07-20 14:13:07,507 INFO  Assert that (True == value) with value=True ... passed
2022-07-20 14:13:07,726 INFO  Package cherry is installed
2022-07-20 14:13:07,728 INFO  Assert that (True == value) with value=True ... passed
2022-07-20 14:13:07,735 INFO  
2022-07-20 14:13:07,736 INFO  cleanup:
2022-07-20 14:13:11,639 INFO  Executed sudo<tedge_disconnect_c8y>, exit status 0
2022-07-20 14:13:12,202 INFO  Executed systemctl<serv_mapper5>, exit status 3
2022-07-20 14:13:12,206 INFO  
2022-07-20 14:13:12,207 INFO  Test duration: 46.99 secs
2022-07-20 14:13:12,208 INFO  Test final outcome:  PASSED
2022-07-20 14:13:12,209 INFO  
