2022-05-04 08:45:22,425 INFO  ==============================================================
2022-05-04 08:45:22,426 INFO  Id:    apt_install_local_file_with_version
2022-05-04 08:45:22,427 INFO  Dir:   plugin_apt/
2022-05-04 08:45:22,428 INFO  Title: Validate apt plugin install from local file AND with a version - SUCCESS case
2022-05-04 08:45:22,428 INFO  ==============================================================
2022-05-04 08:45:24,455 INFO  URL of rolldice is b"'http://mirror.mythic-beasts.com/raspbian/pool/main/r/rolldice/rolldice_1.16-1+b1_armhf.deb'"
2022-05-04 08:45:26,563 INFO  Downloaded rolldcice in version 1.16-1+b1
2022-05-04 08:45:26,565 INFO  Filename is rolldice_1.16-1+b1_armhf.deb
2022-05-04 08:45:31,153 INFO  Executed sudo, exit status 0
2022-05-04 08:45:33,724 INFO  Executed sudo<outp_check_0>, exit status 0
2022-05-04 08:45:33,726 INFO  Assert that (value==0) with value=0 ... passed
2022-05-04 08:45:33,732 INFO  Grep on file outp_check_0.out ... passed
2022-05-04 08:46:13,109 INFO  Executed sudo<outp_install>, exit status 0, duration 39 secs
2022-05-04 08:46:13,112 INFO  Assert that (value==0) with value=0 ... passed
2022-05-04 08:46:18,386 INFO  Executed sudo<outp_check_1>, exit status 0
2022-05-04 08:46:18,388 INFO  Assert that (value==0) with value=0 ... passed
2022-05-04 08:46:18,394 INFO  Grep on file outp_check_1.out ... passed
2022-05-04 08:46:18,399 INFO  
2022-05-04 08:46:18,400 INFO  cleanup:
2022-05-04 08:46:18,404 INFO  
2022-05-04 08:46:18,405 INFO  Test duration: 55.99 secs
2022-05-04 08:46:18,406 INFO  Test final outcome:  PASSED
2022-05-04 08:46:18,407 INFO  
