2022-04-27 10:28:31,569 INFO  ==============================================================
2022-04-27 10:28:31,570 INFO  Id:    c8y_jwt_token_retrieval
2022-04-27 10:28:31,573 INFO  Dir:   cloud_c8y/
2022-04-27 10:28:31,574 INFO  Title: Validate the Cumulocity JWT Token Retrieval feature
2022-04-27 10:28:31,575 INFO  ==============================================================
2022-04-27 10:28:32,264 INFO  Executed sudo<tedge_disconnect_c8y>, exit status 0
2022-04-27 10:28:32,876 WARN  Executed sudo<tedge_connect_c8y>, exit status 1
2022-04-27 10:28:32,884 INFO  Contents of tedge_connect_c8y.err: 
2022-04-27 10:28:32,885 INFO    Error: failed to connect Cumulocity cloud.
2022-04-27 10:28:32,886 INFO    Caused by:
2022-04-27 10:28:32,886 INFO        A value for `c8y.url` is missing.
2022-04-27 10:28:32,887 INFO            A value can be set with `tedge config set c8y.url <value>`
2022-04-27 10:28:32,888 INFO    -----
2022-04-27 10:28:32,888 INFO  
2022-04-27 10:28:33,123 WARN  sudo<tedge_connect_c8y> returned non-zero exit code 1 ... blocked [environment_tedge.py:58,run.py:31]
2022-04-27 10:28:33,124 WARN  Aborted test due to BLOCKED outcome
2022-04-27 10:28:33,130 INFO  
2022-04-27 10:28:33,131 INFO  cleanup:
2022-04-27 10:28:33,759 INFO  Executed sudo<tedge_disconnect_c8y>, exit status 0
2022-04-27 10:28:33,763 INFO  
2022-04-27 10:28:33,764 INFO  Test duration: 2.20 secs
2022-04-27 10:28:33,765 INFO  Test final outcome:  BLOCKED
2022-04-27 10:28:33,766 INFO  Test outcome reason: sudo<tedge_connect_c8y> returned non-zero exit code 1
2022-04-27 10:28:33,767 INFO  
