2022-07-20 14:01:11,357 INFO  ==============================================================
2022-07-20 14:01:11,358 INFO  Id:    SoftwareManagement.sm_apt_install_remove_multiple
2022-07-20 14:01:11,359 INFO  Dir:   software_management_end_to_end/
2022-07-20 14:01:11,359 INFO  Title: Validate end to end behaviour for the apt plugin for multiple packages
2022-07-20 14:01:11,360 INFO  ==============================================================
2022-07-20 14:01:11,370 INFO  Using sw id database: {'asciijump': '5475369', 'robotfindskitten': '5474869', 'squirrel3': '5475279', 'rolldice': '5152439', 'moon-buggy': '5439204', 'apple': '5495053', 'banana': '5494888', 'cherry': '5495382', 'watermelon': '5494510', 'registry': '8018911', 'hello-world': '8021526', 'docker/getting-started': '8021973', 'alpine': '7991792'}
2022-07-20 14:01:11,370 INFO  EnvironmentC8y Setup
2022-07-20 14:01:11,932 INFO  Executed systemctl<serv_mapper1>, exit status 3
2022-07-20 14:01:12,037 INFO  Restarting mosquitto too frequently in the last 10 seconds. It was only up for 4 seconds
2022-07-20 14:01:12,038 INFO  Delaying execution by 7 seconds
2022-07-20 14:01:33,056 INFO  Executed sudo<tedge_connect_c8y>, exit status 0, duration 14 secs
2022-07-20 14:01:33,652 INFO  Executed sudo<tedge_connect_c8y_test>, exit status 0
2022-07-20 14:01:34,168 INFO  Executed systemctl<serv_mosq2>, exit status 0
2022-07-20 14:01:34,631 INFO  Executed systemctl<serv_mapper3>, exit status 0
2022-07-20 14:01:36,862 INFO  State of current operation: SUCCESSFUL
2022-07-20 14:01:37,109 INFO  Assert that (False == value) with value=False ... passed
2022-07-20 14:01:37,328 INFO  Package asciijump is installed
2022-07-20 14:01:37,647 WARN  Assert that (False == value) with value=True ... failed 
2022-07-20 14:01:37,873 INFO  Package squirrel3 is installed
2022-07-20 14:01:37,895 WARN  Assert that (False == value) with value=True ... failed 
2022-07-20 14:01:38,108 INFO  Package robotfindskitten is installed
2022-07-20 14:01:38,130 WARN  Assert that (False == value) with value=True ... failed 
2022-07-20 14:01:38,354 INFO  Response status: 201
2022-07-20 14:01:38,356 INFO  Response to action: {
    "delivery": {
        "log": [],
        "time": "2022-07-20T14:01:38.329Z",
        "status": "PENDING"
    },
    "creationTime": "2022-07-20T14:01:38.314Z",
    "deviceId": "21081466",
    "deviceName": "m32sd10c",
    "self": "https://t493319102.eu-latest.cumulocity.com/devicecontrol/operations/21093717",
    "id": "21093717",
    "status": "PENDING",
    "description": "Apply software changes, triggered from PySys: [{'action': 'install', 'id': '5475369', 'name': 'asciijump', 'url': ' ', 'version': '::apt'}, {'action': 'install', 'id': '5474869', 'name': 'robotfindskitten', 'url': ' ', 'version': '::apt'}, {'action': 'install', 'id': '5475279', 'name': 'squirrel3', 'url': ' ', 'version': '::apt'}]",
    "c8y_SoftwareUpdate": [
        {
            "name": "asciijump",
            "action": "install",
            "id": "5475369",
            "version": "::apt",
            "url": " "
        },
        {
            "name": "robotfindskitten",
            "action": "install",
            "id": "5474869",
            "version": "::apt",
            "url": " "
        },
        {
            "name": "squirrel3",
            "action": "install",
            "id": "5475279",
            "version": "::apt",
            "url": " "
        }
    ]
}
2022-07-20 14:01:38,357 INFO  Started operation: {'delivery': {'log': [], 'time': '2022-07-20T14:01:38.329Z', 'status': 'PENDING'}, 'creationTime': '2022-07-20T14:01:38.314Z', 'deviceId': '21081466', 'deviceName': 'm32sd10c', 'self': 'https://t493319102.eu-latest.cumulocity.com/devicecontrol/operations/21093717', 'id': '21093717', 'status': 'PENDING', 'description': "Apply software changes, triggered from PySys: [{'action': 'install', 'id': '5475369', 'name': 'asciijump', 'url': ' ', 'version': '::apt'}, {'action': 'install', 'id': '5474869', 'name': 'robotfindskitten', 'url': ' ', 'version': '::apt'}, {'action': 'install', 'id': '5475279', 'name': 'squirrel3', 'url': ' ', 'version': '::apt'}]", 'c8y_SoftwareUpdate': [{'name': 'asciijump', 'action': 'install', 'id': '5475369', 'version': '::apt', 'url': ' '}, {'name': 'robotfindskitten', 'action': 'install', 'id': '5474869', 'version': '::apt', 'url': ' '}, {'name': 'squirrel3', 'action': 'install', 'id': '5475279', 'version': '::apt', 'url': ' '}]}
2022-07-20 14:01:40,576 INFO  State of operation 21093717 : PENDING
2022-07-20 14:01:42,860 INFO  State of operation 21093717 : EXECUTING
2022-07-20 14:01:45,079 INFO  State of operation 21093717 : EXECUTING
2022-07-20 14:01:47,295 INFO  State of operation 21093717 : EXECUTING
2022-07-20 14:01:49,517 INFO  State of operation 21093717 : EXECUTING
2022-07-20 14:01:51,737 INFO  State of operation 21093717 : EXECUTING
2022-07-20 14:01:54,642 INFO  State of operation 21093717 : EXECUTING
2022-07-20 14:01:57,330 INFO  State of operation 21093717 : EXECUTING
2022-07-20 14:01:59,556 INFO  State of operation 21093717 : EXECUTING
2022-07-20 14:02:01,903 INFO  State of operation 21093717 : EXECUTING
2022-07-20 14:02:04,125 INFO  State of operation 21093717 : EXECUTING
2022-07-20 14:02:06,378 INFO  State of operation 21093717 : EXECUTING
2022-07-20 14:02:08,614 INFO  State of operation 21093717 : EXECUTING
2022-07-20 14:02:10,855 INFO  State of operation 21093717 : EXECUTING
2022-07-20 14:02:13,070 INFO  State of operation 21093717 : EXECUTING
2022-07-20 14:02:15,285 INFO  State of operation 21093717 : SUCCESSFUL
2022-07-20 14:02:15,517 INFO  Assert that (False == value) with value=False ... passed
2022-07-20 14:02:15,735 INFO  Package asciijump is installed
2022-07-20 14:02:15,738 INFO  Assert that (True == value) with value=True ... passed
2022-07-20 14:02:15,964 INFO  Package squirrel3 is installed
2022-07-20 14:02:15,966 INFO  Assert that (True == value) with value=True ... passed
2022-07-20 14:02:16,183 INFO  Package robotfindskitten is installed
2022-07-20 14:02:16,185 INFO  Assert that (True == value) with value=True ... passed
2022-07-20 14:02:16,410 INFO  Response status: 201
2022-07-20 14:02:16,412 INFO  Response to action: {
    "delivery": {
        "log": [],
        "time": "2022-07-20T14:02:16.384Z",
        "status": "PENDING"
    },
    "creationTime": "2022-07-20T14:02:16.360Z",
    "deviceId": "21081466",
    "deviceName": "m32sd10c",
    "self": "https://t493319102.eu-latest.cumulocity.com/devicecontrol/operations/21093732",
    "id": "21093732",
    "status": "PENDING",
    "description": "Apply software changes, triggered from PySys: [{'action': 'delete', 'id': '5475369', 'name': 'asciijump', 'url': ' ', 'version': '::apt'}, {'action': 'delete', 'id': '5474869', 'name': 'robotfindskitten', 'url': ' ', 'version': '::apt'}, {'action': 'delete', 'id': '5475279', 'name': 'squirrel3', 'url': ' ', 'version': '::apt'}]",
    "c8y_SoftwareUpdate": [
        {
            "name": "asciijump",
            "action": "delete",
            "id": "5475369",
            "version": "::apt",
            "url": " "
        },
        {
            "name": "robotfindskitten",
            "action": "delete",
            "id": "5474869",
            "version": "::apt",
            "url": " "
        },
        {
            "name": "squirrel3",
            "action": "delete",
            "id": "5475279",
            "version": "::apt",
            "url": " "
        }
    ]
}
2022-07-20 14:02:16,413 INFO  Started operation: {'delivery': {'log': [], 'time': '2022-07-20T14:02:16.384Z', 'status': 'PENDING'}, 'creationTime': '2022-07-20T14:02:16.360Z', 'deviceId': '21081466', 'deviceName': 'm32sd10c', 'self': 'https://t493319102.eu-latest.cumulocity.com/devicecontrol/operations/21093732', 'id': '21093732', 'status': 'PENDING', 'description': "Apply software changes, triggered from PySys: [{'action': 'delete', 'id': '5475369', 'name': 'asciijump', 'url': ' ', 'version': '::apt'}, {'action': 'delete', 'id': '5474869', 'name': 'robotfindskitten', 'url': ' ', 'version': '::apt'}, {'action': 'delete', 'id': '5475279', 'name': 'squirrel3', 'url': ' ', 'version': '::apt'}]", 'c8y_SoftwareUpdate': [{'name': 'asciijump', 'action': 'delete', 'id': '5475369', 'version': '::apt', 'url': ' '}, {'name': 'robotfindskitten', 'action': 'delete', 'id': '5474869', 'version': '::apt', 'url': ' '}, {'name': 'squirrel3', 'action': 'delete', 'id': '5475279', 'version': '::apt', 'url': ' '}]}
2022-07-20 14:02:18,626 INFO  State of operation 21093732 : PENDING
2022-07-20 14:02:20,857 INFO  State of operation 21093732 : EXECUTING
2022-07-20 14:02:23,071 INFO  State of operation 21093732 : EXECUTING
2022-07-20 14:02:25,284 INFO  State of operation 21093732 : EXECUTING
2022-07-20 14:02:27,500 INFO  State of operation 21093732 : EXECUTING
2022-07-20 14:02:29,717 INFO  State of operation 21093732 : EXECUTING
2022-07-20 14:02:32,450 INFO  State of operation 21093732 : EXECUTING
2022-07-20 14:02:35,100 INFO  State of operation 21093732 : EXECUTING
2022-07-20 14:02:37,329 INFO  State of operation 21093732 : EXECUTING
2022-07-20 14:02:39,725 INFO  State of operation 21093732 : EXECUTING
2022-07-20 14:02:41,937 INFO  State of operation 21093732 : EXECUTING
2022-07-20 14:02:44,153 INFO  State of operation 21093732 : EXECUTING
2022-07-20 14:02:46,385 INFO  State of operation 21093732 : EXECUTING
2022-07-20 14:02:48,623 INFO  State of operation 21093732 : EXECUTING
2022-07-20 14:02:50,847 INFO  State of operation 21093732 : EXECUTING
2022-07-20 14:02:53,152 INFO  State of operation 21093732 : EXECUTING
2022-07-20 14:02:55,692 INFO  State of operation 21093732 : EXECUTING
2022-07-20 14:02:58,092 INFO  State of operation 21093732 : EXECUTING
2022-07-20 14:03:00,820 INFO  State of operation 21093732 : EXECUTING
2022-07-20 14:03:03,051 INFO  State of operation 21093732 : EXECUTING
2022-07-20 14:03:05,550 INFO  State of operation 21093732 : EXECUTING
2022-07-20 14:03:07,770 INFO  State of operation 21093732 : EXECUTING
2022-07-20 14:03:09,989 INFO  State of operation 21093732 : EXECUTING
2022-07-20 14:03:12,209 INFO  State of operation 21093732 : EXECUTING
2022-07-20 14:03:14,482 INFO  State of operation 21093732 : EXECUTING
2022-07-20 14:03:17,107 INFO  State of operation 21093732 : EXECUTING
2022-07-20 14:03:19,354 INFO  State of operation 21093732 : EXECUTING
2022-07-20 14:03:21,667 INFO  State of operation 21093732 : EXECUTING
2022-07-20 14:03:23,886 INFO  State of operation 21093732 : EXECUTING
2022-07-20 14:03:26,089 INFO  State of operation 21093732 : SUCCESSFUL
2022-07-20 14:03:26,317 INFO  Assert that (False == value) with value=False ... passed
2022-07-20 14:03:26,548 INFO  Assert that (False == value) with value=False ... passed
2022-07-20 14:03:26,771 INFO  Assert that (False == value) with value=False ... passed
2022-07-20 14:03:26,998 INFO  Assert that (False == value) with value=False ... passed
2022-07-20 14:03:27,010 INFO  
2022-07-20 14:03:27,011 INFO  cleanup:
2022-07-20 14:03:31,075 INFO  Executed sudo<tedge_disconnect_c8y>, exit status 0
2022-07-20 14:03:31,638 INFO  Executed systemctl<serv_mapper5>, exit status 3
2022-07-20 14:03:31,642 INFO  
2022-07-20 14:03:31,643 INFO  Test duration: 140.30 secs
2022-07-20 14:03:31,644 INFO  Test final outcome:  FAILED
2022-07-20 14:03:31,645 INFO  Test outcome reason: Assert that (False == value) with value=True (+2 other failures)
2022-07-20 14:03:31,646 INFO  
