2022-06-22 18:19:23,759 INFO  ==============================================================
2022-06-22 18:19:23,760 INFO  Id:    SoftwareManagement.Plugin.apama_plugin_remove
2022-06-22 18:19:23,761 INFO  Dir:   plugin_apama/
2022-06-22 18:19:23,762 INFO  Title: Validate apama plugin remove
2022-06-22 18:19:23,763 INFO  ==============================================================
2022-06-22 18:19:23,769 INFO  Assertion that path exists=False for "/etc/tedge/apama/project" ... passed
2022-06-22 18:19:24,281 INFO  Executed sudo<create_project_dir>, exit status 0
2022-06-22 18:19:24,892 INFO  Executed sudo<unzip_apama_project>, exit status 0
2022-06-22 18:19:25,403 INFO  Executed sudo<move_apama_project>, exit status 0
2022-06-22 18:19:26,216 INFO  Executed sudo<restart_apama_service>, exit status 0
2022-06-22 18:19:26,218 INFO  Assertion that path exists=True for "/etc/tedge/apama/project" ... passed
2022-06-22 18:19:40,957 INFO  Executed sudo<plugin_remove>, exit status 0, duration 14 secs
2022-06-22 18:19:40,960 INFO  Assertion that path exists=False for "/etc/tedge/apama/project" ... passed
2022-06-22 18:19:40,970 INFO  
2022-06-22 18:19:40,971 INFO  cleanup:
2022-06-22 18:19:41,482 INFO  Executed sudo<remove_apama_tmp_dir>, exit status 0
2022-06-22 18:19:41,486 INFO  
2022-06-22 18:19:41,487 INFO  Test duration: 17.73 secs
2022-06-22 18:19:41,488 INFO  Test final outcome:  PASSED
2022-06-22 18:19:41,489 INFO  
