2022-07-21 15:59:18,357 INFO  ==============================================================
2022-07-21 15:59:18,358 INFO  Id:    SoftwareManagement.sm_apt_install_remove_multiple
2022-07-21 15:59:18,359 INFO  Dir:   software_management_end_to_end/
2022-07-21 15:59:18,360 INFO  Title: Validate end to end behaviour for the apt plugin for multiple packages
2022-07-21 15:59:18,361 INFO  ==============================================================
2022-07-21 15:59:18,370 INFO  Using sw id database: {'asciijump': '5475369', 'robotfindskitten': '5474869', 'squirrel3': '5475279', 'rolldice': '5152439', 'moon-buggy': '5439204', 'apple': '5495053', 'banana': '5494888', 'cherry': '5495382', 'watermelon': '5494510', 'registry': '8018911', 'hello-world': '8021526', 'docker/getting-started': '8021973', 'alpine': '7991792'}
2022-07-21 15:59:18,371 INFO  EnvironmentC8y Setup
2022-07-21 15:59:18,933 INFO  Executed systemctl<serv_mapper1>, exit status 3
2022-07-21 15:59:19,043 INFO  Restarting mosquitto too frequently in the last 10 seconds. It was only up for 5 seconds
2022-07-21 15:59:19,045 INFO  Delaying execution by 6 seconds
2022-07-21 15:59:39,036 INFO  Executed sudo<tedge_connect_c8y>, exit status 0, duration 13 secs
2022-07-21 15:59:39,713 INFO  Executed sudo<tedge_connect_c8y_test>, exit status 0
2022-07-21 15:59:40,231 INFO  Executed systemctl<serv_mosq2>, exit status 0
2022-07-21 15:59:40,721 INFO  Executed systemctl<serv_mapper3>, exit status 0
2022-07-21 15:59:42,951 INFO  State of current operation: SUCCESSFUL
2022-07-21 15:59:43,183 INFO  Assert that (False == value) with value=False ... passed
2022-07-21 15:59:43,414 INFO  Package asciijump is installed
2022-07-21 15:59:43,739 WARN  Assert that (False == value) with value=True ... failed 
2022-07-21 15:59:43,969 INFO  Package squirrel3 is installed
2022-07-21 15:59:43,993 WARN  Assert that (False == value) with value=True ... failed 
2022-07-21 15:59:44,222 INFO  Package robotfindskitten is installed
2022-07-21 15:59:44,245 WARN  Assert that (False == value) with value=True ... failed 
2022-07-21 15:59:44,504 INFO  Response status: 201
2022-07-21 15:59:44,506 INFO  Response to action: {
    "creationTime": "2022-07-21T15:59:44.451Z",
    "deviceId": "21119832",
    "deviceName": "m32sd10a",
    "self": "https://t493319102.eu-latest.cumulocity.com/devicecontrol/operations/21145088",
    "id": "21145088",
    "status": "PENDING",
    "description": "Apply software changes, triggered from PySys: [{'action': 'install', 'id': '5475369', 'name': 'asciijump', 'url': ' ', 'version': '::apt'}, {'action': 'install', 'id': '5474869', 'name': 'robotfindskitten', 'url': ' ', 'version': '::apt'}, {'action': 'install', 'id': '5475279', 'name': 'squirrel3', 'url': ' ', 'version': '::apt'}]",
    "c8y_SoftwareUpdate": [
        {
            "name": "asciijump",
            "action": "install",
            "id": "5475369",
            "version": "::apt",
            "url": " "
        },
        {
            "name": "robotfindskitten",
            "action": "install",
            "id": "5474869",
            "version": "::apt",
            "url": " "
        },
        {
            "name": "squirrel3",
            "action": "install",
            "id": "5475279",
            "version": "::apt",
            "url": " "
        }
    ]
}
2022-07-21 15:59:44,507 INFO  Started operation: {'creationTime': '2022-07-21T15:59:44.451Z', 'deviceId': '21119832', 'deviceName': 'm32sd10a', 'self': 'https://t493319102.eu-latest.cumulocity.com/devicecontrol/operations/21145088', 'id': '21145088', 'status': 'PENDING', 'description': "Apply software changes, triggered from PySys: [{'action': 'install', 'id': '5475369', 'name': 'asciijump', 'url': ' ', 'version': '::apt'}, {'action': 'install', 'id': '5474869', 'name': 'robotfindskitten', 'url': ' ', 'version': '::apt'}, {'action': 'install', 'id': '5475279', 'name': 'squirrel3', 'url': ' ', 'version': '::apt'}]", 'c8y_SoftwareUpdate': [{'name': 'asciijump', 'action': 'install', 'id': '5475369', 'version': '::apt', 'url': ' '}, {'name': 'robotfindskitten', 'action': 'install', 'id': '5474869', 'version': '::apt', 'url': ' '}, {'name': 'squirrel3', 'action': 'install', 'id': '5475279', 'version': '::apt', 'url': ' '}]}
2022-07-21 15:59:46,722 INFO  State of operation 21145088 : PENDING
2022-07-21 15:59:48,958 INFO  State of operation 21145088 : EXECUTING
2022-07-21 15:59:51,171 INFO  State of operation 21145088 : EXECUTING
2022-07-21 15:59:53,413 INFO  State of operation 21145088 : EXECUTING
2022-07-21 15:59:55,634 INFO  State of operation 21145088 : EXECUTING
2022-07-21 15:59:57,852 INFO  State of operation 21145088 : EXECUTING
2022-07-21 16:00:00,600 INFO  State of operation 21145088 : EXECUTING
2022-07-21 16:00:03,277 INFO  State of operation 21145088 : EXECUTING
2022-07-21 16:00:05,531 INFO  State of operation 21145088 : EXECUTING
2022-07-21 16:00:07,958 INFO  State of operation 21145088 : EXECUTING
2022-07-21 16:00:10,182 INFO  State of operation 21145088 : EXECUTING
2022-07-21 16:00:12,425 INFO  State of operation 21145088 : EXECUTING
2022-07-21 16:00:14,659 INFO  State of operation 21145088 : EXECUTING
2022-07-21 16:00:16,904 INFO  State of operation 21145088 : EXECUTING
2022-07-21 16:00:19,115 INFO  State of operation 21145088 : EXECUTING
2022-07-21 16:00:21,333 INFO  State of operation 21145088 : SUCCESSFUL
2022-07-21 16:00:21,561 INFO  Assert that (False == value) with value=False ... passed
2022-07-21 16:00:21,784 INFO  Package asciijump is installed
2022-07-21 16:00:21,787 INFO  Assert that (True == value) with value=True ... passed
2022-07-21 16:00:22,012 INFO  Package squirrel3 is installed
2022-07-21 16:00:22,014 INFO  Assert that (True == value) with value=True ... passed
2022-07-21 16:00:22,243 INFO  Package robotfindskitten is installed
2022-07-21 16:00:22,246 INFO  Assert that (True == value) with value=True ... passed
2022-07-21 16:00:22,472 INFO  Response status: 201
2022-07-21 16:00:22,474 INFO  Response to action: {
    "creationTime": "2022-07-21T16:00:22.431Z",
    "deviceId": "21119832",
    "deviceName": "m32sd10a",
    "self": "https://t493319102.eu-latest.cumulocity.com/devicecontrol/operations/21145094",
    "id": "21145094",
    "status": "PENDING",
    "description": "Apply software changes, triggered from PySys: [{'action': 'delete', 'id': '5475369', 'name': 'asciijump', 'url': ' ', 'version': '::apt'}, {'action': 'delete', 'id': '5474869', 'name': 'robotfindskitten', 'url': ' ', 'version': '::apt'}, {'action': 'delete', 'id': '5475279', 'name': 'squirrel3', 'url': ' ', 'version': '::apt'}]",
    "c8y_SoftwareUpdate": [
        {
            "name": "asciijump",
            "action": "delete",
            "id": "5475369",
            "version": "::apt",
            "url": " "
        },
        {
            "name": "robotfindskitten",
            "action": "delete",
            "id": "5474869",
            "version": "::apt",
            "url": " "
        },
        {
            "name": "squirrel3",
            "action": "delete",
            "id": "5475279",
            "version": "::apt",
            "url": " "
        }
    ]
}
2022-07-21 16:00:22,474 INFO  Started operation: {'creationTime': '2022-07-21T16:00:22.431Z', 'deviceId': '21119832', 'deviceName': 'm32sd10a', 'self': 'https://t493319102.eu-latest.cumulocity.com/devicecontrol/operations/21145094', 'id': '21145094', 'status': 'PENDING', 'description': "Apply software changes, triggered from PySys: [{'action': 'delete', 'id': '5475369', 'name': 'asciijump', 'url': ' ', 'version': '::apt'}, {'action': 'delete', 'id': '5474869', 'name': 'robotfindskitten', 'url': ' ', 'version': '::apt'}, {'action': 'delete', 'id': '5475279', 'name': 'squirrel3', 'url': ' ', 'version': '::apt'}]", 'c8y_SoftwareUpdate': [{'name': 'asciijump', 'action': 'delete', 'id': '5475369', 'version': '::apt', 'url': ' '}, {'name': 'robotfindskitten', 'action': 'delete', 'id': '5474869', 'version': '::apt', 'url': ' '}, {'name': 'squirrel3', 'action': 'delete', 'id': '5475279', 'version': '::apt', 'url': ' '}]}
2022-07-21 16:00:24,694 INFO  State of operation 21145094 : PENDING
2022-07-21 16:00:26,916 INFO  State of operation 21145094 : EXECUTING
2022-07-21 16:00:29,121 INFO  State of operation 21145094 : EXECUTING
2022-07-21 16:00:31,340 INFO  State of operation 21145094 : EXECUTING
2022-07-21 16:00:33,556 INFO  State of operation 21145094 : EXECUTING
2022-07-21 16:00:35,773 INFO  State of operation 21145094 : EXECUTING
2022-07-21 16:00:38,466 INFO  State of operation 21145094 : EXECUTING
2022-07-21 16:00:41,462 INFO  State of operation 21145094 : EXECUTING
2022-07-21 16:00:43,686 INFO  State of operation 21145094 : EXECUTING
2022-07-21 16:00:46,148 INFO  State of operation 21145094 : EXECUTING
2022-07-21 16:00:48,403 INFO  State of operation 21145094 : EXECUTING
2022-07-21 16:00:50,626 INFO  State of operation 21145094 : EXECUTING
2022-07-21 16:00:52,841 INFO  State of operation 21145094 : EXECUTING
2022-07-21 16:00:55,087 INFO  State of operation 21145094 : EXECUTING
2022-07-21 16:00:57,375 INFO  State of operation 21145094 : EXECUTING
2022-07-21 16:00:59,627 INFO  State of operation 21145094 : EXECUTING
2022-07-21 16:01:02,075 INFO  State of operation 21145094 : EXECUTING
2022-07-21 16:01:04,738 INFO  State of operation 21145094 : EXECUTING
2022-07-21 16:01:06,965 INFO  State of operation 21145094 : EXECUTING
2022-07-21 16:01:09,323 INFO  State of operation 21145094 : EXECUTING
2022-07-21 16:01:11,560 INFO  State of operation 21145094 : EXECUTING
2022-07-21 16:01:13,780 INFO  State of operation 21145094 : EXECUTING
2022-07-21 16:01:16,037 INFO  State of operation 21145094 : EXECUTING
2022-07-21 16:01:18,304 INFO  State of operation 21145094 : EXECUTING
2022-07-21 16:01:20,999 INFO  State of operation 21145094 : EXECUTING
2022-07-21 16:01:23,251 INFO  State of operation 21145094 : EXECUTING
2022-07-21 16:01:25,686 INFO  State of operation 21145094 : EXECUTING
2022-07-21 16:01:27,961 INFO  State of operation 21145094 : EXECUTING
2022-07-21 16:01:30,166 INFO  State of operation 21145094 : SUCCESSFUL
2022-07-21 16:01:30,415 INFO  Assert that (False == value) with value=False ... passed
2022-07-21 16:01:30,653 INFO  Assert that (False == value) with value=False ... passed
2022-07-21 16:01:30,881 INFO  Assert that (False == value) with value=False ... passed
2022-07-21 16:01:31,096 INFO  Assert that (False == value) with value=False ... passed
2022-07-21 16:01:31,107 INFO  
2022-07-21 16:01:31,108 INFO  cleanup:
2022-07-21 16:01:35,176 INFO  Executed sudo<tedge_disconnect_c8y>, exit status 0
2022-07-21 16:01:35,789 INFO  Executed systemctl<serv_mapper5>, exit status 3
2022-07-21 16:01:35,793 INFO  
2022-07-21 16:01:35,794 INFO  Test duration: 137.45 secs
2022-07-21 16:01:35,795 INFO  Test final outcome:  FAILED
2022-07-21 16:01:35,796 INFO  Test outcome reason: Assert that (False == value) with value=True (+2 other failures)
2022-07-21 16:01:35,797 INFO  
