2022-07-26 08:35:55,776 INFO  ==============================================================
2022-07-26 08:35:55,777 INFO  Id:    SoftwareManagement.sm_fake_install_remove
2022-07-26 08:35:55,778 INFO  Dir:   software_management_end_to_end/
2022-07-26 08:35:55,779 INFO  Title: Validate end to end behaviour for the dummy plugin for installation and removal of packages
2022-07-26 08:35:55,780 INFO  ==============================================================
2022-07-26 08:35:55,806 INFO  Using sw id database: {'asciijump': '5475369', 'robotfindskitten': '5474869', 'squirrel3': '5475279', 'rolldice': '5152439', 'moon-buggy': '5439204', 'apple': '5495053', 'banana': '5494888', 'cherry': '5495382', 'watermelon': '5494510', 'registry': '8018911', 'hello-world': '8021526', 'docker/getting-started': '8021973', 'alpine': '7991792'}
2022-07-26 08:35:55,807 INFO  EnvironmentC8y Setup
2022-07-26 08:35:56,369 INFO  Executed systemctl<serv_mapper1>, exit status 3
2022-07-26 08:35:56,478 INFO  Restarting mosquitto too frequently in the last 10 seconds. It was only up for 5 seconds
2022-07-26 08:35:56,481 INFO  Delaying execution by 6 seconds
2022-07-26 08:36:16,393 INFO  Executed sudo<tedge_connect_c8y>, exit status 0, duration 13 secs
2022-07-26 08:36:16,960 INFO  Executed sudo<tedge_connect_c8y_test>, exit status 0
2022-07-26 08:36:17,474 INFO  Executed systemctl<serv_mosq2>, exit status 0
2022-07-26 08:36:17,937 INFO  Executed systemctl<serv_mapper3>, exit status 0
2022-07-26 08:36:20,168 INFO  State of current operation: SUCCESSFUL
2022-07-26 08:36:20,397 INFO  Assert that (False == value) with value=False ... passed
2022-07-26 08:36:20,626 INFO  Response status: 201
2022-07-26 08:36:20,628 INFO  Response to action: {
    "delivery": {
        "log": [],
        "time": "2022-07-26T08:36:20.600Z",
        "status": "PENDING"
    },
    "creationTime": "2022-07-26T08:36:20.582Z",
    "deviceId": "21413442",
    "deviceName": "m32sd10d",
    "self": "https://t493319102.eu-latest.cumulocity.com/devicecontrol/operations/21434732",
    "id": "21434732",
    "status": "PENDING",
    "description": "Apply software changes, triggered from PySys: [{'name': 'watermelon', 'id': '5494510', 'version': '::fruits', 'url': '', 'action': 'install'}]",
    "c8y_SoftwareUpdate": [
        {
            "name": "watermelon",
            "action": "install",
            "id": "5494510",
            "version": "::fruits",
            "url": ""
        }
    ]
}
2022-07-26 08:36:20,629 INFO  Started operation: {'delivery': {'log': [], 'time': '2022-07-26T08:36:20.600Z', 'status': 'PENDING'}, 'creationTime': '2022-07-26T08:36:20.582Z', 'deviceId': '21413442', 'deviceName': 'm32sd10d', 'self': 'https://t493319102.eu-latest.cumulocity.com/devicecontrol/operations/21434732', 'id': '21434732', 'status': 'PENDING', 'description': "Apply software changes, triggered from PySys: [{'name': 'watermelon', 'id': '5494510', 'version': '::fruits', 'url': '', 'action': 'install'}]", 'c8y_SoftwareUpdate': [{'name': 'watermelon', 'action': 'install', 'id': '5494510', 'version': '::fruits', 'url': ''}]}
2022-07-26 08:36:22,842 INFO  State of operation 21434732 : PENDING
2022-07-26 08:36:25,090 INFO  State of operation 21434732 : EXECUTING
2022-07-26 08:36:27,333 INFO  State of operation 21434732 : SUCCESSFUL
2022-07-26 08:36:27,592 INFO  Package vanilla is installed
2022-07-26 08:36:27,594 INFO  Assert that (True == value) with value=True ... passed
2022-07-26 08:36:27,828 INFO  Response status: 201
2022-07-26 08:36:27,830 INFO  Response to action: {
    "delivery": {
        "log": [],
        "time": "2022-07-26T08:36:27.802Z",
        "status": "PENDING"
    },
    "creationTime": "2022-07-26T08:36:27.785Z",
    "deviceId": "21413442",
    "deviceName": "m32sd10d",
    "self": "https://t493319102.eu-latest.cumulocity.com/devicecontrol/operations/21434738",
    "id": "21434738",
    "status": "PENDING",
    "description": "Apply software changes, triggered from PySys: [{'name': 'watermelon', 'id': '5494510', 'version': '::fruits', 'url': '', 'action': 'delete'}]",
    "c8y_SoftwareUpdate": [
        {
            "name": "watermelon",
            "action": "delete",
            "id": "5494510",
            "version": "::fruits",
            "url": ""
        }
    ]
}
2022-07-26 08:36:27,831 INFO  Started operation: {'delivery': {'log': [], 'time': '2022-07-26T08:36:27.802Z', 'status': 'PENDING'}, 'creationTime': '2022-07-26T08:36:27.785Z', 'deviceId': '21413442', 'deviceName': 'm32sd10d', 'self': 'https://t493319102.eu-latest.cumulocity.com/devicecontrol/operations/21434738', 'id': '21434738', 'status': 'PENDING', 'description': "Apply software changes, triggered from PySys: [{'name': 'watermelon', 'id': '5494510', 'version': '::fruits', 'url': '', 'action': 'delete'}]", 'c8y_SoftwareUpdate': [{'name': 'watermelon', 'action': 'delete', 'id': '5494510', 'version': '::fruits', 'url': ''}]}
2022-07-26 08:36:30,060 INFO  State of operation 21434738 : PENDING
2022-07-26 08:36:32,286 INFO  State of operation 21434738 : EXECUTING
2022-07-26 08:36:34,519 INFO  State of operation 21434738 : SUCCESSFUL
2022-07-26 08:36:34,774 INFO  Assert that (False == value) with value=False ... passed
2022-07-26 08:36:34,784 INFO  
2022-07-26 08:36:34,785 INFO  cleanup:
2022-07-26 08:36:38,665 INFO  Executed sudo<tedge_disconnect_c8y>, exit status 0
2022-07-26 08:36:39,233 INFO  Executed systemctl<serv_mapper5>, exit status 3
2022-07-26 08:36:39,237 INFO  
2022-07-26 08:36:39,238 INFO  Test duration: 43.47 secs
2022-07-26 08:36:39,239 INFO  Test final outcome:  PASSED
2022-07-26 08:36:39,240 INFO  
