2022-07-21 21:17:15,452 INFO  ==============================================================
2022-07-21 21:17:15,453 INFO  Id:    SoftwareManagement.sm_fake_install_remove_multiple
2022-07-21 21:17:15,454 INFO  Dir:   software_management_end_to_end/
2022-07-21 21:17:15,455 INFO  Title: Validate end to end behaviour for the dummy-plugin for multiple packages
2022-07-21 21:17:15,456 INFO  ==============================================================
2022-07-21 21:17:15,499 INFO  Using sw id database: {'asciijump': '5475369', 'robotfindskitten': '5474869', 'squirrel3': '5475279', 'rolldice': '5152439', 'moon-buggy': '5439204', 'apple': '5495053', 'banana': '5494888', 'cherry': '5495382', 'watermelon': '5494510', 'registry': '8018911', 'hello-world': '8021526', 'docker/getting-started': '8021973', 'alpine': '7991792'}
2022-07-21 21:17:15,500 INFO  EnvironmentC8y Setup
2022-07-21 21:17:16,064 INFO  Executed systemctl<serv_mapper1>, exit status 3
2022-07-21 21:17:16,174 INFO  Restarting mosquitto too frequently in the last 10 seconds. It was only up for 4 seconds
2022-07-21 21:17:16,176 INFO  Delaying execution by 7 seconds
2022-07-21 21:17:36,973 INFO  Executed sudo<tedge_connect_c8y>, exit status 0, duration 13 secs
2022-07-21 21:17:37,842 INFO  Executed sudo<tedge_connect_c8y_test>, exit status 0
2022-07-21 21:17:38,382 INFO  Executed systemctl<serv_mosq2>, exit status 0
2022-07-21 21:17:38,896 INFO  Executed systemctl<serv_mapper3>, exit status 0
2022-07-21 21:17:41,128 INFO  State of current operation: SUCCESSFUL
2022-07-21 21:17:41,355 INFO  Package apple is installed
2022-07-21 21:17:41,357 INFO  Assert that (True == value) with value=True ... passed
2022-07-21 21:17:41,583 INFO  Package banana is installed
2022-07-21 21:17:41,585 INFO  Assert that (True == value) with value=True ... passed
2022-07-21 21:17:41,800 INFO  Package cherry is installed
2022-07-21 21:17:41,803 INFO  Assert that (True == value) with value=True ... passed
2022-07-21 21:17:42,036 INFO  Response status: 201
2022-07-21 21:17:42,038 INFO  Response to action: {
    "creationTime": "2022-07-21T21:17:41.982Z",
    "deviceId": "21164556",
    "deviceName": "m32sd10a",
    "self": "https://t493319102.eu-latest.cumulocity.com/devicecontrol/operations/21190174",
    "id": "21190174",
    "status": "PENDING",
    "description": "Apply software changes, triggered from PySys: [{'action': 'install', 'id': '5495053', 'name': 'apple', 'url': ' ', 'version': '::fruits'}, {'action': 'install', 'id': '5494888', 'name': 'banana', 'url': ' ', 'version': '::fruits'}, {'action': 'install', 'id': '5495382', 'name': 'cherry', 'url': ' ', 'version': '::fruits'}]",
    "c8y_SoftwareUpdate": [
        {
            "name": "apple",
            "action": "install",
            "id": "5495053",
            "version": "::fruits",
            "url": " "
        },
        {
            "name": "banana",
            "action": "install",
            "id": "5494888",
            "version": "::fruits",
            "url": " "
        },
        {
            "name": "cherry",
            "action": "install",
            "id": "5495382",
            "version": "::fruits",
            "url": " "
        }
    ]
}
2022-07-21 21:17:42,039 INFO  Started operation: {'creationTime': '2022-07-21T21:17:41.982Z', 'deviceId': '21164556', 'deviceName': 'm32sd10a', 'self': 'https://t493319102.eu-latest.cumulocity.com/devicecontrol/operations/21190174', 'id': '21190174', 'status': 'PENDING', 'description': "Apply software changes, triggered from PySys: [{'action': 'install', 'id': '5495053', 'name': 'apple', 'url': ' ', 'version': '::fruits'}, {'action': 'install', 'id': '5494888', 'name': 'banana', 'url': ' ', 'version': '::fruits'}, {'action': 'install', 'id': '5495382', 'name': 'cherry', 'url': ' ', 'version': '::fruits'}]", 'c8y_SoftwareUpdate': [{'name': 'apple', 'action': 'install', 'id': '5495053', 'version': '::fruits', 'url': ' '}, {'name': 'banana', 'action': 'install', 'id': '5494888', 'version': '::fruits', 'url': ' '}, {'name': 'cherry', 'action': 'install', 'id': '5495382', 'version': '::fruits', 'url': ' '}]}
2022-07-21 21:17:44,264 INFO  State of operation 21190174 : PENDING
2022-07-21 21:17:46,482 INFO  State of operation 21190174 : EXECUTING
2022-07-21 21:17:48,689 INFO  State of operation 21190174 : SUCCESSFUL
2022-07-21 21:17:48,927 INFO  Package apple is installed
2022-07-21 21:17:48,929 INFO  Assert that (True == value) with value=True ... passed
2022-07-21 21:17:49,150 INFO  Package banana is installed
2022-07-21 21:17:49,152 INFO  Assert that (True == value) with value=True ... passed
2022-07-21 21:17:49,365 INFO  Package cherry is installed
2022-07-21 21:17:49,367 INFO  Assert that (True == value) with value=True ... passed
2022-07-21 21:17:49,592 INFO  Response status: 201
2022-07-21 21:17:49,593 INFO  Response to action: {
    "creationTime": "2022-07-21T21:17:49.552Z",
    "deviceId": "21164556",
    "deviceName": "m32sd10a",
    "self": "https://t493319102.eu-latest.cumulocity.com/devicecontrol/operations/21190177",
    "id": "21190177",
    "status": "PENDING",
    "description": "Apply software changes, triggered from PySys: [{'action': 'install', 'id': '5495053', 'name': 'apple', 'url': ' ', 'version': '::fruits'}, {'action': 'install', 'id': '5494888', 'name': 'banana', 'url': ' ', 'version': '::fruits'}, {'action': 'install', 'id': '5495382', 'name': 'cherry', 'url': ' ', 'version': '::fruits'}]",
    "c8y_SoftwareUpdate": [
        {
            "name": "apple",
            "action": "install",
            "id": "5495053",
            "version": "::fruits",
            "url": " "
        },
        {
            "name": "banana",
            "action": "install",
            "id": "5494888",
            "version": "::fruits",
            "url": " "
        },
        {
            "name": "cherry",
            "action": "install",
            "id": "5495382",
            "version": "::fruits",
            "url": " "
        }
    ]
}
2022-07-21 21:17:49,594 INFO  Started operation: {'creationTime': '2022-07-21T21:17:49.552Z', 'deviceId': '21164556', 'deviceName': 'm32sd10a', 'self': 'https://t493319102.eu-latest.cumulocity.com/devicecontrol/operations/21190177', 'id': '21190177', 'status': 'PENDING', 'description': "Apply software changes, triggered from PySys: [{'action': 'install', 'id': '5495053', 'name': 'apple', 'url': ' ', 'version': '::fruits'}, {'action': 'install', 'id': '5494888', 'name': 'banana', 'url': ' ', 'version': '::fruits'}, {'action': 'install', 'id': '5495382', 'name': 'cherry', 'url': ' ', 'version': '::fruits'}]", 'c8y_SoftwareUpdate': [{'name': 'apple', 'action': 'install', 'id': '5495053', 'version': '::fruits', 'url': ' '}, {'name': 'banana', 'action': 'install', 'id': '5494888', 'version': '::fruits', 'url': ' '}, {'name': 'cherry', 'action': 'install', 'id': '5495382', 'version': '::fruits', 'url': ' '}]}
2022-07-21 21:17:51,811 INFO  State of operation 21190177 : PENDING
2022-07-21 21:17:54,028 INFO  State of operation 21190177 : EXECUTING
2022-07-21 21:17:56,246 INFO  State of operation 21190177 : EXECUTING
2022-07-21 21:17:58,462 INFO  State of operation 21190177 : SUCCESSFUL
2022-07-21 21:17:58,709 INFO  Package apple is installed
2022-07-21 21:17:58,711 INFO  Assert that (True == value) with value=True ... passed
2022-07-21 21:17:58,931 INFO  Package banana is installed
2022-07-21 21:17:58,934 INFO  Assert that (True == value) with value=True ... passed
2022-07-21 21:17:59,171 INFO  Package cherry is installed
2022-07-21 21:17:59,173 INFO  Assert that (True == value) with value=True ... passed
2022-07-21 21:17:59,180 INFO  
2022-07-21 21:17:59,181 INFO  cleanup:
2022-07-21 21:18:03,194 INFO  Executed sudo<tedge_disconnect_c8y>, exit status 0
2022-07-21 21:18:03,807 INFO  Executed systemctl<serv_mapper5>, exit status 3
2022-07-21 21:18:03,811 INFO  
2022-07-21 21:18:03,812 INFO  Test duration: 48.37 secs
2022-07-21 21:18:03,813 INFO  Test final outcome:  PASSED
2022-07-21 21:18:03,814 INFO  
