2022-04-28 09:33:59,256 INFO  ==============================================================
2022-04-28 09:33:59,257 INFO  Id:    SoftwareManagement.sm_docker_install_remove_multiple
2022-04-28 09:33:59,258 INFO  Dir:   software_management_end_to_end/
2022-04-28 09:33:59,258 INFO  Title: Validate end to end behaviour for the docker plugin for multiple docker images with mixed versions
2022-04-28 09:33:59,259 INFO  ==============================================================
2022-04-28 09:33:59,269 INFO  Using sw id database: {'asciijump': '5475369', 'robotfindskitten': '5474869', 'squirrel3': '5475279', 'rolldice': '5152439', 'moon-buggy': '5439204', 'apple': '5495053', 'banana': '5494888', 'cherry': '5495382', 'watermelon': '5494510', 'registry': '8018911', 'hello-world': '8021526', 'docker/getting-started': '8021973', 'alpine': '7991792'}
2022-04-28 09:33:59,270 INFO  EnvironmentC8y Setup
2022-04-28 09:33:59,832 INFO  Executed systemctl<serv_mapper1>, exit status 3
2022-04-28 09:33:59,940 INFO  Restarting mosquitto too frequently in the last 10 seconds. It was only up for 4 seconds
2022-04-28 09:33:59,941 INFO  Delaying execution by 7 seconds
2022-04-28 09:34:20,888 INFO  Executed sudo<tedge_connect_c8y>, exit status 0, duration 13 secs
2022-04-28 09:34:21,466 INFO  Executed sudo<tedge_connect_c8y_test>, exit status 0
2022-04-28 09:34:21,931 INFO  Executed systemctl<serv_mosq2>, exit status 0
2022-04-28 09:34:22,396 INFO  Executed systemctl<serv_mapper3>, exit status 0
2022-04-28 09:34:24,621 INFO  State of current operation: SUCCESSFUL
2022-04-28 09:34:24,844 INFO  Response status: 201
2022-04-28 09:34:24,846 INFO  Response to action: {
    "creationTime": "2022-04-28T09:34:24.795Z",
    "deviceName": "m32sd10a",
    "deviceId": "17848498",
    "self": "https://t493319102.eu-latest.cumulocity.com/devicecontrol/operations/17887749",
    "id": "17887749",
    "status": "PENDING",
    "description": "Apply software changes, triggered from PySys: [{'action': 'install', 'id': '8021526', 'name': 'hello-world', 'url': '', 'version': '::docker'}, {'action': 'install', 'id': '8018911', 'name': 'registry', 'url': '', 'version': '2.6.2::docker'}]",
    "c8y_SoftwareUpdate": [
        {
            "name": "hello-world",
            "action": "install",
            "id": "8021526",
            "version": "::docker",
            "url": ""
        },
        {
            "name": "registry",
            "action": "install",
            "id": "8018911",
            "version": "2.6.2::docker",
            "url": ""
        }
    ]
}
2022-04-28 09:34:24,847 INFO  Started operation: {'creationTime': '2022-04-28T09:34:24.795Z', 'deviceName': 'm32sd10a', 'deviceId': '17848498', 'self': 'https://t493319102.eu-latest.cumulocity.com/devicecontrol/operations/17887749', 'id': '17887749', 'status': 'PENDING', 'description': "Apply software changes, triggered from PySys: [{'action': 'install', 'id': '8021526', 'name': 'hello-world', 'url': '', 'version': '::docker'}, {'action': 'install', 'id': '8018911', 'name': 'registry', 'url': '', 'version': '2.6.2::docker'}]", 'c8y_SoftwareUpdate': [{'name': 'hello-world', 'action': 'install', 'id': '8021526', 'version': '::docker', 'url': ''}, {'name': 'registry', 'action': 'install', 'id': '8018911', 'version': '2.6.2::docker', 'url': ''}]}
2022-04-28 09:34:27,063 INFO  State of operation 17887749 : PENDING
2022-04-28 09:34:29,274 INFO  State of operation 17887749 : EXECUTING
2022-04-28 09:34:31,479 INFO  State of operation 17887749 : EXECUTING
2022-04-28 09:34:33,691 INFO  State of operation 17887749 : EXECUTING
2022-04-28 09:34:35,913 INFO  State of operation 17887749 : FAILED
2022-04-28 09:34:35,914 ERROR Stopping as the operation has failed
2022-04-28 09:34:35,915 WARN  SystemError occurred while running test - The operation has failed
Traceback (most recent call last):
  File "/home/pi/env-pysys/lib/python3.7/site-packages/pysys/baserunner.py", line 1292, in __call__
    self.testObj.setup()
  File "/home/pi/actions-runner/_work/thin-edge.io/thin-edge.io/tests/PySys/software_management_end_to_end/sm_docker_install_remove_multiple/run.py", line 55, in setup
    self.wait_until_succcess()
  File "/home/pi/actions-runner/_work/thin-edge.io/thin-edge.io/tests/PySys/software_management_end_to_end/environment_sm_management.py", line 324, in wait_until_succcess
    self.wait_until_status("SUCCESSFUL")
  File "/home/pi/actions-runner/_work/thin-edge.io/thin-edge.io/tests/PySys/software_management_end_to_end/environment_sm_management.py", line 361, in wait_until_status
    raise SystemError("The operation has failed")
SystemError: The operation has failed
2022-04-28 09:34:35,937 WARN  SystemError: The operation has failed ... blocked 
2022-04-28 09:34:35,938 INFO  
2022-04-28 09:34:35,939 INFO  cleanup:
2022-04-28 09:34:39,943 INFO  Executed sudo<tedge_disconnect_c8y>, exit status 0
2022-04-28 09:34:40,506 INFO  Executed systemctl<serv_mapper5>, exit status 3
2022-04-28 09:34:40,510 INFO  
2022-04-28 09:34:40,511 INFO  Test duration: 41.27 secs
2022-04-28 09:34:40,512 INFO  Test final outcome:  BLOCKED
2022-04-28 09:34:40,513 INFO  Test outcome reason: SystemError: The operation has failed
2022-04-28 09:34:40,514 INFO  
