2022-07-16 11:41:09,739 INFO  ==============================================================
2022-07-16 11:41:09,740 INFO  Id:    c8y_restart_bridge
2022-07-16 11:41:09,741 INFO  Dir:   tedge_connect/
2022-07-16 11:41:09,742 INFO  Title: Bridge restart
2022-07-16 11:41:09,743 INFO  ==============================================================
2022-07-16 11:41:09,748 INFO  EnvironmentC8y Setup
2022-07-16 11:41:10,638 INFO  Executed systemctl<serv_mapper1>, exit status 3
2022-07-16 11:41:25,145 INFO  Executed sudo<tedge_connect_c8y>, exit status 0, duration 14 secs
2022-07-16 11:41:25,766 INFO  Executed sudo<tedge_connect_c8y_test>, exit status 0
2022-07-16 11:41:26,279 INFO  Executed systemctl<serv_mosq2>, exit status 0
2022-07-16 11:41:26,893 INFO  Executed systemctl<serv_mapper3>, exit status 0
2022-07-16 11:41:26,895 INFO  Setup
2022-07-16 11:41:26,896 INFO  Execute (empty in this case as we test the c8y enviroment)
2022-07-16 11:41:27,417 INFO  Executed systemctl<serv_mosq>, exit status 0
2022-07-16 11:41:27,880 INFO  Executed systemctl<serv_mapper4>, exit status 0
2022-07-16 11:41:27,881 INFO  Validate
2022-07-16 11:41:27,887 INFO  Grep on file tedge_connect_c8y.out ... passed
2022-07-16 11:41:27,894 INFO  Grep on file tedge_connect_c8y.out ... passed
2022-07-16 11:41:27,901 INFO  
2022-07-16 11:41:27,902 INFO  cleanup:
2022-07-16 11:41:27,902 INFO  MyCleanup
2022-07-16 11:41:32,127 INFO  Executed sudo<tedge_disconnect_c8y>, exit status 0
2022-07-16 11:41:32,740 INFO  Executed systemctl<serv_mapper5>, exit status 3
2022-07-16 11:41:32,744 INFO  
2022-07-16 11:41:32,745 INFO  Test duration: 23.02 secs
2022-07-16 11:41:32,746 INFO  Test final outcome:  PASSED
2022-07-16 11:41:32,747 INFO  
