Unable to find image 'registry:latest' locally
latest: Pulling from library/registry
57fb4b5f1a47: Pulling fs layer
c63f68dacdb1: Pulling fs layer
7e3d691c1e51: Pulling fs layer
2a8ca6cba0a8: Pulling fs layer
90c50d190cff: Pulling fs layer
90c50d190cff: Waiting
2a8ca6cba0a8: Waiting
c63f68dacdb1: Verifying Checksum
c63f68dacdb1: Download complete
2a8ca6cba0a8: Verifying Checksum
2a8ca6cba0a8: Download complete
57fb4b5f1a47: Download complete
90c50d190cff: Verifying Checksum
90c50d190cff: Download complete
7e3d691c1e51: Verifying Checksum
7e3d691c1e51: Download complete
57fb4b5f1a47: Pull complete
c63f68dacdb1: Pull complete
7e3d691c1e51: Pull complete
2a8ca6cba0a8: Pull complete
90c50d190cff: Pull complete
Digest: sha256:dc3cdf6d35677b54288fe9f04c34f59e85463ea7510c2a9703195b63187a7487
Status: Downloaded newer image for registry:latest
