2022-07-26 17:08:42,104 INFO  ==============================================================
2022-07-26 17:08:42,105 INFO  Id:    docker_plugin_install
2022-07-26 17:08:42,106 INFO  Dir:   plugin_docker/
2022-07-26 17:08:42,107 INFO  Title: Validate docker plugin install
2022-07-26 17:08:42,108 INFO  ==============================================================
2022-07-26 17:08:42,878 INFO  Executed sudo<docker_images>, exit status 0
2022-07-26 17:08:42,883 INFO  Grep on file /home/pi/actions-runner/_work/thin-edge.io/thin-edge.io/tests/PySys/plugin_docker/docker_plugin_install/Output/linux/docker_images.out ... passed
2022-07-26 17:09:07,346 INFO  Executed sudo<plugin_install>, exit status 0, duration 24 secs
2022-07-26 17:09:09,071 INFO  Executed sudo<docker_ps_latest>, exit status 0
2022-07-26 17:09:09,890 INFO  Executed sudo<docker_ps>, exit status 0
2022-07-26 17:09:09,895 INFO  Grep on file /home/pi/actions-runner/_work/thin-edge.io/thin-edge.io/tests/PySys/plugin_docker/docker_plugin_install/Output/linux/docker_ps.out ... passed
2022-07-26 17:09:09,901 INFO  
2022-07-26 17:09:09,902 INFO  cleanup:
2022-07-26 17:09:09,903 INFO  Removing containers scheduled to be cleaned up: ['18c66b4e9ebe']
2022-07-26 17:09:13,973 INFO  Executed sudo<containers_for_cleanup>, exit status 0
2022-07-26 17:09:13,974 INFO  Removing images scheduled to be cleaned up: ['registry', 'registry']
2022-07-26 17:09:17,659 INFO  Executed sudo<containers_for_cleanup>, exit status 0
2022-07-26 17:09:17,663 INFO  
2022-07-26 17:09:17,664 INFO  Test duration: 35.56 secs
2022-07-26 17:09:17,665 INFO  Test final outcome:  PASSED
2022-07-26 17:09:17,665 INFO  
