2022-05-02 10:22:20,191 INFO  ==============================================================
2022-05-02 10:22:20,192 INFO  Id:    log_request_num_lines
2022-05-02 10:22:20,193 INFO  Dir:   log_request_end_to_end/
2022-05-02 10:22:20,194 INFO  Title: Validate end to end behaviour for the log request operation check for number of lines
2022-05-02 10:22:20,195 INFO  ==============================================================
2022-05-02 10:22:20,205 INFO  EnvironmentC8y Setup
2022-05-02 10:22:20,766 INFO  Executed systemctl<serv_mapper1>, exit status 3
2022-05-02 10:22:20,873 INFO  Restarting mosquitto too frequently in the last 10 seconds. It was only up for 5 seconds
2022-05-02 10:22:20,875 INFO  Delaying execution by 6 seconds
2022-05-02 10:22:41,270 INFO  Executed sudo<tedge_connect_c8y>, exit status 0, duration 14 secs
2022-05-02 10:22:41,937 INFO  Executed sudo<tedge_connect_c8y_test>, exit status 0
2022-05-02 10:22:42,400 INFO  Executed systemctl<serv_mosq2>, exit status 0
2022-05-02 10:22:42,863 INFO  Executed systemctl<serv_mapper3>, exit status 0
2022-05-02 10:22:43,377 INFO  Executed sudo<rm_logs>, exit status 0
2022-05-02 10:22:43,910 INFO  Executed sudo<move_logs>, exit status 0
2022-05-02 10:22:44,362 INFO  log response None
2022-05-02 10:22:44,364 WARN  retry, retrying in 1 seconds...
2022-05-02 10:22:45,572 INFO  log response https://thin-edge-io.eu-latest.cumulocity.com/event/events/18129272/binaries
2022-05-02 10:22:45,806 INFO  nlines 0
2022-05-02 10:22:45,847 WARN  Assert that (True == value) with value=False ... failed [run.py:44]
2022-05-02 10:22:45,854 INFO  
2022-05-02 10:22:45,854 INFO  cleanup:
2022-05-02 10:22:46,366 INFO  Executed sudo<rm_logs>, exit status 0
2022-05-02 10:22:46,878 INFO  Executed sudo<rm_tmp_logs>, exit status 0
2022-05-02 10:22:47,390 INFO  Executed sudo<send_failed>, exit status 0
2022-05-02 10:22:51,516 INFO  Executed sudo<tedge_disconnect_c8y>, exit status 0
2022-05-02 10:22:52,131 INFO  Executed systemctl<serv_mapper5>, exit status 3
2022-05-02 10:22:52,135 INFO  
2022-05-02 10:22:52,136 INFO  Test duration: 31.95 secs
2022-05-02 10:22:52,137 INFO  Test final outcome:  FAILED
2022-05-02 10:22:52,138 INFO  Test outcome reason: Assert that (True == value) with value=False
2022-05-02 10:22:52,139 INFO  
