2022-06-22 18:57:31,685 INFO  ==============================================================
2022-06-22 18:57:31,686 INFO  Id:    c8y_restart_bridge
2022-06-22 18:57:31,688 INFO  Dir:   tedge_connect/
2022-06-22 18:57:31,688 INFO  Title: Bridge restart
2022-06-22 18:57:31,689 INFO  ==============================================================
2022-06-22 18:57:31,694 INFO  EnvironmentC8y Setup
2022-06-22 18:57:32,307 INFO  Executed systemctl<serv_mapper1>, exit status 3
2022-06-22 18:57:46,248 INFO  Executed sudo<tedge_connect_c8y>, exit status 0, duration 13 secs
2022-06-22 18:57:46,865 INFO  Executed sudo<tedge_connect_c8y_test>, exit status 0
2022-06-22 18:57:47,328 INFO  Executed systemctl<serv_mosq2>, exit status 0
2022-06-22 18:57:47,792 INFO  Executed systemctl<serv_mapper3>, exit status 0
2022-06-22 18:57:47,793 INFO  Setup
2022-06-22 18:57:47,794 INFO  Execute (empty in this case as we test the c8y enviroment)
2022-06-22 18:57:48,257 INFO  Executed systemctl<serv_mosq>, exit status 0
2022-06-22 18:57:48,726 INFO  Executed systemctl<serv_mapper4>, exit status 0
2022-06-22 18:57:48,727 INFO  Validate
2022-06-22 18:57:48,734 INFO  Grep on file tedge_connect_c8y.out ... passed
2022-06-22 18:57:48,741 INFO  Grep on file tedge_connect_c8y.out ... passed
2022-06-22 18:57:48,747 INFO  
2022-06-22 18:57:48,748 INFO  cleanup:
2022-06-22 18:57:48,749 INFO  MyCleanup
2022-06-22 18:57:52,684 INFO  Executed sudo<tedge_disconnect_c8y>, exit status 0
2022-06-22 18:57:53,253 INFO  Executed systemctl<serv_mapper5>, exit status 3
2022-06-22 18:57:53,257 INFO  
2022-06-22 18:57:53,258 INFO  Test duration: 21.58 secs
2022-06-22 18:57:53,259 INFO  Test final outcome:  PASSED
2022-06-22 18:57:53,260 INFO  
