2022-06-29 17:10:10,314 INFO  ==============================================================
2022-06-29 17:10:10,315 INFO  Id:    tedge_mapper_c8y_child_device_measurement
2022-06-29 17:10:10,316 INFO  Dir:   tedge_mapper_c8y/
2022-06-29 17:10:10,317 INFO  Title: Validate that measurements sent to tedge/measurements/child topic gets mapped as the child device's measurement in Cumulocity
2022-06-29 17:10:10,318 INFO  ==============================================================
2022-06-29 17:10:10,377 INFO  EnvironmentC8y Setup
2022-06-29 17:10:10,946 INFO  Executed systemctl<serv_mapper1>, exit status 3
2022-06-29 17:10:11,059 INFO  Restarting mosquitto too frequently in the last 10 seconds. It was only up for 5 seconds
2022-06-29 17:10:11,061 INFO  Delaying execution by 6 seconds
2022-06-29 17:10:31,097 INFO  Executed sudo<tedge_connect_c8y>, exit status 0, duration 14 secs
2022-06-29 17:10:31,718 INFO  Executed sudo<tedge_connect_c8y_test>, exit status 0
2022-06-29 17:10:32,180 INFO  Executed systemctl<serv_mosq2>, exit status 0
2022-06-29 17:10:32,644 INFO  Executed systemctl<serv_mapper3>, exit status 0
2022-06-29 17:10:33,423 INFO  Assert that (actual == expected) with actual=None, expected=None ... passed
2022-06-29 17:10:33,886 INFO  Executed tedge_pub, exit status 0
2022-06-29 17:10:34,298 INFO  Executed tedge_pub, exit status 0
2022-06-29 17:10:34,714 INFO  Executed tedge_pub, exit status 0
2022-06-29 17:10:35,177 INFO  Executed tedge_pub, exit status 0
2022-06-29 17:10:35,589 INFO  Executed tedge_pub, exit status 0
2022-06-29 17:10:38,368 INFO  {
    "self": "https://t493319102.eu-latest.cumulocity.com/measurement/measurements/20623720",
    "time": "2022-06-29T17:10:35.574Z",
    "id": "20623720",
    "source": {
        "self": "https://t493319102.eu-latest.cumulocity.com/inventory/managedObjects/20623714",
        "id": "20623714"
    },
    "type": "ThinEdgeMeasurement",
    "temperature": {
        "temperature": {
            "value": 10.0
        }
    }
}
2022-06-29 17:10:38,369 INFO  Assert that (actual == expected) with actual="ThinEdgeMeasurement", expected="ThinEdgeMeasurement" ... passed
2022-06-29 17:10:38,371 INFO  Assert that (actual == expected) with actual=10.0, expected=10 ... passed
2022-06-29 17:10:38,372 INFO  {
    "self": "https://t493319102.eu-latest.cumulocity.com/measurement/measurements/20623716",
    "time": "2022-06-29T17:10:34.285Z",
    "id": "20623716",
    "source": {
        "self": "https://t493319102.eu-latest.cumulocity.com/inventory/managedObjects/20623714",
        "id": "20623714"
    },
    "type": "ThinEdgeMeasurement",
    "temperature": {
        "temperature": {
            "value": 11.0
        }
    }
}
2022-06-29 17:10:38,373 INFO  Assert that (actual == expected) with actual="ThinEdgeMeasurement", expected="ThinEdgeMeasurement" ... passed
2022-06-29 17:10:38,375 INFO  Assert that (actual == expected) with actual=11.0, expected=11 ... passed
2022-06-29 17:10:38,376 INFO  {
    "self": "https://t493319102.eu-latest.cumulocity.com/measurement/measurements/20623715",
    "time": "2021-01-01T10:10:10.100+02:00",
    "id": "20623715",
    "source": {
        "self": "https://t493319102.eu-latest.cumulocity.com/inventory/managedObjects/20623714",
        "id": "20623714"
    },
    "type": "ThinEdgeMeasurement",
    "temperature": {
        "temperature": {
            "value": 12.0
        }
    }
}
2022-06-29 17:10:38,378 INFO  Assert that (actual == expected) with actual="ThinEdgeMeasurement", expected="ThinEdgeMeasurement" ... passed
2022-06-29 17:10:38,379 INFO  Assert that (actual == expected) with actual=12.0, expected=12 ... passed
2022-06-29 17:10:38,381 INFO  Assert that (actual == expected) with actual="2021-01-01T10:10:10.100+02:00", expected="2021-01-01T10:10:10.100+02:00" ... passed
2022-06-29 17:10:38,592 INFO  {
    "self": "https://t493319102.eu-latest.cumulocity.com/measurement/measurements/20623719",
    "time": "2022-06-29T17:10:35.125Z",
    "id": "20623719",
    "source": {
        "self": "https://t493319102.eu-latest.cumulocity.com/inventory/managedObjects/20623718",
        "id": "20623718"
    },
    "type": "ThinEdgeMeasurement",
    "temperature": {
        "temperature": {
            "value": 6.0
        }
    }
}
2022-06-29 17:10:38,594 INFO  Assert that (actual == expected) with actual="ThinEdgeMeasurement", expected="ThinEdgeMeasurement" ... passed
2022-06-29 17:10:38,595 INFO  Assert that (actual == expected) with actual=6.0, expected=6 ... passed
2022-06-29 17:10:38,925 INFO  {
    "self": "https://t493319102.eu-latest.cumulocity.com/measurement/measurements/20623717",
    "time": "2022-06-29T17:10:34.694Z",
    "id": "20623717",
    "source": {
        "self": "https://t493319102.eu-latest.cumulocity.com/inventory/managedObjects/20610791",
        "id": "20610791"
    },
    "type": "ThinEdgeMeasurement",
    "temperature": {
        "temperature": {
            "value": 5.0
        }
    }
}
2022-06-29 17:10:38,927 INFO  Assert that (actual == expected) with actual="ThinEdgeMeasurement", expected="ThinEdgeMeasurement" ... passed
2022-06-29 17:10:38,929 INFO  Assert that (actual == expected) with actual=5.0, expected=5 ... passed
2022-06-29 17:10:38,936 INFO  
2022-06-29 17:10:38,936 INFO  cleanup:
2022-06-29 17:10:43,228 INFO  Executed sudo<tedge_disconnect_c8y>, exit status 0
2022-06-29 17:10:43,793 INFO  Executed systemctl<serv_mapper5>, exit status 3
2022-06-29 17:10:43,798 INFO  
2022-06-29 17:10:43,799 INFO  Test duration: 33.49 secs
2022-06-29 17:10:43,800 INFO  Test final outcome:  PASSED
2022-06-29 17:10:43,801 INFO  
