2022-07-21 18:21:48,782 INFO  ==============================================================
2022-07-21 18:21:48,783 INFO  Id:    log_request_error_messages
2022-07-21 18:21:48,784 INFO  Dir:   log_request_end_to_end/
2022-07-21 18:21:48,785 INFO  Title: Validate end to end behaviour for the log request operation check for error messages
2022-07-21 18:21:48,786 INFO  ==============================================================
2022-07-21 18:21:50,142 INFO  EnvironmentC8y Setup
2022-07-21 18:21:50,762 INFO  Executed systemctl<serv_mapper1>, exit status 3
2022-07-21 18:22:04,679 INFO  Executed sudo<tedge_connect_c8y>, exit status 0, duration 13 secs
2022-07-21 18:22:05,309 INFO  Executed sudo<tedge_connect_c8y_test>, exit status 0
2022-07-21 18:22:05,773 INFO  Executed systemctl<serv_mosq2>, exit status 0
2022-07-21 18:22:06,236 INFO  Executed systemctl<serv_mapper3>, exit status 0
2022-07-21 18:22:06,749 INFO  Executed sudo<rm_logs>, exit status 0
2022-07-21 18:22:07,290 INFO  Executed sudo<move_logs>, exit status 0
2022-07-21 18:22:07,906 INFO  Executed sudo<log_file_daemon>, exit status 0
2022-07-21 18:22:08,670 WARN  TypeError occurred while running test - 'NoneType' object is not subscriptable
Traceback (most recent call last):
  File "/home/pi/env-pysys/lib/python3.7/site-packages/pysys/baserunner.py", line 1294, in __call__
    self.testObj.execute()
  File "/home/pi/actions-runner/_work/thin-edge.io/thin-edge.io/tests/PySys/log_request_end_to_end/log_request_error_messages/run.py", line 47, in execute
    log_file_request_payload, self.project.deviceid
  File "/home/pi/actions-runner/_work/thin-edge.io/thin-edge.io/tests/PySys/environments/cumulocity.py", line 101, in trigger_log_request
    "deviceId": self.device_fragment["id"],
TypeError: 'NoneType' object is not subscriptable
2022-07-21 18:22:08,742 WARN  TypeError: 'NoneType' object is not subscriptable ... blocked 
2022-07-21 18:22:08,743 INFO  
2022-07-21 18:22:08,744 INFO  cleanup:
2022-07-21 18:22:09,255 INFO  Executed sudo<rm_logs>, exit status 0
2022-07-21 18:22:09,768 INFO  Executed sudo<rm_tmp_logs>, exit status 0
2022-07-21 18:22:10,281 INFO  Executed sudo<send_failed>, exit status 0
2022-07-21 18:22:10,870 INFO  Executed sudo<log_file_daemon>, exit status 0
2022-07-21 18:22:14,901 INFO  Executed sudo<tedge_disconnect_c8y>, exit status 0
2022-07-21 18:22:15,521 INFO  Executed systemctl<serv_mapper5>, exit status 3
2022-07-21 18:22:15,525 INFO  
2022-07-21 18:22:15,526 INFO  Test duration: 26.75 secs
2022-07-21 18:22:15,527 INFO  Test final outcome:  BLOCKED
2022-07-21 18:22:15,528 INFO  Test outcome reason: TypeError: 'NoneType' object is not subscriptable
2022-07-21 18:22:15,529 INFO  
