2022-06-07 11:27:57,610 INFO  ==============================================================
2022-06-07 11:27:57,611 INFO  Id:    monitoring_with_simulated_messages
2022-06-07 11:27:57,612 INFO  Dir:   monitoring/
2022-06-07 11:27:57,613 INFO  Title: Validate the tedge dm agent messages that are produced from the simulated collectd messages
2022-06-07 11:27:57,614 INFO  ==============================================================
2022-06-07 11:27:58,187 INFO  Executed sudo<collectd>, exit status 0
2022-06-07 11:27:58,752 INFO  Executed sudo<collectd_mapper>, exit status 0
2022-06-07 11:27:58,763 INFO  Started sudo<tedge_sub> with process id 21969
2022-06-07 11:27:59,380 INFO  Executed sudo<tedge_temp>, exit status 0
2022-06-07 11:27:59,892 INFO  Executed sudo<tedge_pres>, exit status 0
2022-06-07 11:28:01,406 INFO  Executed sudo<kill_out>, exit status 0
2022-06-07 11:28:01,410 INFO  0

2022-06-07 11:28:01,411 WARN  TypeError occurred while running test - 'int' object is not subscriptable
Traceback (most recent call last):
  File "/home/pi/env-pysys/lib/python3.7/site-packages/pysys/baserunner.py", line 1296, in __call__
    self.testObj.validate()
  File "/home/pi/actions-runner/_work/thin-edge.io/thin-edge.io/tests/PySys/monitoring/monitoring_with_simulated_messages/run.py", line 98, in validate
    collectd_msg_validation_result=self.validate_json(),
  File "/home/pi/actions-runner/_work/thin-edge.io/thin-edge.io/tests/PySys/monitoring/monitoring_with_simulated_messages/run.py", line 108, in validate_json
    if not self.validate_time():
  File "/home/pi/actions-runner/_work/thin-edge.io/thin-edge.io/tests/PySys/monitoring/monitoring_with_simulated_messages/run.py", line 127, in validate_time
    if self.js_msg["time"]:
TypeError: 'int' object is not subscriptable
2022-06-07 11:28:01,428 WARN  TypeError: 'int' object is not subscriptable ... blocked 
2022-06-07 11:28:01,429 INFO  
2022-06-07 11:28:01,430 INFO  cleanup:
2022-06-07 11:28:01,431 INFO  monitoring_cleanup
2022-06-07 11:28:01,996 INFO  Executed sudo<collectd_mapper>, exit status 0
2022-06-07 11:28:02,001 INFO  
2022-06-07 11:28:02,002 INFO  Test duration: 4.40 secs
2022-06-07 11:28:02,003 INFO  Test final outcome:  BLOCKED
2022-06-07 11:28:02,004 INFO  Test outcome reason: TypeError: 'int' object is not subscriptable
2022-06-07 11:28:02,005 INFO  
